[2016-10-29 21:45:38,144] [INFO] [base._load_session] -> No session loaded
[2016-10-29 21:45:38,145] [INFO] [graph.hash] -> hash of template HTTP_XSS_03 is -1190872377
[2016-10-29 21:45:38,145] [INFO] [graph.hash] -> hash of template HTTP_GET_01 is -16456679
[2016-10-29 21:45:38,145] [INFO] [graph.hash] -> hash of model is 335790260
[2016-10-29 21:45:38,146] [INFO] [base._start_message] -> 
                 --------------------------------------------------
                 Starting fuzzing session
                 Target: TcpTarget
                 UI: WebInterface listening on localhost:2016
                 Log: ./kittylogs/kitty_20161029-214537.log

                 Total possible mutation count: 1586
                 Fuzzing the mutation range: 0 to 1585
                 --------------------------------------------------
                                 Happy hacking
                 --------------------------------------------------
            
[2016-10-29 21:45:38,147] [INFO] [base.start] -> Performing environment test
[2016-10-29 21:45:38,149] [INFO] [base._test_info] -> Current test: -1
[2016-10-29 21:45:38,149] [INFO] [server.transmit] -> request(28): 474554202f696e6465782e68746d6c20485454502f312e300d0a0d0a
[2016-10-29 21:45:38,152] [INFO] [server._start] -> should keep running? True
[2016-10-29 21:45:38,169] [INFO] [base._test_info] -> Current test: 0
[2016-10-29 21:45:38,178] [INFO] [server.transmit] -> request(31): 474554474554202f696e6465782e68746d6c20485454502f312e300d0a0d0a
[2016-10-29 21:45:38,184] [INFO] [base._test_info] -> Current test: 1
[2016-10-29 21:45:38,185] [INFO] [server.transmit] -> request(55): 474554474554474554474554474554474554474554474554474554474554202f696e6465782e68746d6c20485454502f312e ...
[2016-10-29 21:45:38,189] [INFO] [base._test_info] -> Current test: 2
[2016-10-29 21:45:38,189] [INFO] [server.transmit] -> request(325): 4745544745544745544745544745544745544745544745544745544745544745544745544745544745544745544745544745 ...
[2016-10-29 21:45:38,192] [INFO] [base._test_info] -> Current test: 3
[2016-10-29 21:45:38,193] [INFO] [server.transmit] -> request(29): 474554fe202f696e6465782e68746d6c20485454502f312e300d0a0d0a
[2016-10-29 21:45:38,195] [INFO] [base._test_info] -> Current test: 4
[2016-10-29 21:45:38,196] [INFO] [server.transmit] -> request(29): 00474554202f696e6465782e68746d6c20485454502f312e300d0a0d0a
[2016-10-29 21:45:38,201] [INFO] [base._test_info] -> Current test: 5
[2016-10-29 21:45:38,202] [INFO] [server.transmit] -> request(29): 47004554202f696e6465782e68746d6c20485454502f312e300d0a0d0a
[2016-10-29 21:45:38,205] [INFO] [base._test_info] -> Current test: 6
[2016-10-29 21:45:38,205] [INFO] [server.transmit] -> request(29): 47455400202f696e6465782e68746d6c20485454502f312e300d0a0d0a
[2016-10-29 21:45:38,208] [INFO] [base._test_info] -> Current test: 7
[2016-10-29 21:45:38,209] [INFO] [server.transmit] -> request(25): 202f696e6465782e68746d6c20485454502f312e300d0a0d0a
[2016-10-29 21:45:38,212] [INFO] [base._test_info] -> Current test: 8
[2016-10-29 21:45:38,212] [INFO] [server.transmit] -> request(2073): 2573257325732573257325732573257325732573257325732573257325732573257325732573257325732573257325732573 ...
[2016-10-29 21:45:38,227] [INFO] [base._test_info] -> Current test: 9
[2016-10-29 21:45:38,229] [INFO] [server.transmit] -> request(281): 2573257325732573257325732573257325732573257325732573257325732573257325732573257325732573257325732573 ...
[2016-10-29 21:45:38,233] [INFO] [base._test_info] -> Current test: 10
[2016-10-29 21:45:38,234] [INFO] [server.transmit] -> request(57): 2573257325732573257325732573257325732573257325732573257325732573202f696e6465782e68746d6c20485454502f ...
[2016-10-29 21:45:38,237] [INFO] [base._test_info] -> Current test: 11
[2016-10-29 21:45:38,238] [INFO] [server.transmit] -> request(29): 25732573202f696e6465782e68746d6c20485454502f312e300d0a0d0a
[2016-10-29 21:45:38,241] [INFO] [base._test_info] -> Current test: 12
[2016-10-29 21:45:38,242] [INFO] [server.transmit] -> request(3097): 2525732525732525732525732525732525732525732525732525732525732525732525732525732525732525732525732525 ...
[2016-10-29 21:45:38,258] [INFO] [base._test_info] -> Current test: 13
[2016-10-29 21:45:38,259] [INFO] [server.transmit] -> request(409): 2525732525732525732525732525732525732525732525732525732525732525732525732525732525732525732525732525 ...
[2016-10-29 21:45:38,265] [INFO] [base._test_info] -> Current test: 14
[2016-10-29 21:45:38,265] [INFO] [server.transmit] -> request(73): 252573252573252573252573252573252573252573252573252573252573252573252573252573252573252573252573202f ...
[2016-10-29 21:45:38,268] [INFO] [base._test_info] -> Current test: 15
[2016-10-29 21:45:38,271] [INFO] [server.transmit] -> request(31): 252573252573202f696e6465782e68746d6c20485454502f312e300d0a0d0a
[2016-10-29 21:45:38,285] [INFO] [base._test_info] -> Current test: 16
[2016-10-29 21:45:38,286] [INFO] [server.transmit] -> request(4121): 2225732222257322222573222225732222257322222573222225732222257322222573222225732222257322222573222225 ...
[2016-10-29 21:45:38,293] [INFO] [base._test_info] -> Current test: 17
[2016-10-29 21:45:38,293] [INFO] [server.transmit] -> request(537): 2225732222257322222573222225732222257322222573222225732222257322222573222225732222257322222573222225 ...
[2016-10-29 21:45:38,296] [INFO] [base._test_info] -> Current test: 18
[2016-10-29 21:45:38,296] [INFO] [server.transmit] -> request(89): 2225732222257322222573222225732222257322222573222225732222257322222573222225732222257322222573222225 ...
[2016-10-29 21:45:38,298] [INFO] [base._test_info] -> Current test: 19
[2016-10-29 21:45:38,299] [INFO] [server.transmit] -> request(33): 2225732222257322202f696e6465782e68746d6c20485454502f312e300d0a0d0a
[2016-10-29 21:45:38,301] [INFO] [base._test_info] -> Current test: 20
[2016-10-29 21:45:38,301] [INFO] [server.transmit] -> request(2073): 256e256e256e256e256e256e256e256e256e256e256e256e256e256e256e256e256e256e256e256e256e256e256e256e256e ...
[2016-10-29 21:45:38,305] [INFO] [base._test_info] -> Current test: 21
[2016-10-29 21:45:38,315] [INFO] [server.transmit] -> request(281): 256e256e256e256e256e256e256e256e256e256e256e256e256e256e256e256e256e256e256e256e256e256e256e256e256e ...
[2016-10-29 21:45:38,319] [INFO] [base._test_info] -> Current test: 22
[2016-10-29 21:45:38,320] [INFO] [server.transmit] -> request(57): 256e256e256e256e256e256e256e256e256e256e256e256e256e256e256e256e202f696e6465782e68746d6c20485454502f ...
[2016-10-29 21:45:38,322] [INFO] [base._test_info] -> Current test: 23
[2016-10-29 21:45:38,326] [INFO] [server.transmit] -> request(29): 256e256e202f696e6465782e68746d6c20485454502f312e300d0a0d0a
[2016-10-29 21:45:38,330] [INFO] [base._test_info] -> Current test: 24
[2016-10-29 21:45:38,331] [INFO] [server.transmit] -> request(3097): 25256e25256e25256e25256e25256e25256e25256e25256e25256e25256e25256e25256e25256e25256e25256e25256e2525 ...
[2016-10-29 21:45:38,334] [INFO] [base._test_info] -> Current test: 25
[2016-10-29 21:45:38,335] [INFO] [server.transmit] -> request(409): 25256e25256e25256e25256e25256e25256e25256e25256e25256e25256e25256e25256e25256e25256e25256e25256e2525 ...
[2016-10-29 21:45:38,337] [INFO] [base._test_info] -> Current test: 26
[2016-10-29 21:45:38,347] [INFO] [server.transmit] -> request(73): 25256e25256e25256e25256e25256e25256e25256e25256e25256e25256e25256e25256e25256e25256e25256e25256e202f ...
[2016-10-29 21:45:38,349] [INFO] [base._test_info] -> Current test: 27
[2016-10-29 21:45:38,353] [INFO] [server.transmit] -> request(31): 25256e25256e202f696e6465782e68746d6c20485454502f312e300d0a0d0a
[2016-10-29 21:45:38,359] [INFO] [base._test_info] -> Current test: 28
[2016-10-29 21:45:38,359] [INFO] [server.transmit] -> request(4121): 22256e2222256e2222256e2222256e2222256e2222256e2222256e2222256e2222256e2222256e2222256e2222256e222225 ...
[2016-10-29 21:45:38,362] [INFO] [base._test_info] -> Current test: 29
[2016-10-29 21:45:38,362] [INFO] [server.transmit] -> request(537): 22256e2222256e2222256e2222256e2222256e2222256e2222256e2222256e2222256e2222256e2222256e2222256e222225 ...
[2016-10-29 21:45:38,364] [INFO] [base._test_info] -> Current test: 30
[2016-10-29 21:45:38,365] [INFO] [server.transmit] -> request(89): 22256e2222256e2222256e2222256e2222256e2222256e2222256e2222256e2222256e2222256e2222256e2222256e222225 ...
[2016-10-29 21:45:38,366] [INFO] [base._test_info] -> Current test: 31
[2016-10-29 21:45:38,367] [INFO] [server.transmit] -> request(33): 22256e2222256e22202f696e6465782e68746d6c20485454502f312e300d0a0d0a
[2016-10-29 21:45:38,385] [INFO] [base._test_info] -> Current test: 32
[2016-10-29 21:45:38,385] [INFO] [server.transmit] -> request(39): 252e31363730357525325c24686e202f696e6465782e68746d6c20485454502f312e300d0a0d0a
[2016-10-29 21:45:38,390] [INFO] [base._test_info] -> Current test: 33
[2016-10-29 21:45:38,391] [INFO] [server.transmit] -> request(2073): 0d0a0d0a0d0a0d0a0d0a0d0a0d0a0d0a0d0a0d0a0d0a0d0a0d0a0d0a0d0a0d0a0d0a0d0a0d0a0d0a0d0a0d0a0d0a0d0a0d0a ...
[2016-10-29 21:45:38,410] [INFO] [base._test_info] -> Current test: 34
[2016-10-29 21:45:38,413] [INFO] [server.transmit] -> request(281): 0d0a0d0a0d0a0d0a0d0a0d0a0d0a0d0a0d0a0d0a0d0a0d0a0d0a0d0a0d0a0d0a0d0a0d0a0d0a0d0a0d0a0d0a0d0a0d0a0d0a ...
[2016-10-29 21:45:38,418] [INFO] [base._test_info] -> Current test: 35
[2016-10-29 21:45:38,419] [INFO] [server.transmit] -> request(57): 0d0a0d0a0d0a0d0a0d0a0d0a0d0a0d0a0d0a0d0a0d0a0d0a0d0a0d0a0d0a0d0a202f696e6465782e68746d6c20485454502f ...
[2016-10-29 21:45:38,423] [INFO] [base._test_info] -> Current test: 36
[2016-10-29 21:45:38,423] [INFO] [server.transmit] -> request(29): 0d0a0d0a202f696e6465782e68746d6c20485454502f312e300d0a0d0a
[2016-10-29 21:45:38,426] [INFO] [base._test_info] -> Current test: 37
[2016-10-29 21:45:38,426] [INFO] [server.transmit] -> request(1049): 0a0a0a0a0a0a0a0a0a0a0a0a0a0a0a0a0a0a0a0a0a0a0a0a0a0a0a0a0a0a0a0a0a0a0a0a0a0a0a0a0a0a0a0a0a0a0a0a0a0a ...
[2016-10-29 21:45:38,441] [INFO] [base._test_info] -> Current test: 38
[2016-10-29 21:45:38,442] [INFO] [server.transmit] -> request(153): 0a0a0a0a0a0a0a0a0a0a0a0a0a0a0a0a0a0a0a0a0a0a0a0a0a0a0a0a0a0a0a0a0a0a0a0a0a0a0a0a0a0a0a0a0a0a0a0a0a0a ...
[2016-10-29 21:45:38,447] [INFO] [base._test_info] -> Current test: 39
[2016-10-29 21:45:38,448] [INFO] [server.transmit] -> request(41): 0a0a0a0a0a0a0a0a0a0a0a0a0a0a0a0a202f696e6465782e68746d6c20485454502f312e300d0a0d0a
[2016-10-29 21:45:38,451] [INFO] [base._test_info] -> Current test: 40
[2016-10-29 21:45:38,451] [INFO] [server.transmit] -> request(27): 0a0a202f696e6465782e68746d6c20485454502f312e300d0a0d0a
[2016-10-29 21:45:38,455] [INFO] [base._test_info] -> Current test: 41
[2016-10-29 21:45:38,456] [INFO] [server.transmit] -> request(4121): deadbeefdeadbeefdeadbeefdeadbeefdeadbeefdeadbeefdeadbeefdeadbeefdeadbeefdeadbeefdeadbeefdeadbeefdead ...
[2016-10-29 21:45:38,458] [INFO] [base._test_info] -> Current test: 42
[2016-10-29 21:45:38,459] [INFO] [server.transmit] -> request(537): deadbeefdeadbeefdeadbeefdeadbeefdeadbeefdeadbeefdeadbeefdeadbeefdeadbeefdeadbeefdeadbeefdeadbeefdead ...
[2016-10-29 21:45:38,471] [INFO] [base._test_info] -> Current test: 43
[2016-10-29 21:45:38,472] [INFO] [server.transmit] -> request(89): deadbeefdeadbeefdeadbeefdeadbeefdeadbeefdeadbeefdeadbeefdeadbeefdeadbeefdeadbeefdeadbeefdeadbeefdead ...
[2016-10-29 21:45:38,483] [INFO] [base._test_info] -> Current test: 44
[2016-10-29 21:45:38,484] [INFO] [server.transmit] -> request(33): deadbeefdeadbeef202f696e6465782e68746d6c20485454502f312e300d0a0d0a
[2016-10-29 21:45:38,487] [INFO] [base._test_info] -> Current test: 45
[2016-10-29 21:45:38,488] [INFO] [server.transmit] -> request(42): 7c746f756368202f746d702f4b49545459202f696e6465782e68746d6c20485454502f312e300d0a0d0a
[2016-10-29 21:45:38,500] [INFO] [base._test_info] -> Current test: 46
[2016-10-29 21:45:38,504] [INFO] [server.transmit] -> request(43): 3b746f756368202f746d702f4b495454593b202f696e6465782e68746d6c20485454502f312e300d0a0d0a
[2016-10-29 21:45:38,509] [INFO] [base._test_info] -> Current test: 47
[2016-10-29 21:45:38,514] [INFO] [server.transmit] -> request(39): 3b6c733e2f746d702f4b49545459202f696e6465782e68746d6c20485454502f312e300d0a0d0a
[2016-10-29 21:45:38,533] [INFO] [base._test_info] -> Current test: 48
[2016-10-29 21:45:38,534] [INFO] [server.transmit] -> request(54): 223b6c733e2f746d702f4b495454593b6c733e2f6465762f6e756c6c22202f696e6465782e68746d6c20485454502f312e30 ...
[2016-10-29 21:45:38,545] [INFO] [base._test_info] -> Current test: 49
[2016-10-29 21:45:38,546] [INFO] [server.transmit] -> request(55): 273b6c733e2f746d702f4b495454593b6c733e272f6465762f6e756c6c27202f696e6465782e68746d6c20485454502f312e ...
[2016-10-29 21:45:38,550] [INFO] [base._test_info] -> Current test: 50
[2016-10-29 21:45:38,557] [INFO] [server.transmit] -> request(40): 606c733e2f746d702f4b4954545960202f696e6465782e68746d6c20485454502f312e300d0a0d0a
[2016-10-29 21:45:38,565] [INFO] [base._test_info] -> Current test: 51
[2016-10-29 21:45:38,566] [INFO] [server.transmit] -> request(41): 20606c733e2f746d702f4b4954545960202f696e6465782e68746d6c20485454502f312e300d0a0d0a
[2016-10-29 21:45:38,569] [INFO] [base._test_info] -> Current test: 52
[2016-10-29 21:45:38,570] [INFO] [server.transmit] -> request(33): 7c6e6f7465706164202f696e6465782e68746d6c20485454502f312e300d0a0d0a
[2016-10-29 21:45:38,572] [INFO] [base._test_info] -> Current test: 53
[2016-10-29 21:45:38,573] [INFO] [server.transmit] -> request(34): 3b6e6f74657061643b202f696e6465782e68746d6c20485454502f312e300d0a0d0a
[2016-10-29 21:45:38,581] [INFO] [base._test_info] -> Current test: 54
[2016-10-29 21:45:38,589] [INFO] [server.transmit] -> request(34): 0a6e6f74657061640a202f696e6465782e68746d6c20485454502f312e300d0a0d0a
[2016-10-29 21:45:38,594] [INFO] [base._test_info] -> Current test: 55
[2016-10-29 21:45:38,596] [INFO] [server.transmit] -> request(36): 27206f7220313d31202d2d202f696e6465782e68746d6c20485454502f312e300d0a0d0a
[2016-10-29 21:45:38,599] [INFO] [base._test_info] -> Current test: 56
[2016-10-29 21:45:38,599] [INFO] [server.transmit] -> request(42): 273b20646573632075736572733b202d2d202f696e6465782e68746d6c20485454502f312e300d0a0d0a
[2016-10-29 21:45:38,601] [INFO] [base._test_info] -> Current test: 57
[2016-10-29 21:45:38,602] [INFO] [server.transmit] -> request(66): 27206f7220757365726e616d65206973206e6f74204e554c4c206f7220757365726e616d65203d2027202f696e6465782e68 ...
[2016-10-29 21:45:38,605] [INFO] [base._test_info] -> Current test: 58
[2016-10-29 21:45:38,605] [INFO] [server.transmit] -> request(97): 3120756e696f6e20616c6c2073656c65637420312c322c332c342c352c362c6e616d652066726f6d207379736f626a656374 ...
[2016-10-29 21:45:38,607] [INFO] [base._test_info] -> Current test: 59
[2016-10-29 21:45:38,608] [INFO] [server.transmit] -> request(36): 60206f72206031603d6031202f696e6465782e68746d6c20485454502f312e300d0a0d0a
[2016-10-29 21:45:38,610] [INFO] [base._test_info] -> Current test: 60
[2016-10-29 21:45:38,610] [INFO] [server.transmit] -> request(36): 27206f72202731273d2731202f696e6465782e68746d6c20485454502f312e300d0a0d0a
[2016-10-29 21:45:38,621] [INFO] [base._test_info] -> Current test: 61
[2016-10-29 21:45:38,625] [INFO] [server.transmit] -> request(27): 4141202f696e6465782e68746d6c20485454502f312e300d0a0d0a
[2016-10-29 21:45:38,630] [INFO] [base._test_info] -> Current test: 62
[2016-10-29 21:45:38,630] [INFO] [server.transmit] -> request(35): 41414141414141414141202f696e6465782e68746d6c20485454502f312e300d0a0d0a
[2016-10-29 21:45:38,633] [INFO] [base._test_info] -> Current test: 63
[2016-10-29 21:45:38,633] [INFO] [server.transmit] -> request(125): 4141414141414141414141414141414141414141414141414141414141414141414141414141414141414141414141414141 ...
[2016-10-29 21:45:38,636] [INFO] [base._test_info] -> Current test: 64
[2016-10-29 21:45:38,636] [INFO] [server.transmit] -> request(1025): 4141414141414141414141414141414141414141414141414141414141414141414141414141414141414141414141414141 ...
[2016-10-29 21:45:38,639] [INFO] [base._test_info] -> Current test: 65
[2016-10-29 21:45:38,640] [INFO] [server.transmit] -> request(5025): 4141414141414141414141414141414141414141414141414141414141414141414141414141414141414141414141414141 ...
[2016-10-29 21:45:38,652] [INFO] [base._test_info] -> Current test: 66
[2016-10-29 21:45:38,655] [INFO] [server.transmit] -> request(10025): 4141414141414141414141414141414141414141414141414141414141414141414141414141414141414141414141414141 ...
[2016-10-29 21:45:38,658] [INFO] [base._test_info] -> Current test: 67
[2016-10-29 21:45:38,662] [INFO] [server.transmit] -> request(36): 2f6574632f706173737764202f696e6465782e68746d6c20485454502f312e300d0a0d0a
[2016-10-29 21:45:38,666] [INFO] [base._test_info] -> Current test: 68
[2016-10-29 21:45:38,667] [INFO] [server.transmit] -> request(79): 2e2f2e2e2f2e2e2f2e2e2f2e2e2f2e2e2f2e2e2f2e2e2f2e2e2f2e2e2f2e2e2f2e2e2f2e2e2f2e2e2f2e2e2f6574632f7061 ...
[2016-10-29 21:45:38,671] [INFO] [base._test_info] -> Current test: 69
[2016-10-29 21:45:38,671] [INFO] [server.transmit] -> request(77): 2e2e2f2e2e2f2e2e2f2e2e2f2e2e2f2e2e2f2e2e2f2e2e2f2e2e2f2e2e2f2e2e2f2e2e2f2e2e2f2e2e2f6574632f70617373 ...
[2016-10-29 21:45:38,685] [INFO] [base._test_info] -> Current test: 70
[2016-10-29 21:45:38,686] [INFO] [server.transmit] -> request(38): 2f70726f632f637075696e666f202f696e6465782e68746d6c20485454502f312e300d0a0d0a
[2016-10-29 21:45:38,693] [INFO] [base._test_info] -> Current test: 71
[2016-10-29 21:45:38,694] [INFO] [server.transmit] -> request(81): 2e2f2e2e2f2e2e2f2e2e2f2e2e2f2e2e2f2e2e2f2e2e2f2e2e2f2e2e2f2e2e2f2e2e2f2e2e2f2e2e2f2e2e2f70726f632f63 ...
[2016-10-29 21:45:38,698] [INFO] [base._test_info] -> Current test: 72
[2016-10-29 21:45:38,698] [INFO] [server.transmit] -> request(79): 2e2e2f2e2e2f2e2e2f2e2e2f2e2e2f2e2e2f2e2e2f2e2e2f2e2e2f2e2e2f2e2e2f2e2e2f2e2e2f2e2e2f70726f632f637075 ...
[2016-10-29 21:45:38,701] [INFO] [base._test_info] -> Current test: 73
[2016-10-29 21:45:38,702] [INFO] [server.transmit] -> request(35): 7e2f2e70726f66696c65202f696e6465782e68746d6c20485454502f312e300d0a0d0a
[2016-10-29 21:45:38,712] [INFO] [base._test_info] -> Current test: 74
[2016-10-29 21:45:38,714] [INFO] [server.transmit] -> request(39): 24484f4d452f2e70726f66696c65202f696e6465782e68746d6c20485454502f312e300d0a0d0a
[2016-10-29 21:45:38,721] [INFO] [base._test_info] -> Current test: 75
[2016-10-29 21:45:38,722] [INFO] [server.transmit] -> request(70): 2f2e2e2f2e2e2f2e2e2f2e2e2f2e2e2f2e2e2f2e2e2f2e2e2f2e2e2f2e2e2f2e2e2f2e2e2f626f6f742e696e69202f696e64 ...
[2016-10-29 21:45:38,725] [INFO] [base._test_info] -> Current test: 76
[2016-10-29 21:45:38,726] [INFO] [server.transmit] -> request(1049): 2f5c2f5c2f5c2f5c2f5c2f5c2f5c2f5c2f5c2f5c2f5c2f5c2f5c2f5c2f5c2f5c2f5c2f5c2f5c2f5c2f5c2f5c2f5c2f5c2f5c ...
[2016-10-29 21:45:38,728] [INFO] [base._test_info] -> Current test: 77
[2016-10-29 21:45:38,729] [INFO] [server.transmit] -> request(153): 2f5c2f5c2f5c2f5c2f5c2f5c2f5c2f5c2f5c2f5c2f5c2f5c2f5c2f5c2f5c2f5c2f5c2f5c2f5c2f5c2f5c2f5c2f5c2f5c2f5c ...
[2016-10-29 21:45:38,731] [INFO] [base._test_info] -> Current test: 78
[2016-10-29 21:45:38,732] [INFO] [server.transmit] -> request(41): 2f5c2f5c2f5c2f5c2f5c2f5c2f5c2f5c202f696e6465782e68746d6c20485454502f312e300d0a0d0a
[2016-10-29 21:45:38,734] [INFO] [base._test_info] -> Current test: 79
[2016-10-29 21:45:38,743] [INFO] [server.transmit] -> request(1049): 2f2e2f2e2f2e2f2e2f2e2f2e2f2e2f2e2f2e2f2e2f2e2f2e2f2e2f2e2f2e2f2e2f2e2f2e2f2e2f2e2f2e2f2e2f2e2f2e2f2e ...
[2016-10-29 21:45:38,752] [INFO] [base._test_info] -> Current test: 80
[2016-10-29 21:45:38,753] [INFO] [server.transmit] -> request(153): 2f2e2f2e2f2e2f2e2f2e2f2e2f2e2f2e2f2e2f2e2f2e2f2e2f2e2f2e2f2e2f2e2f2e2f2e2f2e2f2e2f2e2f2e2f2e2f2e2f2e ...
[2016-10-29 21:45:38,756] [INFO] [base._test_info] -> Current test: 81
[2016-10-29 21:45:38,756] [INFO] [server.transmit] -> request(41): 2f2e2f2e2f2e2f2e2f2e2f2e2f2e2f2e202f696e6465782e68746d6c20485454502f312e300d0a0d0a
[2016-10-29 21:45:38,759] [INFO] [base._test_info] -> Current test: 82
[2016-10-29 21:45:38,759] [INFO] [server.transmit] -> request(54): 2140232425255e2324252324402324252424402324255e5e2a2a282829202f696e6465782e68746d6c20485454502f312e30 ...
[2016-10-29 21:45:38,763] [INFO] [base._test_info] -> Current test: 83
[2016-10-29 21:45:38,764] [INFO] [server.transmit] -> request(50): 25303125303225303325303425306125306425306141445346202f696e6465782e68746d6c20485454502f312e300d0a0d0a ...
[2016-10-29 21:45:38,775] [INFO] [base._test_info] -> Current test: 84
[2016-10-29 21:45:38,779] [INFO] [server.transmit] -> request(51): 2530312530322530334025303425306125306425306141445346202f696e6465782e68746d6c20485454502f312e300d0a0d ...
[2016-10-29 21:45:38,783] [INFO] [base._test_info] -> Current test: 85
[2016-10-29 21:45:38,784] [INFO] [server.transmit] -> request(30): 2f2530302f202f696e6465782e68746d6c20485454502f312e300d0a0d0a
[2016-10-29 21:45:38,786] [INFO] [base._test_info] -> Current test: 86
[2016-10-29 21:45:38,787] [INFO] [server.transmit] -> request(29): 2530302f202f696e6465782e68746d6c20485454502f312e300d0a0d0a
[2016-10-29 21:45:38,789] [INFO] [base._test_info] -> Current test: 87
[2016-10-29 21:45:38,790] [INFO] [server.transmit] -> request(28): 253030202f696e6465782e68746d6c20485454502f312e300d0a0d0a
[2016-10-29 21:45:38,792] [INFO] [base._test_info] -> Current test: 88
[2016-10-29 21:45:38,793] [INFO] [server.transmit] -> request(31): 257530303030202f696e6465782e68746d6c20485454502f312e300d0a0d0a
[2016-10-29 21:45:38,795] [INFO] [base._test_info] -> Current test: 89
[2016-10-29 21:45:38,802] [INFO] [server.transmit] -> request(217): 25fef02501ff25fef02501ff25fef02501ff25fef02501ff25fef02501ff25fef02501ff25fef02501ff25fef02501ff25fe ...
[2016-10-29 21:45:38,811] [INFO] [base._test_info] -> Current test: 90
[2016-10-29 21:45:38,812] [INFO] [server.transmit] -> request(49): 25fef02501ff25fef02501ff25fef02501ff25fef02501ff202f696e6465782e68746d6c20485454502f312e300d0a0d0a
[2016-10-29 21:45:38,817] [INFO] [base._test_info] -> Current test: 91
[2016-10-29 21:45:38,818] [INFO] [server.transmit] -> request(29): 47455420202f696e6465782e68746d6c20485454502f312e300d0a0d0a
[2016-10-29 21:45:38,824] [INFO] [base._test_info] -> Current test: 92
[2016-10-29 21:45:38,824] [INFO] [server.transmit] -> request(37): 474554202020202020202020202f696e6465782e68746d6c20485454502f312e300d0a0d0a
[2016-10-29 21:45:38,839] [INFO] [base._test_info] -> Current test: 93
[2016-10-29 21:45:38,842] [INFO] [server.transmit] -> request(127): 4745542020202020202020202020202020202020202020202020202020202020202020202020202020202020202020202020 ...
[2016-10-29 21:45:38,849] [INFO] [base._test_info] -> Current test: 94
[2016-10-29 21:45:38,849] [INFO] [server.transmit] -> request(29): 47455420fe2f696e6465782e68746d6c20485454502f312e300d0a0d0a
[2016-10-29 21:45:38,854] [INFO] [base._test_info] -> Current test: 97
[2016-10-29 21:45:38,854] [INFO] [server.transmit] -> request(29): 47455420002f696e6465782e68746d6c20485454502f312e300d0a0d0a
[2016-10-29 21:45:38,867] [INFO] [base._test_info] -> Current test: 98
[2016-10-29 21:45:38,870] [INFO] [server.transmit] -> request(31): 474554202020202f696e6465782e68746d6c20485454502f312e300d0a0d0a
[2016-10-29 21:45:38,879] [INFO] [base._test_info] -> Current test: 99
[2016-10-29 21:45:38,880] [INFO] [server.transmit] -> request(31): 474554090909092f696e6465782e68746d6c20485454502f312e300d0a0d0a
[2016-10-29 21:45:38,884] [INFO] [base._test_info] -> Current test: 100
[2016-10-29 21:45:38,885] [INFO] [server.transmit] -> request(31): 474554212121212f696e6465782e68746d6c20485454502f312e300d0a0d0a
[2016-10-29 21:45:38,888] [INFO] [base._test_info] -> Current test: 101
[2016-10-29 21:45:38,888] [INFO] [server.transmit] -> request(31): 474554404040402f696e6465782e68746d6c20485454502f312e300d0a0d0a
[2016-10-29 21:45:38,890] [INFO] [base._test_info] -> Current test: 102
[2016-10-29 21:45:38,898] [INFO] [server.transmit] -> request(31): 474554232323232f696e6465782e68746d6c20485454502f312e300d0a0d0a
[2016-10-29 21:45:38,905] [INFO] [base._test_info] -> Current test: 103
[2016-10-29 21:45:38,906] [INFO] [server.transmit] -> request(31): 474554242424242f696e6465782e68746d6c20485454502f312e300d0a0d0a
[2016-10-29 21:45:38,910] [INFO] [base._test_info] -> Current test: 104
[2016-10-29 21:45:38,911] [INFO] [server.transmit] -> request(31): 474554252525252f696e6465782e68746d6c20485454502f312e300d0a0d0a
[2016-10-29 21:45:38,913] [INFO] [base._test_info] -> Current test: 105
[2016-10-29 21:45:38,914] [INFO] [server.transmit] -> request(31): 4745545e5e5e5e2f696e6465782e68746d6c20485454502f312e300d0a0d0a
[2016-10-29 21:45:38,916] [INFO] [base._test_info] -> Current test: 106
[2016-10-29 21:45:38,917] [INFO] [server.transmit] -> request(31): 474554262626262f696e6465782e68746d6c20485454502f312e300d0a0d0a
[2016-10-29 21:45:38,920] [INFO] [base._test_info] -> Current test: 107
[2016-10-29 21:45:38,920] [INFO] [server.transmit] -> request(31): 4745542a2a2a2a2f696e6465782e68746d6c20485454502f312e300d0a0d0a
[2016-10-29 21:45:38,931] [INFO] [base._test_info] -> Current test: 108
[2016-10-29 21:45:38,934] [INFO] [server.transmit] -> request(31): 474554282828282f696e6465782e68746d6c20485454502f312e300d0a0d0a
[2016-10-29 21:45:38,938] [INFO] [base._test_info] -> Current test: 109
[2016-10-29 21:45:38,939] [INFO] [server.transmit] -> request(31): 474554292929292f696e6465782e68746d6c20485454502f312e300d0a0d0a
[2016-10-29 21:45:38,942] [INFO] [base._test_info] -> Current test: 110
[2016-10-29 21:45:38,942] [INFO] [server.transmit] -> request(31): 4745542d2d2d2d2f696e6465782e68746d6c20485454502f312e300d0a0d0a
[2016-10-29 21:45:38,945] [INFO] [base._test_info] -> Current test: 111
[2016-10-29 21:45:38,946] [INFO] [server.transmit] -> request(31): 4745545f5f5f5f2f696e6465782e68746d6c20485454502f312e300d0a0d0a
[2016-10-29 21:45:38,950] [INFO] [base._test_info] -> Current test: 112
[2016-10-29 21:45:38,950] [INFO] [server.transmit] -> request(31): 4745542b2b2b2b2f696e6465782e68746d6c20485454502f312e300d0a0d0a
[2016-10-29 21:45:38,962] [INFO] [base._test_info] -> Current test: 113
[2016-10-29 21:45:38,966] [INFO] [server.transmit] -> request(31): 4745543d3d3d3d2f696e6465782e68746d6c20485454502f312e300d0a0d0a
[2016-10-29 21:45:38,973] [INFO] [base._test_info] -> Current test: 114
[2016-10-29 21:45:38,975] [INFO] [server.transmit] -> request(31): 4745543a3a3a3a2f696e6465782e68746d6c20485454502f312e300d0a0d0a
[2016-10-29 21:45:38,980] [INFO] [base._test_info] -> Current test: 115
[2016-10-29 21:45:38,981] [INFO] [server.transmit] -> request(31): 4745543b3b3b3b2f696e6465782e68746d6c20485454502f312e300d0a0d0a
[2016-10-29 21:45:38,991] [INFO] [base._test_info] -> Current test: 116
[2016-10-29 21:45:38,995] [INFO] [server.transmit] -> request(31): 474554272727272f696e6465782e68746d6c20485454502f312e300d0a0d0a
[2016-10-29 21:45:38,999] [INFO] [base._test_info] -> Current test: 117
[2016-10-29 21:45:39,001] [INFO] [server.transmit] -> request(31): 474554222222222f696e6465782e68746d6c20485454502f312e300d0a0d0a
[2016-10-29 21:45:39,004] [INFO] [base._test_info] -> Current test: 118
[2016-10-29 21:45:39,004] [INFO] [server.transmit] -> request(31): 4745542f2f2f2f2f696e6465782e68746d6c20485454502f312e300d0a0d0a
[2016-10-29 21:45:39,007] [INFO] [base._test_info] -> Current test: 119
[2016-10-29 21:45:39,008] [INFO] [server.transmit] -> request(31): 4745545c5c5c5c2f696e6465782e68746d6c20485454502f312e300d0a0d0a
[2016-10-29 21:45:39,010] [INFO] [base._test_info] -> Current test: 120
[2016-10-29 21:45:39,010] [INFO] [server.transmit] -> request(31): 4745543f3f3f3f2f696e6465782e68746d6c20485454502f312e300d0a0d0a
[2016-10-29 21:45:39,023] [INFO] [base._test_info] -> Current test: 121
[2016-10-29 21:45:39,024] [INFO] [server.transmit] -> request(31): 4745543c3c3c3c2f696e6465782e68746d6c20485454502f312e300d0a0d0a
[2016-10-29 21:45:39,028] [INFO] [base._test_info] -> Current test: 122
[2016-10-29 21:45:39,029] [INFO] [server.transmit] -> request(31): 4745543e3e3e3e2f696e6465782e68746d6c20485454502f312e300d0a0d0a
[2016-10-29 21:45:39,031] [INFO] [base._test_info] -> Current test: 123
[2016-10-29 21:45:39,032] [INFO] [server.transmit] -> request(31): 4745542e2e2e2e2f696e6465782e68746d6c20485454502f312e300d0a0d0a
[2016-10-29 21:45:39,034] [INFO] [base._test_info] -> Current test: 124
[2016-10-29 21:45:39,034] [INFO] [server.transmit] -> request(31): 4745542c2c2c2c2f696e6465782e68746d6c20485454502f312e300d0a0d0a
[2016-10-29 21:45:39,037] [INFO] [base._test_info] -> Current test: 125
[2016-10-29 21:45:39,038] [INFO] [server.transmit] -> request(31): 4745540d0d0d0d2f696e6465782e68746d6c20485454502f312e300d0a0d0a
[2016-10-29 21:45:39,040] [INFO] [base._test_info] -> Current test: 126
[2016-10-29 21:45:39,041] [INFO] [server.transmit] -> request(31): 4745540a0a0a0a2f696e6465782e68746d6c20485454502f312e300d0a0d0a
[2016-10-29 21:45:39,053] [INFO] [base._test_info] -> Current test: 127
[2016-10-29 21:45:39,056] [INFO] [server.transmit] -> request(43): 4745540d0a0d0a0d0a0d0a0d0a0d0a0d0a0d0a2f696e6465782e68746d6c20485454502f312e300d0a0d0a
[2016-10-29 21:45:39,061] [INFO] [base._test_info] -> Current test: 128
[2016-10-29 21:45:39,062] [INFO] [server.transmit] -> request(51): 474554090d0a090d0a090d0a090d0a090d0a090d0a090d0a090d0a2f696e6465782e68746d6c20485454502f312e300d0a0d ...
[2016-10-29 21:45:39,065] [INFO] [base._test_info] -> Current test: 129
[2016-10-29 21:45:39,066] [INFO] [server.transmit] -> request(27): 4745542f696e6465782e68746d6c20485454502f312e300d0a0d0a
[2016-10-29 21:45:39,068] [INFO] [base._test_info] -> Current test: 130
[2016-10-29 21:45:39,069] [INFO] [server.transmit] -> request(39): 474554202f696e6465782e68746d6c2f696e6465782e68746d6c20485454502f312e300d0a0d0a
[2016-10-29 21:45:39,084] [INFO] [base._test_info] -> Current test: 131
[2016-10-29 21:45:39,085] [INFO] [server.transmit] -> request(127): 474554202f696e6465782e68746d6c2f696e6465782e68746d6c2f696e6465782e68746d6c2f696e6465782e68746d6c2f69 ...
[2016-10-29 21:45:39,091] [INFO] [base._test_info] -> Current test: 132
[2016-10-29 21:45:39,092] [INFO] [server.transmit] -> request(1117): 474554202f696e6465782e68746d6c2f696e6465782e68746d6c2f696e6465782e68746d6c2f696e6465782e68746d6c2f69 ...
[2016-10-29 21:45:39,100] [INFO] [base._test_info] -> Current test: 133
[2016-10-29 21:45:39,101] [INFO] [server.transmit] -> request(29): 474554202f696e6465782e68746d6cfe20485454502f312e300d0a0d0a
[2016-10-29 21:45:39,118] [INFO] [base._test_info] -> Current test: 135
[2016-10-29 21:45:39,119] [INFO] [server.transmit] -> request(29): 474554202f696e646500782e68746d6c20485454502f312e300d0a0d0a
[2016-10-29 21:45:39,126] [INFO] [base._test_info] -> Current test: 136
[2016-10-29 21:45:39,128] [INFO] [server.transmit] -> request(29): 474554202f696e6465782e68746d6c0020485454502f312e300d0a0d0a
[2016-10-29 21:45:39,131] [INFO] [base._test_info] -> Current test: 137
[2016-10-29 21:45:39,132] [INFO] [server.transmit] -> request(17): 4745542020485454502f312e300d0a0d0a
[2016-10-29 21:45:39,146] [INFO] [base._test_info] -> Current test: 138
[2016-10-29 21:45:39,146] [INFO] [server.transmit] -> request(2065): 4745542025732573257325732573257325732573257325732573257325732573257325732573257325732573257325732573 ...
[2016-10-29 21:45:39,152] [INFO] [base._test_info] -> Current test: 139
[2016-10-29 21:45:39,152] [INFO] [server.transmit] -> request(273): 4745542025732573257325732573257325732573257325732573257325732573257325732573257325732573257325732573 ...
[2016-10-29 21:45:39,159] [INFO] [base._test_info] -> Current test: 140
[2016-10-29 21:45:39,160] [INFO] [server.transmit] -> request(49): 47455420257325732573257325732573257325732573257325732573257325732573257320485454502f312e300d0a0d0a
[2016-10-29 21:45:39,173] [INFO] [base._test_info] -> Current test: 141
[2016-10-29 21:45:39,176] [INFO] [server.transmit] -> request(21): 474554202573257320485454502f312e300d0a0d0a
[2016-10-29 21:45:39,181] [INFO] [base._test_info] -> Current test: 142
[2016-10-29 21:45:39,182] [INFO] [server.transmit] -> request(3089): 4745542025257325257325257325257325257325257325257325257325257325257325257325257325257325257325257325 ...
[2016-10-29 21:45:39,190] [INFO] [base._test_info] -> Current test: 143
[2016-10-29 21:45:39,191] [INFO] [server.transmit] -> request(401): 4745542025257325257325257325257325257325257325257325257325257325257325257325257325257325257325257325 ...
[2016-10-29 21:45:39,203] [INFO] [base._test_info] -> Current test: 144
[2016-10-29 21:45:39,203] [INFO] [server.transmit] -> request(65): 4745542025257325257325257325257325257325257325257325257325257325257325257325257325257325257325257325 ...
[2016-10-29 21:45:39,210] [INFO] [base._test_info] -> Current test: 145
[2016-10-29 21:45:39,213] [INFO] [server.transmit] -> request(23): 4745542025257325257320485454502f312e300d0a0d0a
[2016-10-29 21:45:39,219] [INFO] [base._test_info] -> Current test: 146
[2016-10-29 21:45:39,220] [INFO] [server.transmit] -> request(4113): 4745542022257322222573222225732222257322222573222225732222257322222573222225732222257322222573222225 ...
[2016-10-29 21:45:39,239] [INFO] [base._test_info] -> Current test: 147
[2016-10-29 21:45:39,240] [INFO] [server.transmit] -> request(529): 4745542022257322222573222225732222257322222573222225732222257322222573222225732222257322222573222225 ...
[2016-10-29 21:45:39,247] [INFO] [base._test_info] -> Current test: 148
[2016-10-29 21:45:39,247] [INFO] [server.transmit] -> request(81): 4745542022257322222573222225732222257322222573222225732222257322222573222225732222257322222573222225 ...
[2016-10-29 21:45:39,267] [INFO] [base._test_info] -> Current test: 149
[2016-10-29 21:45:39,268] [INFO] [server.transmit] -> request(25): 47455420222573222225732220485454502f312e300d0a0d0a
[2016-10-29 21:45:39,272] [INFO] [base._test_info] -> Current test: 150
[2016-10-29 21:45:39,272] [INFO] [server.transmit] -> request(2065): 47455420256e256e256e256e256e256e256e256e256e256e256e256e256e256e256e256e256e256e256e256e256e256e256e ...
[2016-10-29 21:45:39,279] [INFO] [base._test_info] -> Current test: 151
[2016-10-29 21:45:39,282] [INFO] [server.transmit] -> request(273): 47455420256e256e256e256e256e256e256e256e256e256e256e256e256e256e256e256e256e256e256e256e256e256e256e ...
[2016-10-29 21:45:39,298] [INFO] [base._test_info] -> Current test: 152
[2016-10-29 21:45:39,299] [INFO] [server.transmit] -> request(49): 47455420256e256e256e256e256e256e256e256e256e256e256e256e256e256e256e256e20485454502f312e300d0a0d0a
[2016-10-29 21:45:39,306] [INFO] [base._test_info] -> Current test: 153
[2016-10-29 21:45:39,307] [INFO] [server.transmit] -> request(21): 47455420256e256e20485454502f312e300d0a0d0a
[2016-10-29 21:45:39,315] [INFO] [base._test_info] -> Current test: 154
[2016-10-29 21:45:39,315] [INFO] [server.transmit] -> request(3089): 4745542025256e25256e25256e25256e25256e25256e25256e25256e25256e25256e25256e25256e25256e25256e25256e25 ...
[2016-10-29 21:45:39,332] [INFO] [base._test_info] -> Current test: 155
[2016-10-29 21:45:39,332] [INFO] [server.transmit] -> request(401): 4745542025256e25256e25256e25256e25256e25256e25256e25256e25256e25256e25256e25256e25256e25256e25256e25 ...
[2016-10-29 21:45:39,337] [INFO] [base._test_info] -> Current test: 156
[2016-10-29 21:45:39,341] [INFO] [server.transmit] -> request(65): 4745542025256e25256e25256e25256e25256e25256e25256e25256e25256e25256e25256e25256e25256e25256e25256e25 ...
[2016-10-29 21:45:39,346] [INFO] [base._test_info] -> Current test: 157
[2016-10-29 21:45:39,347] [INFO] [server.transmit] -> request(23): 4745542025256e25256e20485454502f312e300d0a0d0a
[2016-10-29 21:45:39,361] [INFO] [base._test_info] -> Current test: 158
[2016-10-29 21:45:39,362] [INFO] [server.transmit] -> request(4113): 4745542022256e2222256e2222256e2222256e2222256e2222256e2222256e2222256e2222256e2222256e2222256e222225 ...
[2016-10-29 21:45:39,371] [INFO] [base._test_info] -> Current test: 159
[2016-10-29 21:45:39,372] [INFO] [server.transmit] -> request(529): 4745542022256e2222256e2222256e2222256e2222256e2222256e2222256e2222256e2222256e2222256e2222256e222225 ...
[2016-10-29 21:45:39,377] [INFO] [base._test_info] -> Current test: 160
[2016-10-29 21:45:39,378] [INFO] [server.transmit] -> request(81): 4745542022256e2222256e2222256e2222256e2222256e2222256e2222256e2222256e2222256e2222256e2222256e222225 ...
[2016-10-29 21:45:39,392] [INFO] [base._test_info] -> Current test: 161
[2016-10-29 21:45:39,392] [INFO] [server.transmit] -> request(25): 4745542022256e2222256e2220485454502f312e300d0a0d0a
[2016-10-29 21:45:39,404] [INFO] [base._test_info] -> Current test: 162
[2016-10-29 21:45:39,405] [INFO] [server.transmit] -> request(31): 47455420252e31363730357525325c24686e20485454502f312e300d0a0d0a
[2016-10-29 21:45:39,410] [INFO] [base._test_info] -> Current test: 163
[2016-10-29 21:45:39,410] [INFO] [server.transmit] -> request(2065): 474554200d0a0d0a0d0a0d0a0d0a0d0a0d0a0d0a0d0a0d0a0d0a0d0a0d0a0d0a0d0a0d0a0d0a0d0a0d0a0d0a0d0a0d0a0d0a ...
[2016-10-29 21:45:39,432] [INFO] [base._test_info] -> Current test: 164
[2016-10-29 21:45:39,433] [INFO] [server.transmit] -> request(273): 474554200d0a0d0a0d0a0d0a0d0a0d0a0d0a0d0a0d0a0d0a0d0a0d0a0d0a0d0a0d0a0d0a0d0a0d0a0d0a0d0a0d0a0d0a0d0a ...
[2016-10-29 21:45:39,439] [INFO] [base._test_info] -> Current test: 165
[2016-10-29 21:45:39,440] [INFO] [server.transmit] -> request(49): 474554200d0a0d0a0d0a0d0a0d0a0d0a0d0a0d0a0d0a0d0a0d0a0d0a0d0a0d0a0d0a0d0a20485454502f312e300d0a0d0a
[2016-10-29 21:45:39,450] [INFO] [base._test_info] -> Current test: 166
[2016-10-29 21:45:39,452] [INFO] [server.transmit] -> request(21): 474554200d0a0d0a20485454502f312e300d0a0d0a
[2016-10-29 21:45:39,457] [INFO] [base._test_info] -> Current test: 167
[2016-10-29 21:45:39,458] [INFO] [server.transmit] -> request(1041): 474554200a0a0a0a0a0a0a0a0a0a0a0a0a0a0a0a0a0a0a0a0a0a0a0a0a0a0a0a0a0a0a0a0a0a0a0a0a0a0a0a0a0a0a0a0a0a ...
[2016-10-29 21:45:39,467] [INFO] [base._test_info] -> Current test: 168
[2016-10-29 21:45:39,467] [INFO] [server.transmit] -> request(145): 474554200a0a0a0a0a0a0a0a0a0a0a0a0a0a0a0a0a0a0a0a0a0a0a0a0a0a0a0a0a0a0a0a0a0a0a0a0a0a0a0a0a0a0a0a0a0a ...
[2016-10-29 21:45:39,479] [INFO] [base._test_info] -> Current test: 169
[2016-10-29 21:45:39,482] [INFO] [server.transmit] -> request(33): 474554200a0a0a0a0a0a0a0a0a0a0a0a0a0a0a0a20485454502f312e300d0a0d0a
[2016-10-29 21:45:39,486] [INFO] [base._test_info] -> Current test: 170
[2016-10-29 21:45:39,487] [INFO] [server.transmit] -> request(19): 474554200a0a20485454502f312e300d0a0d0a
[2016-10-29 21:45:39,492] [INFO] [base._test_info] -> Current test: 171
[2016-10-29 21:45:39,493] [INFO] [server.transmit] -> request(4113): 47455420deadbeefdeadbeefdeadbeefdeadbeefdeadbeefdeadbeefdeadbeefdeadbeefdeadbeefdeadbeefdeadbeefdead ...
[2016-10-29 21:45:39,498] [INFO] [base._test_info] -> Current test: 172
[2016-10-29 21:45:39,498] [INFO] [server.transmit] -> request(529): 47455420deadbeefdeadbeefdeadbeefdeadbeefdeadbeefdeadbeefdeadbeefdeadbeefdeadbeefdeadbeefdeadbeefdead ...
[2016-10-29 21:45:39,520] [INFO] [base._test_info] -> Current test: 173
[2016-10-29 21:45:39,524] [INFO] [server.transmit] -> request(81): 47455420deadbeefdeadbeefdeadbeefdeadbeefdeadbeefdeadbeefdeadbeefdeadbeefdeadbeefdeadbeefdeadbeefdead ...
[2016-10-29 21:45:39,533] [INFO] [base._test_info] -> Current test: 174
[2016-10-29 21:45:39,535] [INFO] [server.transmit] -> request(25): 47455420deadbeefdeadbeef20485454502f312e300d0a0d0a
[2016-10-29 21:45:39,546] [INFO] [base._test_info] -> Current test: 175
[2016-10-29 21:45:39,546] [INFO] [server.transmit] -> request(34): 474554207c746f756368202f746d702f4b4954545920485454502f312e300d0a0d0a
[2016-10-29 21:45:39,564] [INFO] [base._test_info] -> Current test: 176
[2016-10-29 21:45:39,567] [INFO] [server.transmit] -> request(35): 474554203b746f756368202f746d702f4b495454593b20485454502f312e300d0a0d0a
[2016-10-29 21:45:39,571] [INFO] [base._test_info] -> Current test: 177
[2016-10-29 21:45:39,572] [INFO] [server.transmit] -> request(31): 474554203b6c733e2f746d702f4b4954545920485454502f312e300d0a0d0a
[2016-10-29 21:45:39,583] [INFO] [base._test_info] -> Current test: 178
[2016-10-29 21:45:39,592] [INFO] [server.transmit] -> request(46): 47455420223b6c733e2f746d702f4b495454593b6c733e2f6465762f6e756c6c2220485454502f312e300d0a0d0a
[2016-10-29 21:45:39,597] [INFO] [base._test_info] -> Current test: 179
[2016-10-29 21:45:39,599] [INFO] [server.transmit] -> request(47): 47455420273b6c733e2f746d702f4b495454593b6c733e272f6465762f6e756c6c2720485454502f312e300d0a0d0a
[2016-10-29 21:45:39,611] [INFO] [base._test_info] -> Current test: 180
[2016-10-29 21:45:39,612] [INFO] [server.transmit] -> request(32): 47455420606c733e2f746d702f4b495454596020485454502f312e300d0a0d0a
[2016-10-29 21:45:39,622] [INFO] [base._test_info] -> Current test: 181
[2016-10-29 21:45:39,624] [INFO] [server.transmit] -> request(33): 4745542020606c733e2f746d702f4b495454596020485454502f312e300d0a0d0a
[2016-10-29 21:45:39,633] [INFO] [base._test_info] -> Current test: 182
[2016-10-29 21:45:39,634] [INFO] [server.transmit] -> request(25): 474554207c6e6f746570616420485454502f312e300d0a0d0a
[2016-10-29 21:45:39,639] [INFO] [base._test_info] -> Current test: 183
[2016-10-29 21:45:39,639] [INFO] [server.transmit] -> request(26): 474554203b6e6f74657061643b20485454502f312e300d0a0d0a
[2016-10-29 21:45:39,643] [INFO] [base._test_info] -> Current test: 184
[2016-10-29 21:45:39,653] [INFO] [server.transmit] -> request(26): 474554200a6e6f74657061640a20485454502f312e300d0a0d0a
[2016-10-29 21:45:39,660] [INFO] [base._test_info] -> Current test: 185
[2016-10-29 21:45:39,660] [INFO] [server.transmit] -> request(28): 4745542027206f7220313d31202d2d20485454502f312e300d0a0d0a
[2016-10-29 21:45:39,667] [INFO] [base._test_info] -> Current test: 186
[2016-10-29 21:45:39,668] [INFO] [server.transmit] -> request(34): 47455420273b20646573632075736572733b202d2d20485454502f312e300d0a0d0a
[2016-10-29 21:45:39,674] [INFO] [base._test_info] -> Current test: 187
[2016-10-29 21:45:39,675] [INFO] [server.transmit] -> request(58): 4745542027206f7220757365726e616d65206973206e6f74204e554c4c206f7220757365726e616d65203d20272048545450 ...
[2016-10-29 21:45:39,690] [INFO] [base._test_info] -> Current test: 188
[2016-10-29 21:45:39,691] [INFO] [server.transmit] -> request(89): 474554203120756e696f6e20616c6c2073656c65637420312c322c332c342c352c362c6e616d652066726f6d207379736f62 ...
[2016-10-29 21:45:39,700] [INFO] [base._test_info] -> Current test: 189
[2016-10-29 21:45:39,701] [INFO] [server.transmit] -> request(28): 4745542060206f72206031603d603120485454502f312e300d0a0d0a
[2016-10-29 21:45:39,716] [INFO] [base._test_info] -> Current test: 190
[2016-10-29 21:45:39,717] [INFO] [server.transmit] -> request(28): 4745542027206f72202731273d273120485454502f312e300d0a0d0a
[2016-10-29 21:45:39,726] [INFO] [base._test_info] -> Current test: 191
[2016-10-29 21:45:39,727] [INFO] [server.transmit] -> request(19): 47455420414120485454502f312e300d0a0d0a
[2016-10-29 21:45:39,732] [INFO] [base._test_info] -> Current test: 192
[2016-10-29 21:45:39,732] [INFO] [server.transmit] -> request(27): 474554204141414141414141414120485454502f312e300d0a0d0a
[2016-10-29 21:45:39,737] [INFO] [base._test_info] -> Current test: 193
[2016-10-29 21:45:39,745] [INFO] [server.transmit] -> request(117): 4745542041414141414141414141414141414141414141414141414141414141414141414141414141414141414141414141 ...
[2016-10-29 21:45:39,752] [INFO] [base._test_info] -> Current test: 194
[2016-10-29 21:45:39,753] [INFO] [server.transmit] -> request(1017): 4745542041414141414141414141414141414141414141414141414141414141414141414141414141414141414141414141 ...
[2016-10-29 21:45:39,759] [INFO] [base._test_info] -> Current test: 195
[2016-10-29 21:45:39,759] [INFO] [server.transmit] -> request(5017): 4745542041414141414141414141414141414141414141414141414141414141414141414141414141414141414141414141 ...
[2016-10-29 21:45:39,766] [INFO] [base._test_info] -> Current test: 196
[2016-10-29 21:45:39,766] [INFO] [server.transmit] -> request(10017): 4745542041414141414141414141414141414141414141414141414141414141414141414141414141414141414141414141 ...
[2016-10-29 21:45:39,780] [INFO] [base._test_info] -> Current test: 197
[2016-10-29 21:45:39,781] [INFO] [server.transmit] -> request(28): 474554202f6574632f70617373776420485454502f312e300d0a0d0a
[2016-10-29 21:45:39,785] [INFO] [base._test_info] -> Current test: 198
[2016-10-29 21:45:39,786] [INFO] [server.transmit] -> request(71): 474554202e2f2e2e2f2e2e2f2e2e2f2e2e2f2e2e2f2e2e2f2e2e2f2e2e2f2e2e2f2e2e2f2e2e2f2e2e2f2e2e2f2e2e2f6574 ...
[2016-10-29 21:45:39,795] [INFO] [base._test_info] -> Current test: 199
[2016-10-29 21:45:39,796] [INFO] [server.transmit] -> request(69): 474554202e2e2f2e2e2f2e2e2f2e2e2f2e2e2f2e2e2f2e2e2f2e2e2f2e2e2f2e2e2f2e2e2f2e2e2f2e2e2f2e2e2f6574632f ...
[2016-10-29 21:45:39,813] [INFO] [base._test_info] -> Current test: 200
[2016-10-29 21:45:39,814] [INFO] [server.transmit] -> request(30): 474554202f70726f632f637075696e666f20485454502f312e300d0a0d0a
[2016-10-29 21:45:39,821] [INFO] [base._test_info] -> Current test: 201
[2016-10-29 21:45:39,823] [INFO] [server.transmit] -> request(73): 474554202e2f2e2e2f2e2e2f2e2e2f2e2e2f2e2e2f2e2e2f2e2e2f2e2e2f2e2e2f2e2e2f2e2e2f2e2e2f2e2e2f2e2e2f7072 ...
[2016-10-29 21:45:39,839] [INFO] [base._test_info] -> Current test: 202
[2016-10-29 21:45:39,839] [INFO] [server.transmit] -> request(71): 474554202e2e2f2e2e2f2e2e2f2e2e2f2e2e2f2e2e2f2e2e2f2e2e2f2e2e2f2e2e2f2e2e2f2e2e2f2e2e2f2e2e2f70726f63 ...
[2016-10-29 21:45:39,846] [INFO] [base._test_info] -> Current test: 203
[2016-10-29 21:45:39,846] [INFO] [server.transmit] -> request(27): 474554207e2f2e70726f66696c6520485454502f312e300d0a0d0a
[2016-10-29 21:45:39,853] [INFO] [base._test_info] -> Current test: 204
[2016-10-29 21:45:39,855] [INFO] [server.transmit] -> request(31): 4745542024484f4d452f2e70726f66696c6520485454502f312e300d0a0d0a
[2016-10-29 21:45:39,881] [INFO] [base._test_info] -> Current test: 205
[2016-10-29 21:45:39,885] [INFO] [server.transmit] -> request(62): 474554202f2e2e2f2e2e2f2e2e2f2e2e2f2e2e2f2e2e2f2e2e2f2e2e2f2e2e2f2e2e2f2e2e2f2e2e2f626f6f742e696e6920 ...
[2016-10-29 21:45:39,892] [INFO] [base._test_info] -> Current test: 206
[2016-10-29 21:45:39,893] [INFO] [server.transmit] -> request(1041): 474554202f5c2f5c2f5c2f5c2f5c2f5c2f5c2f5c2f5c2f5c2f5c2f5c2f5c2f5c2f5c2f5c2f5c2f5c2f5c2f5c2f5c2f5c2f5c ...
[2016-10-29 21:45:39,898] [INFO] [base._test_info] -> Current test: 207
[2016-10-29 21:45:39,899] [INFO] [server.transmit] -> request(145): 474554202f5c2f5c2f5c2f5c2f5c2f5c2f5c2f5c2f5c2f5c2f5c2f5c2f5c2f5c2f5c2f5c2f5c2f5c2f5c2f5c2f5c2f5c2f5c ...
[2016-10-29 21:45:39,915] [INFO] [base._test_info] -> Current test: 208
[2016-10-29 21:45:39,917] [INFO] [server.transmit] -> request(33): 474554202f5c2f5c2f5c2f5c2f5c2f5c2f5c2f5c20485454502f312e300d0a0d0a
[2016-10-29 21:45:39,926] [INFO] [base._test_info] -> Current test: 209
[2016-10-29 21:45:39,927] [INFO] [server.transmit] -> request(1041): 474554202f2e2f2e2f2e2f2e2f2e2f2e2f2e2f2e2f2e2f2e2f2e2f2e2f2e2f2e2f2e2f2e2f2e2f2e2f2e2f2e2f2e2f2e2f2e ...
[2016-10-29 21:45:39,932] [INFO] [base._test_info] -> Current test: 210
[2016-10-29 21:45:39,944] [INFO] [server.transmit] -> request(145): 474554202f2e2f2e2f2e2f2e2f2e2f2e2f2e2f2e2f2e2f2e2f2e2f2e2f2e2f2e2f2e2f2e2f2e2f2e2f2e2f2e2f2e2f2e2f2e ...
[2016-10-29 21:45:39,950] [INFO] [base._test_info] -> Current test: 211
[2016-10-29 21:45:39,950] [INFO] [server.transmit] -> request(33): 474554202f2e2f2e2f2e2f2e2f2e2f2e2f2e2f2e20485454502f312e300d0a0d0a
[2016-10-29 21:45:39,965] [INFO] [base._test_info] -> Current test: 212
[2016-10-29 21:45:39,976] [INFO] [server.transmit] -> request(46): 474554202140232425255e2324252324402324252424402324255e5e2a2a28282920485454502f312e300d0a0d0a
[2016-10-29 21:45:39,983] [INFO] [base._test_info] -> Current test: 213
[2016-10-29 21:45:39,987] [INFO] [server.transmit] -> request(42): 474554202530312530322530332530342530612530642530614144534620485454502f312e300d0a0d0a
[2016-10-29 21:45:39,994] [INFO] [base._test_info] -> Current test: 214
[2016-10-29 21:45:39,995] [INFO] [server.transmit] -> request(43): 47455420253031253032253033402530342530612530642530614144534620485454502f312e300d0a0d0a
[2016-10-29 21:45:40,012] [INFO] [base._test_info] -> Current test: 215
[2016-10-29 21:45:40,016] [INFO] [server.transmit] -> request(22): 474554202f2530302f20485454502f312e300d0a0d0a
[2016-10-29 21:45:40,019] [INFO] [base._test_info] -> Current test: 216
[2016-10-29 21:45:40,023] [INFO] [server.transmit] -> request(21): 474554202530302f20485454502f312e300d0a0d0a
[2016-10-29 21:45:40,025] [INFO] [base._test_info] -> Current test: 217
[2016-10-29 21:45:40,034] [INFO] [server.transmit] -> request(20): 4745542025303020485454502f312e300d0a0d0a
[2016-10-29 21:45:40,044] [INFO] [base._test_info] -> Current test: 218
[2016-10-29 21:45:40,044] [INFO] [server.transmit] -> request(23): 4745542025753030303020485454502f312e300d0a0d0a
[2016-10-29 21:45:40,049] [INFO] [base._test_info] -> Current test: 219
[2016-10-29 21:45:40,050] [INFO] [server.transmit] -> request(209): 4745542025fef02501ff25fef02501ff25fef02501ff25fef02501ff25fef02501ff25fef02501ff25fef02501ff25fef025 ...
[2016-10-29 21:45:40,055] [INFO] [base._test_info] -> Current test: 220
[2016-10-29 21:45:40,066] [INFO] [server.transmit] -> request(41): 4745542025fef02501ff25fef02501ff25fef02501ff25fef02501ff20485454502f312e300d0a0d0a
[2016-10-29 21:45:40,074] [INFO] [base._test_info] -> Current test: 221
[2016-10-29 21:45:40,079] [INFO] [server.transmit] -> request(29): 474554202f696e6465782e68746d6c2020485454502f312e300d0a0d0a
[2016-10-29 21:45:40,082] [INFO] [base._test_info] -> Current test: 222
[2016-10-29 21:45:40,087] [INFO] [server.transmit] -> request(37): 474554202f696e6465782e68746d6c20202020202020202020485454502f312e300d0a0d0a
[2016-10-29 21:45:40,103] [INFO] [base._test_info] -> Current test: 223
[2016-10-29 21:45:40,105] [INFO] [server.transmit] -> request(127): 474554202f696e6465782e68746d6c2020202020202020202020202020202020202020202020202020202020202020202020 ...
[2016-10-29 21:45:40,114] [INFO] [base._test_info] -> Current test: 224
[2016-10-29 21:45:40,115] [INFO] [server.transmit] -> request(29): 474554202f696e6465782e68746d6c20fe485454502f312e300d0a0d0a
[2016-10-29 21:45:40,133] [INFO] [base._test_info] -> Current test: 227
[2016-10-29 21:45:40,134] [INFO] [server.transmit] -> request(29): 474554202f696e6465782e68746d6c2000485454502f312e300d0a0d0a
[2016-10-29 21:45:40,139] [INFO] [base._test_info] -> Current test: 228
[2016-10-29 21:45:40,140] [INFO] [server.transmit] -> request(31): 474554202f696e6465782e68746d6c20202020485454502f312e300d0a0d0a
