[2016-10-28 15:48:07,782] [INFO] [base._load_session] -> No session loaded
[2016-10-28 15:48:07,783] [INFO] [graph.hash] -> hash of template HTTP_GET_01 is -16456679
[2016-10-28 15:48:07,783] [INFO] [graph.hash] -> hash of model is 598939887
[2016-10-28 15:48:07,784] [INFO] [base._start_message] -> 
                 --------------------------------------------------
                 Starting fuzzing session
                 Target: TcpTarget
                 UI: WebInterface listening on localhost:2015
                 Log: ./kittylogs/kitty_20161028-154807.log

                 Total possible mutation count: 390
                 Fuzzing the mutation range: 0 to 389
                 --------------------------------------------------
                                 Happy hacking
                 --------------------------------------------------
            
[2016-10-28 15:48:07,785] [INFO] [base.start] -> Performing environment test
[2016-10-28 15:48:07,787] [INFO] [base._test_info] -> Current test: -1
[2016-10-28 15:48:07,787] [INFO] [server.transmit] -> request(28): 474554202f696e6465782e68746d6c20485454502f312e300d0a0d0a
[2016-10-28 15:48:07,789] [INFO] [server._start] -> should keep running? True
[2016-10-28 15:48:07,792] [INFO] [base._test_info] -> Current test: 0
[2016-10-28 15:48:07,799] [INFO] [server.transmit] -> request(31): 474554474554202f696e6465782e68746d6c20485454502f312e300d0a0d0a
[2016-10-28 15:48:07,803] [INFO] [base._test_info] -> Current test: 1
[2016-10-28 15:48:07,804] [INFO] [server.transmit] -> request(55): 474554474554474554474554474554474554474554474554474554474554202f696e6465782e68746d6c20485454502f312e ...
[2016-10-28 15:48:07,807] [INFO] [base._test_info] -> Current test: 2
[2016-10-28 15:48:07,807] [INFO] [server.transmit] -> request(325): 4745544745544745544745544745544745544745544745544745544745544745544745544745544745544745544745544745 ...
[2016-10-28 15:48:07,819] [INFO] [base._test_info] -> Current test: 3
[2016-10-28 15:48:07,822] [INFO] [server.transmit] -> request(29): 474554fe202f696e6465782e68746d6c20485454502f312e300d0a0d0a
[2016-10-28 15:48:07,826] [INFO] [base._test_info] -> Current test: 4
[2016-10-28 15:48:07,827] [INFO] [server.transmit] -> request(29): 00474554202f696e6465782e68746d6c20485454502f312e300d0a0d0a
[2016-10-28 15:48:07,830] [INFO] [base._test_info] -> Current test: 5
[2016-10-28 15:48:07,831] [INFO] [server.transmit] -> request(29): 47004554202f696e6465782e68746d6c20485454502f312e300d0a0d0a
[2016-10-28 15:48:07,834] [INFO] [base._test_info] -> Current test: 6
[2016-10-28 15:48:07,834] [INFO] [server.transmit] -> request(29): 47455400202f696e6465782e68746d6c20485454502f312e300d0a0d0a
[2016-10-28 15:48:07,838] [INFO] [base._test_info] -> Current test: 7
[2016-10-28 15:48:07,838] [INFO] [server.transmit] -> request(25): 202f696e6465782e68746d6c20485454502f312e300d0a0d0a
[2016-10-28 15:48:07,842] [INFO] [base._test_info] -> Current test: 8
[2016-10-28 15:48:07,843] [INFO] [server.transmit] -> request(2073): 2573257325732573257325732573257325732573257325732573257325732573257325732573257325732573257325732573 ...
[2016-10-28 15:48:07,846] [INFO] [base._test_info] -> Current test: 9
[2016-10-28 15:48:07,846] [INFO] [server.transmit] -> request(281): 2573257325732573257325732573257325732573257325732573257325732573257325732573257325732573257325732573 ...
[2016-10-28 15:48:07,857] [INFO] [base._test_info] -> Current test: 10
[2016-10-28 15:48:07,861] [INFO] [server.transmit] -> request(57): 2573257325732573257325732573257325732573257325732573257325732573202f696e6465782e68746d6c20485454502f ...
[2016-10-28 15:48:07,863] [INFO] [base._test_info] -> Current test: 11
[2016-10-28 15:48:07,864] [INFO] [server.transmit] -> request(29): 25732573202f696e6465782e68746d6c20485454502f312e300d0a0d0a
[2016-10-28 15:48:07,870] [INFO] [base._test_info] -> Current test: 12
[2016-10-28 15:48:07,871] [INFO] [server.transmit] -> request(3097): 2525732525732525732525732525732525732525732525732525732525732525732525732525732525732525732525732525 ...
[2016-10-28 15:48:07,875] [INFO] [base._test_info] -> Current test: 13
[2016-10-28 15:48:07,876] [INFO] [server.transmit] -> request(409): 2525732525732525732525732525732525732525732525732525732525732525732525732525732525732525732525732525 ...
[2016-10-28 15:48:07,878] [INFO] [base._test_info] -> Current test: 14
[2016-10-28 15:48:07,878] [INFO] [server.transmit] -> request(73): 252573252573252573252573252573252573252573252573252573252573252573252573252573252573252573252573202f ...
[2016-10-28 15:48:07,889] [INFO] [base._test_info] -> Current test: 15
[2016-10-28 15:48:07,891] [INFO] [server.transmit] -> request(31): 252573252573202f696e6465782e68746d6c20485454502f312e300d0a0d0a
[2016-10-28 15:48:07,898] [INFO] [base._test_info] -> Current test: 16
[2016-10-28 15:48:07,898] [INFO] [server.transmit] -> request(4121): 2225732222257322222573222225732222257322222573222225732222257322222573222225732222257322222573222225 ...
[2016-10-28 15:48:07,901] [INFO] [base._test_info] -> Current test: 17
[2016-10-28 15:48:07,901] [INFO] [server.transmit] -> request(537): 2225732222257322222573222225732222257322222573222225732222257322222573222225732222257322222573222225 ...
[2016-10-28 15:48:07,903] [INFO] [base._test_info] -> Current test: 18
[2016-10-28 15:48:07,903] [INFO] [server.transmit] -> request(89): 2225732222257322222573222225732222257322222573222225732222257322222573222225732222257322222573222225 ...
[2016-10-28 15:48:07,905] [INFO] [base._test_info] -> Current test: 19
[2016-10-28 15:48:07,906] [INFO] [server.transmit] -> request(33): 2225732222257322202f696e6465782e68746d6c20485454502f312e300d0a0d0a
[2016-10-28 15:48:07,908] [INFO] [base._test_info] -> Current test: 20
[2016-10-28 15:48:07,908] [INFO] [server.transmit] -> request(2073): 256e256e256e256e256e256e256e256e256e256e256e256e256e256e256e256e256e256e256e256e256e256e256e256e256e ...
[2016-10-28 15:48:07,910] [INFO] [base._test_info] -> Current test: 21
[2016-10-28 15:48:07,921] [INFO] [server.transmit] -> request(281): 256e256e256e256e256e256e256e256e256e256e256e256e256e256e256e256e256e256e256e256e256e256e256e256e256e ...
[2016-10-28 15:48:07,923] [INFO] [base._test_info] -> Current test: 22
[2016-10-28 15:48:07,923] [INFO] [server.transmit] -> request(57): 256e256e256e256e256e256e256e256e256e256e256e256e256e256e256e256e202f696e6465782e68746d6c20485454502f ...
[2016-10-28 15:48:07,928] [INFO] [base._test_info] -> Current test: 23
[2016-10-28 15:48:07,931] [INFO] [server.transmit] -> request(29): 256e256e202f696e6465782e68746d6c20485454502f312e300d0a0d0a
[2016-10-28 15:48:07,935] [INFO] [base._test_info] -> Current test: 24
[2016-10-28 15:48:07,936] [INFO] [server.transmit] -> request(3097): 25256e25256e25256e25256e25256e25256e25256e25256e25256e25256e25256e25256e25256e25256e25256e25256e2525 ...
[2016-10-28 15:48:07,938] [INFO] [base._test_info] -> Current test: 25
[2016-10-28 15:48:07,939] [INFO] [server.transmit] -> request(409): 25256e25256e25256e25256e25256e25256e25256e25256e25256e25256e25256e25256e25256e25256e25256e25256e2525 ...
[2016-10-28 15:48:07,941] [INFO] [base._test_info] -> Current test: 26
[2016-10-28 15:48:07,941] [INFO] [server.transmit] -> request(73): 25256e25256e25256e25256e25256e25256e25256e25256e25256e25256e25256e25256e25256e25256e25256e25256e202f ...
[2016-10-28 15:48:07,953] [INFO] [base._test_info] -> Current test: 27
[2016-10-28 15:48:07,954] [INFO] [server.transmit] -> request(31): 25256e25256e202f696e6465782e68746d6c20485454502f312e300d0a0d0a
[2016-10-28 15:48:07,960] [INFO] [base._test_info] -> Current test: 28
[2016-10-28 15:48:07,961] [INFO] [server.transmit] -> request(4121): 22256e2222256e2222256e2222256e2222256e2222256e2222256e2222256e2222256e2222256e2222256e2222256e222225 ...
[2016-10-28 15:48:07,965] [INFO] [base._test_info] -> Current test: 29
[2016-10-28 15:48:07,965] [INFO] [server.transmit] -> request(537): 22256e2222256e2222256e2222256e2222256e2222256e2222256e2222256e2222256e2222256e2222256e2222256e222225 ...
[2016-10-28 15:48:07,968] [INFO] [base._test_info] -> Current test: 30
[2016-10-28 15:48:07,969] [INFO] [server.transmit] -> request(89): 22256e2222256e2222256e2222256e2222256e2222256e2222256e2222256e2222256e2222256e2222256e2222256e222225 ...
[2016-10-28 15:48:07,976] [INFO] [base._test_info] -> Current test: 31
[2016-10-28 15:48:07,979] [INFO] [server.transmit] -> request(33): 22256e2222256e22202f696e6465782e68746d6c20485454502f312e300d0a0d0a
[2016-10-28 15:48:07,989] [INFO] [base._test_info] -> Current test: 32
[2016-10-28 15:48:07,991] [INFO] [server.transmit] -> request(39): 252e31363730357525325c24686e202f696e6465782e68746d6c20485454502f312e300d0a0d0a
[2016-10-28 15:48:08,000] [INFO] [base._test_info] -> Current test: 33
[2016-10-28 15:48:08,000] [INFO] [server.transmit] -> request(2073): 0d0a0d0a0d0a0d0a0d0a0d0a0d0a0d0a0d0a0d0a0d0a0d0a0d0a0d0a0d0a0d0a0d0a0d0a0d0a0d0a0d0a0d0a0d0a0d0a0d0a ...
[2016-10-28 15:48:08,020] [INFO] [base._test_info] -> Current test: 34
[2016-10-28 15:48:08,021] [INFO] [server.transmit] -> request(281): 0d0a0d0a0d0a0d0a0d0a0d0a0d0a0d0a0d0a0d0a0d0a0d0a0d0a0d0a0d0a0d0a0d0a0d0a0d0a0d0a0d0a0d0a0d0a0d0a0d0a ...
[2016-10-28 15:48:08,027] [INFO] [base._test_info] -> Current test: 35
[2016-10-28 15:48:08,028] [INFO] [server.transmit] -> request(57): 0d0a0d0a0d0a0d0a0d0a0d0a0d0a0d0a0d0a0d0a0d0a0d0a0d0a0d0a0d0a0d0a202f696e6465782e68746d6c20485454502f ...
[2016-10-28 15:48:08,032] [INFO] [base._test_info] -> Current test: 36
[2016-10-28 15:48:08,040] [INFO] [server.transmit] -> request(29): 0d0a0d0a202f696e6465782e68746d6c20485454502f312e300d0a0d0a
[2016-10-28 15:48:08,045] [INFO] [base._test_info] -> Current test: 37
[2016-10-28 15:48:08,046] [INFO] [server.transmit] -> request(1049): 0a0a0a0a0a0a0a0a0a0a0a0a0a0a0a0a0a0a0a0a0a0a0a0a0a0a0a0a0a0a0a0a0a0a0a0a0a0a0a0a0a0a0a0a0a0a0a0a0a0a ...
[2016-10-28 15:48:08,055] [INFO] [base._test_info] -> Current test: 38
[2016-10-28 15:48:08,055] [INFO] [server.transmit] -> request(153): 0a0a0a0a0a0a0a0a0a0a0a0a0a0a0a0a0a0a0a0a0a0a0a0a0a0a0a0a0a0a0a0a0a0a0a0a0a0a0a0a0a0a0a0a0a0a0a0a0a0a ...
[2016-10-28 15:48:08,060] [INFO] [base._test_info] -> Current test: 39
[2016-10-28 15:48:08,061] [INFO] [server.transmit] -> request(41): 0a0a0a0a0a0a0a0a0a0a0a0a0a0a0a0a202f696e6465782e68746d6c20485454502f312e300d0a0d0a
[2016-10-28 15:48:08,071] [INFO] [base._test_info] -> Current test: 40
[2016-10-28 15:48:08,073] [INFO] [server.transmit] -> request(27): 0a0a202f696e6465782e68746d6c20485454502f312e300d0a0d0a
[2016-10-28 15:48:08,080] [INFO] [base._test_info] -> Current test: 41
[2016-10-28 15:48:08,081] [INFO] [server.transmit] -> request(4121): deadbeefdeadbeefdeadbeefdeadbeefdeadbeefdeadbeefdeadbeefdeadbeefdeadbeefdeadbeefdeadbeefdeadbeefdead ...
[2016-10-28 15:48:08,083] [INFO] [base._test_info] -> Current test: 42
[2016-10-28 15:48:08,084] [INFO] [server.transmit] -> request(537): deadbeefdeadbeefdeadbeefdeadbeefdeadbeefdeadbeefdeadbeefdeadbeefdeadbeefdeadbeefdeadbeefdeadbeefdead ...
[2016-10-28 15:48:08,086] [INFO] [base._test_info] -> Current test: 43
[2016-10-28 15:48:08,086] [INFO] [server.transmit] -> request(89): deadbeefdeadbeefdeadbeefdeadbeefdeadbeefdeadbeefdeadbeefdeadbeefdeadbeefdeadbeefdeadbeefdeadbeefdead ...
[2016-10-28 15:48:08,088] [INFO] [base._test_info] -> Current test: 44
[2016-10-28 15:48:08,088] [INFO] [server.transmit] -> request(33): deadbeefdeadbeef202f696e6465782e68746d6c20485454502f312e300d0a0d0a
[2016-10-28 15:48:08,090] [INFO] [base._test_info] -> Current test: 45
[2016-10-28 15:48:08,091] [INFO] [server.transmit] -> request(42): 7c746f756368202f746d702f4b49545459202f696e6465782e68746d6c20485454502f312e300d0a0d0a
[2016-10-28 15:48:08,093] [INFO] [base._test_info] -> Current test: 46
[2016-10-28 15:48:08,093] [INFO] [server.transmit] -> request(43): 3b746f756368202f746d702f4b495454593b202f696e6465782e68746d6c20485454502f312e300d0a0d0a
[2016-10-28 15:48:08,095] [INFO] [base._test_info] -> Current test: 47
[2016-10-28 15:48:08,106] [INFO] [server.transmit] -> request(39): 3b6c733e2f746d702f4b49545459202f696e6465782e68746d6c20485454502f312e300d0a0d0a
[2016-10-28 15:48:08,114] [INFO] [base._test_info] -> Current test: 48
[2016-10-28 15:48:08,115] [INFO] [server.transmit] -> request(54): 223b6c733e2f746d702f4b495454593b6c733e2f6465762f6e756c6c22202f696e6465782e68746d6c20485454502f312e30 ...
[2016-10-28 15:48:08,121] [INFO] [base._test_info] -> Current test: 49
[2016-10-28 15:48:08,123] [INFO] [server.transmit] -> request(55): 273b6c733e2f746d702f4b495454593b6c733e272f6465762f6e756c6c27202f696e6465782e68746d6c20485454502f312e ...
[2016-10-28 15:48:08,137] [INFO] [base._test_info] -> Current test: 50
[2016-10-28 15:48:08,139] [INFO] [server.transmit] -> request(40): 606c733e2f746d702f4b4954545960202f696e6465782e68746d6c20485454502f312e300d0a0d0a
[2016-10-28 15:48:08,143] [INFO] [base._test_info] -> Current test: 51
[2016-10-28 15:48:08,144] [INFO] [server.transmit] -> request(41): 20606c733e2f746d702f4b4954545960202f696e6465782e68746d6c20485454502f312e300d0a0d0a
[2016-10-28 15:48:08,147] [INFO] [base._test_info] -> Current test: 52
[2016-10-28 15:48:08,149] [INFO] [server.transmit] -> request(33): 7c6e6f7465706164202f696e6465782e68746d6c20485454502f312e300d0a0d0a
[2016-10-28 15:48:08,154] [INFO] [base._test_info] -> Current test: 53
[2016-10-28 15:48:08,154] [INFO] [server.transmit] -> request(34): 3b6e6f74657061643b202f696e6465782e68746d6c20485454502f312e300d0a0d0a
[2016-10-28 15:48:08,157] [INFO] [base._test_info] -> Current test: 54
[2016-10-28 15:48:08,164] [INFO] [server.transmit] -> request(34): 0a6e6f74657061640a202f696e6465782e68746d6c20485454502f312e300d0a0d0a
[2016-10-28 15:48:08,171] [INFO] [base._test_info] -> Current test: 55
[2016-10-28 15:48:08,172] [INFO] [server.transmit] -> request(36): 27206f7220313d31202d2d202f696e6465782e68746d6c20485454502f312e300d0a0d0a
[2016-10-28 15:48:08,175] [INFO] [base._test_info] -> Current test: 56
[2016-10-28 15:48:08,175] [INFO] [server.transmit] -> request(42): 273b20646573632075736572733b202d2d202f696e6465782e68746d6c20485454502f312e300d0a0d0a
[2016-10-28 15:48:08,177] [INFO] [base._test_info] -> Current test: 57
[2016-10-28 15:48:08,178] [INFO] [server.transmit] -> request(66): 27206f7220757365726e616d65206973206e6f74204e554c4c206f7220757365726e616d65203d2027202f696e6465782e68 ...
[2016-10-28 15:48:08,180] [INFO] [base._test_info] -> Current test: 58
[2016-10-28 15:48:08,181] [INFO] [server.transmit] -> request(97): 3120756e696f6e20616c6c2073656c65637420312c322c332c342c352c362c6e616d652066726f6d207379736f626a656374 ...
[2016-10-28 15:48:08,183] [INFO] [base._test_info] -> Current test: 59
[2016-10-28 15:48:08,184] [INFO] [server.transmit] -> request(36): 60206f72206031603d6031202f696e6465782e68746d6c20485454502f312e300d0a0d0a
[2016-10-28 15:48:08,186] [INFO] [base._test_info] -> Current test: 60
[2016-10-28 15:48:08,187] [INFO] [server.transmit] -> request(36): 27206f72202731273d2731202f696e6465782e68746d6c20485454502f312e300d0a0d0a
[2016-10-28 15:48:08,200] [INFO] [base._test_info] -> Current test: 61
[2016-10-28 15:48:08,201] [INFO] [server.transmit] -> request(27): 4141202f696e6465782e68746d6c20485454502f312e300d0a0d0a
[2016-10-28 15:48:08,207] [INFO] [base._test_info] -> Current test: 62
[2016-10-28 15:48:08,208] [INFO] [server.transmit] -> request(35): 41414141414141414141202f696e6465782e68746d6c20485454502f312e300d0a0d0a
[2016-10-28 15:48:08,212] [INFO] [base._test_info] -> Current test: 63
[2016-10-28 15:48:08,212] [INFO] [server.transmit] -> request(125): 4141414141414141414141414141414141414141414141414141414141414141414141414141414141414141414141414141 ...
[2016-10-28 15:48:08,215] [INFO] [base._test_info] -> Current test: 64
[2016-10-28 15:48:08,216] [INFO] [server.transmit] -> request(1025): 4141414141414141414141414141414141414141414141414141414141414141414141414141414141414141414141414141 ...
[2016-10-28 15:48:08,230] [INFO] [base._test_info] -> Current test: 65
[2016-10-28 15:48:08,230] [INFO] [server.transmit] -> request(5025): 4141414141414141414141414141414141414141414141414141414141414141414141414141414141414141414141414141 ...
[2016-10-28 15:48:08,234] [INFO] [base._test_info] -> Current test: 66
[2016-10-28 15:48:08,239] [INFO] [server.transmit] -> request(10025): 4141414141414141414141414141414141414141414141414141414141414141414141414141414141414141414141414141 ...
[2016-10-28 15:48:08,243] [INFO] [base._test_info] -> Current test: 67
[2016-10-28 15:48:08,243] [INFO] [server.transmit] -> request(36): 2f6574632f706173737764202f696e6465782e68746d6c20485454502f312e300d0a0d0a
[2016-10-28 15:48:08,246] [INFO] [base._test_info] -> Current test: 68
[2016-10-28 15:48:08,247] [INFO] [server.transmit] -> request(79): 2e2f2e2e2f2e2e2f2e2e2f2e2e2f2e2e2f2e2e2f2e2e2f2e2e2f2e2e2f2e2e2f2e2e2f2e2e2f2e2e2f2e2e2f6574632f7061 ...
[2016-10-28 15:48:08,261] [INFO] [base._test_info] -> Current test: 69
[2016-10-28 15:48:08,261] [INFO] [server.transmit] -> request(77): 2e2e2f2e2e2f2e2e2f2e2e2f2e2e2f2e2e2f2e2e2f2e2e2f2e2e2f2e2e2f2e2e2f2e2e2f2e2e2f2e2e2f6574632f70617373 ...
[2016-10-28 15:48:08,264] [INFO] [base._test_info] -> Current test: 70
[2016-10-28 15:48:08,265] [INFO] [server.transmit] -> request(38): 2f70726f632f637075696e666f202f696e6465782e68746d6c20485454502f312e300d0a0d0a
[2016-10-28 15:48:08,271] [INFO] [base._test_info] -> Current test: 71
[2016-10-28 15:48:08,275] [INFO] [server.transmit] -> request(81): 2e2f2e2e2f2e2e2f2e2e2f2e2e2f2e2e2f2e2e2f2e2e2f2e2e2f2e2e2f2e2e2f2e2e2f2e2e2f2e2e2f2e2e2f70726f632f63 ...
[2016-10-28 15:48:08,278] [INFO] [base._test_info] -> Current test: 72
[2016-10-28 15:48:08,279] [INFO] [server.transmit] -> request(79): 2e2e2f2e2e2f2e2e2f2e2e2f2e2e2f2e2e2f2e2e2f2e2e2f2e2e2f2e2e2f2e2e2f2e2e2f2e2e2f2e2e2f70726f632f637075 ...
[2016-10-28 15:48:08,291] [INFO] [base._test_info] -> Current test: 73
[2016-10-28 15:48:08,292] [INFO] [server.transmit] -> request(35): 7e2f2e70726f66696c65202f696e6465782e68746d6c20485454502f312e300d0a0d0a
[2016-10-28 15:48:08,299] [INFO] [base._test_info] -> Current test: 74
[2016-10-28 15:48:08,300] [INFO] [server.transmit] -> request(39): 24484f4d452f2e70726f66696c65202f696e6465782e68746d6c20485454502f312e300d0a0d0a
[2016-10-28 15:48:08,303] [INFO] [base._test_info] -> Current test: 75
[2016-10-28 15:48:08,303] [INFO] [server.transmit] -> request(70): 2f2e2e2f2e2e2f2e2e2f2e2e2f2e2e2f2e2e2f2e2e2f2e2e2f2e2e2f2e2e2f2e2e2f2e2e2f626f6f742e696e69202f696e64 ...
[2016-10-28 15:48:08,306] [INFO] [base._test_info] -> Current test: 76
[2016-10-28 15:48:08,307] [INFO] [server.transmit] -> request(1049): 2f5c2f5c2f5c2f5c2f5c2f5c2f5c2f5c2f5c2f5c2f5c2f5c2f5c2f5c2f5c2f5c2f5c2f5c2f5c2f5c2f5c2f5c2f5c2f5c2f5c ...
[2016-10-28 15:48:08,309] [INFO] [base._test_info] -> Current test: 77
[2016-10-28 15:48:08,310] [INFO] [server.transmit] -> request(153): 2f5c2f5c2f5c2f5c2f5c2f5c2f5c2f5c2f5c2f5c2f5c2f5c2f5c2f5c2f5c2f5c2f5c2f5c2f5c2f5c2f5c2f5c2f5c2f5c2f5c ...
[2016-10-28 15:48:08,322] [INFO] [base._test_info] -> Current test: 78
[2016-10-28 15:48:08,322] [INFO] [server.transmit] -> request(41): 2f5c2f5c2f5c2f5c2f5c2f5c2f5c2f5c202f696e6465782e68746d6c20485454502f312e300d0a0d0a
[2016-10-28 15:48:08,327] [INFO] [base._test_info] -> Current test: 79
[2016-10-28 15:48:08,329] [INFO] [server.transmit] -> request(1049): 2f2e2f2e2f2e2f2e2f2e2f2e2f2e2f2e2f2e2f2e2f2e2f2e2f2e2f2e2f2e2f2e2f2e2f2e2f2e2f2e2f2e2f2e2f2e2f2e2f2e ...
[2016-10-28 15:48:08,333] [INFO] [base._test_info] -> Current test: 80
[2016-10-28 15:48:08,334] [INFO] [server.transmit] -> request(153): 2f2e2f2e2f2e2f2e2f2e2f2e2f2e2f2e2f2e2f2e2f2e2f2e2f2e2f2e2f2e2f2e2f2e2f2e2f2e2f2e2f2e2f2e2f2e2f2e2f2e ...
[2016-10-28 15:48:08,338] [INFO] [base._test_info] -> Current test: 81
[2016-10-28 15:48:08,339] [INFO] [server.transmit] -> request(41): 2f2e2f2e2f2e2f2e2f2e2f2e2f2e2f2e202f696e6465782e68746d6c20485454502f312e300d0a0d0a
[2016-10-28 15:48:08,351] [INFO] [base._test_info] -> Current test: 82
[2016-10-28 15:48:08,354] [INFO] [server.transmit] -> request(54): 2140232425255e2324252324402324252424402324255e5e2a2a282829202f696e6465782e68746d6c20485454502f312e30 ...
[2016-10-28 15:48:08,358] [INFO] [base._test_info] -> Current test: 83
[2016-10-28 15:48:08,359] [INFO] [server.transmit] -> request(50): 25303125303225303325303425306125306425306141445346202f696e6465782e68746d6c20485454502f312e300d0a0d0a ...
[2016-10-28 15:48:08,361] [INFO] [base._test_info] -> Current test: 84
[2016-10-28 15:48:08,362] [INFO] [server.transmit] -> request(51): 2530312530322530334025303425306125306425306141445346202f696e6465782e68746d6c20485454502f312e300d0a0d ...
[2016-10-28 15:48:08,365] [INFO] [base._test_info] -> Current test: 85
[2016-10-28 15:48:08,365] [INFO] [server.transmit] -> request(30): 2f2530302f202f696e6465782e68746d6c20485454502f312e300d0a0d0a
[2016-10-28 15:48:08,368] [INFO] [base._test_info] -> Current test: 86
[2016-10-28 15:48:08,368] [INFO] [server.transmit] -> request(29): 2530302f202f696e6465782e68746d6c20485454502f312e300d0a0d0a
[2016-10-28 15:48:08,371] [INFO] [base._test_info] -> Current test: 87
[2016-10-28 15:48:08,371] [INFO] [server.transmit] -> request(28): 253030202f696e6465782e68746d6c20485454502f312e300d0a0d0a
[2016-10-28 15:48:08,384] [INFO] [base._test_info] -> Current test: 88
[2016-10-28 15:48:08,385] [INFO] [server.transmit] -> request(31): 257530303030202f696e6465782e68746d6c20485454502f312e300d0a0d0a
[2016-10-28 15:48:08,390] [INFO] [base._test_info] -> Current test: 89
[2016-10-28 15:48:08,391] [INFO] [server.transmit] -> request(217): 25fef02501ff25fef02501ff25fef02501ff25fef02501ff25fef02501ff25fef02501ff25fef02501ff25fef02501ff25fe ...
[2016-10-28 15:48:08,394] [INFO] [base._test_info] -> Current test: 90
[2016-10-28 15:48:08,394] [INFO] [server.transmit] -> request(49): 25fef02501ff25fef02501ff25fef02501ff25fef02501ff202f696e6465782e68746d6c20485454502f312e300d0a0d0a
[2016-10-28 15:48:08,398] [INFO] [base._test_info] -> Current test: 91
[2016-10-28 15:48:08,399] [INFO] [server.transmit] -> request(29): 47455420202f696e6465782e68746d6c20485454502f312e300d0a0d0a
[2016-10-28 15:48:08,401] [INFO] [base._test_info] -> Current test: 92
[2016-10-28 15:48:08,411] [INFO] [server.transmit] -> request(37): 474554202020202020202020202f696e6465782e68746d6c20485454502f312e300d0a0d0a
[2016-10-28 15:48:08,414] [INFO] [base._test_info] -> Current test: 93
[2016-10-28 15:48:08,417] [INFO] [server.transmit] -> request(127): 4745542020202020202020202020202020202020202020202020202020202020202020202020202020202020202020202020 ...
[2016-10-28 15:48:08,421] [INFO] [base._test_info] -> Current test: 94
[2016-10-28 15:48:08,422] [INFO] [server.transmit] -> request(29): 47455420fe2f696e6465782e68746d6c20485454502f312e300d0a0d0a
[2016-10-28 15:48:08,424] [INFO] [base._test_info] -> Current test: 97
[2016-10-28 15:48:08,425] [INFO] [server.transmit] -> request(29): 47455420002f696e6465782e68746d6c20485454502f312e300d0a0d0a
[2016-10-28 15:48:08,427] [INFO] [base._test_info] -> Current test: 98
[2016-10-28 15:48:08,427] [INFO] [server.transmit] -> request(31): 474554202020202f696e6465782e68746d6c20485454502f312e300d0a0d0a
[2016-10-28 15:48:08,430] [INFO] [base._test_info] -> Current test: 99
[2016-10-28 15:48:08,431] [INFO] [server.transmit] -> request(31): 474554090909092f696e6465782e68746d6c20485454502f312e300d0a0d0a
[2016-10-28 15:48:08,443] [INFO] [base._test_info] -> Current test: 100
[2016-10-28 15:48:08,443] [INFO] [server.transmit] -> request(31): 474554212121212f696e6465782e68746d6c20485454502f312e300d0a0d0a
[2016-10-28 15:48:08,446] [INFO] [base._test_info] -> Current test: 101
[2016-10-28 15:48:08,450] [INFO] [server.transmit] -> request(31): 474554404040402f696e6465782e68746d6c20485454502f312e300d0a0d0a
[2016-10-28 15:48:08,454] [INFO] [base._test_info] -> Current test: 102
[2016-10-28 15:48:08,455] [INFO] [server.transmit] -> request(31): 474554232323232f696e6465782e68746d6c20485454502f312e300d0a0d0a
[2016-10-28 15:48:08,457] [INFO] [base._test_info] -> Current test: 103
[2016-10-28 15:48:08,458] [INFO] [server.transmit] -> request(31): 474554242424242f696e6465782e68746d6c20485454502f312e300d0a0d0a
[2016-10-28 15:48:08,460] [INFO] [base._test_info] -> Current test: 104
[2016-10-28 15:48:08,461] [INFO] [server.transmit] -> request(31): 474554252525252f696e6465782e68746d6c20485454502f312e300d0a0d0a
[2016-10-28 15:48:08,463] [INFO] [base._test_info] -> Current test: 105
[2016-10-28 15:48:08,470] [INFO] [server.transmit] -> request(31): 4745545e5e5e5e2f696e6465782e68746d6c20485454502f312e300d0a0d0a
[2016-10-28 15:48:08,477] [INFO] [base._test_info] -> Current test: 106
[2016-10-28 15:48:08,478] [INFO] [server.transmit] -> request(31): 474554262626262f696e6465782e68746d6c20485454502f312e300d0a0d0a
[2016-10-28 15:48:08,481] [INFO] [base._test_info] -> Current test: 107
[2016-10-28 15:48:08,482] [INFO] [server.transmit] -> request(31): 4745542a2a2a2a2f696e6465782e68746d6c20485454502f312e300d0a0d0a
[2016-10-28 15:48:08,484] [INFO] [base._test_info] -> Current test: 108
[2016-10-28 15:48:08,485] [INFO] [server.transmit] -> request(31): 474554282828282f696e6465782e68746d6c20485454502f312e300d0a0d0a
[2016-10-28 15:48:08,488] [INFO] [base._test_info] -> Current test: 109
[2016-10-28 15:48:08,489] [INFO] [server.transmit] -> request(31): 474554292929292f696e6465782e68746d6c20485454502f312e300d0a0d0a
[2016-10-28 15:48:08,491] [INFO] [base._test_info] -> Current test: 110
[2016-10-28 15:48:08,491] [INFO] [server.transmit] -> request(31): 4745542d2d2d2d2f696e6465782e68746d6c20485454502f312e300d0a0d0a
[2016-10-28 15:48:08,494] [INFO] [base._test_info] -> Current test: 111
[2016-10-28 15:48:08,501] [INFO] [server.transmit] -> request(31): 4745545f5f5f5f2f696e6465782e68746d6c20485454502f312e300d0a0d0a
[2016-10-28 15:48:08,507] [INFO] [base._test_info] -> Current test: 112
[2016-10-28 15:48:08,508] [INFO] [server.transmit] -> request(31): 4745542b2b2b2b2f696e6465782e68746d6c20485454502f312e300d0a0d0a
[2016-10-28 15:48:08,511] [INFO] [base._test_info] -> Current test: 113
[2016-10-28 15:48:08,511] [INFO] [server.transmit] -> request(31): 4745543d3d3d3d2f696e6465782e68746d6c20485454502f312e300d0a0d0a
[2016-10-28 15:48:08,515] [INFO] [base._test_info] -> Current test: 114
[2016-10-28 15:48:08,515] [INFO] [server.transmit] -> request(31): 4745543a3a3a3a2f696e6465782e68746d6c20485454502f312e300d0a0d0a
[2016-10-28 15:48:08,518] [INFO] [base._test_info] -> Current test: 115
[2016-10-28 15:48:08,519] [INFO] [server.transmit] -> request(31): 4745543b3b3b3b2f696e6465782e68746d6c20485454502f312e300d0a0d0a
[2016-10-28 15:48:08,522] [INFO] [base._test_info] -> Current test: 116
[2016-10-28 15:48:08,522] [INFO] [server.transmit] -> request(31): 474554272727272f696e6465782e68746d6c20485454502f312e300d0a0d0a
[2016-10-28 15:48:08,537] [INFO] [base._test_info] -> Current test: 117
[2016-10-28 15:48:08,540] [INFO] [server.transmit] -> request(31): 474554222222222f696e6465782e68746d6c20485454502f312e300d0a0d0a
[2016-10-28 15:48:08,548] [INFO] [base._test_info] -> Current test: 118
[2016-10-28 15:48:08,549] [INFO] [server.transmit] -> request(31): 4745542f2f2f2f2f696e6465782e68746d6c20485454502f312e300d0a0d0a
[2016-10-28 15:48:08,552] [INFO] [base._test_info] -> Current test: 119
[2016-10-28 15:48:08,553] [INFO] [server.transmit] -> request(31): 4745545c5c5c5c2f696e6465782e68746d6c20485454502f312e300d0a0d0a
[2016-10-28 15:48:08,562] [INFO] [base._test_info] -> Current test: 120
[2016-10-28 15:48:08,565] [INFO] [server.transmit] -> request(31): 4745543f3f3f3f2f696e6465782e68746d6c20485454502f312e300d0a0d0a
[2016-10-28 15:48:08,570] [INFO] [base._test_info] -> Current test: 121
[2016-10-28 15:48:08,571] [INFO] [server.transmit] -> request(31): 4745543c3c3c3c2f696e6465782e68746d6c20485454502f312e300d0a0d0a
[2016-10-28 15:48:08,573] [INFO] [base._test_info] -> Current test: 122
[2016-10-28 15:48:08,574] [INFO] [server.transmit] -> request(31): 4745543e3e3e3e2f696e6465782e68746d6c20485454502f312e300d0a0d0a
[2016-10-28 15:48:08,577] [INFO] [base._test_info] -> Current test: 123
[2016-10-28 15:48:08,577] [INFO] [server.transmit] -> request(31): 4745542e2e2e2e2f696e6465782e68746d6c20485454502f312e300d0a0d0a
[2016-10-28 15:48:08,580] [INFO] [base._test_info] -> Current test: 124
[2016-10-28 15:48:08,580] [INFO] [server.transmit] -> request(31): 4745542c2c2c2c2f696e6465782e68746d6c20485454502f312e300d0a0d0a
[2016-10-28 15:48:08,583] [INFO] [base._test_info] -> Current test: 125
[2016-10-28 15:48:08,584] [INFO] [server.transmit] -> request(31): 4745540d0d0d0d2f696e6465782e68746d6c20485454502f312e300d0a0d0a
[2016-10-28 15:48:08,593] [INFO] [base._test_info] -> Current test: 126
[2016-10-28 15:48:08,594] [INFO] [server.transmit] -> request(31): 4745540a0a0a0a2f696e6465782e68746d6c20485454502f312e300d0a0d0a
[2016-10-28 15:48:08,600] [INFO] [base._test_info] -> Current test: 127
[2016-10-28 15:48:08,601] [INFO] [server.transmit] -> request(43): 4745540d0a0d0a0d0a0d0a0d0a0d0a0d0a0d0a2f696e6465782e68746d6c20485454502f312e300d0a0d0a
[2016-10-28 15:48:08,604] [INFO] [base._test_info] -> Current test: 128
[2016-10-28 15:48:08,604] [INFO] [server.transmit] -> request(51): 474554090d0a090d0a090d0a090d0a090d0a090d0a090d0a090d0a2f696e6465782e68746d6c20485454502f312e300d0a0d ...
[2016-10-28 15:48:08,608] [INFO] [base._test_info] -> Current test: 129
[2016-10-28 15:48:08,608] [INFO] [server.transmit] -> request(27): 4745542f696e6465782e68746d6c20485454502f312e300d0a0d0a
[2016-10-28 15:48:08,610] [INFO] [base._test_info] -> Current test: 130
[2016-10-28 15:48:08,611] [INFO] [server.transmit] -> request(39): 474554202f696e6465782e68746d6c2f696e6465782e68746d6c20485454502f312e300d0a0d0a
[2016-10-28 15:48:08,613] [INFO] [base._test_info] -> Current test: 131
[2016-10-28 15:48:08,614] [INFO] [server.transmit] -> request(127): 474554202f696e6465782e68746d6c2f696e6465782e68746d6c2f696e6465782e68746d6c2f696e6465782e68746d6c2f69 ...
[2016-10-28 15:48:08,617] [INFO] [base._test_info] -> Current test: 132
[2016-10-28 15:48:08,625] [INFO] [server.transmit] -> request(1117): 474554202f696e6465782e68746d6c2f696e6465782e68746d6c2f696e6465782e68746d6c2f696e6465782e68746d6c2f69 ...
[2016-10-28 15:48:08,632] [INFO] [base._test_info] -> Current test: 133
[2016-10-28 15:48:08,633] [INFO] [server.transmit] -> request(29): 474554202f696e6465782e68746d6cfe20485454502f312e300d0a0d0a
[2016-10-28 15:48:08,636] [INFO] [base._test_info] -> Current test: 135
[2016-10-28 15:48:08,637] [INFO] [server.transmit] -> request(29): 474554202f696e646500782e68746d6c20485454502f312e300d0a0d0a
[2016-10-28 15:48:08,639] [INFO] [base._test_info] -> Current test: 136
[2016-10-28 15:48:08,640] [INFO] [server.transmit] -> request(29): 474554202f696e6465782e68746d6c0020485454502f312e300d0a0d0a
[2016-10-28 15:48:08,643] [INFO] [base._test_info] -> Current test: 137
[2016-10-28 15:48:08,643] [INFO] [server.transmit] -> request(17): 4745542020485454502f312e300d0a0d0a
[2016-10-28 15:48:08,646] [INFO] [base._test_info] -> Current test: 138
[2016-10-28 15:48:08,647] [INFO] [server.transmit] -> request(2065): 4745542025732573257325732573257325732573257325732573257325732573257325732573257325732573257325732573 ...
[2016-10-28 15:48:08,660] [INFO] [base._test_info] -> Current test: 139
[2016-10-28 15:48:08,662] [INFO] [server.transmit] -> request(273): 4745542025732573257325732573257325732573257325732573257325732573257325732573257325732573257325732573 ...
[2016-10-28 15:48:08,667] [INFO] [base._test_info] -> Current test: 140
[2016-10-28 15:48:08,667] [INFO] [server.transmit] -> request(49): 47455420257325732573257325732573257325732573257325732573257325732573257320485454502f312e300d0a0d0a
[2016-10-28 15:48:08,681] [INFO] [base._test_info] -> Current test: 141
[2016-10-28 15:48:08,683] [INFO] [server.transmit] -> request(21): 474554202573257320485454502f312e300d0a0d0a
[2016-10-28 15:48:08,694] [INFO] [base._test_info] -> Current test: 142
[2016-10-28 15:48:08,696] [INFO] [server.transmit] -> request(3089): 4745542025257325257325257325257325257325257325257325257325257325257325257325257325257325257325257325 ...
[2016-10-28 15:48:08,700] [INFO] [base._test_info] -> Current test: 143
[2016-10-28 15:48:08,701] [INFO] [server.transmit] -> request(401): 4745542025257325257325257325257325257325257325257325257325257325257325257325257325257325257325257325 ...
[2016-10-28 15:48:08,703] [INFO] [base._test_info] -> Current test: 144
[2016-10-28 15:48:08,703] [INFO] [server.transmit] -> request(65): 4745542025257325257325257325257325257325257325257325257325257325257325257325257325257325257325257325 ...
[2016-10-28 15:48:08,705] [INFO] [base._test_info] -> Current test: 145
[2016-10-28 15:48:08,706] [INFO] [server.transmit] -> request(23): 4745542025257325257320485454502f312e300d0a0d0a
[2016-10-28 15:48:08,708] [INFO] [base._test_info] -> Current test: 146
[2016-10-28 15:48:08,708] [INFO] [server.transmit] -> request(4113): 4745542022257322222573222225732222257322222573222225732222257322222573222225732222257322222573222225 ...
[2016-10-28 15:48:08,710] [INFO] [base._test_info] -> Current test: 147
[2016-10-28 15:48:08,711] [INFO] [server.transmit] -> request(529): 4745542022257322222573222225732222257322222573222225732222257322222573222225732222257322222573222225 ...
[2016-10-28 15:48:08,725] [INFO] [base._test_info] -> Current test: 148
[2016-10-28 15:48:08,725] [INFO] [server.transmit] -> request(81): 4745542022257322222573222225732222257322222573222225732222257322222573222225732222257322222573222225 ...
[2016-10-28 15:48:08,727] [INFO] [base._test_info] -> Current test: 149
[2016-10-28 15:48:08,728] [INFO] [server.transmit] -> request(25): 47455420222573222225732220485454502f312e300d0a0d0a
[2016-10-28 15:48:08,734] [INFO] [base._test_info] -> Current test: 150
[2016-10-28 15:48:08,735] [INFO] [server.transmit] -> request(2065): 47455420256e256e256e256e256e256e256e256e256e256e256e256e256e256e256e256e256e256e256e256e256e256e256e ...
[2016-10-28 15:48:08,738] [INFO] [base._test_info] -> Current test: 151
[2016-10-28 15:48:08,739] [INFO] [server.transmit] -> request(273): 47455420256e256e256e256e256e256e256e256e256e256e256e256e256e256e256e256e256e256e256e256e256e256e256e ...
[2016-10-28 15:48:08,741] [INFO] [base._test_info] -> Current test: 152
[2016-10-28 15:48:08,741] [INFO] [server.transmit] -> request(49): 47455420256e256e256e256e256e256e256e256e256e256e256e256e256e256e256e256e20485454502f312e300d0a0d0a
[2016-10-28 15:48:08,753] [INFO] [base._test_info] -> Current test: 153
[2016-10-28 15:48:08,755] [INFO] [server.transmit] -> request(21): 47455420256e256e20485454502f312e300d0a0d0a
[2016-10-28 15:48:08,759] [INFO] [base._test_info] -> Current test: 154
[2016-10-28 15:48:08,760] [INFO] [server.transmit] -> request(3089): 4745542025256e25256e25256e25256e25256e25256e25256e25256e25256e25256e25256e25256e25256e25256e25256e25 ...
[2016-10-28 15:48:08,763] [INFO] [base._test_info] -> Current test: 155
[2016-10-28 15:48:08,764] [INFO] [server.transmit] -> request(401): 4745542025256e25256e25256e25256e25256e25256e25256e25256e25256e25256e25256e25256e25256e25256e25256e25 ...
[2016-10-28 15:48:08,766] [INFO] [base._test_info] -> Current test: 156
[2016-10-28 15:48:08,766] [INFO] [server.transmit] -> request(65): 4745542025256e25256e25256e25256e25256e25256e25256e25256e25256e25256e25256e25256e25256e25256e25256e25 ...
[2016-10-28 15:48:08,768] [INFO] [base._test_info] -> Current test: 157
[2016-10-28 15:48:08,769] [INFO] [server.transmit] -> request(23): 4745542025256e25256e20485454502f312e300d0a0d0a
[2016-10-28 15:48:08,771] [INFO] [base._test_info] -> Current test: 158
[2016-10-28 15:48:08,771] [INFO] [server.transmit] -> request(4113): 4745542022256e2222256e2222256e2222256e2222256e2222256e2222256e2222256e2222256e2222256e2222256e222225 ...
[2016-10-28 15:48:08,785] [INFO] [base._test_info] -> Current test: 159
[2016-10-28 15:48:08,785] [INFO] [server.transmit] -> request(529): 4745542022256e2222256e2222256e2222256e2222256e2222256e2222256e2222256e2222256e2222256e2222256e222225 ...
[2016-10-28 15:48:08,788] [INFO] [base._test_info] -> Current test: 160
[2016-10-28 15:48:08,788] [INFO] [server.transmit] -> request(81): 4745542022256e2222256e2222256e2222256e2222256e2222256e2222256e2222256e2222256e2222256e2222256e222225 ...
[2016-10-28 15:48:08,794] [INFO] [base._test_info] -> Current test: 161
[2016-10-28 15:48:08,795] [INFO] [server.transmit] -> request(25): 4745542022256e2222256e2220485454502f312e300d0a0d0a
[2016-10-28 15:48:08,800] [INFO] [base._test_info] -> Current test: 162
[2016-10-28 15:48:08,801] [INFO] [server.transmit] -> request(31): 47455420252e31363730357525325c24686e20485454502f312e300d0a0d0a
[2016-10-28 15:48:08,813] [INFO] [base._test_info] -> Current test: 163
[2016-10-28 15:48:08,814] [INFO] [server.transmit] -> request(2065): 474554200d0a0d0a0d0a0d0a0d0a0d0a0d0a0d0a0d0a0d0a0d0a0d0a0d0a0d0a0d0a0d0a0d0a0d0a0d0a0d0a0d0a0d0a0d0a ...
[2016-10-28 15:48:08,830] [INFO] [base._test_info] -> Current test: 164
[2016-10-28 15:48:08,830] [INFO] [server.transmit] -> request(273): 474554200d0a0d0a0d0a0d0a0d0a0d0a0d0a0d0a0d0a0d0a0d0a0d0a0d0a0d0a0d0a0d0a0d0a0d0a0d0a0d0a0d0a0d0a0d0a ...
[2016-10-28 15:48:08,838] [INFO] [base._test_info] -> Current test: 165
[2016-10-28 15:48:08,843] [INFO] [server.transmit] -> request(49): 474554200d0a0d0a0d0a0d0a0d0a0d0a0d0a0d0a0d0a0d0a0d0a0d0a0d0a0d0a0d0a0d0a20485454502f312e300d0a0d0a
[2016-10-28 15:48:08,848] [INFO] [base._test_info] -> Current test: 166
[2016-10-28 15:48:08,849] [INFO] [server.transmit] -> request(21): 474554200d0a0d0a20485454502f312e300d0a0d0a
[2016-10-28 15:48:08,853] [INFO] [base._test_info] -> Current test: 167
[2016-10-28 15:48:08,854] [INFO] [server.transmit] -> request(1041): 474554200a0a0a0a0a0a0a0a0a0a0a0a0a0a0a0a0a0a0a0a0a0a0a0a0a0a0a0a0a0a0a0a0a0a0a0a0a0a0a0a0a0a0a0a0a0a ...
[2016-10-28 15:48:08,863] [INFO] [base._test_info] -> Current test: 168
[2016-10-28 15:48:08,864] [INFO] [server.transmit] -> request(145): 474554200a0a0a0a0a0a0a0a0a0a0a0a0a0a0a0a0a0a0a0a0a0a0a0a0a0a0a0a0a0a0a0a0a0a0a0a0a0a0a0a0a0a0a0a0a0a ...
[2016-10-28 15:48:08,874] [INFO] [base._test_info] -> Current test: 169
[2016-10-28 15:48:08,876] [INFO] [server.transmit] -> request(33): 474554200a0a0a0a0a0a0a0a0a0a0a0a0a0a0a0a20485454502f312e300d0a0d0a
[2016-10-28 15:48:08,881] [INFO] [base._test_info] -> Current test: 170
[2016-10-28 15:48:08,881] [INFO] [server.transmit] -> request(19): 474554200a0a20485454502f312e300d0a0d0a
[2016-10-28 15:48:08,885] [INFO] [base._test_info] -> Current test: 171
[2016-10-28 15:48:08,886] [INFO] [server.transmit] -> request(4113): 47455420deadbeefdeadbeefdeadbeefdeadbeefdeadbeefdeadbeefdeadbeefdeadbeefdeadbeefdeadbeefdeadbeefdead ...
[2016-10-28 15:48:08,889] [INFO] [base._test_info] -> Current test: 172
[2016-10-28 15:48:08,889] [INFO] [server.transmit] -> request(529): 47455420deadbeefdeadbeefdeadbeefdeadbeefdeadbeefdeadbeefdeadbeefdeadbeefdeadbeefdeadbeefdeadbeefdead ...
[2016-10-28 15:48:08,891] [INFO] [base._test_info] -> Current test: 173
[2016-10-28 15:48:08,891] [INFO] [server.transmit] -> request(81): 47455420deadbeefdeadbeefdeadbeefdeadbeefdeadbeefdeadbeefdeadbeefdeadbeefdeadbeefdeadbeefdeadbeefdead ...
[2016-10-28 15:48:08,893] [INFO] [base._test_info] -> Current test: 174
[2016-10-28 15:48:08,893] [INFO] [server.transmit] -> request(25): 47455420deadbeefdeadbeef20485454502f312e300d0a0d0a
[2016-10-28 15:48:08,895] [INFO] [base._test_info] -> Current test: 175
[2016-10-28 15:48:08,896] [INFO] [server.transmit] -> request(34): 474554207c746f756368202f746d702f4b4954545920485454502f312e300d0a0d0a
[2016-10-28 15:48:08,908] [INFO] [base._test_info] -> Current test: 176
[2016-10-28 15:48:08,911] [INFO] [server.transmit] -> request(35): 474554203b746f756368202f746d702f4b495454593b20485454502f312e300d0a0d0a
[2016-10-28 15:48:08,915] [INFO] [base._test_info] -> Current test: 177
[2016-10-28 15:48:08,915] [INFO] [server.transmit] -> request(31): 474554203b6c733e2f746d702f4b4954545920485454502f312e300d0a0d0a
[2016-10-28 15:48:08,918] [INFO] [base._test_info] -> Current test: 178
[2016-10-28 15:48:08,918] [INFO] [server.transmit] -> request(46): 47455420223b6c733e2f746d702f4b495454593b6c733e2f6465762f6e756c6c2220485454502f312e300d0a0d0a
[2016-10-28 15:48:08,921] [INFO] [base._test_info] -> Current test: 179
[2016-10-28 15:48:08,921] [INFO] [server.transmit] -> request(47): 47455420273b6c733e2f746d702f4b495454593b6c733e272f6465762f6e756c6c2720485454502f312e300d0a0d0a
[2016-10-28 15:48:08,923] [INFO] [base._test_info] -> Current test: 180
[2016-10-28 15:48:08,924] [INFO] [server.transmit] -> request(32): 47455420606c733e2f746d702f4b495454596020485454502f312e300d0a0d0a
[2016-10-28 15:48:08,926] [INFO] [base._test_info] -> Current test: 181
[2016-10-28 15:48:08,934] [INFO] [server.transmit] -> request(33): 4745542020606c733e2f746d702f4b495454596020485454502f312e300d0a0d0a
[2016-10-28 15:48:08,937] [INFO] [base._test_info] -> Current test: 182
[2016-10-28 15:48:08,940] [INFO] [server.transmit] -> request(25): 474554207c6e6f746570616420485454502f312e300d0a0d0a
[2016-10-28 15:48:08,945] [INFO] [base._test_info] -> Current test: 183
[2016-10-28 15:48:08,945] [INFO] [server.transmit] -> request(26): 474554203b6e6f74657061643b20485454502f312e300d0a0d0a
[2016-10-28 15:48:08,948] [INFO] [base._test_info] -> Current test: 184
[2016-10-28 15:48:08,949] [INFO] [server.transmit] -> request(26): 474554200a6e6f74657061640a20485454502f312e300d0a0d0a
[2016-10-28 15:48:08,953] [INFO] [base._test_info] -> Current test: 185
[2016-10-28 15:48:08,953] [INFO] [server.transmit] -> request(28): 4745542027206f7220313d31202d2d20485454502f312e300d0a0d0a
[2016-10-28 15:48:08,957] [INFO] [base._test_info] -> Current test: 186
[2016-10-28 15:48:08,965] [INFO] [server.transmit] -> request(34): 47455420273b20646573632075736572733b202d2d20485454502f312e300d0a0d0a
[2016-10-28 15:48:08,970] [INFO] [base._test_info] -> Current test: 187
[2016-10-28 15:48:08,971] [INFO] [server.transmit] -> request(58): 4745542027206f7220757365726e616d65206973206e6f74204e554c4c206f7220757365726e616d65203d20272048545450 ...
[2016-10-28 15:48:08,974] [INFO] [base._test_info] -> Current test: 188
[2016-10-28 15:48:08,975] [INFO] [server.transmit] -> request(89): 474554203120756e696f6e20616c6c2073656c65637420312c322c332c342c352c362c6e616d652066726f6d207379736f62 ...
[2016-10-28 15:48:08,977] [INFO] [base._test_info] -> Current test: 189
[2016-10-28 15:48:08,978] [INFO] [server.transmit] -> request(28): 4745542060206f72206031603d603120485454502f312e300d0a0d0a
[2016-10-28 15:48:08,980] [INFO] [base._test_info] -> Current test: 190
[2016-10-28 15:48:08,981] [INFO] [server.transmit] -> request(28): 4745542027206f72202731273d273120485454502f312e300d0a0d0a
[2016-10-28 15:48:08,983] [INFO] [base._test_info] -> Current test: 191
[2016-10-28 15:48:08,984] [INFO] [server.transmit] -> request(19): 47455420414120485454502f312e300d0a0d0a
[2016-10-28 15:48:08,986] [INFO] [base._test_info] -> Current test: 192
[2016-10-28 15:48:08,986] [INFO] [server.transmit] -> request(27): 474554204141414141414141414120485454502f312e300d0a0d0a
[2016-10-28 15:48:08,999] [INFO] [base._test_info] -> Current test: 193
[2016-10-28 15:48:09,000] [INFO] [server.transmit] -> request(117): 4745542041414141414141414141414141414141414141414141414141414141414141414141414141414141414141414141 ...
[2016-10-28 15:48:09,003] [INFO] [base._test_info] -> Current test: 194
[2016-10-28 15:48:09,004] [INFO] [server.transmit] -> request(1017): 4745542041414141414141414141414141414141414141414141414141414141414141414141414141414141414141414141 ...
[2016-10-28 15:48:09,007] [INFO] [base._test_info] -> Current test: 195
[2016-10-28 15:48:09,007] [INFO] [server.transmit] -> request(5017): 4745542041414141414141414141414141414141414141414141414141414141414141414141414141414141414141414141 ...
[2016-10-28 15:48:09,010] [INFO] [base._test_info] -> Current test: 196
[2016-10-28 15:48:09,011] [INFO] [server.transmit] -> request(10017): 4745542041414141414141414141414141414141414141414141414141414141414141414141414141414141414141414141 ...
[2016-10-28 15:48:09,014] [INFO] [base._test_info] -> Current test: 197
[2016-10-28 15:48:09,014] [INFO] [server.transmit] -> request(28): 474554202f6574632f70617373776420485454502f312e300d0a0d0a
[2016-10-28 15:48:09,016] [INFO] [base._test_info] -> Current test: 198
[2016-10-28 15:48:09,016] [INFO] [server.transmit] -> request(71): 474554202e2f2e2e2f2e2e2f2e2e2f2e2e2f2e2e2f2e2e2f2e2e2f2e2e2f2e2e2f2e2e2f2e2e2f2e2e2f2e2e2f2e2e2f6574 ...
[2016-10-28 15:48:09,026] [INFO] [base._test_info] -> Current test: 199
[2016-10-28 15:48:09,027] [INFO] [server.transmit] -> request(69): 474554202e2e2f2e2e2f2e2e2f2e2e2f2e2e2f2e2e2f2e2e2f2e2e2f2e2e2f2e2e2f2e2e2f2e2e2f2e2e2f2e2e2f6574632f ...
[2016-10-28 15:48:09,032] [INFO] [base._test_info] -> Current test: 200
[2016-10-28 15:48:09,033] [INFO] [server.transmit] -> request(30): 474554202f70726f632f637075696e666f20485454502f312e300d0a0d0a
[2016-10-28 15:48:09,039] [INFO] [base._test_info] -> Current test: 201
[2016-10-28 15:48:09,040] [INFO] [server.transmit] -> request(73): 474554202e2f2e2e2f2e2e2f2e2e2f2e2e2f2e2e2f2e2e2f2e2e2f2e2e2f2e2e2f2e2e2f2e2e2f2e2e2f2e2e2f2e2e2f7072 ...
[2016-10-28 15:48:09,042] [INFO] [base._test_info] -> Current test: 202
[2016-10-28 15:48:09,043] [INFO] [server.transmit] -> request(71): 474554202e2e2f2e2e2f2e2e2f2e2e2f2e2e2f2e2e2f2e2e2f2e2e2f2e2e2f2e2e2f2e2e2f2e2e2f2e2e2f2e2e2f70726f63 ...
[2016-10-28 15:48:09,045] [INFO] [base._test_info] -> Current test: 203
[2016-10-28 15:48:09,046] [INFO] [server.transmit] -> request(27): 474554207e2f2e70726f66696c6520485454502f312e300d0a0d0a
[2016-10-28 15:48:09,048] [INFO] [base._test_info] -> Current test: 204
[2016-10-28 15:48:09,048] [INFO] [server.transmit] -> request(31): 4745542024484f4d452f2e70726f66696c6520485454502f312e300d0a0d0a
[2016-10-28 15:48:09,060] [INFO] [base._test_info] -> Current test: 205
[2016-10-28 15:48:09,062] [INFO] [server.transmit] -> request(62): 474554202f2e2e2f2e2e2f2e2e2f2e2e2f2e2e2f2e2e2f2e2e2f2e2e2f2e2e2f2e2e2f2e2e2f2e2e2f626f6f742e696e6920 ...
[2016-10-28 15:48:09,067] [INFO] [base._test_info] -> Current test: 206
[2016-10-28 15:48:09,068] [INFO] [server.transmit] -> request(1041): 474554202f5c2f5c2f5c2f5c2f5c2f5c2f5c2f5c2f5c2f5c2f5c2f5c2f5c2f5c2f5c2f5c2f5c2f5c2f5c2f5c2f5c2f5c2f5c ...
[2016-10-28 15:48:09,071] [INFO] [base._test_info] -> Current test: 207
[2016-10-28 15:48:09,072] [INFO] [server.transmit] -> request(145): 474554202f5c2f5c2f5c2f5c2f5c2f5c2f5c2f5c2f5c2f5c2f5c2f5c2f5c2f5c2f5c2f5c2f5c2f5c2f5c2f5c2f5c2f5c2f5c ...
[2016-10-28 15:48:09,075] [INFO] [base._test_info] -> Current test: 208
[2016-10-28 15:48:09,075] [INFO] [server.transmit] -> request(33): 474554202f5c2f5c2f5c2f5c2f5c2f5c2f5c2f5c20485454502f312e300d0a0d0a
[2016-10-28 15:48:09,086] [INFO] [base._test_info] -> Current test: 209
[2016-10-28 15:48:09,087] [INFO] [server.transmit] -> request(1041): 474554202f2e2f2e2f2e2f2e2f2e2f2e2f2e2f2e2f2e2f2e2f2e2f2e2f2e2f2e2f2e2f2e2f2e2f2e2f2e2f2e2f2e2f2e2f2e ...
[2016-10-28 15:48:09,103] [INFO] [base._test_info] -> Current test: 210
[2016-10-28 15:48:09,105] [INFO] [server.transmit] -> request(145): 474554202f2e2f2e2f2e2f2e2f2e2f2e2f2e2f2e2f2e2f2e2f2e2f2e2f2e2f2e2f2e2f2e2f2e2f2e2f2e2f2e2f2e2f2e2f2e ...
[2016-10-28 15:48:09,121] [INFO] [base._test_info] -> Current test: 211
[2016-10-28 15:48:09,121] [INFO] [server.transmit] -> request(33): 474554202f2e2f2e2f2e2f2e2f2e2f2e2f2e2f2e20485454502f312e300d0a0d0a
[2016-10-28 15:48:09,125] [INFO] [base._test_info] -> Current test: 212
[2016-10-28 15:48:09,129] [INFO] [server.transmit] -> request(46): 474554202140232425255e2324252324402324252424402324255e5e2a2a28282920485454502f312e300d0a0d0a
[2016-10-28 15:48:09,133] [INFO] [base._test_info] -> Current test: 213
[2016-10-28 15:48:09,133] [INFO] [server.transmit] -> request(42): 474554202530312530322530332530342530612530642530614144534620485454502f312e300d0a0d0a
[2016-10-28 15:48:09,135] [INFO] [base._test_info] -> Current test: 214
[2016-10-28 15:48:09,136] [INFO] [server.transmit] -> request(43): 47455420253031253032253033402530342530612530642530614144534620485454502f312e300d0a0d0a
[2016-10-28 15:48:09,138] [INFO] [base._test_info] -> Current test: 215
[2016-10-28 15:48:09,139] [INFO] [server.transmit] -> request(22): 474554202f2530302f20485454502f312e300d0a0d0a
[2016-10-28 15:48:09,149] [INFO] [base._test_info] -> Current test: 216
[2016-10-28 15:48:09,149] [INFO] [server.transmit] -> request(21): 474554202530302f20485454502f312e300d0a0d0a
[2016-10-28 15:48:09,156] [INFO] [base._test_info] -> Current test: 217
[2016-10-28 15:48:09,157] [INFO] [server.transmit] -> request(20): 4745542025303020485454502f312e300d0a0d0a
[2016-10-28 15:48:09,160] [INFO] [base._test_info] -> Current test: 218
[2016-10-28 15:48:09,160] [INFO] [server.transmit] -> request(23): 4745542025753030303020485454502f312e300d0a0d0a
[2016-10-28 15:48:09,163] [INFO] [base._test_info] -> Current test: 219
[2016-10-28 15:48:09,163] [INFO] [server.transmit] -> request(209): 4745542025fef02501ff25fef02501ff25fef02501ff25fef02501ff25fef02501ff25fef02501ff25fef02501ff25fef025 ...
[2016-10-28 15:48:09,166] [INFO] [base._test_info] -> Current test: 220
[2016-10-28 15:48:09,166] [INFO] [server.transmit] -> request(41): 4745542025fef02501ff25fef02501ff25fef02501ff25fef02501ff20485454502f312e300d0a0d0a
[2016-10-28 15:48:09,168] [INFO] [base._test_info] -> Current test: 221
[2016-10-28 15:48:09,169] [INFO] [server.transmit] -> request(29): 474554202f696e6465782e68746d6c2020485454502f312e300d0a0d0a
[2016-10-28 15:48:09,171] [INFO] [base._test_info] -> Current test: 222
[2016-10-28 15:48:09,172] [INFO] [server.transmit] -> request(37): 474554202f696e6465782e68746d6c20202020202020202020485454502f312e300d0a0d0a
[2016-10-28 15:48:09,186] [INFO] [base._test_info] -> Current test: 223
[2016-10-28 15:48:09,187] [INFO] [server.transmit] -> request(127): 474554202f696e6465782e68746d6c2020202020202020202020202020202020202020202020202020202020202020202020 ...
[2016-10-28 15:48:09,191] [INFO] [base._test_info] -> Current test: 224
[2016-10-28 15:48:09,191] [INFO] [server.transmit] -> request(29): 474554202f696e6465782e68746d6c20fe485454502f312e300d0a0d0a
[2016-10-28 15:48:09,194] [INFO] [base._test_info] -> Current test: 227
[2016-10-28 15:48:09,195] [INFO] [server.transmit] -> request(29): 474554202f696e6465782e68746d6c2000485454502f312e300d0a0d0a
[2016-10-28 15:48:09,197] [INFO] [base._test_info] -> Current test: 228
[2016-10-28 15:48:09,198] [INFO] [server.transmit] -> request(31): 474554202f696e6465782e68746d6c20202020485454502f312e300d0a0d0a
[2016-10-28 15:48:09,200] [INFO] [base._test_info] -> Current test: 229
[2016-10-28 15:48:09,201] [INFO] [server.transmit] -> request(31): 474554202f696e6465782e68746d6c09090909485454502f312e300d0a0d0a
[2016-10-28 15:48:09,210] [INFO] [base._test_info] -> Current test: 230
[2016-10-28 15:48:09,212] [INFO] [server.transmit] -> request(31): 474554202f696e6465782e68746d6c21212121485454502f312e300d0a0d0a
[2016-10-28 15:48:09,217] [INFO] [base._test_info] -> Current test: 231
[2016-10-28 15:48:09,218] [INFO] [server.transmit] -> request(31): 474554202f696e6465782e68746d6c40404040485454502f312e300d0a0d0a
[2016-10-28 15:48:09,223] [INFO] [base._test_info] -> Current test: 232
[2016-10-28 15:48:09,224] [INFO] [server.transmit] -> request(31): 474554202f696e6465782e68746d6c23232323485454502f312e300d0a0d0a
[2016-10-28 15:48:09,228] [INFO] [base._test_info] -> Current test: 233
[2016-10-28 15:48:09,229] [INFO] [server.transmit] -> request(31): 474554202f696e6465782e68746d6c24242424485454502f312e300d0a0d0a
[2016-10-28 15:48:09,234] [INFO] [base._test_info] -> Current test: 234
[2016-10-28 15:48:09,243] [INFO] [server.transmit] -> request(31): 474554202f696e6465782e68746d6c25252525485454502f312e300d0a0d0a
[2016-10-28 15:48:09,249] [INFO] [base._test_info] -> Current test: 235
[2016-10-28 15:48:09,252] [INFO] [server.transmit] -> request(31): 474554202f696e6465782e68746d6c5e5e5e5e485454502f312e300d0a0d0a
[2016-10-28 15:48:09,256] [INFO] [base._test_info] -> Current test: 236
[2016-10-28 15:48:09,257] [INFO] [server.transmit] -> request(31): 474554202f696e6465782e68746d6c26262626485454502f312e300d0a0d0a
[2016-10-28 15:48:09,259] [INFO] [base._test_info] -> Current test: 237
[2016-10-28 15:48:09,259] [INFO] [server.transmit] -> request(31): 474554202f696e6465782e68746d6c2a2a2a2a485454502f312e300d0a0d0a
[2016-10-28 15:48:09,262] [INFO] [base._test_info] -> Current test: 238
[2016-10-28 15:48:09,262] [INFO] [server.transmit] -> request(31): 474554202f696e6465782e68746d6c28282828485454502f312e300d0a0d0a
[2016-10-28 15:48:09,265] [INFO] [base._test_info] -> Current test: 239
[2016-10-28 15:48:09,272] [INFO] [server.transmit] -> request(31): 474554202f696e6465782e68746d6c29292929485454502f312e300d0a0d0a
[2016-10-28 15:48:09,279] [INFO] [base._test_info] -> Current test: 240
[2016-10-28 15:48:09,280] [INFO] [server.transmit] -> request(31): 474554202f696e6465782e68746d6c2d2d2d2d485454502f312e300d0a0d0a
[2016-10-28 15:48:09,284] [INFO] [base._test_info] -> Current test: 241
[2016-10-28 15:48:09,285] [INFO] [server.transmit] -> request(31): 474554202f696e6465782e68746d6c5f5f5f5f485454502f312e300d0a0d0a
[2016-10-28 15:48:09,288] [INFO] [base._test_info] -> Current test: 242
[2016-10-28 15:48:09,288] [INFO] [server.transmit] -> request(31): 474554202f696e6465782e68746d6c2b2b2b2b485454502f312e300d0a0d0a
[2016-10-28 15:48:09,290] [INFO] [base._test_info] -> Current test: 243
[2016-10-28 15:48:09,291] [INFO] [server.transmit] -> request(31): 474554202f696e6465782e68746d6c3d3d3d3d485454502f312e300d0a0d0a
[2016-10-28 15:48:09,293] [INFO] [base._test_info] -> Current test: 244
[2016-10-28 15:48:09,294] [INFO] [server.transmit] -> request(31): 474554202f696e6465782e68746d6c3a3a3a3a485454502f312e300d0a0d0a
[2016-10-28 15:48:09,303] [INFO] [base._test_info] -> Current test: 245
[2016-10-28 15:48:09,303] [INFO] [server.transmit] -> request(31): 474554202f696e6465782e68746d6c3b3b3b3b485454502f312e300d0a0d0a
[2016-10-28 15:48:09,309] [INFO] [base._test_info] -> Current test: 246
[2016-10-28 15:48:09,310] [INFO] [server.transmit] -> request(31): 474554202f696e6465782e68746d6c27272727485454502f312e300d0a0d0a
[2016-10-28 15:48:09,313] [INFO] [base._test_info] -> Current test: 247
[2016-10-28 15:48:09,313] [INFO] [server.transmit] -> request(31): 474554202f696e6465782e68746d6c22222222485454502f312e300d0a0d0a
[2016-10-28 15:48:09,316] [INFO] [base._test_info] -> Current test: 248
[2016-10-28 15:48:09,316] [INFO] [server.transmit] -> request(31): 474554202f696e6465782e68746d6c2f2f2f2f485454502f312e300d0a0d0a
[2016-10-28 15:48:09,319] [INFO] [base._test_info] -> Current test: 249
[2016-10-28 15:48:09,319] [INFO] [server.transmit] -> request(31): 474554202f696e6465782e68746d6c5c5c5c5c485454502f312e300d0a0d0a
[2016-10-28 15:48:09,321] [INFO] [base._test_info] -> Current test: 250
[2016-10-28 15:48:09,322] [INFO] [server.transmit] -> request(31): 474554202f696e6465782e68746d6c3f3f3f3f485454502f312e300d0a0d0a
[2016-10-28 15:48:09,324] [INFO] [base._test_info] -> Current test: 251
[2016-10-28 15:48:09,325] [INFO] [server.transmit] -> request(31): 474554202f696e6465782e68746d6c3c3c3c3c485454502f312e300d0a0d0a
[2016-10-28 15:48:09,335] [INFO] [base._test_info] -> Current test: 252
[2016-10-28 15:48:09,336] [INFO] [server.transmit] -> request(31): 474554202f696e6465782e68746d6c3e3e3e3e485454502f312e300d0a0d0a
[2016-10-28 15:48:09,342] [INFO] [base._test_info] -> Current test: 253
[2016-10-28 15:48:09,343] [INFO] [server.transmit] -> request(31): 474554202f696e6465782e68746d6c2e2e2e2e485454502f312e300d0a0d0a
[2016-10-28 15:48:09,346] [INFO] [base._test_info] -> Current test: 254
[2016-10-28 15:48:09,347] [INFO] [server.transmit] -> request(31): 474554202f696e6465782e68746d6c2c2c2c2c485454502f312e300d0a0d0a
[2016-10-28 15:48:09,350] [INFO] [base._test_info] -> Current test: 255
[2016-10-28 15:48:09,351] [INFO] [server.transmit] -> request(31): 474554202f696e6465782e68746d6c0d0d0d0d485454502f312e300d0a0d0a
[2016-10-28 15:48:09,354] [INFO] [base._test_info] -> Current test: 256
[2016-10-28 15:48:09,355] [INFO] [server.transmit] -> request(31): 474554202f696e6465782e68746d6c0a0a0a0a485454502f312e300d0a0d0a
[2016-10-28 15:48:09,358] [INFO] [base._test_info] -> Current test: 257
[2016-10-28 15:48:09,366] [INFO] [server.transmit] -> request(43): 474554202f696e6465782e68746d6c0d0a0d0a0d0a0d0a0d0a0d0a0d0a0d0a485454502f312e300d0a0d0a
[2016-10-28 15:48:09,378] [INFO] [base._test_info] -> Current test: 258
[2016-10-28 15:48:09,379] [INFO] [server.transmit] -> request(51): 474554202f696e6465782e68746d6c090d0a090d0a090d0a090d0a090d0a090d0a090d0a090d0a485454502f312e300d0a0d ...
[2016-10-28 15:48:09,384] [INFO] [base._test_info] -> Current test: 259
[2016-10-28 15:48:09,384] [INFO] [server.transmit] -> request(27): 474554202f696e6465782e68746d6c485454502f312e300d0a0d0a
[2016-10-28 15:48:09,387] [INFO] [base._test_info] -> Current test: 260
[2016-10-28 15:48:09,387] [INFO] [server.transmit] -> request(36): 474554202f696e6465782e68746d6c20485454502f312e30485454502f312e300d0a0d0a
[2016-10-28 15:48:09,396] [INFO] [base._test_info] -> Current test: 261
[2016-10-28 15:48:09,399] [INFO] [server.transmit] -> request(100): 474554202f696e6465782e68746d6c20485454502f312e30485454502f312e30485454502f312e30485454502f312e304854 ...
[2016-10-28 15:48:09,403] [INFO] [base._test_info] -> Current test: 262
[2016-10-28 15:48:09,404] [INFO] [server.transmit] -> request(820): 474554202f696e6465782e68746d6c20485454502f312e30485454502f312e30485454502f312e30485454502f312e304854 ...
[2016-10-28 15:48:09,406] [INFO] [base._test_info] -> Current test: 263
[2016-10-28 15:48:09,407] [INFO] [server.transmit] -> request(29): 474554202f696e6465782e68746d6c20485454502f312e30fe0d0a0d0a
[2016-10-28 15:48:09,409] [INFO] [base._test_info] -> Current test: 265
[2016-10-28 15:48:09,410] [INFO] [server.transmit] -> request(29): 474554202f696e6465782e68746d6c2048545450002f312e300d0a0d0a
[2016-10-28 15:48:09,413] [INFO] [base._test_info] -> Current test: 266
[2016-10-28 15:48:09,413] [INFO] [server.transmit] -> request(29): 474554202f696e6465782e68746d6c20485454502f312e30000d0a0d0a
[2016-10-28 15:48:09,415] [INFO] [base._test_info] -> Current test: 267
[2016-10-28 15:48:09,416] [INFO] [server.transmit] -> request(20): 474554202f696e6465782e68746d6c200d0a0d0a
[2016-10-28 15:48:09,419] [INFO] [base._test_info] -> Current test: 268
[2016-10-28 15:48:09,420] [INFO] [server.transmit] -> request(2068): 474554202f696e6465782e68746d6c2025732573257325732573257325732573257325732573257325732573257325732573 ...
[2016-10-28 15:48:09,436] [INFO] [base._test_info] -> Current test: 269
[2016-10-28 15:48:09,436] [INFO] [server.transmit] -> request(276): 474554202f696e6465782e68746d6c2025732573257325732573257325732573257325732573257325732573257325732573 ...
[2016-10-28 15:48:09,439] [INFO] [base._test_info] -> Current test: 270
[2016-10-28 15:48:09,440] [INFO] [server.transmit] -> request(52): 474554202f696e6465782e68746d6c2025732573257325732573257325732573257325732573257325732573257325730d0a ...
[2016-10-28 15:48:09,442] [INFO] [base._test_info] -> Current test: 271
[2016-10-28 15:48:09,443] [INFO] [server.transmit] -> request(24): 474554202f696e6465782e68746d6c20257325730d0a0d0a
[2016-10-28 15:48:09,446] [INFO] [base._test_info] -> Current test: 272
[2016-10-28 15:48:09,446] [INFO] [server.transmit] -> request(3092): 474554202f696e6465782e68746d6c2025257325257325257325257325257325257325257325257325257325257325257325 ...
[2016-10-28 15:48:09,451] [INFO] [base._test_info] -> Current test: 273
[2016-10-28 15:48:09,457] [INFO] [server.transmit] -> request(404): 474554202f696e6465782e68746d6c2025257325257325257325257325257325257325257325257325257325257325257325 ...
[2016-10-28 15:48:09,467] [INFO] [base._test_info] -> Current test: 274
[2016-10-28 15:48:09,467] [INFO] [server.transmit] -> request(68): 474554202f696e6465782e68746d6c2025257325257325257325257325257325257325257325257325257325257325257325 ...
[2016-10-28 15:48:09,470] [INFO] [base._test_info] -> Current test: 275
[2016-10-28 15:48:09,473] [INFO] [server.transmit] -> request(26): 474554202f696e6465782e68746d6c202525732525730d0a0d0a
[2016-10-28 15:48:09,477] [INFO] [base._test_info] -> Current test: 276
[2016-10-28 15:48:09,478] [INFO] [server.transmit] -> request(4116): 474554202f696e6465782e68746d6c2022257322222573222225732222257322222573222225732222257322222573222225 ...
[2016-10-28 15:48:09,480] [INFO] [base._test_info] -> Current test: 277
[2016-10-28 15:48:09,481] [INFO] [server.transmit] -> request(532): 474554202f696e6465782e68746d6c2022257322222573222225732222257322222573222225732222257322222573222225 ...
[2016-10-28 15:48:09,492] [INFO] [base._test_info] -> Current test: 278
[2016-10-28 15:48:09,493] [INFO] [server.transmit] -> request(84): 474554202f696e6465782e68746d6c2022257322222573222225732222257322222573222225732222257322222573222225 ...
[2016-10-28 15:48:09,499] [INFO] [base._test_info] -> Current test: 279
[2016-10-28 15:48:09,500] [INFO] [server.transmit] -> request(28): 474554202f696e6465782e68746d6c2022257322222573220d0a0d0a
[2016-10-28 15:48:09,506] [INFO] [base._test_info] -> Current test: 280
[2016-10-28 15:48:09,506] [INFO] [server.transmit] -> request(2068): 474554202f696e6465782e68746d6c20256e256e256e256e256e256e256e256e256e256e256e256e256e256e256e256e256e ...
[2016-10-28 15:48:09,525] [INFO] [base._test_info] -> Current test: 281
[2016-10-28 15:48:09,526] [INFO] [server.transmit] -> request(276): 474554202f696e6465782e68746d6c20256e256e256e256e256e256e256e256e256e256e256e256e256e256e256e256e256e ...
[2016-10-28 15:48:09,534] [INFO] [base._test_info] -> Current test: 282
[2016-10-28 15:48:09,534] [INFO] [server.transmit] -> request(52): 474554202f696e6465782e68746d6c20256e256e256e256e256e256e256e256e256e256e256e256e256e256e256e256e0d0a ...
[2016-10-28 15:48:09,536] [INFO] [base._test_info] -> Current test: 283
[2016-10-28 15:48:09,540] [INFO] [server.transmit] -> request(24): 474554202f696e6465782e68746d6c20256e256e0d0a0d0a
[2016-10-28 15:48:09,544] [INFO] [base._test_info] -> Current test: 284
[2016-10-28 15:48:09,551] [INFO] [server.transmit] -> request(3092): 474554202f696e6465782e68746d6c2025256e25256e25256e25256e25256e25256e25256e25256e25256e25256e25256e25 ...
[2016-10-28 15:48:09,558] [INFO] [base._test_info] -> Current test: 285
[2016-10-28 15:48:09,559] [INFO] [server.transmit] -> request(404): 474554202f696e6465782e68746d6c2025256e25256e25256e25256e25256e25256e25256e25256e25256e25256e25256e25 ...
[2016-10-28 15:48:09,563] [INFO] [base._test_info] -> Current test: 286
[2016-10-28 15:48:09,563] [INFO] [server.transmit] -> request(68): 474554202f696e6465782e68746d6c2025256e25256e25256e25256e25256e25256e25256e25256e25256e25256e25256e25 ...
[2016-10-28 15:48:09,566] [INFO] [base._test_info] -> Current test: 287
[2016-10-28 15:48:09,566] [INFO] [server.transmit] -> request(26): 474554202f696e6465782e68746d6c2025256e25256e0d0a0d0a
[2016-10-28 15:48:09,568] [INFO] [base._test_info] -> Current test: 288
[2016-10-28 15:48:09,569] [INFO] [server.transmit] -> request(4116): 474554202f696e6465782e68746d6c2022256e2222256e2222256e2222256e2222256e2222256e2222256e2222256e222225 ...
[2016-10-28 15:48:09,571] [INFO] [base._test_info] -> Current test: 289
[2016-10-28 15:48:09,571] [INFO] [server.transmit] -> request(532): 474554202f696e6465782e68746d6c2022256e2222256e2222256e2222256e2222256e2222256e2222256e2222256e222225 ...
[2016-10-28 15:48:09,573] [INFO] [base._test_info] -> Current test: 290
[2016-10-28 15:48:09,573] [INFO] [server.transmit] -> request(84): 474554202f696e6465782e68746d6c2022256e2222256e2222256e2222256e2222256e2222256e2222256e2222256e222225 ...
[2016-10-28 15:48:09,575] [INFO] [base._test_info] -> Current test: 291
[2016-10-28 15:48:09,585] [INFO] [server.transmit] -> request(28): 474554202f696e6465782e68746d6c2022256e2222256e220d0a0d0a
[2016-10-28 15:48:09,589] [INFO] [base._test_info] -> Current test: 292
[2016-10-28 15:48:09,589] [INFO] [server.transmit] -> request(34): 474554202f696e6465782e68746d6c20252e31363730357525325c24686e0d0a0d0a
[2016-10-28 15:48:09,596] [INFO] [base._test_info] -> Current test: 293
[2016-10-28 15:48:09,597] [INFO] [server.transmit] -> request(2068): 474554202f696e6465782e68746d6c200d0a0d0a0d0a0d0a0d0a0d0a0d0a0d0a0d0a0d0a0d0a0d0a0d0a0d0a0d0a0d0a0d0a ...
[2016-10-28 15:48:09,615] [INFO] [base._test_info] -> Current test: 294
[2016-10-28 15:48:09,616] [INFO] [server.transmit] -> request(276): 474554202f696e6465782e68746d6c200d0a0d0a0d0a0d0a0d0a0d0a0d0a0d0a0d0a0d0a0d0a0d0a0d0a0d0a0d0a0d0a0d0a ...
[2016-10-28 15:48:09,622] [INFO] [base._test_info] -> Current test: 295
[2016-10-28 15:48:09,623] [INFO] [server.transmit] -> request(52): 474554202f696e6465782e68746d6c200d0a0d0a0d0a0d0a0d0a0d0a0d0a0d0a0d0a0d0a0d0a0d0a0d0a0d0a0d0a0d0a0d0a ...
[2016-10-28 15:48:09,627] [INFO] [base._test_info] -> Current test: 296
[2016-10-28 15:48:09,627] [INFO] [server.transmit] -> request(24): 474554202f696e6465782e68746d6c200d0a0d0a0d0a0d0a
[2016-10-28 15:48:09,630] [INFO] [base._test_info] -> Current test: 297
[2016-10-28 15:48:09,631] [INFO] [server.transmit] -> request(1044): 474554202f696e6465782e68746d6c200a0a0a0a0a0a0a0a0a0a0a0a0a0a0a0a0a0a0a0a0a0a0a0a0a0a0a0a0a0a0a0a0a0a ...
[2016-10-28 15:48:09,647] [INFO] [base._test_info] -> Current test: 298
[2016-10-28 15:48:09,650] [INFO] [server.transmit] -> request(148): 474554202f696e6465782e68746d6c200a0a0a0a0a0a0a0a0a0a0a0a0a0a0a0a0a0a0a0a0a0a0a0a0a0a0a0a0a0a0a0a0a0a ...
[2016-10-28 15:48:09,656] [INFO] [base._test_info] -> Current test: 299
[2016-10-28 15:48:09,657] [INFO] [server.transmit] -> request(36): 474554202f696e6465782e68746d6c200a0a0a0a0a0a0a0a0a0a0a0a0a0a0a0a0d0a0d0a
[2016-10-28 15:48:09,661] [INFO] [base._test_info] -> Current test: 300
[2016-10-28 15:48:09,662] [INFO] [server.transmit] -> request(22): 474554202f696e6465782e68746d6c200a0a0d0a0d0a
[2016-10-28 15:48:09,666] [INFO] [base._test_info] -> Current test: 301
[2016-10-28 15:48:09,673] [INFO] [server.transmit] -> request(4116): 474554202f696e6465782e68746d6c20deadbeefdeadbeefdeadbeefdeadbeefdeadbeefdeadbeefdeadbeefdeadbeefdead ...
[2016-10-28 15:48:09,678] [INFO] [base._test_info] -> Current test: 302
[2016-10-28 15:48:09,679] [INFO] [server.transmit] -> request(532): 474554202f696e6465782e68746d6c20deadbeefdeadbeefdeadbeefdeadbeefdeadbeefdeadbeefdeadbeefdeadbeefdead ...
[2016-10-28 15:48:09,681] [INFO] [base._test_info] -> Current test: 303
[2016-10-28 15:48:09,682] [INFO] [server.transmit] -> request(84): 474554202f696e6465782e68746d6c20deadbeefdeadbeefdeadbeefdeadbeefdeadbeefdeadbeefdeadbeefdeadbeefdead ...
[2016-10-28 15:48:09,683] [INFO] [base._test_info] -> Current test: 304
[2016-10-28 15:48:09,684] [INFO] [server.transmit] -> request(28): 474554202f696e6465782e68746d6c20deadbeefdeadbeef0d0a0d0a
[2016-10-28 15:48:09,686] [INFO] [base._test_info] -> Current test: 305
[2016-10-28 15:48:09,686] [INFO] [server.transmit] -> request(37): 474554202f696e6465782e68746d6c207c746f756368202f746d702f4b495454590d0a0d0a
[2016-10-28 15:48:09,688] [INFO] [base._test_info] -> Current test: 306
[2016-10-28 15:48:09,688] [INFO] [server.transmit] -> request(38): 474554202f696e6465782e68746d6c203b746f756368202f746d702f4b495454593b0d0a0d0a
[2016-10-28 15:48:09,690] [INFO] [base._test_info] -> Current test: 307
[2016-10-28 15:48:09,690] [INFO] [server.transmit] -> request(34): 474554202f696e6465782e68746d6c203b6c733e2f746d702f4b495454590d0a0d0a
[2016-10-28 15:48:09,692] [INFO] [base._test_info] -> Current test: 308
[2016-10-28 15:48:09,692] [INFO] [server.transmit] -> request(49): 474554202f696e6465782e68746d6c20223b6c733e2f746d702f4b495454593b6c733e2f6465762f6e756c6c220d0a0d0a
[2016-10-28 15:48:09,695] [INFO] [base._test_info] -> Current test: 309
[2016-10-28 15:48:09,695] [INFO] [server.transmit] -> request(50): 474554202f696e6465782e68746d6c20273b6c733e2f746d702f4b495454593b6c733e272f6465762f6e756c6c270d0a0d0a ...
[2016-10-28 15:48:09,697] [INFO] [base._test_info] -> Current test: 310
[2016-10-28 15:48:09,697] [INFO] [server.transmit] -> request(35): 474554202f696e6465782e68746d6c20606c733e2f746d702f4b49545459600d0a0d0a
[2016-10-28 15:48:09,711] [INFO] [base._test_info] -> Current test: 311
[2016-10-28 15:48:09,712] [INFO] [server.transmit] -> request(36): 474554202f696e6465782e68746d6c2020606c733e2f746d702f4b49545459600d0a0d0a
[2016-10-28 15:48:09,715] [INFO] [base._test_info] -> Current test: 312
[2016-10-28 15:48:09,716] [INFO] [server.transmit] -> request(28): 474554202f696e6465782e68746d6c207c6e6f74657061640d0a0d0a
[2016-10-28 15:48:09,718] [INFO] [base._test_info] -> Current test: 313
[2016-10-28 15:48:09,718] [INFO] [server.transmit] -> request(29): 474554202f696e6465782e68746d6c203b6e6f74657061643b0d0a0d0a
[2016-10-28 15:48:09,721] [INFO] [base._test_info] -> Current test: 314
[2016-10-28 15:48:09,721] [INFO] [server.transmit] -> request(29): 474554202f696e6465782e68746d6c200a6e6f74657061640a0d0a0d0a
[2016-10-28 15:48:09,724] [INFO] [base._test_info] -> Current test: 315
[2016-10-28 15:48:09,724] [INFO] [server.transmit] -> request(31): 474554202f696e6465782e68746d6c2027206f7220313d31202d2d0d0a0d0a
[2016-10-28 15:48:09,727] [INFO] [base._test_info] -> Current test: 316
[2016-10-28 15:48:09,727] [INFO] [server.transmit] -> request(37): 474554202f696e6465782e68746d6c20273b20646573632075736572733b202d2d0d0a0d0a
[2016-10-28 15:48:09,740] [INFO] [base._test_info] -> Current test: 317
[2016-10-28 15:48:09,740] [INFO] [server.transmit] -> request(61): 474554202f696e6465782e68746d6c2027206f7220757365726e616d65206973206e6f74204e554c4c206f7220757365726e ...
[2016-10-28 15:48:09,743] [INFO] [base._test_info] -> Current test: 318
[2016-10-28 15:48:09,744] [INFO] [server.transmit] -> request(92): 474554202f696e6465782e68746d6c203120756e696f6e20616c6c2073656c65637420312c322c332c342c352c362c6e616d ...
[2016-10-28 15:48:09,748] [INFO] [base._test_info] -> Current test: 319
[2016-10-28 15:48:09,749] [INFO] [server.transmit] -> request(31): 474554202f696e6465782e68746d6c2060206f72206031603d60310d0a0d0a
[2016-10-28 15:48:09,752] [INFO] [base._test_info] -> Current test: 320
[2016-10-28 15:48:09,752] [INFO] [server.transmit] -> request(31): 474554202f696e6465782e68746d6c2027206f72202731273d27310d0a0d0a
[2016-10-28 15:48:09,755] [INFO] [base._test_info] -> Current test: 321
[2016-10-28 15:48:09,755] [INFO] [server.transmit] -> request(22): 474554202f696e6465782e68746d6c2041410d0a0d0a
[2016-10-28 15:48:09,758] [INFO] [base._test_info] -> Current test: 322
[2016-10-28 15:48:09,765] [INFO] [server.transmit] -> request(30): 474554202f696e6465782e68746d6c20414141414141414141410d0a0d0a
[2016-10-28 15:48:09,771] [INFO] [base._test_info] -> Current test: 323
[2016-10-28 15:48:09,772] [INFO] [server.transmit] -> request(120): 474554202f696e6465782e68746d6c2041414141414141414141414141414141414141414141414141414141414141414141 ...
[2016-10-28 15:48:09,775] [INFO] [base._test_info] -> Current test: 324
[2016-10-28 15:48:09,776] [INFO] [server.transmit] -> request(1020): 474554202f696e6465782e68746d6c2041414141414141414141414141414141414141414141414141414141414141414141 ...
[2016-10-28 15:48:09,779] [INFO] [base._test_info] -> Current test: 325
[2016-10-28 15:48:09,780] [INFO] [server.transmit] -> request(5020): 474554202f696e6465782e68746d6c2041414141414141414141414141414141414141414141414141414141414141414141 ...
[2016-10-28 15:48:09,784] [INFO] [base._test_info] -> Current test: 326
[2016-10-28 15:48:09,784] [INFO] [server.transmit] -> request(10020): 474554202f696e6465782e68746d6c2041414141414141414141414141414141414141414141414141414141414141414141 ...
[2016-10-28 15:48:09,787] [INFO] [base._test_info] -> Current test: 327
[2016-10-28 15:48:09,787] [INFO] [server.transmit] -> request(31): 474554202f696e6465782e68746d6c202f6574632f7061737377640d0a0d0a
[2016-10-28 15:48:09,789] [INFO] [base._test_info] -> Current test: 328
[2016-10-28 15:48:09,801] [INFO] [server.transmit] -> request(74): 474554202f696e6465782e68746d6c202e2f2e2e2f2e2e2f2e2e2f2e2e2f2e2e2f2e2e2f2e2e2f2e2e2f2e2e2f2e2e2f2e2e ...
[2016-10-28 15:48:09,804] [INFO] [base._test_info] -> Current test: 329
[2016-10-28 15:48:09,804] [INFO] [server.transmit] -> request(72): 474554202f696e6465782e68746d6c202e2e2f2e2e2f2e2e2f2e2e2f2e2e2f2e2e2f2e2e2f2e2e2f2e2e2f2e2e2f2e2e2f2e ...
[2016-10-28 15:48:09,809] [INFO] [base._test_info] -> Current test: 330
[2016-10-28 15:48:09,811] [INFO] [server.transmit] -> request(33): 474554202f696e6465782e68746d6c202f70726f632f637075696e666f0d0a0d0a
[2016-10-28 15:48:09,814] [INFO] [base._test_info] -> Current test: 331
[2016-10-28 15:48:09,815] [INFO] [server.transmit] -> request(76): 474554202f696e6465782e68746d6c202e2f2e2e2f2e2e2f2e2e2f2e2e2f2e2e2f2e2e2f2e2e2f2e2e2f2e2e2f2e2e2f2e2e ...
[2016-10-28 15:48:09,817] [INFO] [base._test_info] -> Current test: 332
[2016-10-28 15:48:09,817] [INFO] [server.transmit] -> request(74): 474554202f696e6465782e68746d6c202e2e2f2e2e2f2e2e2f2e2e2f2e2e2f2e2e2f2e2e2f2e2e2f2e2e2f2e2e2f2e2e2f2e ...
[2016-10-28 15:48:09,819] [INFO] [base._test_info] -> Current test: 333
[2016-10-28 15:48:09,820] [INFO] [server.transmit] -> request(30): 474554202f696e6465782e68746d6c207e2f2e70726f66696c650d0a0d0a
[2016-10-28 15:48:09,831] [INFO] [base._test_info] -> Current test: 334
[2016-10-28 15:48:09,834] [INFO] [server.transmit] -> request(34): 474554202f696e6465782e68746d6c2024484f4d452f2e70726f66696c650d0a0d0a
[2016-10-28 15:48:09,838] [INFO] [base._test_info] -> Current test: 335
[2016-10-28 15:48:09,839] [INFO] [server.transmit] -> request(65): 474554202f696e6465782e68746d6c202f2e2e2f2e2e2f2e2e2f2e2e2f2e2e2f2e2e2f2e2e2f2e2e2f2e2e2f2e2e2f2e2e2f ...
[2016-10-28 15:48:09,842] [INFO] [base._test_info] -> Current test: 336
[2016-10-28 15:48:09,842] [INFO] [server.transmit] -> request(1044): 474554202f696e6465782e68746d6c202f5c2f5c2f5c2f5c2f5c2f5c2f5c2f5c2f5c2f5c2f5c2f5c2f5c2f5c2f5c2f5c2f5c ...
[2016-10-28 15:48:09,846] [INFO] [base._test_info] -> Current test: 337
[2016-10-28 15:48:09,846] [INFO] [server.transmit] -> request(148): 474554202f696e6465782e68746d6c202f5c2f5c2f5c2f5c2f5c2f5c2f5c2f5c2f5c2f5c2f5c2f5c2f5c2f5c2f5c2f5c2f5c ...
[2016-10-28 15:48:09,849] [INFO] [base._test_info] -> Current test: 338
[2016-10-28 15:48:09,849] [INFO] [server.transmit] -> request(36): 474554202f696e6465782e68746d6c202f5c2f5c2f5c2f5c2f5c2f5c2f5c2f5c0d0a0d0a
[2016-10-28 15:48:09,859] [INFO] [base._test_info] -> Current test: 339
[2016-10-28 15:48:09,863] [INFO] [server.transmit] -> request(1044): 474554202f696e6465782e68746d6c202f2e2f2e2f2e2f2e2f2e2f2e2f2e2f2e2f2e2f2e2f2e2f2e2f2e2f2e2f2e2f2e2f2e ...
[2016-10-28 15:48:09,867] [INFO] [base._test_info] -> Current test: 340
[2016-10-28 15:48:09,868] [INFO] [server.transmit] -> request(148): 474554202f696e6465782e68746d6c202f2e2f2e2f2e2f2e2f2e2f2e2f2e2f2e2f2e2f2e2f2e2f2e2f2e2f2e2f2e2f2e2f2e ...
[2016-10-28 15:48:09,870] [INFO] [base._test_info] -> Current test: 341
[2016-10-28 15:48:09,870] [INFO] [server.transmit] -> request(36): 474554202f696e6465782e68746d6c202f2e2f2e2f2e2f2e2f2e2f2e2f2e2f2e0d0a0d0a
[2016-10-28 15:48:09,873] [INFO] [base._test_info] -> Current test: 342
[2016-10-28 15:48:09,873] [INFO] [server.transmit] -> request(49): 474554202f696e6465782e68746d6c202140232425255e2324252324402324252424402324255e5e2a2a2828290d0a0d0a
[2016-10-28 15:48:09,875] [INFO] [base._test_info] -> Current test: 343
[2016-10-28 15:48:09,876] [INFO] [server.transmit] -> request(45): 474554202f696e6465782e68746d6c20253031253032253033253034253061253064253061414453460d0a0d0a
[2016-10-28 15:48:09,879] [INFO] [base._test_info] -> Current test: 344
[2016-10-28 15:48:09,879] [INFO] [server.transmit] -> request(46): 474554202f696e6465782e68746d6c2025303125303225303340253034253061253064253061414453460d0a0d0a
[2016-10-28 15:48:09,881] [INFO] [base._test_info] -> Current test: 345
[2016-10-28 15:48:09,889] [INFO] [server.transmit] -> request(25): 474554202f696e6465782e68746d6c202f2530302f0d0a0d0a
[2016-10-28 15:48:09,896] [INFO] [base._test_info] -> Current test: 346
[2016-10-28 15:48:09,897] [INFO] [server.transmit] -> request(24): 474554202f696e6465782e68746d6c202530302f0d0a0d0a
[2016-10-28 15:48:09,900] [INFO] [base._test_info] -> Current test: 347
[2016-10-28 15:48:09,901] [INFO] [server.transmit] -> request(23): 474554202f696e6465782e68746d6c202530300d0a0d0a
[2016-10-28 15:48:09,903] [INFO] [base._test_info] -> Current test: 348
[2016-10-28 15:48:09,904] [INFO] [server.transmit] -> request(26): 474554202f696e6465782e68746d6c202575303030300d0a0d0a
[2016-10-28 15:48:09,906] [INFO] [base._test_info] -> Current test: 349
[2016-10-28 15:48:09,907] [INFO] [server.transmit] -> request(212): 474554202f696e6465782e68746d6c2025fef02501ff25fef02501ff25fef02501ff25fef02501ff25fef02501ff25fef025 ...
[2016-10-28 15:48:09,910] [INFO] [base._test_info] -> Current test: 350
[2016-10-28 15:48:09,910] [INFO] [server.transmit] -> request(44): 474554202f696e6465782e68746d6c2025fef02501ff25fef02501ff25fef02501ff25fef02501ff0d0a0d0a
[2016-10-28 15:48:09,923] [INFO] [base._test_info] -> Current test: 351
[2016-10-28 15:48:09,924] [INFO] [server.transmit] -> request(32): 474554202f696e6465782e68746d6c20485454502f312e300d0a0d0a0d0a0d0a
[2016-10-28 15:48:09,929] [INFO] [base._test_info] -> Current test: 352
[2016-10-28 15:48:09,930] [INFO] [server.transmit] -> request(64): 474554202f696e6465782e68746d6c20485454502f312e300d0a0d0a0d0a0d0a0d0a0d0a0d0a0d0a0d0a0d0a0d0a0d0a0d0a ...
[2016-10-28 15:48:09,936] [INFO] [base._test_info] -> Current test: 353
[2016-10-28 15:48:09,936] [INFO] [server.transmit] -> request(424): 474554202f696e6465782e68746d6c20485454502f312e300d0a0d0a0d0a0d0a0d0a0d0a0d0a0d0a0d0a0d0a0d0a0d0a0d0a ...
[2016-10-28 15:48:09,951] [INFO] [base._test_info] -> Current test: 354
[2016-10-28 15:48:09,952] [INFO] [server.transmit] -> request(29): 474554202f696e6465782e68746d6c20485454502f312e300d0a0d0afe
[2016-10-28 15:48:09,957] [INFO] [base._test_info] -> Current test: 356
[2016-10-28 15:48:09,958] [INFO] [server.transmit] -> request(29): 474554202f696e6465782e68746d6c20485454502f312e300d0a000d0a
[2016-10-28 15:48:09,961] [INFO] [base._test_info] -> Current test: 357
[2016-10-28 15:48:09,962] [INFO] [server.transmit] -> request(29): 474554202f696e6465782e68746d6c20485454502f312e300d0a0d0a00
[2016-10-28 15:48:09,964] [INFO] [base._test_info] -> Current test: 358
[2016-10-28 15:48:09,965] [INFO] [server.transmit] -> request(28): 474554202f696e6465782e68746d6c20485454502f312e3020202020
[2016-10-28 15:48:09,967] [INFO] [base._test_info] -> Current test: 359
[2016-10-28 15:48:09,968] [INFO] [server.transmit] -> request(28): 474554202f696e6465782e68746d6c20485454502f312e3009090909
[2016-10-28 15:48:09,970] [INFO] [base._test_info] -> Current test: 360
[2016-10-28 15:48:09,970] [INFO] [server.transmit] -> request(28): 474554202f696e6465782e68746d6c20485454502f312e3021212121
[2016-10-28 15:48:09,973] [INFO] [base._test_info] -> Current test: 361
[2016-10-28 15:48:09,980] [INFO] [server.transmit] -> request(28): 474554202f696e6465782e68746d6c20485454502f312e3040404040
[2016-10-28 15:48:09,987] [INFO] [base._test_info] -> Current test: 362
[2016-10-28 15:48:09,987] [INFO] [server.transmit] -> request(28): 474554202f696e6465782e68746d6c20485454502f312e3023232323
[2016-10-28 15:48:09,990] [INFO] [base._test_info] -> Current test: 363
[2016-10-28 15:48:09,991] [INFO] [server.transmit] -> request(28): 474554202f696e6465782e68746d6c20485454502f312e3024242424
[2016-10-28 15:48:09,993] [INFO] [base._test_info] -> Current test: 364
[2016-10-28 15:48:09,993] [INFO] [server.transmit] -> request(28): 474554202f696e6465782e68746d6c20485454502f312e3025252525
[2016-10-28 15:48:09,996] [INFO] [base._test_info] -> Current test: 365
[2016-10-28 15:48:09,996] [INFO] [server.transmit] -> request(28): 474554202f696e6465782e68746d6c20485454502f312e305e5e5e5e
[2016-10-28 15:48:09,998] [INFO] [base._test_info] -> Current test: 366
[2016-10-28 15:48:09,999] [INFO] [server.transmit] -> request(28): 474554202f696e6465782e68746d6c20485454502f312e3026262626
[2016-10-28 15:48:10,001] [INFO] [base._test_info] -> Current test: 367
[2016-10-28 15:48:10,002] [INFO] [server.transmit] -> request(28): 474554202f696e6465782e68746d6c20485454502f312e302a2a2a2a
[2016-10-28 15:48:10,004] [INFO] [base._test_info] -> Current test: 368
[2016-10-28 15:48:10,010] [INFO] [server.transmit] -> request(28): 474554202f696e6465782e68746d6c20485454502f312e3028282828
[2016-10-28 15:48:10,015] [INFO] [base._test_info] -> Current test: 369
[2016-10-28 15:48:10,016] [INFO] [server.transmit] -> request(28): 474554202f696e6465782e68746d6c20485454502f312e3029292929
[2016-10-28 15:48:10,019] [INFO] [base._test_info] -> Current test: 370
[2016-10-28 15:48:10,020] [INFO] [server.transmit] -> request(28): 474554202f696e6465782e68746d6c20485454502f312e302d2d2d2d
[2016-10-28 15:48:10,022] [INFO] [base._test_info] -> Current test: 371
[2016-10-28 15:48:10,023] [INFO] [server.transmit] -> request(28): 474554202f696e6465782e68746d6c20485454502f312e305f5f5f5f
[2016-10-28 15:48:10,025] [INFO] [base._test_info] -> Current test: 372
[2016-10-28 15:48:10,025] [INFO] [server.transmit] -> request(28): 474554202f696e6465782e68746d6c20485454502f312e302b2b2b2b
[2016-10-28 15:48:10,029] [INFO] [base._test_info] -> Current test: 373
[2016-10-28 15:48:10,029] [INFO] [server.transmit] -> request(28): 474554202f696e6465782e68746d6c20485454502f312e303d3d3d3d
[2016-10-28 15:48:10,032] [INFO] [base._test_info] -> Current test: 374
[2016-10-28 15:48:10,032] [INFO] [server.transmit] -> request(28): 474554202f696e6465782e68746d6c20485454502f312e303a3a3a3a
[2016-10-28 15:48:10,035] [INFO] [base._test_info] -> Current test: 375
[2016-10-28 15:48:10,040] [INFO] [server.transmit] -> request(28): 474554202f696e6465782e68746d6c20485454502f312e303b3b3b3b
[2016-10-28 15:48:10,047] [INFO] [base._test_info] -> Current test: 376
[2016-10-28 15:48:10,048] [INFO] [server.transmit] -> request(28): 474554202f696e6465782e68746d6c20485454502f312e3027272727
[2016-10-28 15:48:10,051] [INFO] [base._test_info] -> Current test: 377
[2016-10-28 15:48:10,052] [INFO] [server.transmit] -> request(28): 474554202f696e6465782e68746d6c20485454502f312e3022222222
[2016-10-28 15:48:10,055] [INFO] [base._test_info] -> Current test: 378
[2016-10-28 15:48:10,056] [INFO] [server.transmit] -> request(28): 474554202f696e6465782e68746d6c20485454502f312e302f2f2f2f
[2016-10-28 15:48:10,059] [INFO] [base._test_info] -> Current test: 379
[2016-10-28 15:48:10,060] [INFO] [server.transmit] -> request(28): 474554202f696e6465782e68746d6c20485454502f312e305c5c5c5c
[2016-10-28 15:48:10,063] [INFO] [base._test_info] -> Current test: 380
[2016-10-28 15:48:10,063] [INFO] [server.transmit] -> request(28): 474554202f696e6465782e68746d6c20485454502f312e303f3f3f3f
[2016-10-28 15:48:10,075] [INFO] [base._test_info] -> Current test: 381
[2016-10-28 15:48:10,077] [INFO] [server.transmit] -> request(28): 474554202f696e6465782e68746d6c20485454502f312e303c3c3c3c
[2016-10-28 15:48:10,086] [INFO] [base._test_info] -> Current test: 382
[2016-10-28 15:48:10,086] [INFO] [server.transmit] -> request(28): 474554202f696e6465782e68746d6c20485454502f312e303e3e3e3e
[2016-10-28 15:48:10,090] [INFO] [base._test_info] -> Current test: 383
[2016-10-28 15:48:10,090] [INFO] [server.transmit] -> request(28): 474554202f696e6465782e68746d6c20485454502f312e302e2e2e2e
[2016-10-28 15:48:10,094] [INFO] [base._test_info] -> Current test: 384
[2016-10-28 15:48:10,094] [INFO] [server.transmit] -> request(28): 474554202f696e6465782e68746d6c20485454502f312e302c2c2c2c
[2016-10-28 15:48:10,104] [INFO] [base._test_info] -> Current test: 385
[2016-10-28 15:48:10,105] [INFO] [server.transmit] -> request(28): 474554202f696e6465782e68746d6c20485454502f312e300d0d0d0d
[2016-10-28 15:48:10,111] [INFO] [base._test_info] -> Current test: 386
[2016-10-28 15:48:10,111] [INFO] [server.transmit] -> request(28): 474554202f696e6465782e68746d6c20485454502f312e300a0a0a0a
[2016-10-28 15:48:10,114] [INFO] [base._test_info] -> Current test: 387
[2016-10-28 15:48:10,115] [INFO] [server.transmit] -> request(40): 474554202f696e6465782e68746d6c20485454502f312e300d0a0d0a0d0a0d0a0d0a0d0a0d0a0d0a
[2016-10-28 15:48:10,118] [INFO] [base._test_info] -> Current test: 388
[2016-10-28 15:48:10,118] [INFO] [server.transmit] -> request(48): 474554202f696e6465782e68746d6c20485454502f312e30090d0a090d0a090d0a090d0a090d0a090d0a090d0a090d0a
[2016-10-28 15:48:10,122] [INFO] [base._test_info] -> Current test: 389
[2016-10-28 15:48:10,123] [INFO] [server.transmit] -> request(24): 474554202f696e6465782e68746d6c20485454502f312e30
[2016-10-28 15:48:10,124] [INFO] [base._end_message] -> 
                         --------------------------------------------------
                         Finished fuzzing session
                         Target: TcpTarget

                         Tested 390 mutations
                         Mutation range: 0 to 389
                         Failure count: 0
                         --------------------------------------------------
            
