[2016-10-29 23:51:45,794] [INFO] [base._load_session] -> No session loaded
[2016-10-29 23:51:45,796] [INFO] [graph.hash] -> hash of template HTTP_XSS_01 is 1249740383
[2016-10-29 23:51:45,796] [INFO] [graph.hash] -> hash of template HTTP_XSS_05 is 863127179
[2016-10-29 23:51:45,797] [INFO] [graph.hash] -> hash of template HTTP_XSS_04 is -726737962
[2016-10-29 23:51:45,797] [INFO] [graph.hash] -> hash of template HTTP_GET_01 is -1853148070
[2016-10-29 23:51:45,797] [INFO] [graph.hash] -> hash of template HTTP_XSS_06 is -1777596000
[2016-10-29 23:51:45,798] [INFO] [graph.hash] -> hash of template HTTP_XSS_03 is -345520354
[2016-10-29 23:51:45,798] [INFO] [graph.hash] -> hash of template HTTP_XSS_02 is 1161904698
[2016-10-29 23:51:45,799] [INFO] [graph.hash] -> hash of model is 729608192
[2016-10-29 23:51:45,814] [INFO] [base._start_message] -> 
                 --------------------------------------------------
                 Starting fuzzing session
                 Target: TcpTarget
                 UI: WebInterface listening on localhost:2017
                 Log: ./kittylogs/kitty_20161029-235145.log

                 Total possible mutation count: 3913
                 Fuzzing the mutation range: 0 to 3912
                 --------------------------------------------------
                                 Happy hacking
                 --------------------------------------------------
            
[2016-10-29 23:51:45,816] [INFO] [base.start] -> Performing environment test
[2016-10-29 23:51:45,817] [INFO] [base._test_info] -> Current test: -1
[2016-10-29 23:51:45,818] [INFO] [server.transmit] -> request(28): 474554202f696e6465782e68746d6c20485454502f312e300d0a0d0a
[2016-10-29 23:51:45,819] [INFO] [server._start] -> should keep running? True
[2016-10-29 23:51:45,831] [INFO] [base._test_info] -> Current test: 0
[2016-10-29 23:51:45,833] [INFO] [server.transmit] -> request(39): 474554202f696e6465782e68746d6c2f696e6465782e68746d6c20485454502f312e300d0a0d0a
[2016-10-29 23:51:46,839] [INFO] [base._test_info] -> Current test: 1
[2016-10-29 23:51:46,839] [INFO] [server.transmit] -> request(127): 474554202f696e6465782e68746d6c2f696e6465782e68746d6c2f696e6465782e68746d6c2f696e6465782e68746d6c2f69 ...
[2016-10-29 23:51:46,841] [INFO] [base._test_info] -> Current test: 2
[2016-10-29 23:51:46,841] [INFO] [server.transmit] -> request(1117): 474554202f696e6465782e68746d6c2f696e6465782e68746d6c2f696e6465782e68746d6c2f696e6465782e68746d6c2f69 ...
[2016-10-29 23:51:46,844] [INFO] [base._test_info] -> Current test: 3
[2016-10-29 23:51:46,845] [INFO] [server.transmit] -> request(29): 474554202f696e6465782e68746d6cfe20485454502f312e300d0a0d0a
[2016-10-29 23:51:47,847] [INFO] [base._test_info] -> Current test: 4
[2016-10-29 23:51:47,847] [INFO] [server.transmit] -> request(29): 47455420002f696e6465782e68746d6c20485454502f312e300d0a0d0a
[2016-10-29 23:51:47,849] [INFO] [base._test_info] -> Current test: 5
[2016-10-29 23:51:47,865] [INFO] [server.transmit] -> request(29): 474554202f696e646500782e68746d6c20485454502f312e300d0a0d0a
[2016-10-29 23:51:48,867] [INFO] [base._test_info] -> Current test: 6
[2016-10-29 23:51:48,867] [INFO] [server.transmit] -> request(29): 474554202f696e6465782e68746d6c0020485454502f312e300d0a0d0a
[2016-10-29 23:51:48,869] [INFO] [base._test_info] -> Current test: 7
[2016-10-29 23:51:48,870] [INFO] [server.transmit] -> request(17): 4745542020485454502f312e300d0a0d0a
