[2016-10-29 23:19:23,760] [INFO] [base._load_session] -> No session loaded
[2016-10-29 23:19:23,761] [INFO] [graph.hash] -> hash of template HTTP_XSS_01 is 1249740383
[2016-10-29 23:19:23,761] [INFO] [graph.hash] -> hash of template HTTP_XSS_05 is 198246386
[2016-10-29 23:19:23,761] [INFO] [graph.hash] -> hash of template HTTP_XSS_04 is -726737962
[2016-10-29 23:19:23,762] [INFO] [graph.hash] -> hash of template HTTP_XSS_06 is 665417624
[2016-10-29 23:19:23,762] [INFO] [graph.hash] -> hash of template HTTP_GET_01 is -1853148070
[2016-10-29 23:19:23,762] [INFO] [graph.hash] -> hash of template HTTP_XSS_03 is -345520354
[2016-10-29 23:19:23,762] [INFO] [graph.hash] -> hash of template HTTP_XSS_02 is 1161904698
[2016-10-29 23:19:23,763] [INFO] [graph.hash] -> hash of model is 596771072
[2016-10-29 23:19:23,764] [INFO] [base._start_message] -> 
                 --------------------------------------------------
                 Starting fuzzing session
                 Target: TcpTarget
                 UI: WebInterface listening on localhost:2017
                 Log: ./kittylogs/kitty_20161029-231923.log

                 Total possible mutation count: 4706
                 Fuzzing the mutation range: 0 to 4705
                 --------------------------------------------------
                                 Happy hacking
                 --------------------------------------------------
            
[2016-10-29 23:19:23,765] [INFO] [base.start] -> Performing environment test
[2016-10-29 23:19:23,767] [INFO] [base._test_info] -> Current test: -1
[2016-10-29 23:19:23,768] [INFO] [server.transmit] -> request(28): 474554202f696e6465782e68746d6c20485454502f312e300d0a0d0a
[2016-10-29 23:19:23,777] [INFO] [server._start] -> should keep running? True
[2016-10-29 23:19:23,784] [INFO] [base._test_info] -> Current test: 0
[2016-10-29 23:19:23,795] [INFO] [server.transmit] -> request(39): 474554202f696e6465782e68746d6c2f696e6465782e68746d6c20485454502f312e300d0a0d0a
[2016-10-29 23:19:23,798] [INFO] [base._test_info] -> Current test: 1
[2016-10-29 23:19:23,799] [INFO] [server.transmit] -> request(127): 474554202f696e6465782e68746d6c2f696e6465782e68746d6c2f696e6465782e68746d6c2f696e6465782e68746d6c2f69 ...
[2016-10-29 23:19:23,806] [INFO] [base._test_info] -> Current test: 2
[2016-10-29 23:19:23,806] [INFO] [server.transmit] -> request(1117): 474554202f696e6465782e68746d6c2f696e6465782e68746d6c2f696e6465782e68746d6c2f696e6465782e68746d6c2f69 ...
[2016-10-29 23:19:23,809] [INFO] [base._test_info] -> Current test: 3
[2016-10-29 23:19:23,810] [INFO] [server.transmit] -> request(29): 474554202f696e6465782e68746d6cfe20485454502f312e300d0a0d0a
[2016-10-29 23:19:23,812] [INFO] [base._test_info] -> Current test: 4
[2016-10-29 23:19:23,813] [INFO] [server.transmit] -> request(29): 47455420002f696e6465782e68746d6c20485454502f312e300d0a0d0a
[2016-10-29 23:19:23,815] [INFO] [base._test_info] -> Current test: 5
[2016-10-29 23:19:23,815] [INFO] [server.transmit] -> request(29): 474554202f696e646500782e68746d6c20485454502f312e300d0a0d0a
[2016-10-29 23:19:23,818] [INFO] [base._test_info] -> Current test: 6
[2016-10-29 23:19:23,818] [INFO] [server.transmit] -> request(29): 474554202f696e6465782e68746d6c0020485454502f312e300d0a0d0a
[2016-10-29 23:19:23,821] [INFO] [base._test_info] -> Current test: 7
[2016-10-29 23:19:23,822] [INFO] [server.transmit] -> request(17): 4745542020485454502f312e300d0a0d0a
[2016-10-29 23:19:23,825] [INFO] [base._test_info] -> Current test: 8
[2016-10-29 23:19:23,825] [INFO] [server.transmit] -> request(2065): 4745542025732573257325732573257325732573257325732573257325732573257325732573257325732573257325732573 ...
[2016-10-29 23:19:23,828] [INFO] [base._test_info] -> Current test: 9
[2016-10-29 23:19:23,828] [INFO] [server.transmit] -> request(273): 4745542025732573257325732573257325732573257325732573257325732573257325732573257325732573257325732573 ...
[2016-10-29 23:19:23,838] [INFO] [base._test_info] -> Current test: 10
[2016-10-29 23:19:23,839] [INFO] [server.transmit] -> request(49): 47455420257325732573257325732573257325732573257325732573257325732573257320485454502f312e300d0a0d0a
[2016-10-29 23:19:23,845] [INFO] [base._test_info] -> Current test: 11
[2016-10-29 23:19:23,846] [INFO] [server.transmit] -> request(21): 474554202573257320485454502f312e300d0a0d0a
[2016-10-29 23:19:23,852] [INFO] [base._test_info] -> Current test: 12
[2016-10-29 23:19:23,853] [INFO] [server.transmit] -> request(3089): 4745542025257325257325257325257325257325257325257325257325257325257325257325257325257325257325257325 ...
[2016-10-29 23:19:23,856] [INFO] [base._test_info] -> Current test: 13
[2016-10-29 23:19:23,857] [INFO] [server.transmit] -> request(401): 4745542025257325257325257325257325257325257325257325257325257325257325257325257325257325257325257325 ...
[2016-10-29 23:19:23,859] [INFO] [base._test_info] -> Current test: 14
[2016-10-29 23:19:23,859] [INFO] [server.transmit] -> request(65): 4745542025257325257325257325257325257325257325257325257325257325257325257325257325257325257325257325 ...
[2016-10-29 23:19:23,861] [INFO] [base._test_info] -> Current test: 15
[2016-10-29 23:19:23,861] [INFO] [server.transmit] -> request(23): 4745542025257325257320485454502f312e300d0a0d0a
[2016-10-29 23:19:23,875] [INFO] [base._test_info] -> Current test: 16
[2016-10-29 23:19:23,875] [INFO] [server.transmit] -> request(4113): 4745542022257322222573222225732222257322222573222225732222257322222573222225732222257322222573222225 ...
[2016-10-29 23:19:23,879] [INFO] [base._test_info] -> Current test: 17
[2016-10-29 23:19:23,879] [INFO] [server.transmit] -> request(529): 4745542022257322222573222225732222257322222573222225732222257322222573222225732222257322222573222225 ...
[2016-10-29 23:19:23,881] [INFO] [base._test_info] -> Current test: 18
[2016-10-29 23:19:23,881] [INFO] [server.transmit] -> request(81): 4745542022257322222573222225732222257322222573222225732222257322222573222225732222257322222573222225 ...
[2016-10-29 23:19:23,883] [INFO] [base._test_info] -> Current test: 19
[2016-10-29 23:19:23,883] [INFO] [server.transmit] -> request(25): 47455420222573222225732220485454502f312e300d0a0d0a
[2016-10-29 23:19:23,885] [INFO] [base._test_info] -> Current test: 20
[2016-10-29 23:19:23,885] [INFO] [server.transmit] -> request(2065): 47455420256e256e256e256e256e256e256e256e256e256e256e256e256e256e256e256e256e256e256e256e256e256e256e ...
[2016-10-29 23:19:23,887] [INFO] [base._test_info] -> Current test: 21
[2016-10-29 23:19:23,887] [INFO] [server.transmit] -> request(273): 47455420256e256e256e256e256e256e256e256e256e256e256e256e256e256e256e256e256e256e256e256e256e256e256e ...
[2016-10-29 23:19:23,889] [INFO] [base._test_info] -> Current test: 22
[2016-10-29 23:19:23,890] [INFO] [server.transmit] -> request(49): 47455420256e256e256e256e256e256e256e256e256e256e256e256e256e256e256e256e20485454502f312e300d0a0d0a
[2016-10-29 23:19:23,891] [INFO] [base._test_info] -> Current test: 23
[2016-10-29 23:19:23,892] [INFO] [server.transmit] -> request(21): 47455420256e256e20485454502f312e300d0a0d0a
[2016-10-29 23:19:23,904] [INFO] [base._test_info] -> Current test: 24
[2016-10-29 23:19:23,904] [INFO] [server.transmit] -> request(3089): 4745542025256e25256e25256e25256e25256e25256e25256e25256e25256e25256e25256e25256e25256e25256e25256e25 ...
[2016-10-29 23:19:23,911] [INFO] [base._test_info] -> Current test: 25
[2016-10-29 23:19:23,911] [INFO] [server.transmit] -> request(401): 4745542025256e25256e25256e25256e25256e25256e25256e25256e25256e25256e25256e25256e25256e25256e25256e25 ...
[2016-10-29 23:19:23,917] [INFO] [base._test_info] -> Current test: 26
[2016-10-29 23:19:23,918] [INFO] [server.transmit] -> request(65): 4745542025256e25256e25256e25256e25256e25256e25256e25256e25256e25256e25256e25256e25256e25256e25256e25 ...
[2016-10-29 23:19:23,920] [INFO] [base._test_info] -> Current test: 27
[2016-10-29 23:19:23,920] [INFO] [server.transmit] -> request(23): 4745542025256e25256e20485454502f312e300d0a0d0a
[2016-10-29 23:19:23,922] [INFO] [base._test_info] -> Current test: 28
[2016-10-29 23:19:23,923] [INFO] [server.transmit] -> request(4113): 4745542022256e2222256e2222256e2222256e2222256e2222256e2222256e2222256e2222256e2222256e2222256e222225 ...
[2016-10-29 23:19:23,936] [INFO] [base._test_info] -> Current test: 29
[2016-10-29 23:19:23,936] [INFO] [server.transmit] -> request(529): 4745542022256e2222256e2222256e2222256e2222256e2222256e2222256e2222256e2222256e2222256e2222256e222225 ...
[2016-10-29 23:19:23,940] [INFO] [base._test_info] -> Current test: 30
[2016-10-29 23:19:23,941] [INFO] [server.transmit] -> request(81): 4745542022256e2222256e2222256e2222256e2222256e2222256e2222256e2222256e2222256e2222256e2222256e222225 ...
[2016-10-29 23:19:23,947] [INFO] [base._test_info] -> Current test: 31
[2016-10-29 23:19:23,948] [INFO] [server.transmit] -> request(25): 4745542022256e2222256e2220485454502f312e300d0a0d0a
[2016-10-29 23:19:23,951] [INFO] [base._test_info] -> Current test: 32
[2016-10-29 23:19:23,951] [INFO] [server.transmit] -> request(31): 47455420252e31363730357525325c24686e20485454502f312e300d0a0d0a
[2016-10-29 23:19:23,954] [INFO] [base._test_info] -> Current test: 33
[2016-10-29 23:19:23,962] [INFO] [server.transmit] -> request(2065): 474554200d0a0d0a0d0a0d0a0d0a0d0a0d0a0d0a0d0a0d0a0d0a0d0a0d0a0d0a0d0a0d0a0d0a0d0a0d0a0d0a0d0a0d0a0d0a ...
[2016-10-29 23:19:23,974] [INFO] [base._test_info] -> Current test: 34
[2016-10-29 23:19:23,975] [INFO] [server.transmit] -> request(273): 474554200d0a0d0a0d0a0d0a0d0a0d0a0d0a0d0a0d0a0d0a0d0a0d0a0d0a0d0a0d0a0d0a0d0a0d0a0d0a0d0a0d0a0d0a0d0a ...
[2016-10-29 23:19:24,002] [INFO] [base._test_info] -> Current test: 35
[2016-10-29 23:19:24,002] [INFO] [server.transmit] -> request(49): 474554200d0a0d0a0d0a0d0a0d0a0d0a0d0a0d0a0d0a0d0a0d0a0d0a0d0a0d0a0d0a0d0a20485454502f312e300d0a0d0a
[2016-10-29 23:19:24,007] [INFO] [base._test_info] -> Current test: 36
[2016-10-29 23:19:24,008] [INFO] [server.transmit] -> request(21): 474554200d0a0d0a20485454502f312e300d0a0d0a
[2016-10-29 23:19:24,012] [INFO] [base._test_info] -> Current test: 37
[2016-10-29 23:19:24,012] [INFO] [server.transmit] -> request(1041): 474554200a0a0a0a0a0a0a0a0a0a0a0a0a0a0a0a0a0a0a0a0a0a0a0a0a0a0a0a0a0a0a0a0a0a0a0a0a0a0a0a0a0a0a0a0a0a ...
[2016-10-29 23:19:24,027] [INFO] [base._test_info] -> Current test: 38
[2016-10-29 23:19:24,028] [INFO] [server.transmit] -> request(145): 474554200a0a0a0a0a0a0a0a0a0a0a0a0a0a0a0a0a0a0a0a0a0a0a0a0a0a0a0a0a0a0a0a0a0a0a0a0a0a0a0a0a0a0a0a0a0a ...
[2016-10-29 23:19:24,032] [INFO] [base._test_info] -> Current test: 39
[2016-10-29 23:19:24,033] [INFO] [server.transmit] -> request(33): 474554200a0a0a0a0a0a0a0a0a0a0a0a0a0a0a0a20485454502f312e300d0a0d0a
[2016-10-29 23:19:24,038] [INFO] [base._test_info] -> Current test: 40
[2016-10-29 23:19:24,039] [INFO] [server.transmit] -> request(19): 474554200a0a20485454502f312e300d0a0d0a
[2016-10-29 23:19:24,043] [INFO] [base._test_info] -> Current test: 41
[2016-10-29 23:19:24,043] [INFO] [server.transmit] -> request(4113): 47455420deadbeefdeadbeefdeadbeefdeadbeefdeadbeefdeadbeefdeadbeefdeadbeefdeadbeefdeadbeefdeadbeefdead ...
[2016-10-29 23:19:24,046] [INFO] [base._test_info] -> Current test: 42
[2016-10-29 23:19:24,046] [INFO] [server.transmit] -> request(529): 47455420deadbeefdeadbeefdeadbeefdeadbeefdeadbeefdeadbeefdeadbeefdeadbeefdeadbeefdeadbeefdeadbeefdead ...
[2016-10-29 23:19:24,048] [INFO] [base._test_info] -> Current test: 43
[2016-10-29 23:19:24,048] [INFO] [server.transmit] -> request(81): 47455420deadbeefdeadbeefdeadbeefdeadbeefdeadbeefdeadbeefdeadbeefdeadbeefdeadbeefdeadbeefdeadbeefdead ...
[2016-10-29 23:19:24,050] [INFO] [base._test_info] -> Current test: 44
[2016-10-29 23:19:24,050] [INFO] [server.transmit] -> request(25): 47455420deadbeefdeadbeef20485454502f312e300d0a0d0a
[2016-10-29 23:19:24,063] [INFO] [base._test_info] -> Current test: 45
[2016-10-29 23:19:24,063] [INFO] [server.transmit] -> request(34): 474554207c746f756368202f746d702f4b4954545920485454502f312e300d0a0d0a
[2016-10-29 23:19:24,065] [INFO] [base._test_info] -> Current test: 46
[2016-10-29 23:19:24,067] [INFO] [server.transmit] -> request(35): 474554203b746f756368202f746d702f4b495454593b20485454502f312e300d0a0d0a
[2016-10-29 23:19:24,070] [INFO] [base._test_info] -> Current test: 47
[2016-10-29 23:19:24,073] [INFO] [server.transmit] -> request(31): 474554203b6c733e2f746d702f4b4954545920485454502f312e300d0a0d0a
[2016-10-29 23:19:24,077] [INFO] [base._test_info] -> Current test: 48
[2016-10-29 23:19:24,078] [INFO] [server.transmit] -> request(46): 47455420223b6c733e2f746d702f4b495454593b6c733e2f6465762f6e756c6c2220485454502f312e300d0a0d0a
[2016-10-29 23:19:24,080] [INFO] [base._test_info] -> Current test: 49
[2016-10-29 23:19:24,081] [INFO] [server.transmit] -> request(47): 47455420273b6c733e2f746d702f4b495454593b6c733e272f6465762f6e756c6c2720485454502f312e300d0a0d0a
[2016-10-29 23:19:24,090] [INFO] [base._test_info] -> Current test: 50
[2016-10-29 23:19:24,091] [INFO] [server.transmit] -> request(32): 47455420606c733e2f746d702f4b495454596020485454502f312e300d0a0d0a
[2016-10-29 23:19:24,097] [INFO] [base._test_info] -> Current test: 51
[2016-10-29 23:19:24,098] [INFO] [server.transmit] -> request(33): 4745542020606c733e2f746d702f4b495454596020485454502f312e300d0a0d0a
[2016-10-29 23:19:24,100] [INFO] [base._test_info] -> Current test: 52
[2016-10-29 23:19:24,101] [INFO] [server.transmit] -> request(25): 474554207c6e6f746570616420485454502f312e300d0a0d0a
[2016-10-29 23:19:24,103] [INFO] [base._test_info] -> Current test: 53
[2016-10-29 23:19:24,103] [INFO] [server.transmit] -> request(26): 474554203b6e6f74657061643b20485454502f312e300d0a0d0a
[2016-10-29 23:19:24,106] [INFO] [base._test_info] -> Current test: 54
[2016-10-29 23:19:24,107] [INFO] [server.transmit] -> request(26): 474554200a6e6f74657061640a20485454502f312e300d0a0d0a
[2016-10-29 23:19:24,111] [INFO] [base._test_info] -> Current test: 55
[2016-10-29 23:19:24,112] [INFO] [server.transmit] -> request(28): 4745542027206f7220313d31202d2d20485454502f312e300d0a0d0a
[2016-10-29 23:19:24,125] [INFO] [base._test_info] -> Current test: 56
[2016-10-29 23:19:24,126] [INFO] [server.transmit] -> request(34): 47455420273b20646573632075736572733b202d2d20485454502f312e300d0a0d0a
[2016-10-29 23:19:24,131] [INFO] [base._test_info] -> Current test: 57
[2016-10-29 23:19:24,132] [INFO] [server.transmit] -> request(58): 4745542027206f7220757365726e616d65206973206e6f74204e554c4c206f7220757365726e616d65203d20272048545450 ...
[2016-10-29 23:19:24,136] [INFO] [base._test_info] -> Current test: 58
[2016-10-29 23:19:24,136] [INFO] [server.transmit] -> request(89): 474554203120756e696f6e20616c6c2073656c65637420312c322c332c342c352c362c6e616d652066726f6d207379736f62 ...
[2016-10-29 23:19:24,139] [INFO] [base._test_info] -> Current test: 59
[2016-10-29 23:19:24,140] [INFO] [server.transmit] -> request(28): 4745542060206f72206031603d603120485454502f312e300d0a0d0a
[2016-10-29 23:19:24,142] [INFO] [base._test_info] -> Current test: 60
[2016-10-29 23:19:24,150] [INFO] [server.transmit] -> request(28): 4745542027206f72202731273d273120485454502f312e300d0a0d0a
[2016-10-29 23:19:24,156] [INFO] [base._test_info] -> Current test: 61
[2016-10-29 23:19:24,157] [INFO] [server.transmit] -> request(19): 47455420414120485454502f312e300d0a0d0a
[2016-10-29 23:19:24,159] [INFO] [base._test_info] -> Current test: 62
[2016-10-29 23:19:24,160] [INFO] [server.transmit] -> request(27): 474554204141414141414141414120485454502f312e300d0a0d0a
[2016-10-29 23:19:24,162] [INFO] [base._test_info] -> Current test: 63
[2016-10-29 23:19:24,163] [INFO] [server.transmit] -> request(117): 4745542041414141414141414141414141414141414141414141414141414141414141414141414141414141414141414141 ...
[2016-10-29 23:19:24,165] [INFO] [base._test_info] -> Current test: 64
[2016-10-29 23:19:24,165] [INFO] [server.transmit] -> request(1017): 4745542041414141414141414141414141414141414141414141414141414141414141414141414141414141414141414141 ...
[2016-10-29 23:19:24,168] [INFO] [base._test_info] -> Current test: 65
[2016-10-29 23:19:24,169] [INFO] [server.transmit] -> request(5017): 4745542041414141414141414141414141414141414141414141414141414141414141414141414141414141414141414141 ...
[2016-10-29 23:19:24,172] [INFO] [base._test_info] -> Current test: 66
[2016-10-29 23:19:24,172] [INFO] [server.transmit] -> request(10017): 4745542041414141414141414141414141414141414141414141414141414141414141414141414141414141414141414141 ...
[2016-10-29 23:19:24,179] [INFO] [base._test_info] -> Current test: 67
[2016-10-29 23:19:24,186] [INFO] [server.transmit] -> request(28): 474554202f6574632f70617373776420485454502f312e300d0a0d0a
[2016-10-29 23:19:24,188] [INFO] [base._test_info] -> Current test: 68
[2016-10-29 23:19:24,188] [INFO] [server.transmit] -> request(71): 474554202e2f2e2e2f2e2e2f2e2e2f2e2e2f2e2e2f2e2e2f2e2e2f2e2e2f2e2e2f2e2e2f2e2e2f2e2e2f2e2e2f2e2e2f6574 ...
[2016-10-29 23:19:24,194] [INFO] [base._test_info] -> Current test: 69
[2016-10-29 23:19:24,195] [INFO] [server.transmit] -> request(69): 474554202e2e2f2e2e2f2e2e2f2e2e2f2e2e2f2e2e2f2e2e2f2e2e2f2e2e2f2e2e2f2e2e2f2e2e2f2e2e2f2e2e2f6574632f ...
[2016-10-29 23:19:24,197] [INFO] [base._test_info] -> Current test: 70
[2016-10-29 23:19:24,198] [INFO] [server.transmit] -> request(30): 474554202f70726f632f637075696e666f20485454502f312e300d0a0d0a
[2016-10-29 23:19:24,199] [INFO] [base._test_info] -> Current test: 71
[2016-10-29 23:19:24,200] [INFO] [server.transmit] -> request(73): 474554202e2f2e2e2f2e2e2f2e2e2f2e2e2f2e2e2f2e2e2f2e2e2f2e2e2f2e2e2f2e2e2f2e2e2f2e2e2f2e2e2f2e2e2f7072 ...
[2016-10-29 23:19:24,201] [INFO] [base._test_info] -> Current test: 72
[2016-10-29 23:19:24,202] [INFO] [server.transmit] -> request(71): 474554202e2e2f2e2e2f2e2e2f2e2e2f2e2e2f2e2e2f2e2e2f2e2e2f2e2e2f2e2e2f2e2e2f2e2e2f2e2e2f2e2e2f70726f63 ...
[2016-10-29 23:19:24,203] [INFO] [base._test_info] -> Current test: 73
[2016-10-29 23:19:24,204] [INFO] [server.transmit] -> request(27): 474554207e2f2e70726f66696c6520485454502f312e300d0a0d0a
[2016-10-29 23:19:24,215] [INFO] [base._test_info] -> Current test: 74
[2016-10-29 23:19:24,217] [INFO] [server.transmit] -> request(31): 4745542024484f4d452f2e70726f66696c6520485454502f312e300d0a0d0a
[2016-10-29 23:19:24,222] [INFO] [base._test_info] -> Current test: 75
[2016-10-29 23:19:24,223] [INFO] [server.transmit] -> request(62): 474554202f2e2e2f2e2e2f2e2e2f2e2e2f2e2e2f2e2e2f2e2e2f2e2e2f2e2e2f2e2e2f2e2e2f2e2e2f626f6f742e696e6920 ...
[2016-10-29 23:19:24,226] [INFO] [base._test_info] -> Current test: 76
[2016-10-29 23:19:24,227] [INFO] [server.transmit] -> request(1041): 474554202f5c2f5c2f5c2f5c2f5c2f5c2f5c2f5c2f5c2f5c2f5c2f5c2f5c2f5c2f5c2f5c2f5c2f5c2f5c2f5c2f5c2f5c2f5c ...
[2016-10-29 23:19:24,229] [INFO] [base._test_info] -> Current test: 77
[2016-10-29 23:19:24,230] [INFO] [server.transmit] -> request(145): 474554202f5c2f5c2f5c2f5c2f5c2f5c2f5c2f5c2f5c2f5c2f5c2f5c2f5c2f5c2f5c2f5c2f5c2f5c2f5c2f5c2f5c2f5c2f5c ...
[2016-10-29 23:19:24,232] [INFO] [base._test_info] -> Current test: 78
[2016-10-29 23:19:24,232] [INFO] [server.transmit] -> request(33): 474554202f5c2f5c2f5c2f5c2f5c2f5c2f5c2f5c20485454502f312e300d0a0d0a
[2016-10-29 23:19:24,235] [INFO] [base._test_info] -> Current test: 79
[2016-10-29 23:19:24,243] [INFO] [server.transmit] -> request(1041): 474554202f2e2f2e2f2e2f2e2f2e2f2e2f2e2f2e2f2e2f2e2f2e2f2e2f2e2f2e2f2e2f2e2f2e2f2e2f2e2f2e2f2e2f2e2f2e ...
[2016-10-29 23:19:24,251] [INFO] [base._test_info] -> Current test: 80
[2016-10-29 23:19:24,252] [INFO] [server.transmit] -> request(145): 474554202f2e2f2e2f2e2f2e2f2e2f2e2f2e2f2e2f2e2f2e2f2e2f2e2f2e2f2e2f2e2f2e2f2e2f2e2f2e2f2e2f2e2f2e2f2e ...
[2016-10-29 23:19:24,258] [INFO] [base._test_info] -> Current test: 81
[2016-10-29 23:19:24,263] [INFO] [server.transmit] -> request(33): 474554202f2e2f2e2f2e2f2e2f2e2f2e2f2e2f2e20485454502f312e300d0a0d0a
[2016-10-29 23:19:24,273] [INFO] [base._test_info] -> Current test: 82
[2016-10-29 23:19:24,280] [INFO] [server.transmit] -> request(46): 474554202140232425255e2324252324402324252424402324255e5e2a2a28282920485454502f312e300d0a0d0a
[2016-10-29 23:19:24,288] [INFO] [base._test_info] -> Current test: 83
[2016-10-29 23:19:24,292] [INFO] [server.transmit] -> request(42): 474554202530312530322530332530342530612530642530614144534620485454502f312e300d0a0d0a
[2016-10-29 23:19:24,303] [INFO] [base._test_info] -> Current test: 84
[2016-10-29 23:19:24,305] [INFO] [server.transmit] -> request(43): 47455420253031253032253033402530342530612530642530614144534620485454502f312e300d0a0d0a
[2016-10-29 23:19:24,317] [INFO] [base._test_info] -> Current test: 85
[2016-10-29 23:19:24,323] [INFO] [server.transmit] -> request(22): 474554202f2530302f20485454502f312e300d0a0d0a
[2016-10-29 23:19:24,330] [INFO] [base._test_info] -> Current test: 86
[2016-10-29 23:19:24,332] [INFO] [server.transmit] -> request(21): 474554202530302f20485454502f312e300d0a0d0a
[2016-10-29 23:19:24,351] [INFO] [base._test_info] -> Current test: 87
[2016-10-29 23:19:24,355] [INFO] [server.transmit] -> request(20): 4745542025303020485454502f312e300d0a0d0a
[2016-10-29 23:19:24,357] [INFO] [base._test_info] -> Current test: 88
[2016-10-29 23:19:24,358] [INFO] [server.transmit] -> request(23): 4745542025753030303020485454502f312e300d0a0d0a
[2016-10-29 23:19:24,365] [INFO] [base._test_info] -> Current test: 89
[2016-10-29 23:19:24,369] [INFO] [server.transmit] -> request(209): 4745542025fef02501ff25fef02501ff25fef02501ff25fef02501ff25fef02501ff25fef02501ff25fef02501ff25fef025 ...
[2016-10-29 23:19:24,383] [INFO] [base._test_info] -> Current test: 90
[2016-10-29 23:19:24,384] [INFO] [server.transmit] -> request(41): 4745542025fef02501ff25fef02501ff25fef02501ff25fef02501ff20485454502f312e300d0a0d0a
[2016-10-29 23:19:24,396] [INFO] [base._test_info] -> Current test: 91
[2016-10-29 23:19:24,396] [INFO] [server.transmit] -> request(28): 474554202f696e6465782e68746d6c20485454502f312e300d0a0d0a
[2016-10-29 23:19:24,400] [INFO] [server.transmit] -> request(71): 474554202f696e6465782e68746d6c2f696e6465782e68746d6c223c6469763e3c7363726970743e616c6572742831293b3c ...
[2016-10-29 23:19:24,419] [INFO] [base._test_info] -> Current test: 92
[2016-10-29 23:19:24,420] [INFO] [server.transmit] -> request(28): 474554202f696e6465782e68746d6c20485454502f312e300d0a0d0a
[2016-10-29 23:19:24,421] [INFO] [server.transmit] -> request(159): 474554202f696e6465782e68746d6c2f696e6465782e68746d6c2f696e6465782e68746d6c2f696e6465782e68746d6c2f69 ...
[2016-10-29 23:19:24,431] [INFO] [base._test_info] -> Current test: 93
[2016-10-29 23:19:24,432] [INFO] [server.transmit] -> request(28): 474554202f696e6465782e68746d6c20485454502f312e300d0a0d0a
[2016-10-29 23:19:24,439] [INFO] [server.transmit] -> request(1149): 474554202f696e6465782e68746d6c2f696e6465782e68746d6c2f696e6465782e68746d6c2f696e6465782e68746d6c2f69 ...
[2016-10-29 23:19:24,448] [INFO] [base._test_info] -> Current test: 94
[2016-10-29 23:19:24,450] [INFO] [server.transmit] -> request(28): 474554202f696e6465782e68746d6c20485454502f312e300d0a0d0a
[2016-10-29 23:19:24,455] [INFO] [server.transmit] -> request(61): 474554202f696e6465782e68746d6cfe223c6469763e3c7363726970743e616c6572742831293b3c2f7363726970743e2048 ...
[2016-10-29 23:19:24,458] [INFO] [base._test_info] -> Current test: 95
[2016-10-29 23:19:24,458] [INFO] [server.transmit] -> request(28): 474554202f696e6465782e68746d6c20485454502f312e300d0a0d0a
[2016-10-29 23:19:24,459] [INFO] [server.transmit] -> request(61): 47455420002f696e6465782e68746d6c223c6469763e3c7363726970743e616c6572742831293b3c2f7363726970743e2048 ...
[2016-10-29 23:19:24,472] [INFO] [base._test_info] -> Current test: 96
[2016-10-29 23:19:24,475] [INFO] [server.transmit] -> request(28): 474554202f696e6465782e68746d6c20485454502f312e300d0a0d0a
[2016-10-29 23:19:24,477] [INFO] [server.transmit] -> request(61): 474554202f696e646500782e68746d6c223c6469763e3c7363726970743e616c6572742831293b3c2f7363726970743e2048 ...
[2016-10-29 23:19:24,483] [INFO] [base._test_info] -> Current test: 97
[2016-10-29 23:19:24,484] [INFO] [server.transmit] -> request(28): 474554202f696e6465782e68746d6c20485454502f312e300d0a0d0a
[2016-10-29 23:19:24,485] [INFO] [server.transmit] -> request(61): 474554202f696e6465782e68746d6c00223c6469763e3c7363726970743e616c6572742831293b3c2f7363726970743e2048 ...
[2016-10-29 23:19:24,490] [INFO] [base._test_info] -> Current test: 98
[2016-10-29 23:19:24,491] [INFO] [server.transmit] -> request(28): 474554202f696e6465782e68746d6c20485454502f312e300d0a0d0a
[2016-10-29 23:19:24,493] [INFO] [server.transmit] -> request(49): 47455420223c6469763e3c7363726970743e616c6572742831293b3c2f7363726970743e20485454502f312e300d0a0d0a
[2016-10-29 23:19:24,510] [INFO] [base._test_info] -> Current test: 99
[2016-10-29 23:19:24,510] [INFO] [server.transmit] -> request(28): 474554202f696e6465782e68746d6c20485454502f312e300d0a0d0a
[2016-10-29 23:19:24,514] [INFO] [server.transmit] -> request(2097): 4745542025732573257325732573257325732573257325732573257325732573257325732573257325732573257325732573 ...
[2016-10-29 23:19:24,521] [INFO] [base._test_info] -> Current test: 100
[2016-10-29 23:19:24,522] [INFO] [server.transmit] -> request(28): 474554202f696e6465782e68746d6c20485454502f312e300d0a0d0a
[2016-10-29 23:19:24,534] [INFO] [server.transmit] -> request(305): 4745542025732573257325732573257325732573257325732573257325732573257325732573257325732573257325732573 ...
[2016-10-29 23:19:24,542] [INFO] [base._test_info] -> Current test: 101
[2016-10-29 23:19:24,544] [INFO] [server.transmit] -> request(28): 474554202f696e6465782e68746d6c20485454502f312e300d0a0d0a
[2016-10-29 23:19:24,545] [INFO] [server.transmit] -> request(81): 474554202573257325732573257325732573257325732573257325732573257325732573223c6469763e3c7363726970743e ...
[2016-10-29 23:19:24,564] [INFO] [base._test_info] -> Current test: 102
[2016-10-29 23:19:24,567] [INFO] [server.transmit] -> request(28): 474554202f696e6465782e68746d6c20485454502f312e300d0a0d0a
[2016-10-29 23:19:24,570] [INFO] [server.transmit] -> request(53): 4745542025732573223c6469763e3c7363726970743e616c6572742831293b3c2f7363726970743e20485454502f312e300d ...
[2016-10-29 23:19:24,576] [INFO] [base._test_info] -> Current test: 103
[2016-10-29 23:19:24,583] [INFO] [server.transmit] -> request(28): 474554202f696e6465782e68746d6c20485454502f312e300d0a0d0a
[2016-10-29 23:19:24,591] [INFO] [server.transmit] -> request(3121): 4745542025257325257325257325257325257325257325257325257325257325257325257325257325257325257325257325 ...
[2016-10-29 23:19:24,593] [INFO] [base._test_info] -> Current test: 104
[2016-10-29 23:19:24,594] [INFO] [server.transmit] -> request(28): 474554202f696e6465782e68746d6c20485454502f312e300d0a0d0a
[2016-10-29 23:19:24,599] [INFO] [server.transmit] -> request(433): 4745542025257325257325257325257325257325257325257325257325257325257325257325257325257325257325257325 ...
[2016-10-29 23:19:24,606] [INFO] [base._test_info] -> Current test: 105
[2016-10-29 23:19:24,607] [INFO] [server.transmit] -> request(28): 474554202f696e6465782e68746d6c20485454502f312e300d0a0d0a
[2016-10-29 23:19:24,607] [INFO] [server.transmit] -> request(97): 4745542025257325257325257325257325257325257325257325257325257325257325257325257325257325257325257325 ...
[2016-10-29 23:19:24,612] [INFO] [base._test_info] -> Current test: 106
[2016-10-29 23:19:24,622] [INFO] [server.transmit] -> request(28): 474554202f696e6465782e68746d6c20485454502f312e300d0a0d0a
[2016-10-29 23:19:24,623] [INFO] [server.transmit] -> request(55): 47455420252573252573223c6469763e3c7363726970743e616c6572742831293b3c2f7363726970743e20485454502f312e ...
[2016-10-29 23:19:24,632] [INFO] [base._test_info] -> Current test: 107
[2016-10-29 23:19:24,633] [INFO] [server.transmit] -> request(28): 474554202f696e6465782e68746d6c20485454502f312e300d0a0d0a
[2016-10-29 23:19:24,635] [INFO] [server.transmit] -> request(4145): 4745542022257322222573222225732222257322222573222225732222257322222573222225732222257322222573222225 ...
[2016-10-29 23:19:24,638] [INFO] [base._test_info] -> Current test: 108
[2016-10-29 23:19:24,638] [INFO] [server.transmit] -> request(28): 474554202f696e6465782e68746d6c20485454502f312e300d0a0d0a
[2016-10-29 23:19:24,639] [INFO] [server.transmit] -> request(561): 4745542022257322222573222225732222257322222573222225732222257322222573222225732222257322222573222225 ...
[2016-10-29 23:19:24,644] [INFO] [base._test_info] -> Current test: 109
[2016-10-29 23:19:24,645] [INFO] [server.transmit] -> request(28): 474554202f696e6465782e68746d6c20485454502f312e300d0a0d0a
[2016-10-29 23:19:24,645] [INFO] [server.transmit] -> request(113): 4745542022257322222573222225732222257322222573222225732222257322222573222225732222257322222573222225 ...
[2016-10-29 23:19:24,664] [INFO] [base._test_info] -> Current test: 110
[2016-10-29 23:19:24,667] [INFO] [server.transmit] -> request(28): 474554202f696e6465782e68746d6c20485454502f312e300d0a0d0a
[2016-10-29 23:19:24,668] [INFO] [server.transmit] -> request(57): 474554202225732222257322223c6469763e3c7363726970743e616c6572742831293b3c2f7363726970743e20485454502f ...
[2016-10-29 23:19:24,674] [INFO] [base._test_info] -> Current test: 111
[2016-10-29 23:19:24,675] [INFO] [server.transmit] -> request(28): 474554202f696e6465782e68746d6c20485454502f312e300d0a0d0a
[2016-10-29 23:19:24,683] [INFO] [server.transmit] -> request(2097): 47455420256e256e256e256e256e256e256e256e256e256e256e256e256e256e256e256e256e256e256e256e256e256e256e ...
[2016-10-29 23:19:24,693] [INFO] [base._test_info] -> Current test: 112
[2016-10-29 23:19:24,697] [INFO] [server.transmit] -> request(28): 474554202f696e6465782e68746d6c20485454502f312e300d0a0d0a
[2016-10-29 23:19:24,700] [INFO] [server.transmit] -> request(305): 47455420256e256e256e256e256e256e256e256e256e256e256e256e256e256e256e256e256e256e256e256e256e256e256e ...
[2016-10-29 23:19:24,717] [INFO] [base._test_info] -> Current test: 113
[2016-10-29 23:19:24,717] [INFO] [server.transmit] -> request(28): 474554202f696e6465782e68746d6c20485454502f312e300d0a0d0a
[2016-10-29 23:19:24,719] [INFO] [server.transmit] -> request(81): 47455420256e256e256e256e256e256e256e256e256e256e256e256e256e256e256e256e223c6469763e3c7363726970743e ...
[2016-10-29 23:19:24,728] [INFO] [base._test_info] -> Current test: 114
[2016-10-29 23:19:24,729] [INFO] [server.transmit] -> request(28): 474554202f696e6465782e68746d6c20485454502f312e300d0a0d0a
[2016-10-29 23:19:24,731] [INFO] [server.transmit] -> request(53): 47455420256e256e223c6469763e3c7363726970743e616c6572742831293b3c2f7363726970743e20485454502f312e300d ...
[2016-10-29 23:19:24,737] [INFO] [base._test_info] -> Current test: 115
[2016-10-29 23:19:24,745] [INFO] [server.transmit] -> request(28): 474554202f696e6465782e68746d6c20485454502f312e300d0a0d0a
[2016-10-29 23:19:24,747] [INFO] [server.transmit] -> request(3121): 4745542025256e25256e25256e25256e25256e25256e25256e25256e25256e25256e25256e25256e25256e25256e25256e25 ...
[2016-10-29 23:19:24,759] [INFO] [base._test_info] -> Current test: 116
[2016-10-29 23:19:24,759] [INFO] [server.transmit] -> request(28): 474554202f696e6465782e68746d6c20485454502f312e300d0a0d0a
[2016-10-29 23:19:24,760] [INFO] [server.transmit] -> request(433): 4745542025256e25256e25256e25256e25256e25256e25256e25256e25256e25256e25256e25256e25256e25256e25256e25 ...
[2016-10-29 23:19:24,763] [INFO] [base._test_info] -> Current test: 117
[2016-10-29 23:19:24,765] [INFO] [server.transmit] -> request(28): 474554202f696e6465782e68746d6c20485454502f312e300d0a0d0a
[2016-10-29 23:19:24,766] [INFO] [server.transmit] -> request(97): 4745542025256e25256e25256e25256e25256e25256e25256e25256e25256e25256e25256e25256e25256e25256e25256e25 ...
[2016-10-29 23:19:24,777] [INFO] [base._test_info] -> Current test: 118
[2016-10-29 23:19:24,777] [INFO] [server.transmit] -> request(28): 474554202f696e6465782e68746d6c20485454502f312e300d0a0d0a
[2016-10-29 23:19:24,782] [INFO] [server.transmit] -> request(55): 4745542025256e25256e223c6469763e3c7363726970743e616c6572742831293b3c2f7363726970743e20485454502f312e ...
[2016-10-29 23:19:24,790] [INFO] [base._test_info] -> Current test: 119
[2016-10-29 23:19:24,791] [INFO] [server.transmit] -> request(28): 474554202f696e6465782e68746d6c20485454502f312e300d0a0d0a
[2016-10-29 23:19:24,794] [INFO] [server.transmit] -> request(4145): 4745542022256e2222256e2222256e2222256e2222256e2222256e2222256e2222256e2222256e2222256e2222256e222225 ...
[2016-10-29 23:19:24,811] [INFO] [base._test_info] -> Current test: 120
[2016-10-29 23:19:24,811] [INFO] [server.transmit] -> request(28): 474554202f696e6465782e68746d6c20485454502f312e300d0a0d0a
[2016-10-29 23:19:24,815] [INFO] [server.transmit] -> request(561): 4745542022256e2222256e2222256e2222256e2222256e2222256e2222256e2222256e2222256e2222256e2222256e222225 ...
[2016-10-29 23:19:24,820] [INFO] [base._test_info] -> Current test: 121
[2016-10-29 23:19:24,827] [INFO] [server.transmit] -> request(28): 474554202f696e6465782e68746d6c20485454502f312e300d0a0d0a
[2016-10-29 23:19:24,828] [INFO] [server.transmit] -> request(113): 4745542022256e2222256e2222256e2222256e2222256e2222256e2222256e2222256e2222256e2222256e2222256e222225 ...
[2016-10-29 23:19:24,847] [INFO] [base._test_info] -> Current test: 122
[2016-10-29 23:19:24,848] [INFO] [server.transmit] -> request(28): 474554202f696e6465782e68746d6c20485454502f312e300d0a0d0a
[2016-10-29 23:19:24,848] [INFO] [server.transmit] -> request(57): 4745542022256e2222256e22223c6469763e3c7363726970743e616c6572742831293b3c2f7363726970743e20485454502f ...
[2016-10-29 23:19:24,856] [INFO] [base._test_info] -> Current test: 123
[2016-10-29 23:19:24,858] [INFO] [server.transmit] -> request(28): 474554202f696e6465782e68746d6c20485454502f312e300d0a0d0a
[2016-10-29 23:19:24,862] [INFO] [server.transmit] -> request(63): 47455420252e31363730357525325c24686e223c6469763e3c7363726970743e616c6572742831293b3c2f7363726970743e ...
[2016-10-29 23:19:24,873] [INFO] [base._test_info] -> Current test: 124
[2016-10-29 23:19:24,881] [INFO] [server.transmit] -> request(28): 474554202f696e6465782e68746d6c20485454502f312e300d0a0d0a
[2016-10-29 23:19:24,882] [INFO] [server.transmit] -> request(2097): 474554200d0a0d0a0d0a0d0a0d0a0d0a0d0a0d0a0d0a0d0a0d0a0d0a0d0a0d0a0d0a0d0a0d0a0d0a0d0a0d0a0d0a0d0a0d0a ...
[2016-10-29 23:19:24,900] [INFO] [base._test_info] -> Current test: 125
[2016-10-29 23:19:24,904] [INFO] [server.transmit] -> request(28): 474554202f696e6465782e68746d6c20485454502f312e300d0a0d0a
[2016-10-29 23:19:24,905] [INFO] [server.transmit] -> request(305): 474554200d0a0d0a0d0a0d0a0d0a0d0a0d0a0d0a0d0a0d0a0d0a0d0a0d0a0d0a0d0a0d0a0d0a0d0a0d0a0d0a0d0a0d0a0d0a ...
[2016-10-29 23:19:24,912] [INFO] [base._test_info] -> Current test: 126
[2016-10-29 23:19:24,912] [INFO] [server.transmit] -> request(28): 474554202f696e6465782e68746d6c20485454502f312e300d0a0d0a
[2016-10-29 23:19:24,915] [INFO] [server.transmit] -> request(81): 474554200d0a0d0a0d0a0d0a0d0a0d0a0d0a0d0a0d0a0d0a0d0a0d0a0d0a0d0a0d0a0d0a223c6469763e3c7363726970743e ...
[2016-10-29 23:19:24,931] [INFO] [base._test_info] -> Current test: 127
[2016-10-29 23:19:24,932] [INFO] [server.transmit] -> request(28): 474554202f696e6465782e68746d6c20485454502f312e300d0a0d0a
[2016-10-29 23:19:24,936] [INFO] [server.transmit] -> request(53): 474554200d0a0d0a223c6469763e3c7363726970743e616c6572742831293b3c2f7363726970743e20485454502f312e300d ...
[2016-10-29 23:19:24,947] [INFO] [base._test_info] -> Current test: 128
[2016-10-29 23:19:24,948] [INFO] [server.transmit] -> request(28): 474554202f696e6465782e68746d6c20485454502f312e300d0a0d0a
[2016-10-29 23:19:24,949] [INFO] [server.transmit] -> request(1073): 474554200a0a0a0a0a0a0a0a0a0a0a0a0a0a0a0a0a0a0a0a0a0a0a0a0a0a0a0a0a0a0a0a0a0a0a0a0a0a0a0a0a0a0a0a0a0a ...
[2016-10-29 23:19:24,971] [INFO] [base._test_info] -> Current test: 129
[2016-10-29 23:19:24,971] [INFO] [server.transmit] -> request(28): 474554202f696e6465782e68746d6c20485454502f312e300d0a0d0a
[2016-10-29 23:19:24,978] [INFO] [server.transmit] -> request(177): 474554200a0a0a0a0a0a0a0a0a0a0a0a0a0a0a0a0a0a0a0a0a0a0a0a0a0a0a0a0a0a0a0a0a0a0a0a0a0a0a0a0a0a0a0a0a0a ...
[2016-10-29 23:19:24,987] [INFO] [base._test_info] -> Current test: 130
[2016-10-29 23:19:24,990] [INFO] [server.transmit] -> request(28): 474554202f696e6465782e68746d6c20485454502f312e300d0a0d0a
[2016-10-29 23:19:24,991] [INFO] [server.transmit] -> request(65): 474554200a0a0a0a0a0a0a0a0a0a0a0a0a0a0a0a223c6469763e3c7363726970743e616c6572742831293b3c2f7363726970 ...
[2016-10-29 23:19:24,997] [INFO] [base._test_info] -> Current test: 131
[2016-10-29 23:19:24,998] [INFO] [server.transmit] -> request(28): 474554202f696e6465782e68746d6c20485454502f312e300d0a0d0a
[2016-10-29 23:19:25,001] [INFO] [server.transmit] -> request(51): 474554200a0a223c6469763e3c7363726970743e616c6572742831293b3c2f7363726970743e20485454502f312e300d0a0d ...
[2016-10-29 23:19:25,009] [INFO] [base._test_info] -> Current test: 132
[2016-10-29 23:19:25,009] [INFO] [server.transmit] -> request(28): 474554202f696e6465782e68746d6c20485454502f312e300d0a0d0a
[2016-10-29 23:19:25,019] [INFO] [server.transmit] -> request(4145): 47455420deadbeefdeadbeefdeadbeefdeadbeefdeadbeefdeadbeefdeadbeefdeadbeefdeadbeefdeadbeefdeadbeefdead ...
[2016-10-29 23:19:25,030] [INFO] [base._test_info] -> Current test: 133
[2016-10-29 23:19:25,031] [INFO] [server.transmit] -> request(28): 474554202f696e6465782e68746d6c20485454502f312e300d0a0d0a
[2016-10-29 23:19:25,032] [INFO] [server.transmit] -> request(561): 47455420deadbeefdeadbeefdeadbeefdeadbeefdeadbeefdeadbeefdeadbeefdeadbeefdeadbeefdeadbeefdeadbeefdead ...
[2016-10-29 23:19:25,039] [INFO] [base._test_info] -> Current test: 134
[2016-10-29 23:19:25,039] [INFO] [server.transmit] -> request(28): 474554202f696e6465782e68746d6c20485454502f312e300d0a0d0a
[2016-10-29 23:19:25,039] [INFO] [server.transmit] -> request(113): 47455420deadbeefdeadbeefdeadbeefdeadbeefdeadbeefdeadbeefdeadbeefdeadbeefdeadbeefdeadbeefdeadbeefdead ...
[2016-10-29 23:19:25,053] [INFO] [base._test_info] -> Current test: 135
[2016-10-29 23:19:25,053] [INFO] [server.transmit] -> request(28): 474554202f696e6465782e68746d6c20485454502f312e300d0a0d0a
[2016-10-29 23:19:25,056] [INFO] [server.transmit] -> request(57): 47455420deadbeefdeadbeef223c6469763e3c7363726970743e616c6572742831293b3c2f7363726970743e20485454502f ...
[2016-10-29 23:19:25,065] [INFO] [base._test_info] -> Current test: 136
[2016-10-29 23:19:25,066] [INFO] [server.transmit] -> request(28): 474554202f696e6465782e68746d6c20485454502f312e300d0a0d0a
[2016-10-29 23:19:25,069] [INFO] [server.transmit] -> request(66): 474554207c746f756368202f746d702f4b49545459223c6469763e3c7363726970743e616c6572742831293b3c2f73637269 ...
[2016-10-29 23:19:25,082] [INFO] [base._test_info] -> Current test: 137
[2016-10-29 23:19:25,086] [INFO] [server.transmit] -> request(28): 474554202f696e6465782e68746d6c20485454502f312e300d0a0d0a
[2016-10-29 23:19:25,090] [INFO] [server.transmit] -> request(67): 474554203b746f756368202f746d702f4b495454593b223c6469763e3c7363726970743e616c6572742831293b3c2f736372 ...
[2016-10-29 23:19:25,095] [INFO] [base._test_info] -> Current test: 138
[2016-10-29 23:19:25,099] [INFO] [server.transmit] -> request(28): 474554202f696e6465782e68746d6c20485454502f312e300d0a0d0a
[2016-10-29 23:19:25,100] [INFO] [server.transmit] -> request(63): 474554203b6c733e2f746d702f4b49545459223c6469763e3c7363726970743e616c6572742831293b3c2f7363726970743e ...
[2016-10-29 23:19:25,111] [INFO] [base._test_info] -> Current test: 139
[2016-10-29 23:19:25,112] [INFO] [server.transmit] -> request(28): 474554202f696e6465782e68746d6c20485454502f312e300d0a0d0a
[2016-10-29 23:19:25,116] [INFO] [server.transmit] -> request(78): 47455420223b6c733e2f746d702f4b495454593b6c733e2f6465762f6e756c6c22223c6469763e3c7363726970743e616c65 ...
[2016-10-29 23:19:25,125] [INFO] [base._test_info] -> Current test: 140
[2016-10-29 23:19:25,127] [INFO] [server.transmit] -> request(28): 474554202f696e6465782e68746d6c20485454502f312e300d0a0d0a
[2016-10-29 23:19:25,129] [INFO] [server.transmit] -> request(79): 47455420273b6c733e2f746d702f4b495454593b6c733e272f6465762f6e756c6c27223c6469763e3c7363726970743e616c ...
[2016-10-29 23:19:25,141] [INFO] [base._test_info] -> Current test: 141
[2016-10-29 23:19:25,142] [INFO] [server.transmit] -> request(28): 474554202f696e6465782e68746d6c20485454502f312e300d0a0d0a
[2016-10-29 23:19:25,145] [INFO] [server.transmit] -> request(64): 47455420606c733e2f746d702f4b4954545960223c6469763e3c7363726970743e616c6572742831293b3c2f736372697074 ...
[2016-10-29 23:19:25,152] [INFO] [base._test_info] -> Current test: 142
[2016-10-29 23:19:25,153] [INFO] [server.transmit] -> request(28): 474554202f696e6465782e68746d6c20485454502f312e300d0a0d0a
[2016-10-29 23:19:25,156] [INFO] [server.transmit] -> request(65): 4745542020606c733e2f746d702f4b4954545960223c6469763e3c7363726970743e616c6572742831293b3c2f7363726970 ...
[2016-10-29 23:19:25,160] [INFO] [base._test_info] -> Current test: 143
[2016-10-29 23:19:25,163] [INFO] [server.transmit] -> request(28): 474554202f696e6465782e68746d6c20485454502f312e300d0a0d0a
[2016-10-29 23:19:25,171] [INFO] [server.transmit] -> request(57): 474554207c6e6f7465706164223c6469763e3c7363726970743e616c6572742831293b3c2f7363726970743e20485454502f ...
[2016-10-29 23:19:25,179] [INFO] [base._test_info] -> Current test: 144
[2016-10-29 23:19:25,182] [INFO] [server.transmit] -> request(28): 474554202f696e6465782e68746d6c20485454502f312e300d0a0d0a
[2016-10-29 23:19:25,183] [INFO] [server.transmit] -> request(58): 474554203b6e6f74657061643b223c6469763e3c7363726970743e616c6572742831293b3c2f7363726970743e2048545450 ...
[2016-10-29 23:19:25,185] [INFO] [base._test_info] -> Current test: 145
[2016-10-29 23:19:25,186] [INFO] [server.transmit] -> request(28): 474554202f696e6465782e68746d6c20485454502f312e300d0a0d0a
[2016-10-29 23:19:25,189] [INFO] [server.transmit] -> request(58): 474554200a6e6f74657061640a223c6469763e3c7363726970743e616c6572742831293b3c2f7363726970743e2048545450 ...
[2016-10-29 23:19:25,205] [INFO] [base._test_info] -> Current test: 146
[2016-10-29 23:19:25,205] [INFO] [server.transmit] -> request(28): 474554202f696e6465782e68746d6c20485454502f312e300d0a0d0a
[2016-10-29 23:19:25,206] [INFO] [server.transmit] -> request(60): 4745542027206f7220313d31202d2d223c6469763e3c7363726970743e616c6572742831293b3c2f7363726970743e204854 ...
[2016-10-29 23:19:25,218] [INFO] [base._test_info] -> Current test: 147
[2016-10-29 23:19:25,218] [INFO] [server.transmit] -> request(28): 474554202f696e6465782e68746d6c20485454502f312e300d0a0d0a
[2016-10-29 23:19:25,219] [INFO] [server.transmit] -> request(66): 47455420273b20646573632075736572733b202d2d223c6469763e3c7363726970743e616c6572742831293b3c2f73637269 ...
[2016-10-29 23:19:25,223] [INFO] [base._test_info] -> Current test: 148
[2016-10-29 23:19:25,224] [INFO] [server.transmit] -> request(28): 474554202f696e6465782e68746d6c20485454502f312e300d0a0d0a
[2016-10-29 23:19:25,234] [INFO] [server.transmit] -> request(90): 4745542027206f7220757365726e616d65206973206e6f74204e554c4c206f7220757365726e616d65203d2027223c646976 ...
[2016-10-29 23:19:25,247] [INFO] [base._test_info] -> Current test: 149
[2016-10-29 23:19:25,249] [INFO] [server.transmit] -> request(28): 474554202f696e6465782e68746d6c20485454502f312e300d0a0d0a
[2016-10-29 23:19:25,253] [INFO] [server.transmit] -> request(121): 474554203120756e696f6e20616c6c2073656c65637420312c322c332c342c352c362c6e616d652066726f6d207379736f62 ...
[2016-10-29 23:19:25,269] [INFO] [base._test_info] -> Current test: 150
[2016-10-29 23:19:25,270] [INFO] [server.transmit] -> request(28): 474554202f696e6465782e68746d6c20485454502f312e300d0a0d0a
[2016-10-29 23:19:25,274] [INFO] [server.transmit] -> request(60): 4745542060206f72206031603d6031223c6469763e3c7363726970743e616c6572742831293b3c2f7363726970743e204854 ...
[2016-10-29 23:19:25,281] [INFO] [base._test_info] -> Current test: 151
[2016-10-29 23:19:25,282] [INFO] [server.transmit] -> request(28): 474554202f696e6465782e68746d6c20485454502f312e300d0a0d0a
[2016-10-29 23:19:25,283] [INFO] [server.transmit] -> request(60): 4745542027206f72202731273d2731223c6469763e3c7363726970743e616c6572742831293b3c2f7363726970743e204854 ...
[2016-10-29 23:19:25,297] [INFO] [base._test_info] -> Current test: 152
[2016-10-29 23:19:25,298] [INFO] [server.transmit] -> request(28): 474554202f696e6465782e68746d6c20485454502f312e300d0a0d0a
[2016-10-29 23:19:25,299] [INFO] [server.transmit] -> request(51): 474554204141223c6469763e3c7363726970743e616c6572742831293b3c2f7363726970743e20485454502f312e300d0a0d ...
[2016-10-29 23:19:25,308] [INFO] [base._test_info] -> Current test: 153
[2016-10-29 23:19:25,309] [INFO] [server.transmit] -> request(28): 474554202f696e6465782e68746d6c20485454502f312e300d0a0d0a
[2016-10-29 23:19:25,311] [INFO] [server.transmit] -> request(59): 4745542041414141414141414141223c6469763e3c7363726970743e616c6572742831293b3c2f7363726970743e20485454 ...
[2016-10-29 23:19:25,315] [INFO] [base._test_info] -> Current test: 154
[2016-10-29 23:19:25,315] [INFO] [server.transmit] -> request(28): 474554202f696e6465782e68746d6c20485454502f312e300d0a0d0a
[2016-10-29 23:19:25,325] [INFO] [server.transmit] -> request(149): 4745542041414141414141414141414141414141414141414141414141414141414141414141414141414141414141414141 ...
[2016-10-29 23:19:25,332] [INFO] [base._test_info] -> Current test: 155
[2016-10-29 23:19:25,336] [INFO] [server.transmit] -> request(28): 474554202f696e6465782e68746d6c20485454502f312e300d0a0d0a
[2016-10-29 23:19:25,337] [INFO] [server.transmit] -> request(1049): 4745542041414141414141414141414141414141414141414141414141414141414141414141414141414141414141414141 ...
[2016-10-29 23:19:25,342] [INFO] [base._test_info] -> Current test: 156
[2016-10-29 23:19:25,347] [INFO] [server.transmit] -> request(28): 474554202f696e6465782e68746d6c20485454502f312e300d0a0d0a
[2016-10-29 23:19:25,355] [INFO] [server.transmit] -> request(5049): 4745542041414141414141414141414141414141414141414141414141414141414141414141414141414141414141414141 ...
[2016-10-29 23:19:25,362] [INFO] [base._test_info] -> Current test: 157
[2016-10-29 23:19:25,366] [INFO] [server.transmit] -> request(28): 474554202f696e6465782e68746d6c20485454502f312e300d0a0d0a
[2016-10-29 23:19:25,369] [INFO] [server.transmit] -> request(10049): 4745542041414141414141414141414141414141414141414141414141414141414141414141414141414141414141414141 ...
[2016-10-29 23:19:25,378] [INFO] [base._test_info] -> Current test: 158
[2016-10-29 23:19:25,378] [INFO] [server.transmit] -> request(28): 474554202f696e6465782e68746d6c20485454502f312e300d0a0d0a
[2016-10-29 23:19:25,381] [INFO] [server.transmit] -> request(60): 474554202f6574632f706173737764223c6469763e3c7363726970743e616c6572742831293b3c2f7363726970743e204854 ...
[2016-10-29 23:19:25,398] [INFO] [base._test_info] -> Current test: 159
[2016-10-29 23:19:25,399] [INFO] [server.transmit] -> request(28): 474554202f696e6465782e68746d6c20485454502f312e300d0a0d0a
[2016-10-29 23:19:25,399] [INFO] [server.transmit] -> request(103): 474554202e2f2e2e2f2e2e2f2e2e2f2e2e2f2e2e2f2e2e2f2e2e2f2e2e2f2e2e2f2e2e2f2e2e2f2e2e2f2e2e2f2e2e2f6574 ...
[2016-10-29 23:19:25,413] [INFO] [base._test_info] -> Current test: 160
[2016-10-29 23:19:25,414] [INFO] [server.transmit] -> request(28): 474554202f696e6465782e68746d6c20485454502f312e300d0a0d0a
[2016-10-29 23:19:25,417] [INFO] [server.transmit] -> request(101): 474554202e2e2f2e2e2f2e2e2f2e2e2f2e2e2f2e2e2f2e2e2f2e2e2f2e2e2f2e2e2f2e2e2f2e2e2f2e2e2f2e2e2f6574632f ...
[2016-10-29 23:19:25,428] [INFO] [base._test_info] -> Current test: 161
[2016-10-29 23:19:25,429] [INFO] [server.transmit] -> request(28): 474554202f696e6465782e68746d6c20485454502f312e300d0a0d0a
[2016-10-29 23:19:25,433] [INFO] [server.transmit] -> request(62): 474554202f70726f632f637075696e666f223c6469763e3c7363726970743e616c6572742831293b3c2f7363726970743e20 ...
[2016-10-29 23:19:25,438] [INFO] [base._test_info] -> Current test: 162
[2016-10-29 23:19:25,439] [INFO] [server.transmit] -> request(28): 474554202f696e6465782e68746d6c20485454502f312e300d0a0d0a
[2016-10-29 23:19:25,448] [INFO] [server.transmit] -> request(105): 474554202e2f2e2e2f2e2e2f2e2e2f2e2e2f2e2e2f2e2e2f2e2e2f2e2e2f2e2e2f2e2e2f2e2e2f2e2e2f2e2e2f2e2e2f7072 ...
[2016-10-29 23:19:25,456] [INFO] [base._test_info] -> Current test: 163
[2016-10-29 23:19:25,457] [INFO] [server.transmit] -> request(28): 474554202f696e6465782e68746d6c20485454502f312e300d0a0d0a
[2016-10-29 23:19:25,459] [INFO] [server.transmit] -> request(103): 474554202e2e2f2e2e2f2e2e2f2e2e2f2e2e2f2e2e2f2e2e2f2e2e2f2e2e2f2e2e2f2e2e2f2e2e2f2e2e2f2e2e2f70726f63 ...
[2016-10-29 23:19:25,464] [INFO] [base._test_info] -> Current test: 164
[2016-10-29 23:19:25,464] [INFO] [server.transmit] -> request(28): 474554202f696e6465782e68746d6c20485454502f312e300d0a0d0a
[2016-10-29 23:19:25,467] [INFO] [server.transmit] -> request(59): 474554207e2f2e70726f66696c65223c6469763e3c7363726970743e616c6572742831293b3c2f7363726970743e20485454 ...
[2016-10-29 23:19:25,471] [INFO] [base._test_info] -> Current test: 165
[2016-10-29 23:19:25,479] [INFO] [server.transmit] -> request(28): 474554202f696e6465782e68746d6c20485454502f312e300d0a0d0a
[2016-10-29 23:19:25,481] [INFO] [server.transmit] -> request(63): 4745542024484f4d452f2e70726f66696c65223c6469763e3c7363726970743e616c6572742831293b3c2f7363726970743e ...
[2016-10-29 23:19:25,490] [INFO] [base._test_info] -> Current test: 166
[2016-10-29 23:19:25,491] [INFO] [server.transmit] -> request(28): 474554202f696e6465782e68746d6c20485454502f312e300d0a0d0a
[2016-10-29 23:19:25,493] [INFO] [server.transmit] -> request(94): 474554202f2e2e2f2e2e2f2e2e2f2e2e2f2e2e2f2e2e2f2e2e2f2e2e2f2e2e2f2e2e2f2e2e2f2e2e2f626f6f742e696e6922 ...
[2016-10-29 23:19:25,499] [INFO] [base._test_info] -> Current test: 167
[2016-10-29 23:19:25,509] [INFO] [server.transmit] -> request(28): 474554202f696e6465782e68746d6c20485454502f312e300d0a0d0a
[2016-10-29 23:19:25,511] [INFO] [server.transmit] -> request(1073): 474554202f5c2f5c2f5c2f5c2f5c2f5c2f5c2f5c2f5c2f5c2f5c2f5c2f5c2f5c2f5c2f5c2f5c2f5c2f5c2f5c2f5c2f5c2f5c ...
[2016-10-29 23:19:25,521] [INFO] [base._test_info] -> Current test: 168
[2016-10-29 23:19:25,522] [INFO] [server.transmit] -> request(28): 474554202f696e6465782e68746d6c20485454502f312e300d0a0d0a
[2016-10-29 23:19:25,525] [INFO] [server.transmit] -> request(177): 474554202f5c2f5c2f5c2f5c2f5c2f5c2f5c2f5c2f5c2f5c2f5c2f5c2f5c2f5c2f5c2f5c2f5c2f5c2f5c2f5c2f5c2f5c2f5c ...
[2016-10-29 23:19:25,541] [INFO] [base._test_info] -> Current test: 169
[2016-10-29 23:19:25,541] [INFO] [server.transmit] -> request(28): 474554202f696e6465782e68746d6c20485454502f312e300d0a0d0a
[2016-10-29 23:19:25,542] [INFO] [server.transmit] -> request(65): 474554202f5c2f5c2f5c2f5c2f5c2f5c2f5c2f5c223c6469763e3c7363726970743e616c6572742831293b3c2f7363726970 ...
[2016-10-29 23:19:25,554] [INFO] [base._test_info] -> Current test: 170
[2016-10-29 23:19:25,554] [INFO] [server.transmit] -> request(28): 474554202f696e6465782e68746d6c20485454502f312e300d0a0d0a
[2016-10-29 23:19:25,556] [INFO] [server.transmit] -> request(1073): 474554202f2e2f2e2f2e2f2e2f2e2f2e2f2e2f2e2f2e2f2e2f2e2f2e2f2e2f2e2f2e2f2e2f2e2f2e2f2e2f2e2f2e2f2e2f2e ...
[2016-10-29 23:19:25,561] [INFO] [base._test_info] -> Current test: 171
[2016-10-29 23:19:25,562] [INFO] [server.transmit] -> request(28): 474554202f696e6465782e68746d6c20485454502f312e300d0a0d0a
[2016-10-29 23:19:25,575] [INFO] [server.transmit] -> request(177): 474554202f2e2f2e2f2e2f2e2f2e2f2e2f2e2f2e2f2e2f2e2f2e2f2e2f2e2f2e2f2e2f2e2f2e2f2e2f2e2f2e2f2e2f2e2f2e ...
[2016-10-29 23:19:25,580] [INFO] [base._test_info] -> Current test: 172
[2016-10-29 23:19:25,581] [INFO] [server.transmit] -> request(28): 474554202f696e6465782e68746d6c20485454502f312e300d0a0d0a
[2016-10-29 23:19:25,586] [INFO] [server.transmit] -> request(65): 474554202f2e2f2e2f2e2f2e2f2e2f2e2f2e2f2e223c6469763e3c7363726970743e616c6572742831293b3c2f7363726970 ...
[2016-10-29 23:19:25,594] [INFO] [base._test_info] -> Current test: 173
[2016-10-29 23:19:25,602] [INFO] [server.transmit] -> request(28): 474554202f696e6465782e68746d6c20485454502f312e300d0a0d0a
[2016-10-29 23:19:25,603] [INFO] [server.transmit] -> request(78): 474554202140232425255e2324252324402324252424402324255e5e2a2a282829223c6469763e3c7363726970743e616c65 ...
[2016-10-29 23:19:25,613] [INFO] [base._test_info] -> Current test: 174
[2016-10-29 23:19:25,614] [INFO] [server.transmit] -> request(28): 474554202f696e6465782e68746d6c20485454502f312e300d0a0d0a
[2016-10-29 23:19:25,616] [INFO] [server.transmit] -> request(74): 4745542025303125303225303325303425306125306425306141445346223c6469763e3c7363726970743e616c6572742831 ...
[2016-10-29 23:19:25,636] [INFO] [base._test_info] -> Current test: 175
[2016-10-29 23:19:25,643] [INFO] [server.transmit] -> request(28): 474554202f696e6465782e68746d6c20485454502f312e300d0a0d0a
[2016-10-29 23:19:25,644] [INFO] [server.transmit] -> request(75): 474554202530312530322530334025303425306125306425306141445346223c6469763e3c7363726970743e616c65727428 ...
[2016-10-29 23:19:25,646] [INFO] [base._test_info] -> Current test: 176
[2016-10-29 23:19:25,647] [INFO] [server.transmit] -> request(28): 474554202f696e6465782e68746d6c20485454502f312e300d0a0d0a
[2016-10-29 23:19:25,649] [INFO] [server.transmit] -> request(54): 474554202f2530302f223c6469763e3c7363726970743e616c6572742831293b3c2f7363726970743e20485454502f312e30 ...
[2016-10-29 23:19:25,654] [INFO] [base._test_info] -> Current test: 177
[2016-10-29 23:19:25,663] [INFO] [server.transmit] -> request(28): 474554202f696e6465782e68746d6c20485454502f312e300d0a0d0a
[2016-10-29 23:19:25,669] [INFO] [server.transmit] -> request(53): 474554202530302f223c6469763e3c7363726970743e616c6572742831293b3c2f7363726970743e20485454502f312e300d ...
[2016-10-29 23:19:25,680] [INFO] [base._test_info] -> Current test: 178
[2016-10-29 23:19:25,684] [INFO] [server.transmit] -> request(28): 474554202f696e6465782e68746d6c20485454502f312e300d0a0d0a
[2016-10-29 23:19:25,685] [INFO] [server.transmit] -> request(52): 47455420253030223c6469763e3c7363726970743e616c6572742831293b3c2f7363726970743e20485454502f312e300d0a ...
[2016-10-29 23:19:25,697] [INFO] [base._test_info] -> Current test: 179
[2016-10-29 23:19:25,699] [INFO] [server.transmit] -> request(28): 474554202f696e6465782e68746d6c20485454502f312e300d0a0d0a
[2016-10-29 23:19:25,702] [INFO] [server.transmit] -> request(55): 47455420257530303030223c6469763e3c7363726970743e616c6572742831293b3c2f7363726970743e20485454502f312e ...
[2016-10-29 23:19:25,709] [INFO] [base._test_info] -> Current test: 180
[2016-10-29 23:19:25,709] [INFO] [server.transmit] -> request(28): 474554202f696e6465782e68746d6c20485454502f312e300d0a0d0a
[2016-10-29 23:19:25,710] [INFO] [server.transmit] -> request(241): 4745542025fef02501ff25fef02501ff25fef02501ff25fef02501ff25fef02501ff25fef02501ff25fef02501ff25fef025 ...
[2016-10-29 23:19:25,730] [INFO] [base._test_info] -> Current test: 181
[2016-10-29 23:19:25,731] [INFO] [server.transmit] -> request(28): 474554202f696e6465782e68746d6c20485454502f312e300d0a0d0a
[2016-10-29 23:19:25,731] [INFO] [server.transmit] -> request(73): 4745542025fef02501ff25fef02501ff25fef02501ff25fef02501ff223c6469763e3c7363726970743e616c657274283129 ...
[2016-10-29 23:19:25,739] [INFO] [base._test_info] -> Current test: 182
[2016-10-29 23:19:25,742] [INFO] [server.transmit] -> request(28): 474554202f696e6465782e68746d6c20485454502f312e300d0a0d0a
[2016-10-29 23:19:25,743] [INFO] [server.transmit] -> request(92): 474554202f696e6465782e68746d6c223c6469763e3c7363726970743e616c6572742831293b3c2f7363726970743e223c64 ...
[2016-10-29 23:19:25,746] [INFO] [base._test_info] -> Current test: 183
[2016-10-29 23:19:25,761] [INFO] [server.transmit] -> request(28): 474554202f696e6465782e68746d6c20485454502f312e300d0a0d0a
[2016-10-29 23:19:25,763] [INFO] [server.transmit] -> request(348): 474554202f696e6465782e68746d6c223c6469763e3c7363726970743e616c6572742831293b3c2f7363726970743e223c64 ...
[2016-10-29 23:19:25,772] [INFO] [base._test_info] -> Current test: 184
[2016-10-29 23:19:25,772] [INFO] [server.transmit] -> request(28): 474554202f696e6465782e68746d6c20485454502f312e300d0a0d0a
[2016-10-29 23:19:25,773] [INFO] [server.transmit] -> request(3228): 474554202f696e6465782e68746d6c223c6469763e3c7363726970743e616c6572742831293b3c2f7363726970743e223c64 ...
[2016-10-29 23:19:25,775] [INFO] [base._test_info] -> Current test: 185
[2016-10-29 23:19:25,776] [INFO] [server.transmit] -> request(28): 474554202f696e6465782e68746d6c20485454502f312e300d0a0d0a
[2016-10-29 23:19:25,776] [INFO] [server.transmit] -> request(61): 474554202f696e6465782e68746d6c223c6469763e3c7363726970743e616c6572742831293b3c2f7363726970743efe2048 ...
[2016-10-29 23:19:25,778] [INFO] [base._test_info] -> Current test: 187
[2016-10-29 23:19:25,778] [INFO] [server.transmit] -> request(28): 474554202f696e6465782e68746d6c20485454502f312e300d0a0d0a
[2016-10-29 23:19:25,787] [INFO] [server.transmit] -> request(61): 474554202f696e6465782e68746d6c223c6469763e3c7363726970743e616c006572742831293b3c2f7363726970743e2048 ...
[2016-10-29 23:19:25,793] [INFO] [base._test_info] -> Current test: 188
[2016-10-29 23:19:25,794] [INFO] [server.transmit] -> request(28): 474554202f696e6465782e68746d6c20485454502f312e300d0a0d0a
[2016-10-29 23:19:25,796] [INFO] [server.transmit] -> request(61): 474554202f696e6465782e68746d6c223c6469763e3c7363726970743e616c6572742831293b3c2f7363726970743e002048 ...
[2016-10-29 23:19:25,800] [INFO] [base._test_info] -> Current test: 189
[2016-10-29 23:19:25,800] [INFO] [server.transmit] -> request(28): 474554202f696e6465782e68746d6c20485454502f312e300d0a0d0a
[2016-10-29 23:19:25,801] [INFO] [server.transmit] -> request(28): 474554202f696e6465782e68746d6c20485454502f312e300d0a0d0a
[2016-10-29 23:19:25,805] [INFO] [base._test_info] -> Current test: 190
[2016-10-29 23:19:25,805] [INFO] [server.transmit] -> request(28): 474554202f696e6465782e68746d6c20485454502f312e300d0a0d0a
[2016-10-29 23:19:25,807] [INFO] [server.transmit] -> request(2076): 474554202f696e6465782e68746d6c2573257325732573257325732573257325732573257325732573257325732573257325 ...
[2016-10-29 23:19:25,809] [INFO] [base._test_info] -> Current test: 191
[2016-10-29 23:19:25,819] [INFO] [server.transmit] -> request(28): 474554202f696e6465782e68746d6c20485454502f312e300d0a0d0a
[2016-10-29 23:19:25,820] [INFO] [server.transmit] -> request(284): 474554202f696e6465782e68746d6c2573257325732573257325732573257325732573257325732573257325732573257325 ...
[2016-10-29 23:19:25,827] [INFO] [base._test_info] -> Current test: 192
[2016-10-29 23:19:25,828] [INFO] [server.transmit] -> request(28): 474554202f696e6465782e68746d6c20485454502f312e300d0a0d0a
[2016-10-29 23:19:25,830] [INFO] [server.transmit] -> request(60): 474554202f696e6465782e68746d6c2573257325732573257325732573257325732573257325732573257325732573204854 ...
[2016-10-29 23:19:25,834] [INFO] [base._test_info] -> Current test: 193
[2016-10-29 23:19:25,835] [INFO] [server.transmit] -> request(28): 474554202f696e6465782e68746d6c20485454502f312e300d0a0d0a
[2016-10-29 23:19:25,837] [INFO] [server.transmit] -> request(32): 474554202f696e6465782e68746d6c2573257320485454502f312e300d0a0d0a
[2016-10-29 23:19:25,840] [INFO] [base._test_info] -> Current test: 194
[2016-10-29 23:19:25,847] [INFO] [server.transmit] -> request(28): 474554202f696e6465782e68746d6c20485454502f312e300d0a0d0a
[2016-10-29 23:19:25,848] [INFO] [server.transmit] -> request(3100): 474554202f696e6465782e68746d6c2525732525732525732525732525732525732525732525732525732525732525732525 ...
[2016-10-29 23:19:25,855] [INFO] [base._test_info] -> Current test: 195
[2016-10-29 23:19:25,856] [INFO] [server.transmit] -> request(28): 474554202f696e6465782e68746d6c20485454502f312e300d0a0d0a
[2016-10-29 23:19:25,857] [INFO] [server.transmit] -> request(412): 474554202f696e6465782e68746d6c2525732525732525732525732525732525732525732525732525732525732525732525 ...
[2016-10-29 23:19:25,860] [INFO] [base._test_info] -> Current test: 196
[2016-10-29 23:19:25,860] [INFO] [server.transmit] -> request(28): 474554202f696e6465782e68746d6c20485454502f312e300d0a0d0a
[2016-10-29 23:19:25,860] [INFO] [server.transmit] -> request(76): 474554202f696e6465782e68746d6c2525732525732525732525732525732525732525732525732525732525732525732525 ...
[2016-10-29 23:19:25,862] [INFO] [base._test_info] -> Current test: 197
[2016-10-29 23:19:25,862] [INFO] [server.transmit] -> request(28): 474554202f696e6465782e68746d6c20485454502f312e300d0a0d0a
[2016-10-29 23:19:25,863] [INFO] [server.transmit] -> request(34): 474554202f696e6465782e68746d6c25257325257320485454502f312e300d0a0d0a
[2016-10-29 23:19:25,865] [INFO] [base._test_info] -> Current test: 198
[2016-10-29 23:19:25,865] [INFO] [server.transmit] -> request(28): 474554202f696e6465782e68746d6c20485454502f312e300d0a0d0a
[2016-10-29 23:19:25,865] [INFO] [server.transmit] -> request(4124): 474554202f696e6465782e68746d6c2225732222257322222573222225732222257322222573222225732222257322222573 ...
[2016-10-29 23:19:25,867] [INFO] [base._test_info] -> Current test: 199
[2016-10-29 23:19:25,867] [INFO] [server.transmit] -> request(28): 474554202f696e6465782e68746d6c20485454502f312e300d0a0d0a
[2016-10-29 23:19:25,868] [INFO] [server.transmit] -> request(540): 474554202f696e6465782e68746d6c2225732222257322222573222225732222257322222573222225732222257322222573 ...
[2016-10-29 23:19:25,870] [INFO] [base._test_info] -> Current test: 200
[2016-10-29 23:19:25,870] [INFO] [server.transmit] -> request(28): 474554202f696e6465782e68746d6c20485454502f312e300d0a0d0a
[2016-10-29 23:19:25,870] [INFO] [server.transmit] -> request(92): 474554202f696e6465782e68746d6c2225732222257322222573222225732222257322222573222225732222257322222573 ...
[2016-10-29 23:19:25,883] [INFO] [base._test_info] -> Current test: 201
[2016-10-29 23:19:25,883] [INFO] [server.transmit] -> request(28): 474554202f696e6465782e68746d6c20485454502f312e300d0a0d0a
[2016-10-29 23:19:25,884] [INFO] [server.transmit] -> request(36): 474554202f696e6465782e68746d6c222573222225732220485454502f312e300d0a0d0a
[2016-10-29 23:19:25,886] [INFO] [base._test_info] -> Current test: 202
[2016-10-29 23:19:25,886] [INFO] [server.transmit] -> request(28): 474554202f696e6465782e68746d6c20485454502f312e300d0a0d0a
[2016-10-29 23:19:25,887] [INFO] [server.transmit] -> request(2076): 474554202f696e6465782e68746d6c256e256e256e256e256e256e256e256e256e256e256e256e256e256e256e256e256e25 ...
[2016-10-29 23:19:25,890] [INFO] [base._test_info] -> Current test: 203
[2016-10-29 23:19:25,890] [INFO] [server.transmit] -> request(28): 474554202f696e6465782e68746d6c20485454502f312e300d0a0d0a
[2016-10-29 23:19:25,894] [INFO] [server.transmit] -> request(284): 474554202f696e6465782e68746d6c256e256e256e256e256e256e256e256e256e256e256e256e256e256e256e256e256e25 ...
[2016-10-29 23:19:25,898] [INFO] [base._test_info] -> Current test: 204
[2016-10-29 23:19:25,898] [INFO] [server.transmit] -> request(28): 474554202f696e6465782e68746d6c20485454502f312e300d0a0d0a
[2016-10-29 23:19:25,899] [INFO] [server.transmit] -> request(60): 474554202f696e6465782e68746d6c256e256e256e256e256e256e256e256e256e256e256e256e256e256e256e256e204854 ...
[2016-10-29 23:19:25,901] [INFO] [base._test_info] -> Current test: 205
[2016-10-29 23:19:25,901] [INFO] [server.transmit] -> request(28): 474554202f696e6465782e68746d6c20485454502f312e300d0a0d0a
[2016-10-29 23:19:25,901] [INFO] [server.transmit] -> request(32): 474554202f696e6465782e68746d6c256e256e20485454502f312e300d0a0d0a
[2016-10-29 23:19:25,913] [INFO] [base._test_info] -> Current test: 206
[2016-10-29 23:19:25,915] [INFO] [server.transmit] -> request(28): 474554202f696e6465782e68746d6c20485454502f312e300d0a0d0a
[2016-10-29 23:19:25,917] [INFO] [server.transmit] -> request(3100): 474554202f696e6465782e68746d6c25256e25256e25256e25256e25256e25256e25256e25256e25256e25256e25256e2525 ...
[2016-10-29 23:19:25,921] [INFO] [base._test_info] -> Current test: 207
[2016-10-29 23:19:25,921] [INFO] [server.transmit] -> request(28): 474554202f696e6465782e68746d6c20485454502f312e300d0a0d0a
[2016-10-29 23:19:25,922] [INFO] [server.transmit] -> request(412): 474554202f696e6465782e68746d6c25256e25256e25256e25256e25256e25256e25256e25256e25256e25256e25256e2525 ...
[2016-10-29 23:19:25,924] [INFO] [base._test_info] -> Current test: 208
[2016-10-29 23:19:25,925] [INFO] [server.transmit] -> request(28): 474554202f696e6465782e68746d6c20485454502f312e300d0a0d0a
[2016-10-29 23:19:25,925] [INFO] [server.transmit] -> request(76): 474554202f696e6465782e68746d6c25256e25256e25256e25256e25256e25256e25256e25256e25256e25256e25256e2525 ...
[2016-10-29 23:19:25,931] [INFO] [base._test_info] -> Current test: 209
[2016-10-29 23:19:25,931] [INFO] [server.transmit] -> request(28): 474554202f696e6465782e68746d6c20485454502f312e300d0a0d0a
[2016-10-29 23:19:25,932] [INFO] [server.transmit] -> request(34): 474554202f696e6465782e68746d6c25256e25256e20485454502f312e300d0a0d0a
[2016-10-29 23:19:25,942] [INFO] [base._test_info] -> Current test: 210
[2016-10-29 23:19:25,953] [INFO] [server.transmit] -> request(28): 474554202f696e6465782e68746d6c20485454502f312e300d0a0d0a
[2016-10-29 23:19:25,955] [INFO] [server.transmit] -> request(4124): 474554202f696e6465782e68746d6c22256e2222256e2222256e2222256e2222256e2222256e2222256e2222256e2222256e ...
[2016-10-29 23:19:25,958] [INFO] [base._test_info] -> Current test: 211
[2016-10-29 23:19:25,958] [INFO] [server.transmit] -> request(28): 474554202f696e6465782e68746d6c20485454502f312e300d0a0d0a
[2016-10-29 23:19:25,959] [INFO] [server.transmit] -> request(540): 474554202f696e6465782e68746d6c22256e2222256e2222256e2222256e2222256e2222256e2222256e2222256e2222256e ...
[2016-10-29 23:19:25,967] [INFO] [base._test_info] -> Current test: 212
[2016-10-29 23:19:25,968] [INFO] [server.transmit] -> request(28): 474554202f696e6465782e68746d6c20485454502f312e300d0a0d0a
[2016-10-29 23:19:25,977] [INFO] [server.transmit] -> request(92): 474554202f696e6465782e68746d6c22256e2222256e2222256e2222256e2222256e2222256e2222256e2222256e2222256e ...
[2016-10-29 23:19:25,980] [INFO] [base._test_info] -> Current test: 213
[2016-10-29 23:19:25,980] [INFO] [server.transmit] -> request(28): 474554202f696e6465782e68746d6c20485454502f312e300d0a0d0a
[2016-10-29 23:19:25,984] [INFO] [server.transmit] -> request(36): 474554202f696e6465782e68746d6c22256e2222256e2220485454502f312e300d0a0d0a
[2016-10-29 23:19:25,987] [INFO] [base._test_info] -> Current test: 214
[2016-10-29 23:19:25,988] [INFO] [server.transmit] -> request(28): 474554202f696e6465782e68746d6c20485454502f312e300d0a0d0a
[2016-10-29 23:19:25,988] [INFO] [server.transmit] -> request(42): 474554202f696e6465782e68746d6c252e31363730357525325c24686e20485454502f312e300d0a0d0a
[2016-10-29 23:19:25,991] [INFO] [base._test_info] -> Current test: 215
[2016-10-29 23:19:25,991] [INFO] [server.transmit] -> request(28): 474554202f696e6465782e68746d6c20485454502f312e300d0a0d0a
[2016-10-29 23:19:25,992] [INFO] [server.transmit] -> request(2076): 474554202f696e6465782e68746d6c0d0a0d0a0d0a0d0a0d0a0d0a0d0a0d0a0d0a0d0a0d0a0d0a0d0a0d0a0d0a0d0a0d0a0d ...
[2016-10-29 23:19:26,010] [INFO] [base._test_info] -> Current test: 216
[2016-10-29 23:19:26,010] [INFO] [server.transmit] -> request(28): 474554202f696e6465782e68746d6c20485454502f312e300d0a0d0a
[2016-10-29 23:19:26,011] [INFO] [server.transmit] -> request(284): 474554202f696e6465782e68746d6c0d0a0d0a0d0a0d0a0d0a0d0a0d0a0d0a0d0a0d0a0d0a0d0a0d0a0d0a0d0a0d0a0d0a0d ...
[2016-10-29 23:19:26,019] [INFO] [base._test_info] -> Current test: 217
[2016-10-29 23:19:26,019] [INFO] [server.transmit] -> request(28): 474554202f696e6465782e68746d6c20485454502f312e300d0a0d0a
[2016-10-29 23:19:26,020] [INFO] [server.transmit] -> request(60): 474554202f696e6465782e68746d6c0d0a0d0a0d0a0d0a0d0a0d0a0d0a0d0a0d0a0d0a0d0a0d0a0d0a0d0a0d0a0d0a204854 ...
[2016-10-29 23:19:26,022] [INFO] [base._test_info] -> Current test: 218
[2016-10-29 23:19:26,022] [INFO] [server.transmit] -> request(28): 474554202f696e6465782e68746d6c20485454502f312e300d0a0d0a
[2016-10-29 23:19:26,023] [INFO] [server.transmit] -> request(32): 474554202f696e6465782e68746d6c0d0a0d0a20485454502f312e300d0a0d0a
[2016-10-29 23:19:26,025] [INFO] [base._test_info] -> Current test: 219
[2016-10-29 23:19:26,025] [INFO] [server.transmit] -> request(28): 474554202f696e6465782e68746d6c20485454502f312e300d0a0d0a
[2016-10-29 23:19:26,025] [INFO] [server.transmit] -> request(1052): 474554202f696e6465782e68746d6c0a0a0a0a0a0a0a0a0a0a0a0a0a0a0a0a0a0a0a0a0a0a0a0a0a0a0a0a0a0a0a0a0a0a0a ...
[2016-10-29 23:19:26,043] [INFO] [base._test_info] -> Current test: 220
[2016-10-29 23:19:26,043] [INFO] [server.transmit] -> request(28): 474554202f696e6465782e68746d6c20485454502f312e300d0a0d0a
[2016-10-29 23:19:26,045] [INFO] [server.transmit] -> request(156): 474554202f696e6465782e68746d6c0a0a0a0a0a0a0a0a0a0a0a0a0a0a0a0a0a0a0a0a0a0a0a0a0a0a0a0a0a0a0a0a0a0a0a ...
[2016-10-29 23:19:26,051] [INFO] [base._test_info] -> Current test: 221
[2016-10-29 23:19:26,051] [INFO] [server.transmit] -> request(28): 474554202f696e6465782e68746d6c20485454502f312e300d0a0d0a
[2016-10-29 23:19:26,052] [INFO] [server.transmit] -> request(44): 474554202f696e6465782e68746d6c0a0a0a0a0a0a0a0a0a0a0a0a0a0a0a0a20485454502f312e300d0a0d0a
[2016-10-29 23:19:26,055] [INFO] [base._test_info] -> Current test: 222
[2016-10-29 23:19:26,055] [INFO] [server.transmit] -> request(28): 474554202f696e6465782e68746d6c20485454502f312e300d0a0d0a
[2016-10-29 23:19:26,062] [INFO] [server.transmit] -> request(30): 474554202f696e6465782e68746d6c0a0a20485454502f312e300d0a0d0a
[2016-10-29 23:19:26,070] [INFO] [base._test_info] -> Current test: 223
[2016-10-29 23:19:26,071] [INFO] [server.transmit] -> request(28): 474554202f696e6465782e68746d6c20485454502f312e300d0a0d0a
[2016-10-29 23:19:26,072] [INFO] [server.transmit] -> request(4124): 474554202f696e6465782e68746d6cdeadbeefdeadbeefdeadbeefdeadbeefdeadbeefdeadbeefdeadbeefdeadbeefdeadbe ...
[2016-10-29 23:19:26,074] [INFO] [base._test_info] -> Current test: 224
[2016-10-29 23:19:26,075] [INFO] [server.transmit] -> request(28): 474554202f696e6465782e68746d6c20485454502f312e300d0a0d0a
[2016-10-29 23:19:26,076] [INFO] [server.transmit] -> request(540): 474554202f696e6465782e68746d6cdeadbeefdeadbeefdeadbeefdeadbeefdeadbeefdeadbeefdeadbeefdeadbeefdeadbe ...
[2016-10-29 23:19:26,079] [INFO] [base._test_info] -> Current test: 225
[2016-10-29 23:19:26,079] [INFO] [server.transmit] -> request(28): 474554202f696e6465782e68746d6c20485454502f312e300d0a0d0a
[2016-10-29 23:19:26,080] [INFO] [server.transmit] -> request(92): 474554202f696e6465782e68746d6cdeadbeefdeadbeefdeadbeefdeadbeefdeadbeefdeadbeefdeadbeefdeadbeefdeadbe ...
[2016-10-29 23:19:26,082] [INFO] [base._test_info] -> Current test: 226
[2016-10-29 23:19:26,082] [INFO] [server.transmit] -> request(28): 474554202f696e6465782e68746d6c20485454502f312e300d0a0d0a
[2016-10-29 23:19:26,083] [INFO] [server.transmit] -> request(36): 474554202f696e6465782e68746d6cdeadbeefdeadbeef20485454502f312e300d0a0d0a
[2016-10-29 23:19:26,085] [INFO] [base._test_info] -> Current test: 227
[2016-10-29 23:19:26,085] [INFO] [server.transmit] -> request(28): 474554202f696e6465782e68746d6c20485454502f312e300d0a0d0a
[2016-10-29 23:19:26,085] [INFO] [server.transmit] -> request(45): 474554202f696e6465782e68746d6c7c746f756368202f746d702f4b4954545920485454502f312e300d0a0d0a
[2016-10-29 23:19:26,100] [INFO] [base._test_info] -> Current test: 228
[2016-10-29 23:19:26,102] [INFO] [server.transmit] -> request(28): 474554202f696e6465782e68746d6c20485454502f312e300d0a0d0a
[2016-10-29 23:19:26,104] [INFO] [server.transmit] -> request(46): 474554202f696e6465782e68746d6c3b746f756368202f746d702f4b495454593b20485454502f312e300d0a0d0a
[2016-10-29 23:19:26,107] [INFO] [base._test_info] -> Current test: 229
[2016-10-29 23:19:26,108] [INFO] [server.transmit] -> request(28): 474554202f696e6465782e68746d6c20485454502f312e300d0a0d0a
[2016-10-29 23:19:26,111] [INFO] [server.transmit] -> request(42): 474554202f696e6465782e68746d6c3b6c733e2f746d702f4b4954545920485454502f312e300d0a0d0a
[2016-10-29 23:19:26,113] [INFO] [base._test_info] -> Current test: 230
[2016-10-29 23:19:26,114] [INFO] [server.transmit] -> request(28): 474554202f696e6465782e68746d6c20485454502f312e300d0a0d0a
[2016-10-29 23:19:26,115] [INFO] [server.transmit] -> request(57): 474554202f696e6465782e68746d6c223b6c733e2f746d702f4b495454593b6c733e2f6465762f6e756c6c2220485454502f ...
[2016-10-29 23:19:26,124] [INFO] [base._test_info] -> Current test: 231
[2016-10-29 23:19:26,125] [INFO] [server.transmit] -> request(28): 474554202f696e6465782e68746d6c20485454502f312e300d0a0d0a
[2016-10-29 23:19:26,128] [INFO] [server.transmit] -> request(58): 474554202f696e6465782e68746d6c273b6c733e2f746d702f4b495454593b6c733e272f6465762f6e756c6c272048545450 ...
[2016-10-29 23:19:26,131] [INFO] [base._test_info] -> Current test: 232
[2016-10-29 23:19:26,132] [INFO] [server.transmit] -> request(28): 474554202f696e6465782e68746d6c20485454502f312e300d0a0d0a
[2016-10-29 23:19:26,133] [INFO] [server.transmit] -> request(43): 474554202f696e6465782e68746d6c606c733e2f746d702f4b495454596020485454502f312e300d0a0d0a
[2016-10-29 23:19:26,135] [INFO] [base._test_info] -> Current test: 233
[2016-10-29 23:19:26,136] [INFO] [server.transmit] -> request(28): 474554202f696e6465782e68746d6c20485454502f312e300d0a0d0a
[2016-10-29 23:19:26,137] [INFO] [server.transmit] -> request(44): 474554202f696e6465782e68746d6c20606c733e2f746d702f4b495454596020485454502f312e300d0a0d0a
[2016-10-29 23:19:26,139] [INFO] [base._test_info] -> Current test: 234
[2016-10-29 23:19:26,140] [INFO] [server.transmit] -> request(28): 474554202f696e6465782e68746d6c20485454502f312e300d0a0d0a
[2016-10-29 23:19:26,141] [INFO] [server.transmit] -> request(36): 474554202f696e6465782e68746d6c7c6e6f746570616420485454502f312e300d0a0d0a
[2016-10-29 23:19:26,143] [INFO] [base._test_info] -> Current test: 235
[2016-10-29 23:19:26,144] [INFO] [server.transmit] -> request(28): 474554202f696e6465782e68746d6c20485454502f312e300d0a0d0a
[2016-10-29 23:19:26,145] [INFO] [server.transmit] -> request(37): 474554202f696e6465782e68746d6c3b6e6f74657061643b20485454502f312e300d0a0d0a
[2016-10-29 23:19:26,147] [INFO] [base._test_info] -> Current test: 236
[2016-10-29 23:19:26,154] [INFO] [server.transmit] -> request(28): 474554202f696e6465782e68746d6c20485454502f312e300d0a0d0a
[2016-10-29 23:19:26,155] [INFO] [server.transmit] -> request(37): 474554202f696e6465782e68746d6c0a6e6f74657061640a20485454502f312e300d0a0d0a
[2016-10-29 23:19:26,161] [INFO] [base._test_info] -> Current test: 237
[2016-10-29 23:19:26,162] [INFO] [server.transmit] -> request(28): 474554202f696e6465782e68746d6c20485454502f312e300d0a0d0a
[2016-10-29 23:19:26,163] [INFO] [server.transmit] -> request(39): 474554202f696e6465782e68746d6c27206f7220313d31202d2d20485454502f312e300d0a0d0a
[2016-10-29 23:19:26,166] [INFO] [base._test_info] -> Current test: 238
[2016-10-29 23:19:26,166] [INFO] [server.transmit] -> request(28): 474554202f696e6465782e68746d6c20485454502f312e300d0a0d0a
[2016-10-29 23:19:26,167] [INFO] [server.transmit] -> request(45): 474554202f696e6465782e68746d6c273b20646573632075736572733b202d2d20485454502f312e300d0a0d0a
[2016-10-29 23:19:26,169] [INFO] [base._test_info] -> Current test: 239
[2016-10-29 23:19:26,170] [INFO] [server.transmit] -> request(28): 474554202f696e6465782e68746d6c20485454502f312e300d0a0d0a
[2016-10-29 23:19:26,170] [INFO] [server.transmit] -> request(69): 474554202f696e6465782e68746d6c27206f7220757365726e616d65206973206e6f74204e554c4c206f7220757365726e61 ...
[2016-10-29 23:19:26,177] [INFO] [base._test_info] -> Current test: 240
[2016-10-29 23:19:26,185] [INFO] [server.transmit] -> request(28): 474554202f696e6465782e68746d6c20485454502f312e300d0a0d0a
[2016-10-29 23:19:26,186] [INFO] [server.transmit] -> request(100): 474554202f696e6465782e68746d6c3120756e696f6e20616c6c2073656c65637420312c322c332c342c352c362c6e616d65 ...
[2016-10-29 23:19:26,192] [INFO] [base._test_info] -> Current test: 241
[2016-10-29 23:19:26,192] [INFO] [server.transmit] -> request(28): 474554202f696e6465782e68746d6c20485454502f312e300d0a0d0a
[2016-10-29 23:19:26,193] [INFO] [server.transmit] -> request(39): 474554202f696e6465782e68746d6c60206f72206031603d603120485454502f312e300d0a0d0a
[2016-10-29 23:19:26,196] [INFO] [base._test_info] -> Current test: 242
[2016-10-29 23:19:26,196] [INFO] [server.transmit] -> request(28): 474554202f696e6465782e68746d6c20485454502f312e300d0a0d0a
[2016-10-29 23:19:26,197] [INFO] [server.transmit] -> request(39): 474554202f696e6465782e68746d6c27206f72202731273d273120485454502f312e300d0a0d0a
[2016-10-29 23:19:26,199] [INFO] [base._test_info] -> Current test: 243
[2016-10-29 23:19:26,199] [INFO] [server.transmit] -> request(28): 474554202f696e6465782e68746d6c20485454502f312e300d0a0d0a
[2016-10-29 23:19:26,200] [INFO] [server.transmit] -> request(30): 474554202f696e6465782e68746d6c414120485454502f312e300d0a0d0a
[2016-10-29 23:19:26,202] [INFO] [base._test_info] -> Current test: 244
[2016-10-29 23:19:26,203] [INFO] [server.transmit] -> request(28): 474554202f696e6465782e68746d6c20485454502f312e300d0a0d0a
[2016-10-29 23:19:26,204] [INFO] [server.transmit] -> request(38): 474554202f696e6465782e68746d6c4141414141414141414120485454502f312e300d0a0d0a
[2016-10-29 23:19:26,206] [INFO] [base._test_info] -> Current test: 245
[2016-10-29 23:19:26,206] [INFO] [server.transmit] -> request(28): 474554202f696e6465782e68746d6c20485454502f312e300d0a0d0a
[2016-10-29 23:19:26,207] [INFO] [server.transmit] -> request(128): 474554202f696e6465782e68746d6c4141414141414141414141414141414141414141414141414141414141414141414141 ...
[2016-10-29 23:19:26,220] [INFO] [base._test_info] -> Current test: 246
[2016-10-29 23:19:26,221] [INFO] [server.transmit] -> request(28): 474554202f696e6465782e68746d6c20485454502f312e300d0a0d0a
[2016-10-29 23:19:26,222] [INFO] [server.transmit] -> request(1028): 474554202f696e6465782e68746d6c4141414141414141414141414141414141414141414141414141414141414141414141 ...
[2016-10-29 23:19:26,226] [INFO] [base._test_info] -> Current test: 247
[2016-10-29 23:19:26,227] [INFO] [server.transmit] -> request(28): 474554202f696e6465782e68746d6c20485454502f312e300d0a0d0a
[2016-10-29 23:19:26,228] [INFO] [server.transmit] -> request(5028): 474554202f696e6465782e68746d6c4141414141414141414141414141414141414141414141414141414141414141414141 ...
[2016-10-29 23:19:26,234] [INFO] [base._test_info] -> Current test: 248
[2016-10-29 23:19:26,234] [INFO] [server.transmit] -> request(28): 474554202f696e6465782e68746d6c20485454502f312e300d0a0d0a
[2016-10-29 23:19:26,235] [INFO] [server.transmit] -> request(10028): 474554202f696e6465782e68746d6c4141414141414141414141414141414141414141414141414141414141414141414141 ...
[2016-10-29 23:19:26,237] [INFO] [base._test_info] -> Current test: 249
[2016-10-29 23:19:26,237] [INFO] [server.transmit] -> request(28): 474554202f696e6465782e68746d6c20485454502f312e300d0a0d0a
[2016-10-29 23:19:26,238] [INFO] [server.transmit] -> request(39): 474554202f696e6465782e68746d6c2f6574632f70617373776420485454502f312e300d0a0d0a
[2016-10-29 23:19:26,251] [INFO] [base._test_info] -> Current test: 250
[2016-10-29 23:19:26,251] [INFO] [server.transmit] -> request(28): 474554202f696e6465782e68746d6c20485454502f312e300d0a0d0a
[2016-10-29 23:19:26,252] [INFO] [server.transmit] -> request(82): 474554202f696e6465782e68746d6c2e2f2e2e2f2e2e2f2e2e2f2e2e2f2e2e2f2e2e2f2e2e2f2e2e2f2e2e2f2e2e2f2e2e2f ...
[2016-10-29 23:19:26,256] [INFO] [base._test_info] -> Current test: 251
[2016-10-29 23:19:26,256] [INFO] [server.transmit] -> request(28): 474554202f696e6465782e68746d6c20485454502f312e300d0a0d0a
[2016-10-29 23:19:26,259] [INFO] [server.transmit] -> request(80): 474554202f696e6465782e68746d6c2e2e2f2e2e2f2e2e2f2e2e2f2e2e2f2e2e2f2e2e2f2e2e2f2e2e2f2e2e2f2e2e2f2e2e ...
[2016-10-29 23:19:26,262] [INFO] [base._test_info] -> Current test: 252
[2016-10-29 23:19:26,262] [INFO] [server.transmit] -> request(28): 474554202f696e6465782e68746d6c20485454502f312e300d0a0d0a
[2016-10-29 23:19:26,262] [INFO] [server.transmit] -> request(41): 474554202f696e6465782e68746d6c2f70726f632f637075696e666f20485454502f312e300d0a0d0a
[2016-10-29 23:19:26,265] [INFO] [base._test_info] -> Current test: 253
[2016-10-29 23:19:26,265] [INFO] [server.transmit] -> request(28): 474554202f696e6465782e68746d6c20485454502f312e300d0a0d0a
[2016-10-29 23:19:26,265] [INFO] [server.transmit] -> request(84): 474554202f696e6465782e68746d6c2e2f2e2e2f2e2e2f2e2e2f2e2e2f2e2e2f2e2e2f2e2e2f2e2e2f2e2e2f2e2e2f2e2e2f ...
[2016-10-29 23:19:26,267] [INFO] [base._test_info] -> Current test: 254
[2016-10-29 23:19:26,267] [INFO] [server.transmit] -> request(28): 474554202f696e6465782e68746d6c20485454502f312e300d0a0d0a
[2016-10-29 23:19:26,268] [INFO] [server.transmit] -> request(82): 474554202f696e6465782e68746d6c2e2e2f2e2e2f2e2e2f2e2e2f2e2e2f2e2e2f2e2e2f2e2e2f2e2e2f2e2e2f2e2e2f2e2e ...
[2016-10-29 23:19:26,269] [INFO] [base._test_info] -> Current test: 255
[2016-10-29 23:19:26,269] [INFO] [server.transmit] -> request(28): 474554202f696e6465782e68746d6c20485454502f312e300d0a0d0a
[2016-10-29 23:19:26,281] [INFO] [server.transmit] -> request(38): 474554202f696e6465782e68746d6c7e2f2e70726f66696c6520485454502f312e300d0a0d0a
[2016-10-29 23:19:26,287] [INFO] [base._test_info] -> Current test: 256
[2016-10-29 23:19:26,287] [INFO] [server.transmit] -> request(28): 474554202f696e6465782e68746d6c20485454502f312e300d0a0d0a
[2016-10-29 23:19:26,288] [INFO] [server.transmit] -> request(42): 474554202f696e6465782e68746d6c24484f4d452f2e70726f66696c6520485454502f312e300d0a0d0a
[2016-10-29 23:19:26,292] [INFO] [base._test_info] -> Current test: 257
[2016-10-29 23:19:26,292] [INFO] [server.transmit] -> request(28): 474554202f696e6465782e68746d6c20485454502f312e300d0a0d0a
[2016-10-29 23:19:26,293] [INFO] [server.transmit] -> request(73): 474554202f696e6465782e68746d6c2f2e2e2f2e2e2f2e2e2f2e2e2f2e2e2f2e2e2f2e2e2f2e2e2f2e2e2f2e2e2f2e2e2f2e ...
[2016-10-29 23:19:26,295] [INFO] [base._test_info] -> Current test: 258
[2016-10-29 23:19:26,296] [INFO] [server.transmit] -> request(28): 474554202f696e6465782e68746d6c20485454502f312e300d0a0d0a
[2016-10-29 23:19:26,297] [INFO] [server.transmit] -> request(1052): 474554202f696e6465782e68746d6c2f5c2f5c2f5c2f5c2f5c2f5c2f5c2f5c2f5c2f5c2f5c2f5c2f5c2f5c2f5c2f5c2f5c2f ...
[2016-10-29 23:19:26,310] [INFO] [base._test_info] -> Current test: 259
[2016-10-29 23:19:26,311] [INFO] [server.transmit] -> request(28): 474554202f696e6465782e68746d6c20485454502f312e300d0a0d0a
[2016-10-29 23:19:26,311] [INFO] [server.transmit] -> request(156): 474554202f696e6465782e68746d6c2f5c2f5c2f5c2f5c2f5c2f5c2f5c2f5c2f5c2f5c2f5c2f5c2f5c2f5c2f5c2f5c2f5c2f ...
[2016-10-29 23:19:26,314] [INFO] [base._test_info] -> Current test: 260
[2016-10-29 23:19:26,317] [INFO] [server.transmit] -> request(28): 474554202f696e6465782e68746d6c20485454502f312e300d0a0d0a
[2016-10-29 23:19:26,319] [INFO] [server.transmit] -> request(44): 474554202f696e6465782e68746d6c2f5c2f5c2f5c2f5c2f5c2f5c2f5c2f5c20485454502f312e300d0a0d0a
[2016-10-29 23:19:26,322] [INFO] [base._test_info] -> Current test: 261
[2016-10-29 23:19:26,323] [INFO] [server.transmit] -> request(28): 474554202f696e6465782e68746d6c20485454502f312e300d0a0d0a
[2016-10-29 23:19:26,324] [INFO] [server.transmit] -> request(1052): 474554202f696e6465782e68746d6c2f2e2f2e2f2e2f2e2f2e2f2e2f2e2f2e2f2e2f2e2f2e2f2e2f2e2f2e2f2e2f2e2f2e2f ...
[2016-10-29 23:19:27,323] [INFO] [base._test_info] -> Current test: 262
[2016-10-29 23:19:27,324] [INFO] [server.transmit] -> request(28): 474554202f696e6465782e68746d6c20485454502f312e300d0a0d0a
[2016-10-29 23:19:27,325] [INFO] [server.transmit] -> request(156): 474554202f696e6465782e68746d6c2f2e2f2e2f2e2f2e2f2e2f2e2f2e2f2e2f2e2f2e2f2e2f2e2f2e2f2e2f2e2f2e2f2e2f ...
[2016-10-29 23:19:27,328] [INFO] [base._test_info] -> Current test: 263
[2016-10-29 23:19:27,328] [INFO] [server.transmit] -> request(28): 474554202f696e6465782e68746d6c20485454502f312e300d0a0d0a
[2016-10-29 23:19:27,330] [INFO] [server.transmit] -> request(44): 474554202f696e6465782e68746d6c2f2e2f2e2f2e2f2e2f2e2f2e2f2e2f2e20485454502f312e300d0a0d0a
[2016-10-29 23:19:28,331] [INFO] [base._test_info] -> Current test: 264
[2016-10-29 23:19:28,332] [INFO] [server.transmit] -> request(28): 474554202f696e6465782e68746d6c20485454502f312e300d0a0d0a
[2016-10-29 23:19:28,332] [INFO] [server.transmit] -> request(57): 474554202f696e6465782e68746d6c2140232425255e2324252324402324252424402324255e5e2a2a28282920485454502f ...
[2016-10-29 23:19:28,334] [INFO] [base._test_info] -> Current test: 265
[2016-10-29 23:19:28,335] [INFO] [server.transmit] -> request(28): 474554202f696e6465782e68746d6c20485454502f312e300d0a0d0a
[2016-10-29 23:19:28,336] [INFO] [server.transmit] -> request(53): 474554202f696e6465782e68746d6c2530312530322530332530342530612530642530614144534620485454502f312e300d ...
[2016-10-29 23:19:29,336] [INFO] [base._test_info] -> Current test: 266
[2016-10-29 23:19:29,336] [INFO] [server.transmit] -> request(28): 474554202f696e6465782e68746d6c20485454502f312e300d0a0d0a
[2016-10-29 23:19:29,337] [INFO] [server.transmit] -> request(54): 474554202f696e6465782e68746d6c253031253032253033402530342530612530642530614144534620485454502f312e30 ...
[2016-10-29 23:19:29,340] [INFO] [base._test_info] -> Current test: 267
[2016-10-29 23:19:29,341] [INFO] [server.transmit] -> request(28): 474554202f696e6465782e68746d6c20485454502f312e300d0a0d0a
[2016-10-29 23:19:29,342] [INFO] [server.transmit] -> request(33): 474554202f696e6465782e68746d6c2f2530302f20485454502f312e300d0a0d0a
[2016-10-29 23:19:30,343] [INFO] [base._test_info] -> Current test: 268
[2016-10-29 23:19:30,344] [INFO] [server.transmit] -> request(28): 474554202f696e6465782e68746d6c20485454502f312e300d0a0d0a
[2016-10-29 23:19:30,344] [INFO] [server.transmit] -> request(32): 474554202f696e6465782e68746d6c2530302f20485454502f312e300d0a0d0a
[2016-10-29 23:19:30,346] [INFO] [base._test_info] -> Current test: 269
[2016-10-29 23:19:30,347] [INFO] [server.transmit] -> request(28): 474554202f696e6465782e68746d6c20485454502f312e300d0a0d0a
[2016-10-29 23:19:30,348] [INFO] [server.transmit] -> request(31): 474554202f696e6465782e68746d6c25303020485454502f312e300d0a0d0a
