[2016-10-29 21:23:26,304] [INFO] [base._load_session] -> No session loaded
[2016-10-29 21:23:26,306] [INFO] [graph.hash] -> hash of template HTTP_GET_01 is -16456679
[2016-10-29 21:23:26,306] [INFO] [graph.hash] -> hash of model is 598939887
[2016-10-29 21:23:26,307] [INFO] [base._start_message] -> 
                 --------------------------------------------------
                 Starting fuzzing session
                 Target: TcpTarget
                 UI: WebInterface listening on localhost:2016
                 Log: ./kittylogs/kitty_20161029-212326.log

                 Total possible mutation count: 390
                 Fuzzing the mutation range: 0 to 389
                 --------------------------------------------------
                                 Happy hacking
                 --------------------------------------------------
            
[2016-10-29 21:23:26,308] [INFO] [base.start] -> Performing environment test
[2016-10-29 21:23:26,309] [INFO] [base._test_info] -> Current test: -1
[2016-10-29 21:23:26,310] [INFO] [server.transmit] -> request(28): 474554202f696e6465782e68746d6c20485454502f312e300d0a0d0a
[2016-10-29 21:23:26,314] [INFO] [server._start] -> should keep running? True
[2016-10-29 21:23:26,325] [INFO] [base._test_info] -> Current test: 0
[2016-10-29 21:23:26,329] [INFO] [server.transmit] -> request(31): 474554474554202f696e6465782e68746d6c20485454502f312e300d0a0d0a
[2016-10-29 21:23:26,342] [INFO] [base._test_info] -> Current test: 1
[2016-10-29 21:23:26,343] [INFO] [server.transmit] -> request(55): 474554474554474554474554474554474554474554474554474554474554202f696e6465782e68746d6c20485454502f312e ...
[2016-10-29 21:23:26,349] [INFO] [base._test_info] -> Current test: 2
[2016-10-29 21:23:26,350] [INFO] [server.transmit] -> request(325): 4745544745544745544745544745544745544745544745544745544745544745544745544745544745544745544745544745 ...
[2016-10-29 21:23:26,354] [INFO] [base._test_info] -> Current test: 3
[2016-10-29 21:23:26,354] [INFO] [server.transmit] -> request(29): 474554fe202f696e6465782e68746d6c20485454502f312e300d0a0d0a
[2016-10-29 21:23:26,357] [INFO] [base._test_info] -> Current test: 4
[2016-10-29 21:23:26,358] [INFO] [server.transmit] -> request(29): 00474554202f696e6465782e68746d6c20485454502f312e300d0a0d0a
[2016-10-29 21:23:26,360] [INFO] [base._test_info] -> Current test: 5
[2016-10-29 21:23:26,361] [INFO] [server.transmit] -> request(29): 47004554202f696e6465782e68746d6c20485454502f312e300d0a0d0a
[2016-10-29 21:23:26,364] [INFO] [base._test_info] -> Current test: 6
[2016-10-29 21:23:26,364] [INFO] [server.transmit] -> request(29): 47455400202f696e6465782e68746d6c20485454502f312e300d0a0d0a
[2016-10-29 21:23:26,366] [INFO] [base._test_info] -> Current test: 7
[2016-10-29 21:23:26,367] [INFO] [server.transmit] -> request(25): 202f696e6465782e68746d6c20485454502f312e300d0a0d0a
[2016-10-29 21:23:26,369] [INFO] [base._test_info] -> Current test: 8
[2016-10-29 21:23:26,370] [INFO] [server.transmit] -> request(2073): 2573257325732573257325732573257325732573257325732573257325732573257325732573257325732573257325732573 ...
[2016-10-29 21:23:26,374] [INFO] [base._test_info] -> Current test: 9
[2016-10-29 21:23:26,387] [INFO] [server.transmit] -> request(281): 2573257325732573257325732573257325732573257325732573257325732573257325732573257325732573257325732573 ...
[2016-10-29 21:23:26,391] [INFO] [base._test_info] -> Current test: 10
[2016-10-29 21:23:26,392] [INFO] [server.transmit] -> request(57): 2573257325732573257325732573257325732573257325732573257325732573202f696e6465782e68746d6c20485454502f ...
[2016-10-29 21:23:26,397] [INFO] [base._test_info] -> Current test: 11
[2016-10-29 21:23:26,397] [INFO] [server.transmit] -> request(29): 25732573202f696e6465782e68746d6c20485454502f312e300d0a0d0a
[2016-10-29 21:23:26,415] [INFO] [base._test_info] -> Current test: 12
[2016-10-29 21:23:26,416] [INFO] [server.transmit] -> request(3097): 2525732525732525732525732525732525732525732525732525732525732525732525732525732525732525732525732525 ...
[2016-10-29 21:23:26,427] [INFO] [base._test_info] -> Current test: 13
[2016-10-29 21:23:26,428] [INFO] [server.transmit] -> request(409): 2525732525732525732525732525732525732525732525732525732525732525732525732525732525732525732525732525 ...
[2016-10-29 21:23:26,432] [INFO] [base._test_info] -> Current test: 14
[2016-10-29 21:23:26,432] [INFO] [server.transmit] -> request(73): 252573252573252573252573252573252573252573252573252573252573252573252573252573252573252573252573202f ...
[2016-10-29 21:23:26,435] [INFO] [base._test_info] -> Current test: 15
[2016-10-29 21:23:26,435] [INFO] [server.transmit] -> request(31): 252573252573202f696e6465782e68746d6c20485454502f312e300d0a0d0a
[2016-10-29 21:23:26,449] [INFO] [base._test_info] -> Current test: 16
[2016-10-29 21:23:26,449] [INFO] [server.transmit] -> request(4121): 2225732222257322222573222225732222257322222573222225732222257322222573222225732222257322222573222225 ...
[2016-10-29 21:23:26,454] [INFO] [base._test_info] -> Current test: 17
[2016-10-29 21:23:26,455] [INFO] [server.transmit] -> request(537): 2225732222257322222573222225732222257322222573222225732222257322222573222225732222257322222573222225 ...
[2016-10-29 21:23:26,457] [INFO] [base._test_info] -> Current test: 18
[2016-10-29 21:23:26,458] [INFO] [server.transmit] -> request(89): 2225732222257322222573222225732222257322222573222225732222257322222573222225732222257322222573222225 ...
[2016-10-29 21:23:26,459] [INFO] [base._test_info] -> Current test: 19
[2016-10-29 21:23:26,460] [INFO] [server.transmit] -> request(33): 2225732222257322202f696e6465782e68746d6c20485454502f312e300d0a0d0a
[2016-10-29 21:23:26,462] [INFO] [base._test_info] -> Current test: 20
[2016-10-29 21:23:26,462] [INFO] [server.transmit] -> request(2073): 256e256e256e256e256e256e256e256e256e256e256e256e256e256e256e256e256e256e256e256e256e256e256e256e256e ...
[2016-10-29 21:23:26,464] [INFO] [base._test_info] -> Current test: 21
[2016-10-29 21:23:26,465] [INFO] [server.transmit] -> request(281): 256e256e256e256e256e256e256e256e256e256e256e256e256e256e256e256e256e256e256e256e256e256e256e256e256e ...
[2016-10-29 21:23:26,467] [INFO] [base._test_info] -> Current test: 22
[2016-10-29 21:23:26,479] [INFO] [server.transmit] -> request(57): 256e256e256e256e256e256e256e256e256e256e256e256e256e256e256e256e202f696e6465782e68746d6c20485454502f ...
[2016-10-29 21:23:26,482] [INFO] [base._test_info] -> Current test: 23
[2016-10-29 21:23:26,483] [INFO] [server.transmit] -> request(29): 256e256e202f696e6465782e68746d6c20485454502f312e300d0a0d0a
[2016-10-29 21:23:26,487] [INFO] [base._test_info] -> Current test: 24
[2016-10-29 21:23:26,491] [INFO] [server.transmit] -> request(3097): 25256e25256e25256e25256e25256e25256e25256e25256e25256e25256e25256e25256e25256e25256e25256e25256e2525 ...
[2016-10-29 21:23:26,496] [INFO] [base._test_info] -> Current test: 25
[2016-10-29 21:23:26,497] [INFO] [server.transmit] -> request(409): 25256e25256e25256e25256e25256e25256e25256e25256e25256e25256e25256e25256e25256e25256e25256e25256e2525 ...
[2016-10-29 21:23:26,508] [INFO] [base._test_info] -> Current test: 26
[2016-10-29 21:23:26,510] [INFO] [server.transmit] -> request(73): 25256e25256e25256e25256e25256e25256e25256e25256e25256e25256e25256e25256e25256e25256e25256e25256e202f ...
[2016-10-29 21:23:26,516] [INFO] [base._test_info] -> Current test: 27
[2016-10-29 21:23:26,516] [INFO] [server.transmit] -> request(31): 25256e25256e202f696e6465782e68746d6c20485454502f312e300d0a0d0a
[2016-10-29 21:23:26,524] [INFO] [base._test_info] -> Current test: 28
[2016-10-29 21:23:26,526] [INFO] [server.transmit] -> request(4121): 22256e2222256e2222256e2222256e2222256e2222256e2222256e2222256e2222256e2222256e2222256e2222256e222225 ...
[2016-10-29 21:23:26,528] [INFO] [base._test_info] -> Current test: 29
[2016-10-29 21:23:26,529] [INFO] [server.transmit] -> request(537): 22256e2222256e2222256e2222256e2222256e2222256e2222256e2222256e2222256e2222256e2222256e2222256e222225 ...
[2016-10-29 21:23:26,550] [INFO] [base._test_info] -> Current test: 30
[2016-10-29 21:23:26,551] [INFO] [server.transmit] -> request(89): 22256e2222256e2222256e2222256e2222256e2222256e2222256e2222256e2222256e2222256e2222256e2222256e222225 ...
[2016-10-29 21:23:26,554] [INFO] [base._test_info] -> Current test: 31
[2016-10-29 21:23:26,555] [INFO] [server.transmit] -> request(33): 22256e2222256e22202f696e6465782e68746d6c20485454502f312e300d0a0d0a
[2016-10-29 21:23:26,557] [INFO] [base._test_info] -> Current test: 32
[2016-10-29 21:23:26,558] [INFO] [server.transmit] -> request(39): 252e31363730357525325c24686e202f696e6465782e68746d6c20485454502f312e300d0a0d0a
[2016-10-29 21:23:26,562] [INFO] [base._test_info] -> Current test: 33
[2016-10-29 21:23:26,563] [INFO] [server.transmit] -> request(2073): 0d0a0d0a0d0a0d0a0d0a0d0a0d0a0d0a0d0a0d0a0d0a0d0a0d0a0d0a0d0a0d0a0d0a0d0a0d0a0d0a0d0a0d0a0d0a0d0a0d0a ...
[2016-10-29 21:23:26,582] [INFO] [base._test_info] -> Current test: 34
[2016-10-29 21:23:26,583] [INFO] [server.transmit] -> request(281): 0d0a0d0a0d0a0d0a0d0a0d0a0d0a0d0a0d0a0d0a0d0a0d0a0d0a0d0a0d0a0d0a0d0a0d0a0d0a0d0a0d0a0d0a0d0a0d0a0d0a ...
[2016-10-29 21:23:26,588] [INFO] [base._test_info] -> Current test: 35
[2016-10-29 21:23:26,589] [INFO] [server.transmit] -> request(57): 0d0a0d0a0d0a0d0a0d0a0d0a0d0a0d0a0d0a0d0a0d0a0d0a0d0a0d0a0d0a0d0a202f696e6465782e68746d6c20485454502f ...
[2016-10-29 21:23:26,593] [INFO] [base._test_info] -> Current test: 36
[2016-10-29 21:23:26,593] [INFO] [server.transmit] -> request(29): 0d0a0d0a202f696e6465782e68746d6c20485454502f312e300d0a0d0a
[2016-10-29 21:23:26,605] [INFO] [base._test_info] -> Current test: 37
[2016-10-29 21:23:26,606] [INFO] [server.transmit] -> request(1049): 0a0a0a0a0a0a0a0a0a0a0a0a0a0a0a0a0a0a0a0a0a0a0a0a0a0a0a0a0a0a0a0a0a0a0a0a0a0a0a0a0a0a0a0a0a0a0a0a0a0a ...
[2016-10-29 21:23:26,618] [INFO] [base._test_info] -> Current test: 38
[2016-10-29 21:23:26,618] [INFO] [server.transmit] -> request(153): 0a0a0a0a0a0a0a0a0a0a0a0a0a0a0a0a0a0a0a0a0a0a0a0a0a0a0a0a0a0a0a0a0a0a0a0a0a0a0a0a0a0a0a0a0a0a0a0a0a0a ...
[2016-10-29 21:23:26,624] [INFO] [base._test_info] -> Current test: 39
[2016-10-29 21:23:26,628] [INFO] [server.transmit] -> request(41): 0a0a0a0a0a0a0a0a0a0a0a0a0a0a0a0a202f696e6465782e68746d6c20485454502f312e300d0a0d0a
[2016-10-29 21:23:26,639] [INFO] [base._test_info] -> Current test: 40
[2016-10-29 21:23:26,641] [INFO] [server.transmit] -> request(27): 0a0a202f696e6465782e68746d6c20485454502f312e300d0a0d0a
[2016-10-29 21:23:26,646] [INFO] [base._test_info] -> Current test: 41
[2016-10-29 21:23:26,647] [INFO] [server.transmit] -> request(4121): deadbeefdeadbeefdeadbeefdeadbeefdeadbeefdeadbeefdeadbeefdeadbeefdeadbeefdeadbeefdeadbeefdeadbeefdead ...
[2016-10-29 21:23:26,649] [INFO] [base._test_info] -> Current test: 42
[2016-10-29 21:23:26,650] [INFO] [server.transmit] -> request(537): deadbeefdeadbeefdeadbeefdeadbeefdeadbeefdeadbeefdeadbeefdeadbeefdeadbeefdeadbeefdeadbeefdeadbeefdead ...
[2016-10-29 21:23:26,652] [INFO] [base._test_info] -> Current test: 43
[2016-10-29 21:23:26,652] [INFO] [server.transmit] -> request(89): deadbeefdeadbeefdeadbeefdeadbeefdeadbeefdeadbeefdeadbeefdeadbeefdeadbeefdeadbeefdeadbeefdeadbeefdead ...
[2016-10-29 21:23:26,659] [INFO] [base._test_info] -> Current test: 44
[2016-10-29 21:23:26,662] [INFO] [server.transmit] -> request(33): deadbeefdeadbeef202f696e6465782e68746d6c20485454502f312e300d0a0d0a
[2016-10-29 21:23:26,671] [INFO] [base._test_info] -> Current test: 45
[2016-10-29 21:23:26,672] [INFO] [server.transmit] -> request(42): 7c746f756368202f746d702f4b49545459202f696e6465782e68746d6c20485454502f312e300d0a0d0a
[2016-10-29 21:23:26,682] [INFO] [base._test_info] -> Current test: 46
[2016-10-29 21:23:26,683] [INFO] [server.transmit] -> request(43): 3b746f756368202f746d702f4b495454593b202f696e6465782e68746d6c20485454502f312e300d0a0d0a
[2016-10-29 21:23:26,701] [INFO] [base._test_info] -> Current test: 47
[2016-10-29 21:23:26,701] [INFO] [server.transmit] -> request(39): 3b6c733e2f746d702f4b49545459202f696e6465782e68746d6c20485454502f312e300d0a0d0a
[2016-10-29 21:23:26,708] [INFO] [base._test_info] -> Current test: 48
[2016-10-29 21:23:26,710] [INFO] [server.transmit] -> request(54): 223b6c733e2f746d702f4b495454593b6c733e2f6465762f6e756c6c22202f696e6465782e68746d6c20485454502f312e30 ...
[2016-10-29 21:23:26,713] [INFO] [base._test_info] -> Current test: 49
[2016-10-29 21:23:26,714] [INFO] [server.transmit] -> request(55): 273b6c733e2f746d702f4b495454593b6c733e272f6465762f6e756c6c27202f696e6465782e68746d6c20485454502f312e ...
[2016-10-29 21:23:26,725] [INFO] [base._test_info] -> Current test: 50
[2016-10-29 21:23:26,726] [INFO] [server.transmit] -> request(40): 606c733e2f746d702f4b4954545960202f696e6465782e68746d6c20485454502f312e300d0a0d0a
[2016-10-29 21:23:26,733] [INFO] [base._test_info] -> Current test: 51
[2016-10-29 21:23:26,734] [INFO] [server.transmit] -> request(41): 20606c733e2f746d702f4b4954545960202f696e6465782e68746d6c20485454502f312e300d0a0d0a
[2016-10-29 21:23:26,736] [INFO] [base._test_info] -> Current test: 52
[2016-10-29 21:23:26,737] [INFO] [server.transmit] -> request(33): 7c6e6f7465706164202f696e6465782e68746d6c20485454502f312e300d0a0d0a
[2016-10-29 21:23:26,739] [INFO] [base._test_info] -> Current test: 53
[2016-10-29 21:23:26,740] [INFO] [server.transmit] -> request(34): 3b6e6f74657061643b202f696e6465782e68746d6c20485454502f312e300d0a0d0a
[2016-10-29 21:23:26,743] [INFO] [base._test_info] -> Current test: 54
[2016-10-29 21:23:26,743] [INFO] [server.transmit] -> request(34): 0a6e6f74657061640a202f696e6465782e68746d6c20485454502f312e300d0a0d0a
[2016-10-29 21:23:26,746] [INFO] [base._test_info] -> Current test: 55
[2016-10-29 21:23:26,754] [INFO] [server.transmit] -> request(36): 27206f7220313d31202d2d202f696e6465782e68746d6c20485454502f312e300d0a0d0a
[2016-10-29 21:23:26,760] [INFO] [base._test_info] -> Current test: 56
[2016-10-29 21:23:26,762] [INFO] [server.transmit] -> request(42): 273b20646573632075736572733b202d2d202f696e6465782e68746d6c20485454502f312e300d0a0d0a
[2016-10-29 21:23:26,764] [INFO] [base._test_info] -> Current test: 57
[2016-10-29 21:23:26,765] [INFO] [server.transmit] -> request(66): 27206f7220757365726e616d65206973206e6f74204e554c4c206f7220757365726e616d65203d2027202f696e6465782e68 ...
[2016-10-29 21:23:26,767] [INFO] [base._test_info] -> Current test: 58
[2016-10-29 21:23:26,768] [INFO] [server.transmit] -> request(97): 3120756e696f6e20616c6c2073656c65637420312c322c332c342c352c362c6e616d652066726f6d207379736f626a656374 ...
[2016-10-29 21:23:26,771] [INFO] [base._test_info] -> Current test: 59
[2016-10-29 21:23:26,771] [INFO] [server.transmit] -> request(36): 60206f72206031603d6031202f696e6465782e68746d6c20485454502f312e300d0a0d0a
[2016-10-29 21:23:26,774] [INFO] [base._test_info] -> Current test: 60
[2016-10-29 21:23:26,774] [INFO] [server.transmit] -> request(36): 27206f72202731273d2731202f696e6465782e68746d6c20485454502f312e300d0a0d0a
[2016-10-29 21:23:26,777] [INFO] [base._test_info] -> Current test: 61
[2016-10-29 21:23:26,785] [INFO] [server.transmit] -> request(27): 4141202f696e6465782e68746d6c20485454502f312e300d0a0d0a
[2016-10-29 21:23:26,791] [INFO] [base._test_info] -> Current test: 62
[2016-10-29 21:23:26,792] [INFO] [server.transmit] -> request(35): 41414141414141414141202f696e6465782e68746d6c20485454502f312e300d0a0d0a
[2016-10-29 21:23:26,797] [INFO] [base._test_info] -> Current test: 63
[2016-10-29 21:23:26,798] [INFO] [server.transmit] -> request(125): 4141414141414141414141414141414141414141414141414141414141414141414141414141414141414141414141414141 ...
[2016-10-29 21:23:26,801] [INFO] [base._test_info] -> Current test: 64
[2016-10-29 21:23:26,801] [INFO] [server.transmit] -> request(1025): 4141414141414141414141414141414141414141414141414141414141414141414141414141414141414141414141414141 ...
[2016-10-29 21:23:26,804] [INFO] [base._test_info] -> Current test: 65
[2016-10-29 21:23:26,805] [INFO] [server.transmit] -> request(5025): 4141414141414141414141414141414141414141414141414141414141414141414141414141414141414141414141414141 ...
[2016-10-29 21:23:26,820] [INFO] [base._test_info] -> Current test: 66
[2016-10-29 21:23:26,823] [INFO] [server.transmit] -> request(10025): 4141414141414141414141414141414141414141414141414141414141414141414141414141414141414141414141414141 ...
[2016-10-29 21:23:26,829] [INFO] [base._test_info] -> Current test: 67
[2016-10-29 21:23:26,830] [INFO] [server.transmit] -> request(36): 2f6574632f706173737764202f696e6465782e68746d6c20485454502f312e300d0a0d0a
[2016-10-29 21:23:26,843] [INFO] [base._test_info] -> Current test: 68
[2016-10-29 21:23:26,849] [INFO] [server.transmit] -> request(79): 2e2f2e2e2f2e2e2f2e2e2f2e2e2f2e2e2f2e2e2f2e2e2f2e2e2f2e2e2f2e2e2f2e2e2f2e2e2f2e2e2f2e2e2f6574632f7061 ...
[2016-10-29 21:23:26,858] [INFO] [base._test_info] -> Current test: 69
[2016-10-29 21:23:26,861] [INFO] [server.transmit] -> request(77): 2e2e2f2e2e2f2e2e2f2e2e2f2e2e2f2e2e2f2e2e2f2e2e2f2e2e2f2e2e2f2e2e2f2e2e2f2e2e2f2e2e2f6574632f70617373 ...
[2016-10-29 21:23:26,865] [INFO] [base._test_info] -> Current test: 70
[2016-10-29 21:23:26,865] [INFO] [server.transmit] -> request(38): 2f70726f632f637075696e666f202f696e6465782e68746d6c20485454502f312e300d0a0d0a
[2016-10-29 21:23:26,868] [INFO] [base._test_info] -> Current test: 71
[2016-10-29 21:23:26,868] [INFO] [server.transmit] -> request(81): 2e2f2e2e2f2e2e2f2e2e2f2e2e2f2e2e2f2e2e2f2e2e2f2e2e2f2e2e2f2e2e2f2e2e2f2e2e2f2e2e2f2e2e2f70726f632f63 ...
[2016-10-29 21:23:26,879] [INFO] [base._test_info] -> Current test: 72
[2016-10-29 21:23:26,883] [INFO] [server.transmit] -> request(79): 2e2e2f2e2e2f2e2e2f2e2e2f2e2e2f2e2e2f2e2e2f2e2e2f2e2e2f2e2e2f2e2e2f2e2e2f2e2e2f2e2e2f70726f632f637075 ...
[2016-10-29 21:23:26,886] [INFO] [base._test_info] -> Current test: 73
[2016-10-29 21:23:26,887] [INFO] [server.transmit] -> request(35): 7e2f2e70726f66696c65202f696e6465782e68746d6c20485454502f312e300d0a0d0a
[2016-10-29 21:23:26,890] [INFO] [base._test_info] -> Current test: 74
[2016-10-29 21:23:26,891] [INFO] [server.transmit] -> request(39): 24484f4d452f2e70726f66696c65202f696e6465782e68746d6c20485454502f312e300d0a0d0a
[2016-10-29 21:23:26,894] [INFO] [base._test_info] -> Current test: 75
[2016-10-29 21:23:26,894] [INFO] [server.transmit] -> request(70): 2f2e2e2f2e2e2f2e2e2f2e2e2f2e2e2f2e2e2f2e2e2f2e2e2f2e2e2f2e2e2f2e2e2f2e2e2f626f6f742e696e69202f696e64 ...
[2016-10-29 21:23:26,897] [INFO] [base._test_info] -> Current test: 76
[2016-10-29 21:23:26,897] [INFO] [server.transmit] -> request(1049): 2f5c2f5c2f5c2f5c2f5c2f5c2f5c2f5c2f5c2f5c2f5c2f5c2f5c2f5c2f5c2f5c2f5c2f5c2f5c2f5c2f5c2f5c2f5c2f5c2f5c ...
[2016-10-29 21:23:26,899] [INFO] [base._test_info] -> Current test: 77
[2016-10-29 21:23:26,907] [INFO] [server.transmit] -> request(153): 2f5c2f5c2f5c2f5c2f5c2f5c2f5c2f5c2f5c2f5c2f5c2f5c2f5c2f5c2f5c2f5c2f5c2f5c2f5c2f5c2f5c2f5c2f5c2f5c2f5c ...
[2016-10-29 21:23:26,912] [INFO] [base._test_info] -> Current test: 78
[2016-10-29 21:23:26,912] [INFO] [server.transmit] -> request(41): 2f5c2f5c2f5c2f5c2f5c2f5c2f5c2f5c202f696e6465782e68746d6c20485454502f312e300d0a0d0a
[2016-10-29 21:23:26,919] [INFO] [base._test_info] -> Current test: 79
[2016-10-29 21:23:26,921] [INFO] [server.transmit] -> request(1049): 2f2e2f2e2f2e2f2e2f2e2f2e2f2e2f2e2f2e2f2e2f2e2f2e2f2e2f2e2f2e2f2e2f2e2f2e2f2e2f2e2f2e2f2e2f2e2f2e2f2e ...
[2016-10-29 21:23:26,924] [INFO] [base._test_info] -> Current test: 80
[2016-10-29 21:23:26,925] [INFO] [server.transmit] -> request(153): 2f2e2f2e2f2e2f2e2f2e2f2e2f2e2f2e2f2e2f2e2f2e2f2e2f2e2f2e2f2e2f2e2f2e2f2e2f2e2f2e2f2e2f2e2f2e2f2e2f2e ...
[2016-10-29 21:23:26,927] [INFO] [base._test_info] -> Current test: 81
[2016-10-29 21:23:26,927] [INFO] [server.transmit] -> request(41): 2f2e2f2e2f2e2f2e2f2e2f2e2f2e2f2e202f696e6465782e68746d6c20485454502f312e300d0a0d0a
[2016-10-29 21:23:26,930] [INFO] [base._test_info] -> Current test: 82
[2016-10-29 21:23:26,938] [INFO] [server.transmit] -> request(54): 2140232425255e2324252324402324252424402324255e5e2a2a282829202f696e6465782e68746d6c20485454502f312e30 ...
[2016-10-29 21:23:26,945] [INFO] [base._test_info] -> Current test: 83
[2016-10-29 21:23:26,946] [INFO] [server.transmit] -> request(50): 25303125303225303325303425306125306425306141445346202f696e6465782e68746d6c20485454502f312e300d0a0d0a ...
[2016-10-29 21:23:26,949] [INFO] [base._test_info] -> Current test: 84
[2016-10-29 21:23:26,950] [INFO] [server.transmit] -> request(51): 2530312530322530334025303425306125306425306141445346202f696e6465782e68746d6c20485454502f312e300d0a0d ...
[2016-10-29 21:23:26,953] [INFO] [base._test_info] -> Current test: 85
[2016-10-29 21:23:26,954] [INFO] [server.transmit] -> request(30): 2f2530302f202f696e6465782e68746d6c20485454502f312e300d0a0d0a
[2016-10-29 21:23:26,957] [INFO] [base._test_info] -> Current test: 86
[2016-10-29 21:23:26,957] [INFO] [server.transmit] -> request(29): 2530302f202f696e6465782e68746d6c20485454502f312e300d0a0d0a
[2016-10-29 21:23:26,973] [INFO] [base._test_info] -> Current test: 87
[2016-10-29 21:23:26,974] [INFO] [server.transmit] -> request(28): 253030202f696e6465782e68746d6c20485454502f312e300d0a0d0a
[2016-10-29 21:23:26,980] [INFO] [base._test_info] -> Current test: 88
[2016-10-29 21:23:26,980] [INFO] [server.transmit] -> request(31): 257530303030202f696e6465782e68746d6c20485454502f312e300d0a0d0a
[2016-10-29 21:23:26,988] [INFO] [base._test_info] -> Current test: 89
[2016-10-29 21:23:26,989] [INFO] [server.transmit] -> request(217): 25fef02501ff25fef02501ff25fef02501ff25fef02501ff25fef02501ff25fef02501ff25fef02501ff25fef02501ff25fe ...
[2016-10-29 21:23:27,004] [INFO] [base._test_info] -> Current test: 90
[2016-10-29 21:23:27,004] [INFO] [server.transmit] -> request(49): 25fef02501ff25fef02501ff25fef02501ff25fef02501ff202f696e6465782e68746d6c20485454502f312e300d0a0d0a
[2016-10-29 21:23:27,011] [INFO] [base._test_info] -> Current test: 91
[2016-10-29 21:23:27,012] [INFO] [server.transmit] -> request(29): 47455420202f696e6465782e68746d6c20485454502f312e300d0a0d0a
[2016-10-29 21:23:27,016] [INFO] [base._test_info] -> Current test: 92
[2016-10-29 21:23:27,017] [INFO] [server.transmit] -> request(37): 474554202020202020202020202f696e6465782e68746d6c20485454502f312e300d0a0d0a
[2016-10-29 21:23:27,029] [INFO] [base._test_info] -> Current test: 93
[2016-10-29 21:23:27,033] [INFO] [server.transmit] -> request(127): 4745542020202020202020202020202020202020202020202020202020202020202020202020202020202020202020202020 ...
[2016-10-29 21:23:27,040] [INFO] [base._test_info] -> Current test: 94
[2016-10-29 21:23:27,040] [INFO] [server.transmit] -> request(29): 47455420fe2f696e6465782e68746d6c20485454502f312e300d0a0d0a
[2016-10-29 21:23:27,044] [INFO] [base._test_info] -> Current test: 97
[2016-10-29 21:23:27,045] [INFO] [server.transmit] -> request(29): 47455420002f696e6465782e68746d6c20485454502f312e300d0a0d0a
[2016-10-29 21:23:27,076] [INFO] [base._test_info] -> Current test: 98
[2016-10-29 21:23:27,077] [INFO] [server.transmit] -> request(31): 474554202020202f696e6465782e68746d6c20485454502f312e300d0a0d0a
[2016-10-29 21:23:27,087] [INFO] [base._test_info] -> Current test: 99
[2016-10-29 21:23:27,087] [INFO] [server.transmit] -> request(31): 474554090909092f696e6465782e68746d6c20485454502f312e300d0a0d0a
[2016-10-29 21:23:27,092] [INFO] [base._test_info] -> Current test: 100
[2016-10-29 21:23:27,093] [INFO] [server.transmit] -> request(31): 474554212121212f696e6465782e68746d6c20485454502f312e300d0a0d0a
[2016-10-29 21:23:27,107] [INFO] [base._test_info] -> Current test: 101
[2016-10-29 21:23:27,108] [INFO] [server.transmit] -> request(31): 474554404040402f696e6465782e68746d6c20485454502f312e300d0a0d0a
[2016-10-29 21:23:27,114] [INFO] [base._test_info] -> Current test: 102
[2016-10-29 21:23:27,114] [INFO] [server.transmit] -> request(31): 474554232323232f696e6465782e68746d6c20485454502f312e300d0a0d0a
[2016-10-29 21:23:27,117] [INFO] [base._test_info] -> Current test: 103
[2016-10-29 21:23:27,118] [INFO] [server.transmit] -> request(31): 474554242424242f696e6465782e68746d6c20485454502f312e300d0a0d0a
[2016-10-29 21:23:27,121] [INFO] [base._test_info] -> Current test: 104
[2016-10-29 21:23:27,122] [INFO] [server.transmit] -> request(31): 474554252525252f696e6465782e68746d6c20485454502f312e300d0a0d0a
[2016-10-29 21:23:27,137] [INFO] [base._test_info] -> Current test: 105
[2016-10-29 21:23:27,138] [INFO] [server.transmit] -> request(31): 4745545e5e5e5e2f696e6465782e68746d6c20485454502f312e300d0a0d0a
[2016-10-29 21:23:27,143] [INFO] [base._test_info] -> Current test: 106
[2016-10-29 21:23:27,143] [INFO] [server.transmit] -> request(31): 474554262626262f696e6465782e68746d6c20485454502f312e300d0a0d0a
[2016-10-29 21:23:27,146] [INFO] [base._test_info] -> Current test: 107
[2016-10-29 21:23:27,147] [INFO] [server.transmit] -> request(31): 4745542a2a2a2a2f696e6465782e68746d6c20485454502f312e300d0a0d0a
[2016-10-29 21:23:27,149] [INFO] [base._test_info] -> Current test: 108
[2016-10-29 21:23:27,150] [INFO] [server.transmit] -> request(31): 474554282828282f696e6465782e68746d6c20485454502f312e300d0a0d0a
[2016-10-29 21:23:27,152] [INFO] [base._test_info] -> Current test: 109
[2016-10-29 21:23:27,152] [INFO] [server.transmit] -> request(31): 474554292929292f696e6465782e68746d6c20485454502f312e300d0a0d0a
[2016-10-29 21:23:27,165] [INFO] [base._test_info] -> Current test: 110
[2016-10-29 21:23:27,166] [INFO] [server.transmit] -> request(31): 4745542d2d2d2d2f696e6465782e68746d6c20485454502f312e300d0a0d0a
[2016-10-29 21:23:27,170] [INFO] [base._test_info] -> Current test: 111
[2016-10-29 21:23:27,171] [INFO] [server.transmit] -> request(31): 4745545f5f5f5f2f696e6465782e68746d6c20485454502f312e300d0a0d0a
[2016-10-29 21:23:27,174] [INFO] [base._test_info] -> Current test: 112
[2016-10-29 21:23:27,175] [INFO] [server.transmit] -> request(31): 4745542b2b2b2b2f696e6465782e68746d6c20485454502f312e300d0a0d0a
[2016-10-29 21:23:27,177] [INFO] [base._test_info] -> Current test: 113
[2016-10-29 21:23:27,178] [INFO] [server.transmit] -> request(31): 4745543d3d3d3d2f696e6465782e68746d6c20485454502f312e300d0a0d0a
[2016-10-29 21:23:27,181] [INFO] [base._test_info] -> Current test: 114
[2016-10-29 21:23:27,181] [INFO] [server.transmit] -> request(31): 4745543a3a3a3a2f696e6465782e68746d6c20485454502f312e300d0a0d0a
[2016-10-29 21:23:27,194] [INFO] [base._test_info] -> Current test: 115
[2016-10-29 21:23:27,195] [INFO] [server.transmit] -> request(31): 4745543b3b3b3b2f696e6465782e68746d6c20485454502f312e300d0a0d0a
[2016-10-29 21:23:27,201] [INFO] [base._test_info] -> Current test: 116
[2016-10-29 21:23:27,202] [INFO] [server.transmit] -> request(31): 474554272727272f696e6465782e68746d6c20485454502f312e300d0a0d0a
[2016-10-29 21:23:27,206] [INFO] [base._test_info] -> Current test: 117
[2016-10-29 21:23:27,206] [INFO] [server.transmit] -> request(31): 474554222222222f696e6465782e68746d6c20485454502f312e300d0a0d0a
[2016-10-29 21:23:27,211] [INFO] [base._test_info] -> Current test: 118
[2016-10-29 21:23:27,212] [INFO] [server.transmit] -> request(31): 4745542f2f2f2f2f696e6465782e68746d6c20485454502f312e300d0a0d0a
[2016-10-29 21:23:27,224] [INFO] [base._test_info] -> Current test: 119
[2016-10-29 21:23:27,225] [INFO] [server.transmit] -> request(31): 4745545c5c5c5c2f696e6465782e68746d6c20485454502f312e300d0a0d0a
[2016-10-29 21:23:27,232] [INFO] [base._test_info] -> Current test: 120
[2016-10-29 21:23:27,233] [INFO] [server.transmit] -> request(31): 4745543f3f3f3f2f696e6465782e68746d6c20485454502f312e300d0a0d0a
[2016-10-29 21:23:27,237] [INFO] [base._test_info] -> Current test: 121
[2016-10-29 21:23:27,238] [INFO] [server.transmit] -> request(31): 4745543c3c3c3c2f696e6465782e68746d6c20485454502f312e300d0a0d0a
[2016-10-29 21:23:27,241] [INFO] [base._test_info] -> Current test: 122
[2016-10-29 21:23:27,242] [INFO] [server.transmit] -> request(31): 4745543e3e3e3e2f696e6465782e68746d6c20485454502f312e300d0a0d0a
[2016-10-29 21:23:27,245] [INFO] [base._test_info] -> Current test: 123
[2016-10-29 21:23:27,253] [INFO] [server.transmit] -> request(31): 4745542e2e2e2e2f696e6465782e68746d6c20485454502f312e300d0a0d0a
[2016-10-29 21:23:27,262] [INFO] [base._test_info] -> Current test: 124
[2016-10-29 21:23:27,263] [INFO] [server.transmit] -> request(31): 4745542c2c2c2c2f696e6465782e68746d6c20485454502f312e300d0a0d0a
[2016-10-29 21:23:27,269] [INFO] [base._test_info] -> Current test: 125
[2016-10-29 21:23:27,270] [INFO] [server.transmit] -> request(31): 4745540d0d0d0d2f696e6465782e68746d6c20485454502f312e300d0a0d0a
[2016-10-29 21:23:27,276] [INFO] [base._test_info] -> Current test: 126
[2016-10-29 21:23:27,283] [INFO] [server.transmit] -> request(31): 4745540a0a0a0a2f696e6465782e68746d6c20485454502f312e300d0a0d0a
[2016-10-29 21:23:27,289] [INFO] [base._test_info] -> Current test: 127
[2016-10-29 21:23:27,290] [INFO] [server.transmit] -> request(43): 4745540d0a0d0a0d0a0d0a0d0a0d0a0d0a0d0a2f696e6465782e68746d6c20485454502f312e300d0a0d0a
[2016-10-29 21:23:27,294] [INFO] [base._test_info] -> Current test: 128
[2016-10-29 21:23:27,295] [INFO] [server.transmit] -> request(51): 474554090d0a090d0a090d0a090d0a090d0a090d0a090d0a090d0a2f696e6465782e68746d6c20485454502f312e300d0a0d ...
[2016-10-29 21:23:27,298] [INFO] [base._test_info] -> Current test: 129
[2016-10-29 21:23:27,299] [INFO] [server.transmit] -> request(27): 4745542f696e6465782e68746d6c20485454502f312e300d0a0d0a
[2016-10-29 21:23:27,301] [INFO] [base._test_info] -> Current test: 130
[2016-10-29 21:23:27,302] [INFO] [server.transmit] -> request(39): 474554202f696e6465782e68746d6c2f696e6465782e68746d6c20485454502f312e300d0a0d0a
[2016-10-29 21:23:27,321] [INFO] [base._test_info] -> Current test: 131
[2016-10-29 21:23:27,321] [INFO] [server.transmit] -> request(127): 474554202f696e6465782e68746d6c2f696e6465782e68746d6c2f696e6465782e68746d6c2f696e6465782e68746d6c2f69 ...
[2016-10-29 21:23:27,327] [INFO] [base._test_info] -> Current test: 132
[2016-10-29 21:23:27,328] [INFO] [server.transmit] -> request(1117): 474554202f696e6465782e68746d6c2f696e6465782e68746d6c2f696e6465782e68746d6c2f696e6465782e68746d6c2f69 ...
[2016-10-29 21:23:27,332] [INFO] [base._test_info] -> Current test: 133
[2016-10-29 21:23:27,332] [INFO] [server.transmit] -> request(29): 474554202f696e6465782e68746d6cfe20485454502f312e300d0a0d0a
[2016-10-29 21:23:27,337] [INFO] [base._test_info] -> Current test: 135
[2016-10-29 21:23:27,347] [INFO] [server.transmit] -> request(29): 474554202f696e646500782e68746d6c20485454502f312e300d0a0d0a
[2016-10-29 21:23:27,351] [INFO] [base._test_info] -> Current test: 136
[2016-10-29 21:23:27,355] [INFO] [server.transmit] -> request(29): 474554202f696e6465782e68746d6c0020485454502f312e300d0a0d0a
[2016-10-29 21:23:27,361] [INFO] [base._test_info] -> Current test: 137
[2016-10-29 21:23:27,362] [INFO] [server.transmit] -> request(17): 4745542020485454502f312e300d0a0d0a
[2016-10-29 21:23:27,365] [INFO] [base._test_info] -> Current test: 138
[2016-10-29 21:23:27,365] [INFO] [server.transmit] -> request(2065): 4745542025732573257325732573257325732573257325732573257325732573257325732573257325732573257325732573 ...
[2016-10-29 21:23:27,382] [INFO] [base._test_info] -> Current test: 139
[2016-10-29 21:23:27,382] [INFO] [server.transmit] -> request(273): 4745542025732573257325732573257325732573257325732573257325732573257325732573257325732573257325732573 ...
[2016-10-29 21:23:27,389] [INFO] [base._test_info] -> Current test: 140
[2016-10-29 21:23:27,390] [INFO] [server.transmit] -> request(49): 47455420257325732573257325732573257325732573257325732573257325732573257320485454502f312e300d0a0d0a
[2016-10-29 21:23:27,411] [INFO] [base._test_info] -> Current test: 141
[2016-10-29 21:23:27,412] [INFO] [server.transmit] -> request(21): 474554202573257320485454502f312e300d0a0d0a
[2016-10-29 21:23:27,419] [INFO] [base._test_info] -> Current test: 142
[2016-10-29 21:23:27,423] [INFO] [server.transmit] -> request(3089): 4745542025257325257325257325257325257325257325257325257325257325257325257325257325257325257325257325 ...
[2016-10-29 21:23:27,440] [INFO] [base._test_info] -> Current test: 143
[2016-10-29 21:23:27,440] [INFO] [server.transmit] -> request(401): 4745542025257325257325257325257325257325257325257325257325257325257325257325257325257325257325257325 ...
[2016-10-29 21:23:27,446] [INFO] [base._test_info] -> Current test: 144
[2016-10-29 21:23:27,446] [INFO] [server.transmit] -> request(65): 4745542025257325257325257325257325257325257325257325257325257325257325257325257325257325257325257325 ...
[2016-10-29 21:23:27,454] [INFO] [base._test_info] -> Current test: 145
[2016-10-29 21:23:27,455] [INFO] [server.transmit] -> request(23): 4745542025257325257320485454502f312e300d0a0d0a
[2016-10-29 21:23:27,468] [INFO] [base._test_info] -> Current test: 146
[2016-10-29 21:23:27,469] [INFO] [server.transmit] -> request(4113): 4745542022257322222573222225732222257322222573222225732222257322222573222225732222257322222573222225 ...
[2016-10-29 21:23:27,480] [INFO] [base._test_info] -> Current test: 147
[2016-10-29 21:23:27,482] [INFO] [server.transmit] -> request(529): 4745542022257322222573222225732222257322222573222225732222257322222573222225732222257322222573222225 ...
[2016-10-29 21:23:27,486] [INFO] [base._test_info] -> Current test: 148
[2016-10-29 21:23:27,486] [INFO] [server.transmit] -> request(81): 4745542022257322222573222225732222257322222573222225732222257322222573222225732222257322222573222225 ...
[2016-10-29 21:23:27,490] [INFO] [base._test_info] -> Current test: 149
[2016-10-29 21:23:27,490] [INFO] [server.transmit] -> request(25): 47455420222573222225732220485454502f312e300d0a0d0a
[2016-10-29 21:23:27,505] [INFO] [base._test_info] -> Current test: 150
[2016-10-29 21:23:27,506] [INFO] [server.transmit] -> request(2065): 47455420256e256e256e256e256e256e256e256e256e256e256e256e256e256e256e256e256e256e256e256e256e256e256e ...
[2016-10-29 21:23:27,515] [INFO] [base._test_info] -> Current test: 151
[2016-10-29 21:23:27,516] [INFO] [server.transmit] -> request(273): 47455420256e256e256e256e256e256e256e256e256e256e256e256e256e256e256e256e256e256e256e256e256e256e256e ...
[2016-10-29 21:23:27,522] [INFO] [base._test_info] -> Current test: 152
[2016-10-29 21:23:27,531] [INFO] [server.transmit] -> request(49): 47455420256e256e256e256e256e256e256e256e256e256e256e256e256e256e256e256e20485454502f312e300d0a0d0a
[2016-10-29 21:23:27,538] [INFO] [base._test_info] -> Current test: 153
[2016-10-29 21:23:27,542] [INFO] [server.transmit] -> request(21): 47455420256e256e20485454502f312e300d0a0d0a
[2016-10-29 21:23:27,552] [INFO] [base._test_info] -> Current test: 154
[2016-10-29 21:23:27,564] [INFO] [server.transmit] -> request(3089): 4745542025256e25256e25256e25256e25256e25256e25256e25256e25256e25256e25256e25256e25256e25256e25256e25 ...
[2016-10-29 21:23:27,570] [INFO] [base._test_info] -> Current test: 155
[2016-10-29 21:23:27,574] [INFO] [server.transmit] -> request(401): 4745542025256e25256e25256e25256e25256e25256e25256e25256e25256e25256e25256e25256e25256e25256e25256e25 ...
[2016-10-29 21:23:27,580] [INFO] [base._test_info] -> Current test: 156
[2016-10-29 21:23:27,580] [INFO] [server.transmit] -> request(65): 4745542025256e25256e25256e25256e25256e25256e25256e25256e25256e25256e25256e25256e25256e25256e25256e25 ...
[2016-10-29 21:23:27,592] [INFO] [base._test_info] -> Current test: 157
[2016-10-29 21:23:27,593] [INFO] [server.transmit] -> request(23): 4745542025256e25256e20485454502f312e300d0a0d0a
[2016-10-29 21:23:27,601] [INFO] [base._test_info] -> Current test: 158
[2016-10-29 21:23:27,602] [INFO] [server.transmit] -> request(4113): 4745542022256e2222256e2222256e2222256e2222256e2222256e2222256e2222256e2222256e2222256e2222256e222225 ...
[2016-10-29 21:23:27,610] [INFO] [base._test_info] -> Current test: 159
[2016-10-29 21:23:27,611] [INFO] [server.transmit] -> request(529): 4745542022256e2222256e2222256e2222256e2222256e2222256e2222256e2222256e2222256e2222256e2222256e222225 ...
[2016-10-29 21:23:27,624] [INFO] [base._test_info] -> Current test: 160
[2016-10-29 21:23:27,624] [INFO] [server.transmit] -> request(81): 4745542022256e2222256e2222256e2222256e2222256e2222256e2222256e2222256e2222256e2222256e2222256e222225 ...
[2016-10-29 21:23:27,629] [INFO] [base._test_info] -> Current test: 161
[2016-10-29 21:23:27,629] [INFO] [server.transmit] -> request(25): 4745542022256e2222256e2220485454502f312e300d0a0d0a
[2016-10-29 21:23:27,638] [INFO] [base._test_info] -> Current test: 162
[2016-10-29 21:23:27,638] [INFO] [server.transmit] -> request(31): 47455420252e31363730357525325c24686e20485454502f312e300d0a0d0a
[2016-10-29 21:23:27,643] [INFO] [base._test_info] -> Current test: 163
[2016-10-29 21:23:27,643] [INFO] [server.transmit] -> request(2065): 474554200d0a0d0a0d0a0d0a0d0a0d0a0d0a0d0a0d0a0d0a0d0a0d0a0d0a0d0a0d0a0d0a0d0a0d0a0d0a0d0a0d0a0d0a0d0a ...
[2016-10-29 21:23:27,663] [INFO] [base._test_info] -> Current test: 164
[2016-10-29 21:23:27,664] [INFO] [server.transmit] -> request(273): 474554200d0a0d0a0d0a0d0a0d0a0d0a0d0a0d0a0d0a0d0a0d0a0d0a0d0a0d0a0d0a0d0a0d0a0d0a0d0a0d0a0d0a0d0a0d0a ...
[2016-10-29 21:23:27,671] [INFO] [base._test_info] -> Current test: 165
[2016-10-29 21:23:27,672] [INFO] [server.transmit] -> request(49): 474554200d0a0d0a0d0a0d0a0d0a0d0a0d0a0d0a0d0a0d0a0d0a0d0a0d0a0d0a0d0a0d0a20485454502f312e300d0a0d0a
[2016-10-29 21:23:27,686] [INFO] [base._test_info] -> Current test: 166
[2016-10-29 21:23:27,687] [INFO] [server.transmit] -> request(21): 474554200d0a0d0a20485454502f312e300d0a0d0a
[2016-10-29 21:23:27,694] [INFO] [base._test_info] -> Current test: 167
[2016-10-29 21:23:27,695] [INFO] [server.transmit] -> request(1041): 474554200a0a0a0a0a0a0a0a0a0a0a0a0a0a0a0a0a0a0a0a0a0a0a0a0a0a0a0a0a0a0a0a0a0a0a0a0a0a0a0a0a0a0a0a0a0a ...
[2016-10-29 21:23:27,712] [INFO] [base._test_info] -> Current test: 168
[2016-10-29 21:23:27,713] [INFO] [server.transmit] -> request(145): 474554200a0a0a0a0a0a0a0a0a0a0a0a0a0a0a0a0a0a0a0a0a0a0a0a0a0a0a0a0a0a0a0a0a0a0a0a0a0a0a0a0a0a0a0a0a0a ...
[2016-10-29 21:23:27,718] [INFO] [base._test_info] -> Current test: 169
[2016-10-29 21:23:27,719] [INFO] [server.transmit] -> request(33): 474554200a0a0a0a0a0a0a0a0a0a0a0a0a0a0a0a20485454502f312e300d0a0d0a
[2016-10-29 21:23:27,724] [INFO] [base._test_info] -> Current test: 170
[2016-10-29 21:23:27,725] [INFO] [server.transmit] -> request(19): 474554200a0a20485454502f312e300d0a0d0a
[2016-10-29 21:23:27,731] [INFO] [base._test_info] -> Current test: 171
[2016-10-29 21:23:27,732] [INFO] [server.transmit] -> request(4113): 47455420deadbeefdeadbeefdeadbeefdeadbeefdeadbeefdeadbeefdeadbeefdeadbeefdeadbeefdeadbeefdeadbeefdead ...
[2016-10-29 21:23:27,745] [INFO] [base._test_info] -> Current test: 172
[2016-10-29 21:23:27,747] [INFO] [server.transmit] -> request(529): 47455420deadbeefdeadbeefdeadbeefdeadbeefdeadbeefdeadbeefdeadbeefdeadbeefdeadbeefdeadbeefdeadbeefdead ...
[2016-10-29 21:23:27,759] [INFO] [base._test_info] -> Current test: 173
[2016-10-29 21:23:27,763] [INFO] [server.transmit] -> request(81): 47455420deadbeefdeadbeefdeadbeefdeadbeefdeadbeefdeadbeefdeadbeefdeadbeefdeadbeefdeadbeefdeadbeefdead ...
[2016-10-29 21:23:27,775] [INFO] [base._test_info] -> Current test: 174
[2016-10-29 21:23:27,779] [INFO] [server.transmit] -> request(25): 47455420deadbeefdeadbeef20485454502f312e300d0a0d0a
[2016-10-29 21:23:27,783] [INFO] [base._test_info] -> Current test: 175
[2016-10-29 21:23:27,784] [INFO] [server.transmit] -> request(34): 474554207c746f756368202f746d702f4b4954545920485454502f312e300d0a0d0a
[2016-10-29 21:23:27,789] [INFO] [base._test_info] -> Current test: 176
[2016-10-29 21:23:27,793] [INFO] [server.transmit] -> request(35): 474554203b746f756368202f746d702f4b495454593b20485454502f312e300d0a0d0a
[2016-10-29 21:23:27,798] [INFO] [base._test_info] -> Current test: 177
[2016-10-29 21:23:27,800] [INFO] [server.transmit] -> request(31): 474554203b6c733e2f746d702f4b4954545920485454502f312e300d0a0d0a
[2016-10-29 21:23:27,819] [INFO] [base._test_info] -> Current test: 178
[2016-10-29 21:23:27,820] [INFO] [server.transmit] -> request(46): 47455420223b6c733e2f746d702f4b495454593b6c733e2f6465762f6e756c6c2220485454502f312e300d0a0d0a
[2016-10-29 21:23:27,861] [INFO] [base._test_info] -> Current test: 179
[2016-10-29 21:23:27,862] [INFO] [server.transmit] -> request(47): 47455420273b6c733e2f746d702f4b495454593b6c733e272f6465762f6e756c6c2720485454502f312e300d0a0d0a
[2016-10-29 21:23:27,872] [INFO] [base._test_info] -> Current test: 180
[2016-10-29 21:23:27,880] [INFO] [server.transmit] -> request(32): 47455420606c733e2f746d702f4b495454596020485454502f312e300d0a0d0a
[2016-10-29 21:23:27,885] [INFO] [base._test_info] -> Current test: 181
[2016-10-29 21:23:27,886] [INFO] [server.transmit] -> request(33): 4745542020606c733e2f746d702f4b495454596020485454502f312e300d0a0d0a
[2016-10-29 21:23:27,890] [INFO] [base._test_info] -> Current test: 182
[2016-10-29 21:23:27,890] [INFO] [server.transmit] -> request(25): 474554207c6e6f746570616420485454502f312e300d0a0d0a
[2016-10-29 21:23:27,894] [INFO] [base._test_info] -> Current test: 183
[2016-10-29 21:23:27,895] [INFO] [server.transmit] -> request(26): 474554203b6e6f74657061643b20485454502f312e300d0a0d0a
[2016-10-29 21:23:27,909] [INFO] [base._test_info] -> Current test: 184
[2016-10-29 21:23:27,910] [INFO] [server.transmit] -> request(26): 474554200a6e6f74657061640a20485454502f312e300d0a0d0a
[2016-10-29 21:23:27,914] [INFO] [base._test_info] -> Current test: 185
[2016-10-29 21:23:27,915] [INFO] [server.transmit] -> request(28): 4745542027206f7220313d31202d2d20485454502f312e300d0a0d0a
[2016-10-29 21:23:27,920] [INFO] [base._test_info] -> Current test: 186
[2016-10-29 21:23:27,920] [INFO] [server.transmit] -> request(34): 47455420273b20646573632075736572733b202d2d20485454502f312e300d0a0d0a
[2016-10-29 21:23:27,936] [INFO] [base._test_info] -> Current test: 187
[2016-10-29 21:23:27,937] [INFO] [server.transmit] -> request(58): 4745542027206f7220757365726e616d65206973206e6f74204e554c4c206f7220757365726e616d65203d20272048545450 ...
[2016-10-29 21:23:27,944] [INFO] [base._test_info] -> Current test: 188
[2016-10-29 21:23:27,945] [INFO] [server.transmit] -> request(89): 474554203120756e696f6e20616c6c2073656c65637420312c322c332c342c352c362c6e616d652066726f6d207379736f62 ...
[2016-10-29 21:23:27,950] [INFO] [base._test_info] -> Current test: 189
[2016-10-29 21:23:27,951] [INFO] [server.transmit] -> request(28): 4745542060206f72206031603d603120485454502f312e300d0a0d0a
[2016-10-29 21:23:27,956] [INFO] [base._test_info] -> Current test: 190
[2016-10-29 21:23:27,957] [INFO] [server.transmit] -> request(28): 4745542027206f72202731273d273120485454502f312e300d0a0d0a
[2016-10-29 21:23:27,975] [INFO] [base._test_info] -> Current test: 191
[2016-10-29 21:23:27,978] [INFO] [server.transmit] -> request(19): 47455420414120485454502f312e300d0a0d0a
[2016-10-29 21:23:27,984] [INFO] [base._test_info] -> Current test: 192
[2016-10-29 21:23:27,984] [INFO] [server.transmit] -> request(27): 474554204141414141414141414120485454502f312e300d0a0d0a
[2016-10-29 21:23:28,000] [INFO] [base._test_info] -> Current test: 193
[2016-10-29 21:23:28,001] [INFO] [server.transmit] -> request(117): 4745542041414141414141414141414141414141414141414141414141414141414141414141414141414141414141414141 ...
[2016-10-29 21:23:28,006] [INFO] [base._test_info] -> Current test: 194
[2016-10-29 21:23:28,007] [INFO] [server.transmit] -> request(1017): 4745542041414141414141414141414141414141414141414141414141414141414141414141414141414141414141414141 ...
[2016-10-29 21:23:28,011] [INFO] [base._test_info] -> Current test: 195
[2016-10-29 21:23:28,012] [INFO] [server.transmit] -> request(5017): 4745542041414141414141414141414141414141414141414141414141414141414141414141414141414141414141414141 ...
[2016-10-29 21:23:28,031] [INFO] [base._test_info] -> Current test: 196
[2016-10-29 21:23:28,032] [INFO] [server.transmit] -> request(10017): 4745542041414141414141414141414141414141414141414141414141414141414141414141414141414141414141414141 ...
[2016-10-29 21:23:28,034] [INFO] [base._test_info] -> Current test: 197
[2016-10-29 21:23:28,035] [INFO] [server.transmit] -> request(28): 474554202f6574632f70617373776420485454502f312e300d0a0d0a
[2016-10-29 21:23:28,042] [INFO] [base._test_info] -> Current test: 198
[2016-10-29 21:23:28,043] [INFO] [server.transmit] -> request(71): 474554202e2f2e2e2f2e2e2f2e2e2f2e2e2f2e2e2f2e2e2f2e2e2f2e2e2f2e2e2f2e2e2f2e2e2f2e2e2f2e2e2f2e2e2f6574 ...
[2016-10-29 21:23:28,049] [INFO] [base._test_info] -> Current test: 199
[2016-10-29 21:23:28,049] [INFO] [server.transmit] -> request(69): 474554202e2e2f2e2e2f2e2e2f2e2e2f2e2e2f2e2e2f2e2e2f2e2e2f2e2e2f2e2e2f2e2e2f2e2e2f2e2e2f2e2e2f6574632f ...
[2016-10-29 21:23:28,066] [INFO] [base._test_info] -> Current test: 200
[2016-10-29 21:23:28,066] [INFO] [server.transmit] -> request(30): 474554202f70726f632f637075696e666f20485454502f312e300d0a0d0a
[2016-10-29 21:23:28,075] [INFO] [base._test_info] -> Current test: 201
[2016-10-29 21:23:28,075] [INFO] [server.transmit] -> request(73): 474554202e2f2e2e2f2e2e2f2e2e2f2e2e2f2e2e2f2e2e2f2e2e2f2e2e2f2e2e2f2e2e2f2e2e2f2e2e2f2e2e2f2e2e2f7072 ...
[2016-10-29 21:23:28,081] [INFO] [base._test_info] -> Current test: 202
[2016-10-29 21:23:28,089] [INFO] [server.transmit] -> request(71): 474554202e2e2f2e2e2f2e2e2f2e2e2f2e2e2f2e2e2f2e2e2f2e2e2f2e2e2f2e2e2f2e2e2f2e2e2f2e2e2f2e2e2f70726f63 ...
[2016-10-29 21:23:28,100] [INFO] [base._test_info] -> Current test: 203
[2016-10-29 21:23:28,104] [INFO] [server.transmit] -> request(27): 474554207e2f2e70726f66696c6520485454502f312e300d0a0d0a
[2016-10-29 21:23:28,121] [INFO] [base._test_info] -> Current test: 204
[2016-10-29 21:23:28,123] [INFO] [server.transmit] -> request(31): 4745542024484f4d452f2e70726f66696c6520485454502f312e300d0a0d0a
[2016-10-29 21:23:28,152] [INFO] [base._test_info] -> Current test: 205
[2016-10-29 21:23:28,159] [INFO] [server.transmit] -> request(62): 474554202f2e2e2f2e2e2f2e2e2f2e2e2f2e2e2f2e2e2f2e2e2f2e2e2f2e2e2f2e2e2f2e2e2f2e2e2f626f6f742e696e6920 ...
[2016-10-29 21:23:28,167] [INFO] [base._test_info] -> Current test: 206
[2016-10-29 21:23:28,168] [INFO] [server.transmit] -> request(1041): 474554202f5c2f5c2f5c2f5c2f5c2f5c2f5c2f5c2f5c2f5c2f5c2f5c2f5c2f5c2f5c2f5c2f5c2f5c2f5c2f5c2f5c2f5c2f5c ...
[2016-10-29 21:23:28,184] [INFO] [base._test_info] -> Current test: 207
[2016-10-29 21:23:28,184] [INFO] [server.transmit] -> request(145): 474554202f5c2f5c2f5c2f5c2f5c2f5c2f5c2f5c2f5c2f5c2f5c2f5c2f5c2f5c2f5c2f5c2f5c2f5c2f5c2f5c2f5c2f5c2f5c ...
[2016-10-29 21:23:28,197] [INFO] [base._test_info] -> Current test: 208
[2016-10-29 21:23:28,199] [INFO] [server.transmit] -> request(33): 474554202f5c2f5c2f5c2f5c2f5c2f5c2f5c2f5c20485454502f312e300d0a0d0a
[2016-10-29 21:23:28,210] [INFO] [base._test_info] -> Current test: 209
[2016-10-29 21:23:28,223] [INFO] [server.transmit] -> request(1041): 474554202f2e2f2e2f2e2f2e2f2e2f2e2f2e2f2e2f2e2f2e2f2e2f2e2f2e2f2e2f2e2f2e2f2e2f2e2f2e2f2e2f2e2f2e2f2e ...
[2016-10-29 21:23:28,227] [INFO] [base._test_info] -> Current test: 210
[2016-10-29 21:23:28,228] [INFO] [server.transmit] -> request(145): 474554202f2e2f2e2f2e2f2e2f2e2f2e2f2e2f2e2f2e2f2e2f2e2f2e2f2e2f2e2f2e2f2e2f2e2f2e2f2e2f2e2f2e2f2e2f2e ...
[2016-10-29 21:23:28,241] [INFO] [base._test_info] -> Current test: 211
[2016-10-29 21:23:28,242] [INFO] [server.transmit] -> request(33): 474554202f2e2f2e2f2e2f2e2f2e2f2e2f2e2f2e20485454502f312e300d0a0d0a
[2016-10-29 21:23:28,258] [INFO] [base._test_info] -> Current test: 212
[2016-10-29 21:23:28,258] [INFO] [server.transmit] -> request(46): 474554202140232425255e2324252324402324252424402324255e5e2a2a28282920485454502f312e300d0a0d0a
[2016-10-29 21:23:28,264] [INFO] [base._test_info] -> Current test: 213
[2016-10-29 21:23:28,268] [INFO] [server.transmit] -> request(42): 474554202530312530322530332530342530612530642530614144534620485454502f312e300d0a0d0a
[2016-10-29 21:23:28,283] [INFO] [base._test_info] -> Current test: 214
[2016-10-29 21:23:28,285] [INFO] [server.transmit] -> request(43): 47455420253031253032253033402530342530612530642530614144534620485454502f312e300d0a0d0a
[2016-10-29 21:23:28,294] [INFO] [base._test_info] -> Current test: 215
[2016-10-29 21:23:28,299] [INFO] [server.transmit] -> request(22): 474554202f2530302f20485454502f312e300d0a0d0a
[2016-10-29 21:23:28,302] [INFO] [base._test_info] -> Current test: 216
[2016-10-29 21:23:28,309] [INFO] [server.transmit] -> request(21): 474554202530302f20485454502f312e300d0a0d0a
[2016-10-29 21:23:28,319] [INFO] [base._test_info] -> Current test: 217
[2016-10-29 21:23:28,321] [INFO] [server.transmit] -> request(20): 4745542025303020485454502f312e300d0a0d0a
[2016-10-29 21:23:28,327] [INFO] [base._test_info] -> Current test: 218
[2016-10-29 21:23:28,328] [INFO] [server.transmit] -> request(23): 4745542025753030303020485454502f312e300d0a0d0a
[2016-10-29 21:23:28,341] [INFO] [base._test_info] -> Current test: 219
[2016-10-29 21:23:28,341] [INFO] [server.transmit] -> request(209): 4745542025fef02501ff25fef02501ff25fef02501ff25fef02501ff25fef02501ff25fef02501ff25fef02501ff25fef025 ...
[2016-10-29 21:23:28,349] [INFO] [base._test_info] -> Current test: 220
[2016-10-29 21:23:28,352] [INFO] [server.transmit] -> request(41): 4745542025fef02501ff25fef02501ff25fef02501ff25fef02501ff20485454502f312e300d0a0d0a
[2016-10-29 21:23:28,358] [INFO] [base._test_info] -> Current test: 221
[2016-10-29 21:23:28,358] [INFO] [server.transmit] -> request(29): 474554202f696e6465782e68746d6c2020485454502f312e300d0a0d0a
[2016-10-29 21:23:28,363] [INFO] [base._test_info] -> Current test: 222
[2016-10-29 21:23:28,376] [INFO] [server.transmit] -> request(37): 474554202f696e6465782e68746d6c20202020202020202020485454502f312e300d0a0d0a
[2016-10-29 21:23:28,389] [INFO] [base._test_info] -> Current test: 223
[2016-10-29 21:23:28,390] [INFO] [server.transmit] -> request(127): 474554202f696e6465782e68746d6c2020202020202020202020202020202020202020202020202020202020202020202020 ...
[2016-10-29 21:23:28,407] [INFO] [base._test_info] -> Current test: 224
[2016-10-29 21:23:28,411] [INFO] [server.transmit] -> request(29): 474554202f696e6465782e68746d6c20fe485454502f312e300d0a0d0a
[2016-10-29 21:23:28,421] [INFO] [base._test_info] -> Current test: 227
[2016-10-29 21:23:28,422] [INFO] [server.transmit] -> request(29): 474554202f696e6465782e68746d6c2000485454502f312e300d0a0d0a
[2016-10-29 21:23:28,433] [INFO] [base._test_info] -> Current test: 228
[2016-10-29 21:23:28,440] [INFO] [server.transmit] -> request(31): 474554202f696e6465782e68746d6c20202020485454502f312e300d0a0d0a
[2016-10-29 21:23:28,446] [INFO] [base._test_info] -> Current test: 229
[2016-10-29 21:23:28,446] [INFO] [server.transmit] -> request(31): 474554202f696e6465782e68746d6c09090909485454502f312e300d0a0d0a
[2016-10-29 21:23:28,449] [INFO] [base._test_info] -> Current test: 230
[2016-10-29 21:23:28,450] [INFO] [server.transmit] -> request(31): 474554202f696e6465782e68746d6c21212121485454502f312e300d0a0d0a
[2016-10-29 21:23:28,452] [INFO] [base._test_info] -> Current test: 231
[2016-10-29 21:23:28,453] [INFO] [server.transmit] -> request(31): 474554202f696e6465782e68746d6c40404040485454502f312e300d0a0d0a
[2016-10-29 21:23:28,456] [INFO] [base._test_info] -> Current test: 232
[2016-10-29 21:23:28,463] [INFO] [server.transmit] -> request(31): 474554202f696e6465782e68746d6c23232323485454502f312e300d0a0d0a
[2016-10-29 21:23:28,470] [INFO] [base._test_info] -> Current test: 233
[2016-10-29 21:23:28,471] [INFO] [server.transmit] -> request(31): 474554202f696e6465782e68746d6c24242424485454502f312e300d0a0d0a
[2016-10-29 21:23:28,475] [INFO] [base._test_info] -> Current test: 234
[2016-10-29 21:23:28,475] [INFO] [server.transmit] -> request(31): 474554202f696e6465782e68746d6c25252525485454502f312e300d0a0d0a
[2016-10-29 21:23:28,477] [INFO] [base._test_info] -> Current test: 235
[2016-10-29 21:23:28,478] [INFO] [server.transmit] -> request(31): 474554202f696e6465782e68746d6c5e5e5e5e485454502f312e300d0a0d0a
[2016-10-29 21:23:28,481] [INFO] [base._test_info] -> Current test: 236
[2016-10-29 21:23:28,482] [INFO] [server.transmit] -> request(31): 474554202f696e6465782e68746d6c26262626485454502f312e300d0a0d0a
[2016-10-29 21:23:28,484] [INFO] [base._test_info] -> Current test: 237
[2016-10-29 21:23:28,485] [INFO] [server.transmit] -> request(31): 474554202f696e6465782e68746d6c2a2a2a2a485454502f312e300d0a0d0a
[2016-10-29 21:23:28,496] [INFO] [base._test_info] -> Current test: 238
[2016-10-29 21:23:28,496] [INFO] [server.transmit] -> request(31): 474554202f696e6465782e68746d6c28282828485454502f312e300d0a0d0a
[2016-10-29 21:23:28,503] [INFO] [base._test_info] -> Current test: 239
[2016-10-29 21:23:28,505] [INFO] [server.transmit] -> request(31): 474554202f696e6465782e68746d6c29292929485454502f312e300d0a0d0a
[2016-10-29 21:23:28,507] [INFO] [base._test_info] -> Current test: 240
[2016-10-29 21:23:28,508] [INFO] [server.transmit] -> request(31): 474554202f696e6465782e68746d6c2d2d2d2d485454502f312e300d0a0d0a
[2016-10-29 21:23:28,510] [INFO] [base._test_info] -> Current test: 241
[2016-10-29 21:23:28,511] [INFO] [server.transmit] -> request(31): 474554202f696e6465782e68746d6c5f5f5f5f485454502f312e300d0a0d0a
[2016-10-29 21:23:28,513] [INFO] [base._test_info] -> Current test: 242
[2016-10-29 21:23:28,514] [INFO] [server.transmit] -> request(31): 474554202f696e6465782e68746d6c2b2b2b2b485454502f312e300d0a0d0a
[2016-10-29 21:23:28,516] [INFO] [base._test_info] -> Current test: 243
[2016-10-29 21:23:28,516] [INFO] [server.transmit] -> request(31): 474554202f696e6465782e68746d6c3d3d3d3d485454502f312e300d0a0d0a
[2016-10-29 21:23:28,534] [INFO] [base._test_info] -> Current test: 244
[2016-10-29 21:23:28,536] [INFO] [server.transmit] -> request(31): 474554202f696e6465782e68746d6c3a3a3a3a485454502f312e300d0a0d0a
[2016-10-29 21:23:28,542] [INFO] [base._test_info] -> Current test: 245
[2016-10-29 21:23:28,542] [INFO] [server.transmit] -> request(31): 474554202f696e6465782e68746d6c3b3b3b3b485454502f312e300d0a0d0a
[2016-10-29 21:23:28,546] [INFO] [base._test_info] -> Current test: 246
[2016-10-29 21:23:28,556] [INFO] [server.transmit] -> request(31): 474554202f696e6465782e68746d6c27272727485454502f312e300d0a0d0a
[2016-10-29 21:23:28,558] [INFO] [base._test_info] -> Current test: 247
[2016-10-29 21:23:28,559] [INFO] [server.transmit] -> request(31): 474554202f696e6465782e68746d6c22222222485454502f312e300d0a0d0a
[2016-10-29 21:23:28,566] [INFO] [base._test_info] -> Current test: 248
[2016-10-29 21:23:28,568] [INFO] [server.transmit] -> request(31): 474554202f696e6465782e68746d6c2f2f2f2f485454502f312e300d0a0d0a
[2016-10-29 21:23:28,572] [INFO] [base._test_info] -> Current test: 249
[2016-10-29 21:23:28,573] [INFO] [server.transmit] -> request(31): 474554202f696e6465782e68746d6c5c5c5c5c485454502f312e300d0a0d0a
[2016-10-29 21:23:28,575] [INFO] [base._test_info] -> Current test: 250
[2016-10-29 21:23:28,576] [INFO] [server.transmit] -> request(31): 474554202f696e6465782e68746d6c3f3f3f3f485454502f312e300d0a0d0a
[2016-10-29 21:23:28,579] [INFO] [base._test_info] -> Current test: 251
[2016-10-29 21:23:28,586] [INFO] [server.transmit] -> request(31): 474554202f696e6465782e68746d6c3c3c3c3c485454502f312e300d0a0d0a
[2016-10-29 21:23:28,594] [INFO] [base._test_info] -> Current test: 252
[2016-10-29 21:23:28,595] [INFO] [server.transmit] -> request(31): 474554202f696e6465782e68746d6c3e3e3e3e485454502f312e300d0a0d0a
[2016-10-29 21:23:28,598] [INFO] [base._test_info] -> Current test: 253
[2016-10-29 21:23:28,599] [INFO] [server.transmit] -> request(31): 474554202f696e6465782e68746d6c2e2e2e2e485454502f312e300d0a0d0a
[2016-10-29 21:23:28,601] [INFO] [base._test_info] -> Current test: 254
[2016-10-29 21:23:28,601] [INFO] [server.transmit] -> request(31): 474554202f696e6465782e68746d6c2c2c2c2c485454502f312e300d0a0d0a
[2016-10-29 21:23:28,605] [INFO] [base._test_info] -> Current test: 255
[2016-10-29 21:23:28,605] [INFO] [server.transmit] -> request(31): 474554202f696e6465782e68746d6c0d0d0d0d485454502f312e300d0a0d0a
[2016-10-29 21:23:28,607] [INFO] [base._test_info] -> Current test: 256
[2016-10-29 21:23:28,608] [INFO] [server.transmit] -> request(31): 474554202f696e6465782e68746d6c0a0a0a0a485454502f312e300d0a0d0a
[2016-10-29 21:23:28,623] [INFO] [base._test_info] -> Current test: 257
[2016-10-29 21:23:28,624] [INFO] [server.transmit] -> request(43): 474554202f696e6465782e68746d6c0d0a0d0a0d0a0d0a0d0a0d0a0d0a0d0a485454502f312e300d0a0d0a
[2016-10-29 21:23:28,628] [INFO] [base._test_info] -> Current test: 258
[2016-10-29 21:23:28,629] [INFO] [server.transmit] -> request(51): 474554202f696e6465782e68746d6c090d0a090d0a090d0a090d0a090d0a090d0a090d0a090d0a485454502f312e300d0a0d ...
[2016-10-29 21:23:28,632] [INFO] [base._test_info] -> Current test: 259
[2016-10-29 21:23:28,633] [INFO] [server.transmit] -> request(27): 474554202f696e6465782e68746d6c485454502f312e300d0a0d0a
[2016-10-29 21:23:28,635] [INFO] [base._test_info] -> Current test: 260
[2016-10-29 21:23:28,636] [INFO] [server.transmit] -> request(36): 474554202f696e6465782e68746d6c20485454502f312e30485454502f312e300d0a0d0a
[2016-10-29 21:23:28,639] [INFO] [base._test_info] -> Current test: 261
[2016-10-29 21:23:28,646] [INFO] [server.transmit] -> request(100): 474554202f696e6465782e68746d6c20485454502f312e30485454502f312e30485454502f312e30485454502f312e304854 ...
[2016-10-29 21:23:28,653] [INFO] [base._test_info] -> Current test: 262
[2016-10-29 21:23:28,654] [INFO] [server.transmit] -> request(820): 474554202f696e6465782e68746d6c20485454502f312e30485454502f312e30485454502f312e30485454502f312e304854 ...
[2016-10-29 21:23:28,657] [INFO] [base._test_info] -> Current test: 263
[2016-10-29 21:23:28,658] [INFO] [server.transmit] -> request(29): 474554202f696e6465782e68746d6c20485454502f312e30fe0d0a0d0a
[2016-10-29 21:23:28,660] [INFO] [base._test_info] -> Current test: 265
[2016-10-29 21:23:28,661] [INFO] [server.transmit] -> request(29): 474554202f696e6465782e68746d6c2048545450002f312e300d0a0d0a
[2016-10-29 21:23:28,664] [INFO] [base._test_info] -> Current test: 266
[2016-10-29 21:23:28,665] [INFO] [server.transmit] -> request(29): 474554202f696e6465782e68746d6c20485454502f312e30000d0a0d0a
[2016-10-29 21:23:28,669] [INFO] [base._test_info] -> Current test: 267
[2016-10-29 21:23:28,679] [INFO] [server.transmit] -> request(20): 474554202f696e6465782e68746d6c200d0a0d0a
[2016-10-29 21:23:28,686] [INFO] [base._test_info] -> Current test: 268
[2016-10-29 21:23:28,687] [INFO] [server.transmit] -> request(2068): 474554202f696e6465782e68746d6c2025732573257325732573257325732573257325732573257325732573257325732573 ...
[2016-10-29 21:23:28,691] [INFO] [base._test_info] -> Current test: 269
[2016-10-29 21:23:28,692] [INFO] [server.transmit] -> request(276): 474554202f696e6465782e68746d6c2025732573257325732573257325732573257325732573257325732573257325732573 ...
[2016-10-29 21:23:28,695] [INFO] [base._test_info] -> Current test: 270
[2016-10-29 21:23:28,695] [INFO] [server.transmit] -> request(52): 474554202f696e6465782e68746d6c2025732573257325732573257325732573257325732573257325732573257325730d0a ...
[2016-10-29 21:23:28,697] [INFO] [base._test_info] -> Current test: 271
[2016-10-29 21:23:28,698] [INFO] [server.transmit] -> request(24): 474554202f696e6465782e68746d6c20257325730d0a0d0a
[2016-10-29 21:23:28,709] [INFO] [base._test_info] -> Current test: 272
[2016-10-29 21:23:28,709] [INFO] [server.transmit] -> request(3092): 474554202f696e6465782e68746d6c2025257325257325257325257325257325257325257325257325257325257325257325 ...
[2016-10-29 21:23:28,716] [INFO] [base._test_info] -> Current test: 273
[2016-10-29 21:23:28,717] [INFO] [server.transmit] -> request(404): 474554202f696e6465782e68746d6c2025257325257325257325257325257325257325257325257325257325257325257325 ...
[2016-10-29 21:23:28,721] [INFO] [base._test_info] -> Current test: 274
[2016-10-29 21:23:28,722] [INFO] [server.transmit] -> request(68): 474554202f696e6465782e68746d6c2025257325257325257325257325257325257325257325257325257325257325257325 ...
[2016-10-29 21:23:28,725] [INFO] [base._test_info] -> Current test: 275
[2016-10-29 21:23:28,725] [INFO] [server.transmit] -> request(26): 474554202f696e6465782e68746d6c202525732525730d0a0d0a
[2016-10-29 21:23:28,727] [INFO] [base._test_info] -> Current test: 276
[2016-10-29 21:23:28,728] [INFO] [server.transmit] -> request(4116): 474554202f696e6465782e68746d6c2022257322222573222225732222257322222573222225732222257322222573222225 ...
[2016-10-29 21:23:28,730] [INFO] [base._test_info] -> Current test: 277
[2016-10-29 21:23:28,731] [INFO] [server.transmit] -> request(532): 474554202f696e6465782e68746d6c2022257322222573222225732222257322222573222225732222257322222573222225 ...
[2016-10-29 21:23:28,744] [INFO] [base._test_info] -> Current test: 278
[2016-10-29 21:23:28,745] [INFO] [server.transmit] -> request(84): 474554202f696e6465782e68746d6c2022257322222573222225732222257322222573222225732222257322222573222225 ...
[2016-10-29 21:23:28,750] [INFO] [base._test_info] -> Current test: 279
[2016-10-29 21:23:28,750] [INFO] [server.transmit] -> request(28): 474554202f696e6465782e68746d6c2022257322222573220d0a0d0a
[2016-10-29 21:23:28,756] [INFO] [base._test_info] -> Current test: 280
[2016-10-29 21:23:28,757] [INFO] [server.transmit] -> request(2068): 474554202f696e6465782e68746d6c20256e256e256e256e256e256e256e256e256e256e256e256e256e256e256e256e256e ...
[2016-10-29 21:23:28,761] [INFO] [base._test_info] -> Current test: 281
[2016-10-29 21:23:28,762] [INFO] [server.transmit] -> request(276): 474554202f696e6465782e68746d6c20256e256e256e256e256e256e256e256e256e256e256e256e256e256e256e256e256e ...
[2016-10-29 21:23:28,775] [INFO] [base._test_info] -> Current test: 282
[2016-10-29 21:23:28,775] [INFO] [server.transmit] -> request(52): 474554202f696e6465782e68746d6c20256e256e256e256e256e256e256e256e256e256e256e256e256e256e256e256e0d0a ...
[2016-10-29 21:23:28,781] [INFO] [base._test_info] -> Current test: 283
[2016-10-29 21:23:28,782] [INFO] [server.transmit] -> request(24): 474554202f696e6465782e68746d6c20256e256e0d0a0d0a
[2016-10-29 21:23:28,787] [INFO] [base._test_info] -> Current test: 284
[2016-10-29 21:23:28,787] [INFO] [server.transmit] -> request(3092): 474554202f696e6465782e68746d6c2025256e25256e25256e25256e25256e25256e25256e25256e25256e25256e25256e25 ...
[2016-10-29 21:23:28,790] [INFO] [base._test_info] -> Current test: 285
[2016-10-29 21:23:28,791] [INFO] [server.transmit] -> request(404): 474554202f696e6465782e68746d6c2025256e25256e25256e25256e25256e25256e25256e25256e25256e25256e25256e25 ...
[2016-10-29 21:23:28,793] [INFO] [base._test_info] -> Current test: 286
[2016-10-29 21:23:28,804] [INFO] [server.transmit] -> request(68): 474554202f696e6465782e68746d6c2025256e25256e25256e25256e25256e25256e25256e25256e25256e25256e25256e25 ...
[2016-10-29 21:23:28,811] [INFO] [base._test_info] -> Current test: 287
[2016-10-29 21:23:28,812] [INFO] [server.transmit] -> request(26): 474554202f696e6465782e68746d6c2025256e25256e0d0a0d0a
[2016-10-29 21:23:28,819] [INFO] [base._test_info] -> Current test: 288
[2016-10-29 21:23:28,821] [INFO] [server.transmit] -> request(4116): 474554202f696e6465782e68746d6c2022256e2222256e2222256e2222256e2222256e2222256e2222256e2222256e222225 ...
[2016-10-29 21:23:28,839] [INFO] [base._test_info] -> Current test: 289
[2016-10-29 21:23:28,839] [INFO] [server.transmit] -> request(532): 474554202f696e6465782e68746d6c2022256e2222256e2222256e2222256e2222256e2222256e2222256e2222256e222225 ...
[2016-10-29 21:23:28,846] [INFO] [base._test_info] -> Current test: 290
[2016-10-29 21:23:28,846] [INFO] [server.transmit] -> request(84): 474554202f696e6465782e68746d6c2022256e2222256e2222256e2222256e2222256e2222256e2222256e2222256e222225 ...
[2016-10-29 21:23:28,851] [INFO] [base._test_info] -> Current test: 291
[2016-10-29 21:23:28,852] [INFO] [server.transmit] -> request(28): 474554202f696e6465782e68746d6c2022256e2222256e220d0a0d0a
[2016-10-29 21:23:28,871] [INFO] [base._test_info] -> Current test: 292
[2016-10-29 21:23:28,872] [INFO] [server.transmit] -> request(34): 474554202f696e6465782e68746d6c20252e31363730357525325c24686e0d0a0d0a
[2016-10-29 21:23:28,876] [INFO] [base._test_info] -> Current test: 293
[2016-10-29 21:23:28,880] [INFO] [server.transmit] -> request(2068): 474554202f696e6465782e68746d6c200d0a0d0a0d0a0d0a0d0a0d0a0d0a0d0a0d0a0d0a0d0a0d0a0d0a0d0a0d0a0d0a0d0a ...
[2016-10-29 21:23:28,898] [INFO] [base._test_info] -> Current test: 294
[2016-10-29 21:23:28,903] [INFO] [server.transmit] -> request(276): 474554202f696e6465782e68746d6c200d0a0d0a0d0a0d0a0d0a0d0a0d0a0d0a0d0a0d0a0d0a0d0a0d0a0d0a0d0a0d0a0d0a ...
[2016-10-29 21:23:28,911] [INFO] [base._test_info] -> Current test: 295
[2016-10-29 21:23:28,912] [INFO] [server.transmit] -> request(52): 474554202f696e6465782e68746d6c200d0a0d0a0d0a0d0a0d0a0d0a0d0a0d0a0d0a0d0a0d0a0d0a0d0a0d0a0d0a0d0a0d0a ...
[2016-10-29 21:23:28,917] [INFO] [base._test_info] -> Current test: 296
[2016-10-29 21:23:28,926] [INFO] [server.transmit] -> request(24): 474554202f696e6465782e68746d6c200d0a0d0a0d0a0d0a
[2016-10-29 21:23:28,940] [INFO] [base._test_info] -> Current test: 297
[2016-10-29 21:23:28,945] [INFO] [server.transmit] -> request(1044): 474554202f696e6465782e68746d6c200a0a0a0a0a0a0a0a0a0a0a0a0a0a0a0a0a0a0a0a0a0a0a0a0a0a0a0a0a0a0a0a0a0a ...
[2016-10-29 21:23:28,958] [INFO] [base._test_info] -> Current test: 298
[2016-10-29 21:23:28,960] [INFO] [server.transmit] -> request(148): 474554202f696e6465782e68746d6c200a0a0a0a0a0a0a0a0a0a0a0a0a0a0a0a0a0a0a0a0a0a0a0a0a0a0a0a0a0a0a0a0a0a ...
[2016-10-29 21:23:28,974] [INFO] [base._test_info] -> Current test: 299
[2016-10-29 21:23:28,975] [INFO] [server.transmit] -> request(36): 474554202f696e6465782e68746d6c200a0a0a0a0a0a0a0a0a0a0a0a0a0a0a0a0d0a0d0a
[2016-10-29 21:23:28,982] [INFO] [base._test_info] -> Current test: 300
[2016-10-29 21:23:28,982] [INFO] [server.transmit] -> request(22): 474554202f696e6465782e68746d6c200a0a0d0a0d0a
[2016-10-29 21:23:29,000] [INFO] [base._test_info] -> Current test: 301
[2016-10-29 21:23:29,001] [INFO] [server.transmit] -> request(4116): 474554202f696e6465782e68746d6c20deadbeefdeadbeefdeadbeefdeadbeefdeadbeefdeadbeefdeadbeefdeadbeefdead ...
[2016-10-29 21:23:29,004] [INFO] [base._test_info] -> Current test: 302
[2016-10-29 21:23:29,004] [INFO] [server.transmit] -> request(532): 474554202f696e6465782e68746d6c20deadbeefdeadbeefdeadbeefdeadbeefdeadbeefdeadbeefdeadbeefdeadbeefdead ...
[2016-10-29 21:23:29,006] [INFO] [base._test_info] -> Current test: 303
[2016-10-29 21:23:29,009] [INFO] [server.transmit] -> request(84): 474554202f696e6465782e68746d6c20deadbeefdeadbeefdeadbeefdeadbeefdeadbeefdeadbeefdeadbeefdeadbeefdead ...
[2016-10-29 21:23:29,012] [INFO] [base._test_info] -> Current test: 304
[2016-10-29 21:23:29,012] [INFO] [server.transmit] -> request(28): 474554202f696e6465782e68746d6c20deadbeefdeadbeef0d0a0d0a
[2016-10-29 21:23:29,027] [INFO] [base._test_info] -> Current test: 305
[2016-10-29 21:23:29,029] [INFO] [server.transmit] -> request(37): 474554202f696e6465782e68746d6c207c746f756368202f746d702f4b495454590d0a0d0a
[2016-10-29 21:23:29,036] [INFO] [base._test_info] -> Current test: 306
[2016-10-29 21:23:29,037] [INFO] [server.transmit] -> request(38): 474554202f696e6465782e68746d6c203b746f756368202f746d702f4b495454593b0d0a0d0a
[2016-10-29 21:23:29,040] [INFO] [base._test_info] -> Current test: 307
[2016-10-29 21:23:29,041] [INFO] [server.transmit] -> request(34): 474554202f696e6465782e68746d6c203b6c733e2f746d702f4b495454590d0a0d0a
[2016-10-29 21:23:29,044] [INFO] [base._test_info] -> Current test: 308
[2016-10-29 21:23:29,044] [INFO] [server.transmit] -> request(49): 474554202f696e6465782e68746d6c20223b6c733e2f746d702f4b495454593b6c733e2f6465762f6e756c6c220d0a0d0a
[2016-10-29 21:23:29,058] [INFO] [base._test_info] -> Current test: 309
[2016-10-29 21:23:29,059] [INFO] [server.transmit] -> request(50): 474554202f696e6465782e68746d6c20273b6c733e2f746d702f4b495454593b6c733e272f6465762f6e756c6c270d0a0d0a ...
[2016-10-29 21:23:29,062] [INFO] [base._test_info] -> Current test: 310
[2016-10-29 21:23:29,063] [INFO] [server.transmit] -> request(35): 474554202f696e6465782e68746d6c20606c733e2f746d702f4b49545459600d0a0d0a
[2016-10-29 21:23:29,066] [INFO] [base._test_info] -> Current test: 311
[2016-10-29 21:23:29,066] [INFO] [server.transmit] -> request(36): 474554202f696e6465782e68746d6c2020606c733e2f746d702f4b49545459600d0a0d0a
[2016-10-29 21:23:29,069] [INFO] [base._test_info] -> Current test: 312
[2016-10-29 21:23:29,072] [INFO] [server.transmit] -> request(28): 474554202f696e6465782e68746d6c207c6e6f74657061640d0a0d0a
[2016-10-29 21:23:29,086] [INFO] [base._test_info] -> Current test: 313
[2016-10-29 21:23:29,089] [INFO] [server.transmit] -> request(29): 474554202f696e6465782e68746d6c203b6e6f74657061643b0d0a0d0a
[2016-10-29 21:23:29,095] [INFO] [base._test_info] -> Current test: 314
[2016-10-29 21:23:29,096] [INFO] [server.transmit] -> request(29): 474554202f696e6465782e68746d6c200a6e6f74657061640a0d0a0d0a
[2016-10-29 21:23:29,103] [INFO] [base._test_info] -> Current test: 315
[2016-10-29 21:23:29,106] [INFO] [server.transmit] -> request(31): 474554202f696e6465782e68746d6c2027206f7220313d31202d2d0d0a0d0a
[2016-10-29 21:23:29,125] [INFO] [base._test_info] -> Current test: 316
[2016-10-29 21:23:29,126] [INFO] [server.transmit] -> request(37): 474554202f696e6465782e68746d6c20273b20646573632075736572733b202d2d0d0a0d0a
[2016-10-29 21:23:29,130] [INFO] [base._test_info] -> Current test: 317
[2016-10-29 21:23:29,131] [INFO] [server.transmit] -> request(61): 474554202f696e6465782e68746d6c2027206f7220757365726e616d65206973206e6f74204e554c4c206f7220757365726e ...
[2016-10-29 21:23:29,134] [INFO] [base._test_info] -> Current test: 318
[2016-10-29 21:23:29,134] [INFO] [server.transmit] -> request(92): 474554202f696e6465782e68746d6c203120756e696f6e20616c6c2073656c65637420312c322c332c342c352c362c6e616d ...
[2016-10-29 21:23:29,138] [INFO] [base._test_info] -> Current test: 319
[2016-10-29 21:23:29,147] [INFO] [server.transmit] -> request(31): 474554202f696e6465782e68746d6c2060206f72206031603d60310d0a0d0a
[2016-10-29 21:23:29,154] [INFO] [base._test_info] -> Current test: 320
[2016-10-29 21:23:29,155] [INFO] [server.transmit] -> request(31): 474554202f696e6465782e68746d6c2027206f72202731273d27310d0a0d0a
[2016-10-29 21:23:29,157] [INFO] [base._test_info] -> Current test: 321
[2016-10-29 21:23:29,158] [INFO] [server.transmit] -> request(22): 474554202f696e6465782e68746d6c2041410d0a0d0a
[2016-10-29 21:23:29,160] [INFO] [base._test_info] -> Current test: 322
[2016-10-29 21:23:29,161] [INFO] [server.transmit] -> request(30): 474554202f696e6465782e68746d6c20414141414141414141410d0a0d0a
[2016-10-29 21:23:29,163] [INFO] [base._test_info] -> Current test: 323
[2016-10-29 21:23:29,164] [INFO] [server.transmit] -> request(120): 474554202f696e6465782e68746d6c2041414141414141414141414141414141414141414141414141414141414141414141 ...
[2016-10-29 21:23:29,166] [INFO] [base._test_info] -> Current test: 324
[2016-10-29 21:23:29,167] [INFO] [server.transmit] -> request(1020): 474554202f696e6465782e68746d6c2041414141414141414141414141414141414141414141414141414141414141414141 ...
[2016-10-29 21:23:29,185] [INFO] [base._test_info] -> Current test: 325
[2016-10-29 21:23:29,186] [INFO] [server.transmit] -> request(5020): 474554202f696e6465782e68746d6c2041414141414141414141414141414141414141414141414141414141414141414141 ...
[2016-10-29 21:23:29,194] [INFO] [base._test_info] -> Current test: 326
[2016-10-29 21:23:29,198] [INFO] [server.transmit] -> request(10020): 474554202f696e6465782e68746d6c2041414141414141414141414141414141414141414141414141414141414141414141 ...
[2016-10-29 21:23:29,208] [INFO] [base._test_info] -> Current test: 327
[2016-10-29 21:23:29,208] [INFO] [server.transmit] -> request(31): 474554202f696e6465782e68746d6c202f6574632f7061737377640d0a0d0a
[2016-10-29 21:23:29,210] [INFO] [base._test_info] -> Current test: 328
[2016-10-29 21:23:29,210] [INFO] [server.transmit] -> request(74): 474554202f696e6465782e68746d6c202e2f2e2e2f2e2e2f2e2e2f2e2e2f2e2e2f2e2e2f2e2e2f2e2e2f2e2e2f2e2e2f2e2e ...
[2016-10-29 21:23:29,215] [INFO] [base._test_info] -> Current test: 329
[2016-10-29 21:23:29,215] [INFO] [server.transmit] -> request(72): 474554202f696e6465782e68746d6c202e2e2f2e2e2f2e2e2f2e2e2f2e2e2f2e2e2f2e2e2f2e2e2f2e2e2f2e2e2f2e2e2f2e ...
[2016-10-29 21:23:29,219] [INFO] [base._test_info] -> Current test: 330
[2016-10-29 21:23:29,220] [INFO] [server.transmit] -> request(33): 474554202f696e6465782e68746d6c202f70726f632f637075696e666f0d0a0d0a
[2016-10-29 21:23:29,224] [INFO] [base._test_info] -> Current test: 331
[2016-10-29 21:23:29,224] [INFO] [server.transmit] -> request(76): 474554202f696e6465782e68746d6c202e2f2e2e2f2e2e2f2e2e2f2e2e2f2e2e2f2e2e2f2e2e2f2e2e2f2e2e2f2e2e2f2e2e ...
[2016-10-29 21:23:29,232] [INFO] [base._test_info] -> Current test: 332
[2016-10-29 21:23:29,233] [INFO] [server.transmit] -> request(74): 474554202f696e6465782e68746d6c202e2e2f2e2e2f2e2e2f2e2e2f2e2e2f2e2e2f2e2e2f2e2e2f2e2e2f2e2e2f2e2e2f2e ...
[2016-10-29 21:23:29,239] [INFO] [base._test_info] -> Current test: 333
[2016-10-29 21:23:29,240] [INFO] [server.transmit] -> request(30): 474554202f696e6465782e68746d6c207e2f2e70726f66696c650d0a0d0a
[2016-10-29 21:23:29,246] [INFO] [base._test_info] -> Current test: 334
[2016-10-29 21:23:29,246] [INFO] [server.transmit] -> request(34): 474554202f696e6465782e68746d6c2024484f4d452f2e70726f66696c650d0a0d0a
[2016-10-29 21:23:29,251] [INFO] [base._test_info] -> Current test: 335
[2016-10-29 21:23:29,253] [INFO] [server.transmit] -> request(65): 474554202f696e6465782e68746d6c202f2e2e2f2e2e2f2e2e2f2e2e2f2e2e2f2e2e2f2e2e2f2e2e2f2e2e2f2e2e2f2e2e2f ...
[2016-10-29 21:23:29,260] [INFO] [base._test_info] -> Current test: 336
[2016-10-29 21:23:29,261] [INFO] [server.transmit] -> request(1044): 474554202f696e6465782e68746d6c202f5c2f5c2f5c2f5c2f5c2f5c2f5c2f5c2f5c2f5c2f5c2f5c2f5c2f5c2f5c2f5c2f5c ...
[2016-10-29 21:23:29,267] [INFO] [base._test_info] -> Current test: 337
[2016-10-29 21:23:29,268] [INFO] [server.transmit] -> request(148): 474554202f696e6465782e68746d6c202f5c2f5c2f5c2f5c2f5c2f5c2f5c2f5c2f5c2f5c2f5c2f5c2f5c2f5c2f5c2f5c2f5c ...
[2016-10-29 21:23:29,271] [INFO] [base._test_info] -> Current test: 338
[2016-10-29 21:23:29,272] [INFO] [server.transmit] -> request(36): 474554202f696e6465782e68746d6c202f5c2f5c2f5c2f5c2f5c2f5c2f5c2f5c0d0a0d0a
[2016-10-29 21:23:29,277] [INFO] [base._test_info] -> Current test: 339
[2016-10-29 21:23:29,277] [INFO] [server.transmit] -> request(1044): 474554202f696e6465782e68746d6c202f2e2f2e2f2e2f2e2f2e2f2e2f2e2f2e2f2e2f2e2f2e2f2e2f2e2f2e2f2e2f2e2f2e ...
[2016-10-29 21:23:29,287] [INFO] [base._test_info] -> Current test: 340
[2016-10-29 21:23:29,288] [INFO] [server.transmit] -> request(148): 474554202f696e6465782e68746d6c202f2e2f2e2f2e2f2e2f2e2f2e2f2e2f2e2f2e2f2e2f2e2f2e2f2e2f2e2f2e2f2e2f2e ...
[2016-10-29 21:23:29,290] [INFO] [base._test_info] -> Current test: 341
[2016-10-29 21:23:29,291] [INFO] [server.transmit] -> request(36): 474554202f696e6465782e68746d6c202f2e2f2e2f2e2f2e2f2e2f2e2f2e2f2e0d0a0d0a
[2016-10-29 21:23:29,295] [INFO] [base._test_info] -> Current test: 342
[2016-10-29 21:23:29,295] [INFO] [server.transmit] -> request(49): 474554202f696e6465782e68746d6c202140232425255e2324252324402324252424402324255e5e2a2a2828290d0a0d0a
[2016-10-29 21:23:29,301] [INFO] [base._test_info] -> Current test: 343
[2016-10-29 21:23:29,302] [INFO] [server.transmit] -> request(45): 474554202f696e6465782e68746d6c20253031253032253033253034253061253064253061414453460d0a0d0a
[2016-10-29 21:23:29,309] [INFO] [base._test_info] -> Current test: 344
[2016-10-29 21:23:29,309] [INFO] [server.transmit] -> request(46): 474554202f696e6465782e68746d6c2025303125303225303340253034253061253064253061414453460d0a0d0a
[2016-10-29 21:23:29,311] [INFO] [base._test_info] -> Current test: 345
[2016-10-29 21:23:29,313] [INFO] [server.transmit] -> request(25): 474554202f696e6465782e68746d6c202f2530302f0d0a0d0a
[2016-10-29 21:23:29,320] [INFO] [base._test_info] -> Current test: 346
[2016-10-29 21:23:29,320] [INFO] [server.transmit] -> request(24): 474554202f696e6465782e68746d6c202530302f0d0a0d0a
[2016-10-29 21:23:29,322] [INFO] [base._test_info] -> Current test: 347
[2016-10-29 21:23:29,325] [INFO] [server.transmit] -> request(23): 474554202f696e6465782e68746d6c202530300d0a0d0a
[2016-10-29 21:23:29,331] [INFO] [base._test_info] -> Current test: 348
[2016-10-29 21:23:29,331] [INFO] [server.transmit] -> request(26): 474554202f696e6465782e68746d6c202575303030300d0a0d0a
[2016-10-29 21:23:29,333] [INFO] [base._test_info] -> Current test: 349
[2016-10-29 21:23:29,334] [INFO] [server.transmit] -> request(212): 474554202f696e6465782e68746d6c2025fef02501ff25fef02501ff25fef02501ff25fef02501ff25fef02501ff25fef025 ...
[2016-10-29 21:23:29,348] [INFO] [base._test_info] -> Current test: 350
[2016-10-29 21:23:29,348] [INFO] [server.transmit] -> request(44): 474554202f696e6465782e68746d6c2025fef02501ff25fef02501ff25fef02501ff25fef02501ff0d0a0d0a
[2016-10-29 21:23:29,351] [INFO] [base._test_info] -> Current test: 351
[2016-10-29 21:23:29,351] [INFO] [server.transmit] -> request(32): 474554202f696e6465782e68746d6c20485454502f312e300d0a0d0a0d0a0d0a
[2016-10-29 21:23:29,358] [INFO] [base._test_info] -> Current test: 352
[2016-10-29 21:23:29,360] [INFO] [server.transmit] -> request(64): 474554202f696e6465782e68746d6c20485454502f312e300d0a0d0a0d0a0d0a0d0a0d0a0d0a0d0a0d0a0d0a0d0a0d0a0d0a ...
[2016-10-29 21:23:29,382] [INFO] [base._test_info] -> Current test: 353
[2016-10-29 21:23:29,384] [INFO] [server.transmit] -> request(424): 474554202f696e6465782e68746d6c20485454502f312e300d0a0d0a0d0a0d0a0d0a0d0a0d0a0d0a0d0a0d0a0d0a0d0a0d0a ...
[2016-10-29 21:23:29,395] [INFO] [base._test_info] -> Current test: 354
[2016-10-29 21:23:29,395] [INFO] [server.transmit] -> request(29): 474554202f696e6465782e68746d6c20485454502f312e300d0a0d0afe
[2016-10-29 21:23:29,406] [INFO] [base._test_info] -> Current test: 356
[2016-10-29 21:23:29,415] [INFO] [server.transmit] -> request(29): 474554202f696e6465782e68746d6c20485454502f312e300d0a000d0a
[2016-10-29 21:23:29,422] [INFO] [base._test_info] -> Current test: 357
[2016-10-29 21:23:29,422] [INFO] [server.transmit] -> request(29): 474554202f696e6465782e68746d6c20485454502f312e300d0a0d0a00
[2016-10-29 21:23:29,430] [INFO] [base._test_info] -> Current test: 358
[2016-10-29 21:23:29,433] [INFO] [server.transmit] -> request(28): 474554202f696e6465782e68746d6c20485454502f312e3020202020
[2016-10-29 21:23:29,437] [INFO] [base._test_info] -> Current test: 359
[2016-10-29 21:23:29,439] [INFO] [server.transmit] -> request(28): 474554202f696e6465782e68746d6c20485454502f312e3009090909
[2016-10-29 21:23:29,450] [INFO] [base._test_info] -> Current test: 360
[2016-10-29 21:23:29,451] [INFO] [server.transmit] -> request(28): 474554202f696e6465782e68746d6c20485454502f312e3021212121
[2016-10-29 21:23:29,459] [INFO] [base._test_info] -> Current test: 361
[2016-10-29 21:23:29,461] [INFO] [server.transmit] -> request(28): 474554202f696e6465782e68746d6c20485454502f312e3040404040
[2016-10-29 21:23:29,475] [INFO] [base._test_info] -> Current test: 362
[2016-10-29 21:23:29,475] [INFO] [server.transmit] -> request(28): 474554202f696e6465782e68746d6c20485454502f312e3023232323
[2016-10-29 21:23:29,482] [INFO] [base._test_info] -> Current test: 363
[2016-10-29 21:23:29,482] [INFO] [server.transmit] -> request(28): 474554202f696e6465782e68746d6c20485454502f312e3024242424
[2016-10-29 21:23:29,486] [INFO] [base._test_info] -> Current test: 364
[2016-10-29 21:23:29,487] [INFO] [server.transmit] -> request(28): 474554202f696e6465782e68746d6c20485454502f312e3025252525
[2016-10-29 21:23:29,490] [INFO] [base._test_info] -> Current test: 365
[2016-10-29 21:23:29,497] [INFO] [server.transmit] -> request(28): 474554202f696e6465782e68746d6c20485454502f312e305e5e5e5e
[2016-10-29 21:23:29,507] [INFO] [base._test_info] -> Current test: 366
[2016-10-29 21:23:29,511] [INFO] [server.transmit] -> request(28): 474554202f696e6465782e68746d6c20485454502f312e3026262626
[2016-10-29 21:23:29,521] [INFO] [base._test_info] -> Current test: 367
[2016-10-29 21:23:29,531] [INFO] [server.transmit] -> request(28): 474554202f696e6465782e68746d6c20485454502f312e302a2a2a2a
[2016-10-29 21:23:29,535] [INFO] [base._test_info] -> Current test: 368
[2016-10-29 21:23:29,541] [INFO] [server.transmit] -> request(28): 474554202f696e6465782e68746d6c20485454502f312e3028282828
[2016-10-29 21:23:29,547] [INFO] [base._test_info] -> Current test: 369
[2016-10-29 21:23:29,548] [INFO] [server.transmit] -> request(28): 474554202f696e6465782e68746d6c20485454502f312e3029292929
[2016-10-29 21:23:29,550] [INFO] [base._test_info] -> Current test: 370
[2016-10-29 21:23:29,551] [INFO] [server.transmit] -> request(28): 474554202f696e6465782e68746d6c20485454502f312e302d2d2d2d
[2016-10-29 21:23:29,563] [INFO] [base._test_info] -> Current test: 371
[2016-10-29 21:23:29,564] [INFO] [server.transmit] -> request(28): 474554202f696e6465782e68746d6c20485454502f312e305f5f5f5f
[2016-10-29 21:23:29,574] [INFO] [base._test_info] -> Current test: 372
[2016-10-29 21:23:29,575] [INFO] [server.transmit] -> request(28): 474554202f696e6465782e68746d6c20485454502f312e302b2b2b2b
[2016-10-29 21:23:29,579] [INFO] [base._test_info] -> Current test: 373
[2016-10-29 21:23:29,579] [INFO] [server.transmit] -> request(28): 474554202f696e6465782e68746d6c20485454502f312e303d3d3d3d
[2016-10-29 21:23:29,595] [INFO] [base._test_info] -> Current test: 374
[2016-10-29 21:23:29,596] [INFO] [server.transmit] -> request(28): 474554202f696e6465782e68746d6c20485454502f312e303a3a3a3a
[2016-10-29 21:23:29,604] [INFO] [base._test_info] -> Current test: 375
[2016-10-29 21:23:29,605] [INFO] [server.transmit] -> request(28): 474554202f696e6465782e68746d6c20485454502f312e303b3b3b3b
[2016-10-29 21:23:29,609] [INFO] [base._test_info] -> Current test: 376
[2016-10-29 21:23:29,610] [INFO] [server.transmit] -> request(28): 474554202f696e6465782e68746d6c20485454502f312e3027272727
[2016-10-29 21:23:29,612] [INFO] [base._test_info] -> Current test: 377
[2016-10-29 21:23:29,613] [INFO] [server.transmit] -> request(28): 474554202f696e6465782e68746d6c20485454502f312e3022222222
[2016-10-29 21:23:29,628] [INFO] [base._test_info] -> Current test: 378
[2016-10-29 21:23:29,629] [INFO] [server.transmit] -> request(28): 474554202f696e6465782e68746d6c20485454502f312e302f2f2f2f
[2016-10-29 21:23:29,632] [INFO] [base._test_info] -> Current test: 379
[2016-10-29 21:23:29,633] [INFO] [server.transmit] -> request(28): 474554202f696e6465782e68746d6c20485454502f312e305c5c5c5c
[2016-10-29 21:23:29,641] [INFO] [base._test_info] -> Current test: 380
[2016-10-29 21:23:29,641] [INFO] [server.transmit] -> request(28): 474554202f696e6465782e68746d6c20485454502f312e303f3f3f3f
[2016-10-29 21:23:29,644] [INFO] [base._test_info] -> Current test: 381
[2016-10-29 21:23:29,651] [INFO] [server.transmit] -> request(28): 474554202f696e6465782e68746d6c20485454502f312e303c3c3c3c
[2016-10-29 21:23:29,658] [INFO] [base._test_info] -> Current test: 382
[2016-10-29 21:23:29,660] [INFO] [server.transmit] -> request(28): 474554202f696e6465782e68746d6c20485454502f312e303e3e3e3e
[2016-10-29 21:23:29,670] [INFO] [base._test_info] -> Current test: 383
[2016-10-29 21:23:29,671] [INFO] [server.transmit] -> request(28): 474554202f696e6465782e68746d6c20485454502f312e302e2e2e2e
[2016-10-29 21:23:29,684] [INFO] [base._test_info] -> Current test: 384
[2016-10-29 21:23:29,690] [INFO] [server.transmit] -> request(28): 474554202f696e6465782e68746d6c20485454502f312e302c2c2c2c
[2016-10-29 21:23:29,695] [INFO] [base._test_info] -> Current test: 385
[2016-10-29 21:23:29,696] [INFO] [server.transmit] -> request(28): 474554202f696e6465782e68746d6c20485454502f312e300d0d0d0d
[2016-10-29 21:23:29,698] [INFO] [base._test_info] -> Current test: 386
[2016-10-29 21:23:29,699] [INFO] [server.transmit] -> request(28): 474554202f696e6465782e68746d6c20485454502f312e300a0a0a0a
[2016-10-29 21:23:29,702] [INFO] [base._test_info] -> Current test: 387
[2016-10-29 21:23:29,702] [INFO] [server.transmit] -> request(40): 474554202f696e6465782e68746d6c20485454502f312e300d0a0d0a0d0a0d0a0d0a0d0a0d0a0d0a
[2016-10-29 21:23:29,719] [INFO] [base._test_info] -> Current test: 388
[2016-10-29 21:23:29,720] [INFO] [server.transmit] -> request(48): 474554202f696e6465782e68746d6c20485454502f312e30090d0a090d0a090d0a090d0a090d0a090d0a090d0a090d0a
[2016-10-29 21:23:29,725] [INFO] [base._test_info] -> Current test: 389
[2016-10-29 21:23:29,726] [INFO] [server.transmit] -> request(24): 474554202f696e6465782e68746d6c20485454502f312e30
[2016-10-29 21:23:29,729] [INFO] [base._end_message] -> 
                         --------------------------------------------------
                         Finished fuzzing session
                         Target: TcpTarget

                         Tested 390 mutations
                         Mutation range: 0 to 389
                         Failure count: 0
                         --------------------------------------------------
            
