[2016-10-29 22:08:43,384] [INFO] [base._load_session] -> No session loaded
[2016-10-29 22:08:43,385] [INFO] [graph.hash] -> hash of template HTTP_XSS_04 is 2006136707
[2016-10-29 22:08:43,385] [INFO] [graph.hash] -> hash of template HTTP_XSS_02 is -270116464
[2016-10-29 22:08:43,386] [INFO] [graph.hash] -> hash of template HTTP_XSS_06 is 665417624
[2016-10-29 22:08:43,386] [INFO] [graph.hash] -> hash of template HTTP_XSS_03 is -1190872377
[2016-10-29 22:08:43,386] [INFO] [graph.hash] -> hash of template HTTP_XSS_01 is -1044143282
[2016-10-29 22:08:43,386] [INFO] [graph.hash] -> hash of template HTTP_GET_01 is -16456679
[2016-10-29 22:08:43,387] [INFO] [graph.hash] -> hash of template HTTP_XSS_05 is -681197812
[2016-10-29 22:08:43,387] [INFO] [graph.hash] -> hash of model is 811052639
[2016-10-29 22:08:43,388] [INFO] [base._start_message] -> 
                 --------------------------------------------------
                 Starting fuzzing session
                 Target: TcpTarget
                 UI: WebInterface listening on localhost:2018
                 Log: ./kittylogs/kitty_20161029-220843.log

                 Total possible mutation count: 6578
                 Fuzzing the mutation range: 0 to 6577
                 --------------------------------------------------
                                 Happy hacking
                 --------------------------------------------------
            
[2016-10-29 22:08:43,389] [INFO] [base.start] -> Performing environment test
[2016-10-29 22:08:43,391] [INFO] [base._test_info] -> Current test: -1
[2016-10-29 22:08:43,392] [INFO] [server.transmit] -> request(28): 474554202f696e6465782e68746d6c20485454502f312e300d0a0d0a
[2016-10-29 22:08:43,393] [INFO] [server._start] -> should keep running? True
[2016-10-29 22:08:43,400] [INFO] [base._test_info] -> Current test: 0
[2016-10-29 22:08:43,404] [INFO] [server.transmit] -> request(31): 474554474554202f696e6465782e68746d6c20485454502f312e300d0a0d0a
[2016-10-29 22:08:43,418] [INFO] [base._test_info] -> Current test: 1
[2016-10-29 22:08:43,418] [INFO] [server.transmit] -> request(55): 474554474554474554474554474554474554474554474554474554474554202f696e6465782e68746d6c20485454502f312e ...
[2016-10-29 22:08:43,431] [INFO] [base._test_info] -> Current test: 2
[2016-10-29 22:08:43,431] [INFO] [server.transmit] -> request(325): 4745544745544745544745544745544745544745544745544745544745544745544745544745544745544745544745544745 ...
[2016-10-29 22:08:43,435] [INFO] [base._test_info] -> Current test: 3
[2016-10-29 22:08:43,436] [INFO] [server.transmit] -> request(29): 474554fe202f696e6465782e68746d6c20485454502f312e300d0a0d0a
[2016-10-29 22:08:43,439] [INFO] [base._test_info] -> Current test: 4
[2016-10-29 22:08:43,439] [INFO] [server.transmit] -> request(29): 00474554202f696e6465782e68746d6c20485454502f312e300d0a0d0a
[2016-10-29 22:08:43,442] [INFO] [base._test_info] -> Current test: 5
[2016-10-29 22:08:43,442] [INFO] [server.transmit] -> request(29): 47004554202f696e6465782e68746d6c20485454502f312e300d0a0d0a
[2016-10-29 22:08:43,444] [INFO] [base._test_info] -> Current test: 6
[2016-10-29 22:08:43,445] [INFO] [server.transmit] -> request(29): 47455400202f696e6465782e68746d6c20485454502f312e300d0a0d0a
[2016-10-29 22:08:43,447] [INFO] [base._test_info] -> Current test: 7
[2016-10-29 22:08:43,448] [INFO] [server.transmit] -> request(25): 202f696e6465782e68746d6c20485454502f312e300d0a0d0a
[2016-10-29 22:08:43,450] [INFO] [base._test_info] -> Current test: 8
[2016-10-29 22:08:43,450] [INFO] [server.transmit] -> request(2073): 2573257325732573257325732573257325732573257325732573257325732573257325732573257325732573257325732573 ...
[2016-10-29 22:08:43,453] [INFO] [base._test_info] -> Current test: 9
[2016-10-29 22:08:43,453] [INFO] [server.transmit] -> request(281): 2573257325732573257325732573257325732573257325732573257325732573257325732573257325732573257325732573 ...
[2016-10-29 22:08:43,455] [INFO] [base._test_info] -> Current test: 10
[2016-10-29 22:08:43,455] [INFO] [server.transmit] -> request(57): 2573257325732573257325732573257325732573257325732573257325732573202f696e6465782e68746d6c20485454502f ...
[2016-10-29 22:08:43,457] [INFO] [base._test_info] -> Current test: 11
[2016-10-29 22:08:43,458] [INFO] [server.transmit] -> request(29): 25732573202f696e6465782e68746d6c20485454502f312e300d0a0d0a
[2016-10-29 22:08:43,460] [INFO] [base._test_info] -> Current test: 12
[2016-10-29 22:08:43,460] [INFO] [server.transmit] -> request(3097): 2525732525732525732525732525732525732525732525732525732525732525732525732525732525732525732525732525 ...
[2016-10-29 22:08:43,474] [INFO] [base._test_info] -> Current test: 13
[2016-10-29 22:08:43,475] [INFO] [server.transmit] -> request(409): 2525732525732525732525732525732525732525732525732525732525732525732525732525732525732525732525732525 ...
[2016-10-29 22:08:43,480] [INFO] [base._test_info] -> Current test: 14
[2016-10-29 22:08:43,480] [INFO] [server.transmit] -> request(73): 252573252573252573252573252573252573252573252573252573252573252573252573252573252573252573252573202f ...
[2016-10-29 22:08:43,485] [INFO] [base._test_info] -> Current test: 15
[2016-10-29 22:08:43,488] [INFO] [server.transmit] -> request(31): 252573252573202f696e6465782e68746d6c20485454502f312e300d0a0d0a
[2016-10-29 22:08:43,498] [INFO] [base._test_info] -> Current test: 16
[2016-10-29 22:08:43,502] [INFO] [server.transmit] -> request(4121): 2225732222257322222573222225732222257322222573222225732222257322222573222225732222257322222573222225 ...
[2016-10-29 22:08:43,513] [INFO] [base._test_info] -> Current test: 17
[2016-10-29 22:08:43,513] [INFO] [server.transmit] -> request(537): 2225732222257322222573222225732222257322222573222225732222257322222573222225732222257322222573222225 ...
[2016-10-29 22:08:43,516] [INFO] [base._test_info] -> Current test: 18
[2016-10-29 22:08:43,517] [INFO] [server.transmit] -> request(89): 2225732222257322222573222225732222257322222573222225732222257322222573222225732222257322222573222225 ...
[2016-10-29 22:08:43,522] [INFO] [base._test_info] -> Current test: 19
[2016-10-29 22:08:43,522] [INFO] [server.transmit] -> request(33): 2225732222257322202f696e6465782e68746d6c20485454502f312e300d0a0d0a
[2016-10-29 22:08:43,535] [INFO] [base._test_info] -> Current test: 20
[2016-10-29 22:08:43,536] [INFO] [server.transmit] -> request(2073): 256e256e256e256e256e256e256e256e256e256e256e256e256e256e256e256e256e256e256e256e256e256e256e256e256e ...
[2016-10-29 22:08:43,542] [INFO] [base._test_info] -> Current test: 21
[2016-10-29 22:08:43,543] [INFO] [server.transmit] -> request(281): 256e256e256e256e256e256e256e256e256e256e256e256e256e256e256e256e256e256e256e256e256e256e256e256e256e ...
[2016-10-29 22:08:43,546] [INFO] [base._test_info] -> Current test: 22
[2016-10-29 22:08:43,546] [INFO] [server.transmit] -> request(57): 256e256e256e256e256e256e256e256e256e256e256e256e256e256e256e256e202f696e6465782e68746d6c20485454502f ...
[2016-10-29 22:08:43,549] [INFO] [base._test_info] -> Current test: 23
[2016-10-29 22:08:43,550] [INFO] [server.transmit] -> request(29): 256e256e202f696e6465782e68746d6c20485454502f312e300d0a0d0a
[2016-10-29 22:08:43,563] [INFO] [base._test_info] -> Current test: 24
[2016-10-29 22:08:43,564] [INFO] [server.transmit] -> request(3097): 25256e25256e25256e25256e25256e25256e25256e25256e25256e25256e25256e25256e25256e25256e25256e25256e2525 ...
[2016-10-29 22:08:43,570] [INFO] [base._test_info] -> Current test: 25
[2016-10-29 22:08:43,571] [INFO] [server.transmit] -> request(409): 25256e25256e25256e25256e25256e25256e25256e25256e25256e25256e25256e25256e25256e25256e25256e25256e2525 ...
[2016-10-29 22:08:43,574] [INFO] [base._test_info] -> Current test: 26
[2016-10-29 22:08:43,575] [INFO] [server.transmit] -> request(73): 25256e25256e25256e25256e25256e25256e25256e25256e25256e25256e25256e25256e25256e25256e25256e25256e202f ...
[2016-10-29 22:08:43,577] [INFO] [base._test_info] -> Current test: 27
[2016-10-29 22:08:43,577] [INFO] [server.transmit] -> request(31): 25256e25256e202f696e6465782e68746d6c20485454502f312e300d0a0d0a
[2016-10-29 22:08:43,579] [INFO] [base._test_info] -> Current test: 28
[2016-10-29 22:08:43,580] [INFO] [server.transmit] -> request(4121): 22256e2222256e2222256e2222256e2222256e2222256e2222256e2222256e2222256e2222256e2222256e2222256e222225 ...
[2016-10-29 22:08:43,582] [INFO] [base._test_info] -> Current test: 29
[2016-10-29 22:08:43,582] [INFO] [server.transmit] -> request(537): 22256e2222256e2222256e2222256e2222256e2222256e2222256e2222256e2222256e2222256e2222256e2222256e222225 ...
[2016-10-29 22:08:43,584] [INFO] [base._test_info] -> Current test: 30
[2016-10-29 22:08:43,584] [INFO] [server.transmit] -> request(89): 22256e2222256e2222256e2222256e2222256e2222256e2222256e2222256e2222256e2222256e2222256e2222256e222225 ...
[2016-10-29 22:08:43,597] [INFO] [base._test_info] -> Current test: 31
[2016-10-29 22:08:43,600] [INFO] [server.transmit] -> request(33): 22256e2222256e22202f696e6465782e68746d6c20485454502f312e300d0a0d0a
[2016-10-29 22:08:43,603] [INFO] [base._test_info] -> Current test: 32
[2016-10-29 22:08:43,604] [INFO] [server.transmit] -> request(39): 252e31363730357525325c24686e202f696e6465782e68746d6c20485454502f312e300d0a0d0a
[2016-10-29 22:08:43,612] [INFO] [base._test_info] -> Current test: 33
[2016-10-29 22:08:43,613] [INFO] [server.transmit] -> request(2073): 0d0a0d0a0d0a0d0a0d0a0d0a0d0a0d0a0d0a0d0a0d0a0d0a0d0a0d0a0d0a0d0a0d0a0d0a0d0a0d0a0d0a0d0a0d0a0d0a0d0a ...
[2016-10-29 22:08:43,633] [INFO] [base._test_info] -> Current test: 34
[2016-10-29 22:08:43,635] [INFO] [server.transmit] -> request(281): 0d0a0d0a0d0a0d0a0d0a0d0a0d0a0d0a0d0a0d0a0d0a0d0a0d0a0d0a0d0a0d0a0d0a0d0a0d0a0d0a0d0a0d0a0d0a0d0a0d0a ...
[2016-10-29 22:08:43,644] [INFO] [base._test_info] -> Current test: 35
[2016-10-29 22:08:43,644] [INFO] [server.transmit] -> request(57): 0d0a0d0a0d0a0d0a0d0a0d0a0d0a0d0a0d0a0d0a0d0a0d0a0d0a0d0a0d0a0d0a202f696e6465782e68746d6c20485454502f ...
[2016-10-29 22:08:43,647] [INFO] [base._test_info] -> Current test: 36
[2016-10-29 22:08:43,648] [INFO] [server.transmit] -> request(29): 0d0a0d0a202f696e6465782e68746d6c20485454502f312e300d0a0d0a
[2016-10-29 22:08:43,659] [INFO] [base._test_info] -> Current test: 37
[2016-10-29 22:08:43,661] [INFO] [server.transmit] -> request(1049): 0a0a0a0a0a0a0a0a0a0a0a0a0a0a0a0a0a0a0a0a0a0a0a0a0a0a0a0a0a0a0a0a0a0a0a0a0a0a0a0a0a0a0a0a0a0a0a0a0a0a ...
[2016-10-29 22:08:43,667] [INFO] [base._test_info] -> Current test: 38
[2016-10-29 22:08:43,667] [INFO] [server.transmit] -> request(153): 0a0a0a0a0a0a0a0a0a0a0a0a0a0a0a0a0a0a0a0a0a0a0a0a0a0a0a0a0a0a0a0a0a0a0a0a0a0a0a0a0a0a0a0a0a0a0a0a0a0a ...
[2016-10-29 22:08:43,672] [INFO] [base._test_info] -> Current test: 39
[2016-10-29 22:08:43,673] [INFO] [server.transmit] -> request(41): 0a0a0a0a0a0a0a0a0a0a0a0a0a0a0a0a202f696e6465782e68746d6c20485454502f312e300d0a0d0a
[2016-10-29 22:08:43,679] [INFO] [base._test_info] -> Current test: 40
[2016-10-29 22:08:43,680] [INFO] [server.transmit] -> request(27): 0a0a202f696e6465782e68746d6c20485454502f312e300d0a0d0a
[2016-10-29 22:08:43,686] [INFO] [base._test_info] -> Current test: 41
[2016-10-29 22:08:43,693] [INFO] [server.transmit] -> request(4121): deadbeefdeadbeefdeadbeefdeadbeefdeadbeefdeadbeefdeadbeefdeadbeefdeadbeefdeadbeefdeadbeefdeadbeefdead ...
[2016-10-29 22:08:43,703] [INFO] [base._test_info] -> Current test: 42
[2016-10-29 22:08:43,704] [INFO] [server.transmit] -> request(537): deadbeefdeadbeefdeadbeefdeadbeefdeadbeefdeadbeefdeadbeefdeadbeefdeadbeefdeadbeefdeadbeefdeadbeefdead ...
[2016-10-29 22:08:43,710] [INFO] [base._test_info] -> Current test: 43
[2016-10-29 22:08:43,710] [INFO] [server.transmit] -> request(89): deadbeefdeadbeefdeadbeefdeadbeefdeadbeefdeadbeefdeadbeefdeadbeefdeadbeefdeadbeefdeadbeefdeadbeefdead ...
[2016-10-29 22:08:43,712] [INFO] [base._test_info] -> Current test: 44
[2016-10-29 22:08:43,712] [INFO] [server.transmit] -> request(33): deadbeefdeadbeef202f696e6465782e68746d6c20485454502f312e300d0a0d0a
[2016-10-29 22:08:43,722] [INFO] [base._test_info] -> Current test: 45
[2016-10-29 22:08:43,722] [INFO] [server.transmit] -> request(42): 7c746f756368202f746d702f4b49545459202f696e6465782e68746d6c20485454502f312e300d0a0d0a
[2016-10-29 22:08:43,726] [INFO] [base._test_info] -> Current test: 46
[2016-10-29 22:08:43,727] [INFO] [server.transmit] -> request(43): 3b746f756368202f746d702f4b495454593b202f696e6465782e68746d6c20485454502f312e300d0a0d0a
[2016-10-29 22:08:43,733] [INFO] [base._test_info] -> Current test: 47
[2016-10-29 22:08:43,733] [INFO] [server.transmit] -> request(39): 3b6c733e2f746d702f4b49545459202f696e6465782e68746d6c20485454502f312e300d0a0d0a
[2016-10-29 22:08:43,735] [INFO] [base._test_info] -> Current test: 48
[2016-10-29 22:08:43,741] [INFO] [server.transmit] -> request(54): 223b6c733e2f746d702f4b495454593b6c733e2f6465762f6e756c6c22202f696e6465782e68746d6c20485454502f312e30 ...
[2016-10-29 22:08:43,746] [INFO] [base._test_info] -> Current test: 49
[2016-10-29 22:08:43,748] [INFO] [server.transmit] -> request(55): 273b6c733e2f746d702f4b495454593b6c733e272f6465762f6e756c6c27202f696e6465782e68746d6c20485454502f312e ...
[2016-10-29 22:08:43,753] [INFO] [base._test_info] -> Current test: 50
[2016-10-29 22:08:43,757] [INFO] [server.transmit] -> request(40): 606c733e2f746d702f4b4954545960202f696e6465782e68746d6c20485454502f312e300d0a0d0a
[2016-10-29 22:08:43,764] [INFO] [base._test_info] -> Current test: 51
[2016-10-29 22:08:43,765] [INFO] [server.transmit] -> request(41): 20606c733e2f746d702f4b4954545960202f696e6465782e68746d6c20485454502f312e300d0a0d0a
[2016-10-29 22:08:43,775] [INFO] [base._test_info] -> Current test: 52
[2016-10-29 22:08:43,779] [INFO] [server.transmit] -> request(33): 7c6e6f7465706164202f696e6465782e68746d6c20485454502f312e300d0a0d0a
[2016-10-29 22:08:43,785] [INFO] [base._test_info] -> Current test: 53
[2016-10-29 22:08:43,786] [INFO] [server.transmit] -> request(34): 3b6e6f74657061643b202f696e6465782e68746d6c20485454502f312e300d0a0d0a
[2016-10-29 22:08:43,797] [INFO] [base._test_info] -> Current test: 54
[2016-10-29 22:08:43,799] [INFO] [server.transmit] -> request(34): 0a6e6f74657061640a202f696e6465782e68746d6c20485454502f312e300d0a0d0a
[2016-10-29 22:08:43,803] [INFO] [base._test_info] -> Current test: 55
[2016-10-29 22:08:43,807] [INFO] [server.transmit] -> request(36): 27206f7220313d31202d2d202f696e6465782e68746d6c20485454502f312e300d0a0d0a
[2016-10-29 22:08:43,811] [INFO] [base._test_info] -> Current test: 56
[2016-10-29 22:08:43,811] [INFO] [server.transmit] -> request(42): 273b20646573632075736572733b202d2d202f696e6465782e68746d6c20485454502f312e300d0a0d0a
[2016-10-29 22:08:43,814] [INFO] [base._test_info] -> Current test: 57
[2016-10-29 22:08:43,814] [INFO] [server.transmit] -> request(66): 27206f7220757365726e616d65206973206e6f74204e554c4c206f7220757365726e616d65203d2027202f696e6465782e68 ...
[2016-10-29 22:08:43,817] [INFO] [base._test_info] -> Current test: 58
[2016-10-29 22:08:43,817] [INFO] [server.transmit] -> request(97): 3120756e696f6e20616c6c2073656c65637420312c322c332c342c352c362c6e616d652066726f6d207379736f626a656374 ...
[2016-10-29 22:08:43,819] [INFO] [base._test_info] -> Current test: 59
[2016-10-29 22:08:43,827] [INFO] [server.transmit] -> request(36): 60206f72206031603d6031202f696e6465782e68746d6c20485454502f312e300d0a0d0a
[2016-10-29 22:08:43,834] [INFO] [base._test_info] -> Current test: 60
[2016-10-29 22:08:43,835] [INFO] [server.transmit] -> request(36): 27206f72202731273d2731202f696e6465782e68746d6c20485454502f312e300d0a0d0a
[2016-10-29 22:08:43,839] [INFO] [base._test_info] -> Current test: 61
[2016-10-29 22:08:43,840] [INFO] [server.transmit] -> request(27): 4141202f696e6465782e68746d6c20485454502f312e300d0a0d0a
[2016-10-29 22:08:43,842] [INFO] [base._test_info] -> Current test: 62
[2016-10-29 22:08:43,843] [INFO] [server.transmit] -> request(35): 41414141414141414141202f696e6465782e68746d6c20485454502f312e300d0a0d0a
[2016-10-29 22:08:43,845] [INFO] [base._test_info] -> Current test: 63
[2016-10-29 22:08:43,845] [INFO] [server.transmit] -> request(125): 4141414141414141414141414141414141414141414141414141414141414141414141414141414141414141414141414141 ...
[2016-10-29 22:08:43,848] [INFO] [base._test_info] -> Current test: 64
[2016-10-29 22:08:43,848] [INFO] [server.transmit] -> request(1025): 4141414141414141414141414141414141414141414141414141414141414141414141414141414141414141414141414141 ...
[2016-10-29 22:08:43,860] [INFO] [base._test_info] -> Current test: 65
[2016-10-29 22:08:43,863] [INFO] [server.transmit] -> request(5025): 4141414141414141414141414141414141414141414141414141414141414141414141414141414141414141414141414141 ...
[2016-10-29 22:08:43,870] [INFO] [base._test_info] -> Current test: 66
[2016-10-29 22:08:43,871] [INFO] [server.transmit] -> request(10025): 4141414141414141414141414141414141414141414141414141414141414141414141414141414141414141414141414141 ...
[2016-10-29 22:08:43,874] [INFO] [base._test_info] -> Current test: 67
[2016-10-29 22:08:43,875] [INFO] [server.transmit] -> request(36): 2f6574632f706173737764202f696e6465782e68746d6c20485454502f312e300d0a0d0a
[2016-10-29 22:08:43,876] [INFO] [base._test_info] -> Current test: 68
[2016-10-29 22:08:43,877] [INFO] [server.transmit] -> request(79): 2e2f2e2e2f2e2e2f2e2e2f2e2e2f2e2e2f2e2e2f2e2e2f2e2e2f2e2e2f2e2e2f2e2e2f2e2e2f2e2e2f2e2e2f6574632f7061 ...
[2016-10-29 22:08:43,879] [INFO] [base._test_info] -> Current test: 69
[2016-10-29 22:08:43,879] [INFO] [server.transmit] -> request(77): 2e2e2f2e2e2f2e2e2f2e2e2f2e2e2f2e2e2f2e2e2f2e2e2f2e2e2f2e2e2f2e2e2f2e2e2f2e2e2f2e2e2f6574632f70617373 ...
[2016-10-29 22:08:43,881] [INFO] [base._test_info] -> Current test: 70
[2016-10-29 22:08:43,881] [INFO] [server.transmit] -> request(38): 2f70726f632f637075696e666f202f696e6465782e68746d6c20485454502f312e300d0a0d0a
[2016-10-29 22:08:43,895] [INFO] [base._test_info] -> Current test: 71
[2016-10-29 22:08:43,896] [INFO] [server.transmit] -> request(81): 2e2f2e2e2f2e2e2f2e2e2f2e2e2f2e2e2f2e2e2f2e2e2f2e2e2f2e2e2f2e2e2f2e2e2f2e2e2f2e2e2f2e2e2f70726f632f63 ...
[2016-10-29 22:08:43,899] [INFO] [base._test_info] -> Current test: 72
[2016-10-29 22:08:43,901] [INFO] [server.transmit] -> request(79): 2e2e2f2e2e2f2e2e2f2e2e2f2e2e2f2e2e2f2e2e2f2e2e2f2e2e2f2e2e2f2e2e2f2e2e2f2e2e2f2e2e2f70726f632f637075 ...
[2016-10-29 22:08:43,906] [INFO] [base._test_info] -> Current test: 73
[2016-10-29 22:08:43,907] [INFO] [server.transmit] -> request(35): 7e2f2e70726f66696c65202f696e6465782e68746d6c20485454502f312e300d0a0d0a
[2016-10-29 22:08:43,917] [INFO] [base._test_info] -> Current test: 74
[2016-10-29 22:08:43,917] [INFO] [server.transmit] -> request(39): 24484f4d452f2e70726f66696c65202f696e6465782e68746d6c20485454502f312e300d0a0d0a
[2016-10-29 22:08:43,928] [INFO] [base._test_info] -> Current test: 75
[2016-10-29 22:08:43,929] [INFO] [server.transmit] -> request(70): 2f2e2e2f2e2e2f2e2e2f2e2e2f2e2e2f2e2e2f2e2e2f2e2e2f2e2e2f2e2e2f2e2e2f2e2e2f626f6f742e696e69202f696e64 ...
[2016-10-29 22:08:43,934] [INFO] [base._test_info] -> Current test: 76
[2016-10-29 22:08:43,935] [INFO] [server.transmit] -> request(1049): 2f5c2f5c2f5c2f5c2f5c2f5c2f5c2f5c2f5c2f5c2f5c2f5c2f5c2f5c2f5c2f5c2f5c2f5c2f5c2f5c2f5c2f5c2f5c2f5c2f5c ...
[2016-10-29 22:08:43,937] [INFO] [base._test_info] -> Current test: 77
[2016-10-29 22:08:43,938] [INFO] [server.transmit] -> request(153): 2f5c2f5c2f5c2f5c2f5c2f5c2f5c2f5c2f5c2f5c2f5c2f5c2f5c2f5c2f5c2f5c2f5c2f5c2f5c2f5c2f5c2f5c2f5c2f5c2f5c ...
[2016-10-29 22:08:43,941] [INFO] [base._test_info] -> Current test: 78
[2016-10-29 22:08:43,941] [INFO] [server.transmit] -> request(41): 2f5c2f5c2f5c2f5c2f5c2f5c2f5c2f5c202f696e6465782e68746d6c20485454502f312e300d0a0d0a
[2016-10-29 22:08:43,943] [INFO] [base._test_info] -> Current test: 79
[2016-10-29 22:08:43,955] [INFO] [server.transmit] -> request(1049): 2f2e2f2e2f2e2f2e2f2e2f2e2f2e2f2e2f2e2f2e2f2e2f2e2f2e2f2e2f2e2f2e2f2e2f2e2f2e2f2e2f2e2f2e2f2e2f2e2f2e ...
[2016-10-29 22:08:43,960] [INFO] [base._test_info] -> Current test: 80
[2016-10-29 22:08:43,960] [INFO] [server.transmit] -> request(153): 2f2e2f2e2f2e2f2e2f2e2f2e2f2e2f2e2f2e2f2e2f2e2f2e2f2e2f2e2f2e2f2e2f2e2f2e2f2e2f2e2f2e2f2e2f2e2f2e2f2e ...
[2016-10-29 22:08:43,966] [INFO] [base._test_info] -> Current test: 81
[2016-10-29 22:08:43,967] [INFO] [server.transmit] -> request(41): 2f2e2f2e2f2e2f2e2f2e2f2e2f2e2f2e202f696e6465782e68746d6c20485454502f312e300d0a0d0a
[2016-10-29 22:08:43,969] [INFO] [base._test_info] -> Current test: 82
[2016-10-29 22:08:43,970] [INFO] [server.transmit] -> request(54): 2140232425255e2324252324402324252424402324255e5e2a2a282829202f696e6465782e68746d6c20485454502f312e30 ...
[2016-10-29 22:08:43,972] [INFO] [base._test_info] -> Current test: 83
[2016-10-29 22:08:43,973] [INFO] [server.transmit] -> request(50): 25303125303225303325303425306125306425306141445346202f696e6465782e68746d6c20485454502f312e300d0a0d0a ...
[2016-10-29 22:08:43,975] [INFO] [base._test_info] -> Current test: 84
[2016-10-29 22:08:43,983] [INFO] [server.transmit] -> request(51): 2530312530322530334025303425306125306425306141445346202f696e6465782e68746d6c20485454502f312e300d0a0d ...
[2016-10-29 22:08:43,990] [INFO] [base._test_info] -> Current test: 85
[2016-10-29 22:08:43,990] [INFO] [server.transmit] -> request(30): 2f2530302f202f696e6465782e68746d6c20485454502f312e300d0a0d0a
[2016-10-29 22:08:43,993] [INFO] [base._test_info] -> Current test: 86
[2016-10-29 22:08:43,994] [INFO] [server.transmit] -> request(29): 2530302f202f696e6465782e68746d6c20485454502f312e300d0a0d0a
[2016-10-29 22:08:43,996] [INFO] [base._test_info] -> Current test: 87
[2016-10-29 22:08:43,996] [INFO] [server.transmit] -> request(28): 253030202f696e6465782e68746d6c20485454502f312e300d0a0d0a
[2016-10-29 22:08:43,998] [INFO] [base._test_info] -> Current test: 88
[2016-10-29 22:08:43,999] [INFO] [server.transmit] -> request(31): 257530303030202f696e6465782e68746d6c20485454502f312e300d0a0d0a
[2016-10-29 22:08:44,001] [INFO] [base._test_info] -> Current test: 89
[2016-10-29 22:08:44,002] [INFO] [server.transmit] -> request(217): 25fef02501ff25fef02501ff25fef02501ff25fef02501ff25fef02501ff25fef02501ff25fef02501ff25fef02501ff25fe ...
[2016-10-29 22:08:44,004] [INFO] [base._test_info] -> Current test: 90
[2016-10-29 22:08:44,004] [INFO] [server.transmit] -> request(49): 25fef02501ff25fef02501ff25fef02501ff25fef02501ff202f696e6465782e68746d6c20485454502f312e300d0a0d0a
[2016-10-29 22:08:44,006] [INFO] [base._test_info] -> Current test: 91
[2016-10-29 22:08:44,015] [INFO] [server.transmit] -> request(29): 47455420202f696e6465782e68746d6c20485454502f312e300d0a0d0a
[2016-10-29 22:08:44,019] [INFO] [base._test_info] -> Current test: 92
[2016-10-29 22:08:44,022] [INFO] [server.transmit] -> request(37): 474554202020202020202020202f696e6465782e68746d6c20485454502f312e300d0a0d0a
[2016-10-29 22:08:44,027] [INFO] [base._test_info] -> Current test: 93
[2016-10-29 22:08:44,028] [INFO] [server.transmit] -> request(127): 4745542020202020202020202020202020202020202020202020202020202020202020202020202020202020202020202020 ...
[2016-10-29 22:08:44,031] [INFO] [base._test_info] -> Current test: 94
[2016-10-29 22:08:44,031] [INFO] [server.transmit] -> request(29): 47455420fe2f696e6465782e68746d6c20485454502f312e300d0a0d0a
[2016-10-29 22:08:44,035] [INFO] [base._test_info] -> Current test: 97
[2016-10-29 22:08:44,035] [INFO] [server.transmit] -> request(29): 47455420002f696e6465782e68746d6c20485454502f312e300d0a0d0a
[2016-10-29 22:08:44,046] [INFO] [base._test_info] -> Current test: 98
[2016-10-29 22:08:44,050] [INFO] [server.transmit] -> request(31): 474554202020202f696e6465782e68746d6c20485454502f312e300d0a0d0a
[2016-10-29 22:08:44,055] [INFO] [base._test_info] -> Current test: 99
[2016-10-29 22:08:44,056] [INFO] [server.transmit] -> request(31): 474554090909092f696e6465782e68746d6c20485454502f312e300d0a0d0a
[2016-10-29 22:08:44,060] [INFO] [base._test_info] -> Current test: 100
[2016-10-29 22:08:44,061] [INFO] [server.transmit] -> request(31): 474554212121212f696e6465782e68746d6c20485454502f312e300d0a0d0a
[2016-10-29 22:08:44,064] [INFO] [base._test_info] -> Current test: 101
[2016-10-29 22:08:44,065] [INFO] [server.transmit] -> request(31): 474554404040402f696e6465782e68746d6c20485454502f312e300d0a0d0a
[2016-10-29 22:08:44,067] [INFO] [base._test_info] -> Current test: 102
[2016-10-29 22:08:44,068] [INFO] [server.transmit] -> request(31): 474554232323232f696e6465782e68746d6c20485454502f312e300d0a0d0a
[2016-10-29 22:08:44,077] [INFO] [base._test_info] -> Current test: 103
[2016-10-29 22:08:44,080] [INFO] [server.transmit] -> request(31): 474554242424242f696e6465782e68746d6c20485454502f312e300d0a0d0a
[2016-10-29 22:08:44,084] [INFO] [base._test_info] -> Current test: 104
[2016-10-29 22:08:44,085] [INFO] [server.transmit] -> request(31): 474554252525252f696e6465782e68746d6c20485454502f312e300d0a0d0a
[2016-10-29 22:08:44,087] [INFO] [base._test_info] -> Current test: 105
[2016-10-29 22:08:44,088] [INFO] [server.transmit] -> request(31): 4745545e5e5e5e2f696e6465782e68746d6c20485454502f312e300d0a0d0a
[2016-10-29 22:08:44,090] [INFO] [base._test_info] -> Current test: 106
[2016-10-29 22:08:44,091] [INFO] [server.transmit] -> request(31): 474554262626262f696e6465782e68746d6c20485454502f312e300d0a0d0a
[2016-10-29 22:08:44,093] [INFO] [base._test_info] -> Current test: 107
[2016-10-29 22:08:44,093] [INFO] [server.transmit] -> request(31): 4745542a2a2a2a2f696e6465782e68746d6c20485454502f312e300d0a0d0a
[2016-10-29 22:08:44,095] [INFO] [base._test_info] -> Current test: 108
[2016-10-29 22:08:44,096] [INFO] [server.transmit] -> request(31): 474554282828282f696e6465782e68746d6c20485454502f312e300d0a0d0a
[2016-10-29 22:08:44,098] [INFO] [base._test_info] -> Current test: 109
[2016-10-29 22:08:44,105] [INFO] [server.transmit] -> request(31): 474554292929292f696e6465782e68746d6c20485454502f312e300d0a0d0a
[2016-10-29 22:08:44,112] [INFO] [base._test_info] -> Current test: 110
[2016-10-29 22:08:44,113] [INFO] [server.transmit] -> request(31): 4745542d2d2d2d2f696e6465782e68746d6c20485454502f312e300d0a0d0a
[2016-10-29 22:08:44,116] [INFO] [base._test_info] -> Current test: 111
[2016-10-29 22:08:44,117] [INFO] [server.transmit] -> request(31): 4745545f5f5f5f2f696e6465782e68746d6c20485454502f312e300d0a0d0a
[2016-10-29 22:08:44,119] [INFO] [base._test_info] -> Current test: 112
[2016-10-29 22:08:44,120] [INFO] [server.transmit] -> request(31): 4745542b2b2b2b2f696e6465782e68746d6c20485454502f312e300d0a0d0a
[2016-10-29 22:08:44,122] [INFO] [base._test_info] -> Current test: 113
[2016-10-29 22:08:44,122] [INFO] [server.transmit] -> request(31): 4745543d3d3d3d2f696e6465782e68746d6c20485454502f312e300d0a0d0a
[2016-10-29 22:08:44,125] [INFO] [base._test_info] -> Current test: 114
[2016-10-29 22:08:44,125] [INFO] [server.transmit] -> request(31): 4745543a3a3a3a2f696e6465782e68746d6c20485454502f312e300d0a0d0a
[2016-10-29 22:08:44,127] [INFO] [base._test_info] -> Current test: 115
[2016-10-29 22:08:44,128] [INFO] [server.transmit] -> request(31): 4745543b3b3b3b2f696e6465782e68746d6c20485454502f312e300d0a0d0a
[2016-10-29 22:08:44,138] [INFO] [base._test_info] -> Current test: 116
[2016-10-29 22:08:44,141] [INFO] [server.transmit] -> request(31): 474554272727272f696e6465782e68746d6c20485454502f312e300d0a0d0a
[2016-10-29 22:08:44,145] [INFO] [base._test_info] -> Current test: 117
[2016-10-29 22:08:44,146] [INFO] [server.transmit] -> request(31): 474554222222222f696e6465782e68746d6c20485454502f312e300d0a0d0a
[2016-10-29 22:08:44,148] [INFO] [base._test_info] -> Current test: 118
[2016-10-29 22:08:44,149] [INFO] [server.transmit] -> request(31): 4745542f2f2f2f2f696e6465782e68746d6c20485454502f312e300d0a0d0a
[2016-10-29 22:08:44,151] [INFO] [base._test_info] -> Current test: 119
[2016-10-29 22:08:44,151] [INFO] [server.transmit] -> request(31): 4745545c5c5c5c2f696e6465782e68746d6c20485454502f312e300d0a0d0a
[2016-10-29 22:08:44,153] [INFO] [base._test_info] -> Current test: 120
[2016-10-29 22:08:44,154] [INFO] [server.transmit] -> request(31): 4745543f3f3f3f2f696e6465782e68746d6c20485454502f312e300d0a0d0a
[2016-10-29 22:08:44,156] [INFO] [base._test_info] -> Current test: 121
[2016-10-29 22:08:44,157] [INFO] [server.transmit] -> request(31): 4745543c3c3c3c2f696e6465782e68746d6c20485454502f312e300d0a0d0a
[2016-10-29 22:08:44,170] [INFO] [base._test_info] -> Current test: 122
[2016-10-29 22:08:44,175] [INFO] [server.transmit] -> request(31): 4745543e3e3e3e2f696e6465782e68746d6c20485454502f312e300d0a0d0a
[2016-10-29 22:08:44,181] [INFO] [base._test_info] -> Current test: 123
[2016-10-29 22:08:44,181] [INFO] [server.transmit] -> request(31): 4745542e2e2e2e2f696e6465782e68746d6c20485454502f312e300d0a0d0a
[2016-10-29 22:08:44,184] [INFO] [base._test_info] -> Current test: 124
[2016-10-29 22:08:44,184] [INFO] [server.transmit] -> request(31): 4745542c2c2c2c2f696e6465782e68746d6c20485454502f312e300d0a0d0a
[2016-10-29 22:08:44,187] [INFO] [base._test_info] -> Current test: 125
[2016-10-29 22:08:44,188] [INFO] [server.transmit] -> request(31): 4745540d0d0d0d2f696e6465782e68746d6c20485454502f312e300d0a0d0a
[2016-10-29 22:08:44,200] [INFO] [base._test_info] -> Current test: 126
[2016-10-29 22:08:44,204] [INFO] [server.transmit] -> request(31): 4745540a0a0a0a2f696e6465782e68746d6c20485454502f312e300d0a0d0a
[2016-10-29 22:08:44,209] [INFO] [base._test_info] -> Current test: 127
[2016-10-29 22:08:44,209] [INFO] [server.transmit] -> request(43): 4745540d0a0d0a0d0a0d0a0d0a0d0a0d0a0d0a2f696e6465782e68746d6c20485454502f312e300d0a0d0a
[2016-10-29 22:08:44,212] [INFO] [base._test_info] -> Current test: 128
[2016-10-29 22:08:44,213] [INFO] [server.transmit] -> request(51): 474554090d0a090d0a090d0a090d0a090d0a090d0a090d0a090d0a2f696e6465782e68746d6c20485454502f312e300d0a0d ...
[2016-10-29 22:08:44,216] [INFO] [base._test_info] -> Current test: 129
[2016-10-29 22:08:44,217] [INFO] [server.transmit] -> request(27): 4745542f696e6465782e68746d6c20485454502f312e300d0a0d0a
[2016-10-29 22:08:44,226] [INFO] [base._test_info] -> Current test: 130
[2016-10-29 22:08:44,230] [INFO] [server.transmit] -> request(39): 474554202f696e6465782e68746d6c2f696e6465782e68746d6c20485454502f312e300d0a0d0a
[2016-10-29 22:08:44,233] [INFO] [base._test_info] -> Current test: 131
[2016-10-29 22:08:44,234] [INFO] [server.transmit] -> request(127): 474554202f696e6465782e68746d6c2f696e6465782e68746d6c2f696e6465782e68746d6c2f696e6465782e68746d6c2f69 ...
[2016-10-29 22:08:44,237] [INFO] [base._test_info] -> Current test: 132
[2016-10-29 22:08:44,237] [INFO] [server.transmit] -> request(1117): 474554202f696e6465782e68746d6c2f696e6465782e68746d6c2f696e6465782e68746d6c2f696e6465782e68746d6c2f69 ...
[2016-10-29 22:08:44,240] [INFO] [base._test_info] -> Current test: 133
[2016-10-29 22:08:44,241] [INFO] [server.transmit] -> request(29): 474554202f696e6465782e68746d6cfe20485454502f312e300d0a0d0a
[2016-10-29 22:08:44,243] [INFO] [base._test_info] -> Current test: 135
[2016-10-29 22:08:44,244] [INFO] [server.transmit] -> request(29): 474554202f696e646500782e68746d6c20485454502f312e300d0a0d0a
[2016-10-29 22:08:44,246] [INFO] [base._test_info] -> Current test: 136
[2016-10-29 22:08:44,246] [INFO] [server.transmit] -> request(29): 474554202f696e6465782e68746d6c0020485454502f312e300d0a0d0a
[2016-10-29 22:08:44,249] [INFO] [base._test_info] -> Current test: 137
[2016-10-29 22:08:44,257] [INFO] [server.transmit] -> request(17): 4745542020485454502f312e300d0a0d0a
[2016-10-29 22:08:44,264] [INFO] [base._test_info] -> Current test: 138
[2016-10-29 22:08:44,265] [INFO] [server.transmit] -> request(2065): 4745542025732573257325732573257325732573257325732573257325732573257325732573257325732573257325732573 ...
[2016-10-29 22:08:44,268] [INFO] [base._test_info] -> Current test: 139
[2016-10-29 22:08:44,269] [INFO] [server.transmit] -> request(273): 4745542025732573257325732573257325732573257325732573257325732573257325732573257325732573257325732573 ...
[2016-10-29 22:08:44,271] [INFO] [base._test_info] -> Current test: 140
[2016-10-29 22:08:44,271] [INFO] [server.transmit] -> request(49): 47455420257325732573257325732573257325732573257325732573257325732573257320485454502f312e300d0a0d0a
[2016-10-29 22:08:44,274] [INFO] [base._test_info] -> Current test: 141
[2016-10-29 22:08:44,274] [INFO] [server.transmit] -> request(21): 474554202573257320485454502f312e300d0a0d0a
[2016-10-29 22:08:44,277] [INFO] [base._test_info] -> Current test: 142
[2016-10-29 22:08:44,278] [INFO] [server.transmit] -> request(3089): 4745542025257325257325257325257325257325257325257325257325257325257325257325257325257325257325257325 ...
[2016-10-29 22:08:44,280] [INFO] [base._test_info] -> Current test: 143
[2016-10-29 22:08:44,280] [INFO] [server.transmit] -> request(401): 4745542025257325257325257325257325257325257325257325257325257325257325257325257325257325257325257325 ...
[2016-10-29 22:08:44,292] [INFO] [base._test_info] -> Current test: 144
[2016-10-29 22:08:44,292] [INFO] [server.transmit] -> request(65): 4745542025257325257325257325257325257325257325257325257325257325257325257325257325257325257325257325 ...
[2016-10-29 22:08:44,300] [INFO] [base._test_info] -> Current test: 145
[2016-10-29 22:08:44,301] [INFO] [server.transmit] -> request(23): 4745542025257325257320485454502f312e300d0a0d0a
[2016-10-29 22:08:44,303] [INFO] [base._test_info] -> Current test: 146
[2016-10-29 22:08:44,304] [INFO] [server.transmit] -> request(4113): 4745542022257322222573222225732222257322222573222225732222257322222573222225732222257322222573222225 ...
[2016-10-29 22:08:44,308] [INFO] [base._test_info] -> Current test: 147
[2016-10-29 22:08:44,309] [INFO] [server.transmit] -> request(529): 4745542022257322222573222225732222257322222573222225732222257322222573222225732222257322222573222225 ...
[2016-10-29 22:08:44,311] [INFO] [base._test_info] -> Current test: 148
[2016-10-29 22:08:44,319] [INFO] [server.transmit] -> request(81): 4745542022257322222573222225732222257322222573222225732222257322222573222225732222257322222573222225 ...
[2016-10-29 22:08:44,324] [INFO] [base._test_info] -> Current test: 149
[2016-10-29 22:08:44,327] [INFO] [server.transmit] -> request(25): 47455420222573222225732220485454502f312e300d0a0d0a
[2016-10-29 22:08:44,336] [INFO] [base._test_info] -> Current test: 150
[2016-10-29 22:08:44,338] [INFO] [server.transmit] -> request(2065): 47455420256e256e256e256e256e256e256e256e256e256e256e256e256e256e256e256e256e256e256e256e256e256e256e ...
[2016-10-29 22:08:44,341] [INFO] [base._test_info] -> Current test: 151
[2016-10-29 22:08:44,347] [INFO] [server.transmit] -> request(273): 47455420256e256e256e256e256e256e256e256e256e256e256e256e256e256e256e256e256e256e256e256e256e256e256e ...
[2016-10-29 22:08:44,358] [INFO] [base._test_info] -> Current test: 152
[2016-10-29 22:08:44,358] [INFO] [server.transmit] -> request(49): 47455420256e256e256e256e256e256e256e256e256e256e256e256e256e256e256e256e20485454502f312e300d0a0d0a
[2016-10-29 22:08:44,360] [INFO] [base._test_info] -> Current test: 153
[2016-10-29 22:08:44,361] [INFO] [server.transmit] -> request(21): 47455420256e256e20485454502f312e300d0a0d0a
[2016-10-29 22:08:44,368] [INFO] [base._test_info] -> Current test: 154
[2016-10-29 22:08:44,369] [INFO] [server.transmit] -> request(3089): 4745542025256e25256e25256e25256e25256e25256e25256e25256e25256e25256e25256e25256e25256e25256e25256e25 ...
[2016-10-29 22:08:44,371] [INFO] [base._test_info] -> Current test: 155
[2016-10-29 22:08:44,372] [INFO] [server.transmit] -> request(401): 4745542025256e25256e25256e25256e25256e25256e25256e25256e25256e25256e25256e25256e25256e25256e25256e25 ...
[2016-10-29 22:08:44,383] [INFO] [base._test_info] -> Current test: 156
[2016-10-29 22:08:44,383] [INFO] [server.transmit] -> request(65): 4745542025256e25256e25256e25256e25256e25256e25256e25256e25256e25256e25256e25256e25256e25256e25256e25 ...
[2016-10-29 22:08:44,390] [INFO] [base._test_info] -> Current test: 157
[2016-10-29 22:08:44,390] [INFO] [server.transmit] -> request(23): 4745542025256e25256e20485454502f312e300d0a0d0a
[2016-10-29 22:08:44,394] [INFO] [base._test_info] -> Current test: 158
[2016-10-29 22:08:44,394] [INFO] [server.transmit] -> request(4113): 4745542022256e2222256e2222256e2222256e2222256e2222256e2222256e2222256e2222256e2222256e2222256e222225 ...
[2016-10-29 22:08:44,397] [INFO] [base._test_info] -> Current test: 159
[2016-10-29 22:08:44,397] [INFO] [server.transmit] -> request(529): 4745542022256e2222256e2222256e2222256e2222256e2222256e2222256e2222256e2222256e2222256e2222256e222225 ...
[2016-10-29 22:08:44,399] [INFO] [base._test_info] -> Current test: 160
[2016-10-29 22:08:44,400] [INFO] [server.transmit] -> request(81): 4745542022256e2222256e2222256e2222256e2222256e2222256e2222256e2222256e2222256e2222256e2222256e222225 ...
[2016-10-29 22:08:44,401] [INFO] [base._test_info] -> Current test: 161
[2016-10-29 22:08:44,402] [INFO] [server.transmit] -> request(25): 4745542022256e2222256e2220485454502f312e300d0a0d0a
[2016-10-29 22:08:44,403] [INFO] [base._test_info] -> Current test: 162
[2016-10-29 22:08:44,404] [INFO] [server.transmit] -> request(31): 47455420252e31363730357525325c24686e20485454502f312e300d0a0d0a
[2016-10-29 22:08:44,415] [INFO] [base._test_info] -> Current test: 163
[2016-10-29 22:08:44,418] [INFO] [server.transmit] -> request(2065): 474554200d0a0d0a0d0a0d0a0d0a0d0a0d0a0d0a0d0a0d0a0d0a0d0a0d0a0d0a0d0a0d0a0d0a0d0a0d0a0d0a0d0a0d0a0d0a ...
[2016-10-29 22:08:44,428] [INFO] [base._test_info] -> Current test: 164
[2016-10-29 22:08:44,428] [INFO] [server.transmit] -> request(273): 474554200d0a0d0a0d0a0d0a0d0a0d0a0d0a0d0a0d0a0d0a0d0a0d0a0d0a0d0a0d0a0d0a0d0a0d0a0d0a0d0a0d0a0d0a0d0a ...
[2016-10-29 22:08:44,434] [INFO] [base._test_info] -> Current test: 165
[2016-10-29 22:08:44,434] [INFO] [server.transmit] -> request(49): 474554200d0a0d0a0d0a0d0a0d0a0d0a0d0a0d0a0d0a0d0a0d0a0d0a0d0a0d0a0d0a0d0a20485454502f312e300d0a0d0a
[2016-10-29 22:08:44,444] [INFO] [base._test_info] -> Current test: 166
[2016-10-29 22:08:44,447] [INFO] [server.transmit] -> request(21): 474554200d0a0d0a20485454502f312e300d0a0d0a
[2016-10-29 22:08:44,453] [INFO] [base._test_info] -> Current test: 167
[2016-10-29 22:08:44,454] [INFO] [server.transmit] -> request(1041): 474554200a0a0a0a0a0a0a0a0a0a0a0a0a0a0a0a0a0a0a0a0a0a0a0a0a0a0a0a0a0a0a0a0a0a0a0a0a0a0a0a0a0a0a0a0a0a ...
[2016-10-29 22:08:44,464] [INFO] [base._test_info] -> Current test: 168
[2016-10-29 22:08:44,465] [INFO] [server.transmit] -> request(145): 474554200a0a0a0a0a0a0a0a0a0a0a0a0a0a0a0a0a0a0a0a0a0a0a0a0a0a0a0a0a0a0a0a0a0a0a0a0a0a0a0a0a0a0a0a0a0a ...
[2016-10-29 22:08:44,478] [INFO] [base._test_info] -> Current test: 169
[2016-10-29 22:08:44,479] [INFO] [server.transmit] -> request(33): 474554200a0a0a0a0a0a0a0a0a0a0a0a0a0a0a0a20485454502f312e300d0a0d0a
[2016-10-29 22:08:44,484] [INFO] [base._test_info] -> Current test: 170
[2016-10-29 22:08:44,485] [INFO] [server.transmit] -> request(19): 474554200a0a20485454502f312e300d0a0d0a
[2016-10-29 22:08:44,489] [INFO] [base._test_info] -> Current test: 171
[2016-10-29 22:08:44,490] [INFO] [server.transmit] -> request(4113): 47455420deadbeefdeadbeefdeadbeefdeadbeefdeadbeefdeadbeefdeadbeefdeadbeefdeadbeefdeadbeefdeadbeefdead ...
[2016-10-29 22:08:44,492] [INFO] [base._test_info] -> Current test: 172
[2016-10-29 22:08:44,493] [INFO] [server.transmit] -> request(529): 47455420deadbeefdeadbeefdeadbeefdeadbeefdeadbeefdeadbeefdeadbeefdeadbeefdeadbeefdeadbeefdeadbeefdead ...
[2016-10-29 22:08:44,495] [INFO] [base._test_info] -> Current test: 173
[2016-10-29 22:08:44,495] [INFO] [server.transmit] -> request(81): 47455420deadbeefdeadbeefdeadbeefdeadbeefdeadbeefdeadbeefdeadbeefdeadbeefdeadbeefdeadbeefdeadbeefdead ...
[2016-10-29 22:08:44,507] [INFO] [base._test_info] -> Current test: 174
[2016-10-29 22:08:44,508] [INFO] [server.transmit] -> request(25): 47455420deadbeefdeadbeef20485454502f312e300d0a0d0a
[2016-10-29 22:08:44,511] [INFO] [base._test_info] -> Current test: 175
[2016-10-29 22:08:44,514] [INFO] [server.transmit] -> request(34): 474554207c746f756368202f746d702f4b4954545920485454502f312e300d0a0d0a
[2016-10-29 22:08:44,518] [INFO] [base._test_info] -> Current test: 176
[2016-10-29 22:08:44,518] [INFO] [server.transmit] -> request(35): 474554203b746f756368202f746d702f4b495454593b20485454502f312e300d0a0d0a
[2016-10-29 22:08:44,521] [INFO] [base._test_info] -> Current test: 177
[2016-10-29 22:08:44,522] [INFO] [server.transmit] -> request(31): 474554203b6c733e2f746d702f4b4954545920485454502f312e300d0a0d0a
[2016-10-29 22:08:44,524] [INFO] [base._test_info] -> Current test: 178
[2016-10-29 22:08:44,525] [INFO] [server.transmit] -> request(46): 47455420223b6c733e2f746d702f4b495454593b6c733e2f6465762f6e756c6c2220485454502f312e300d0a0d0a
[2016-10-29 22:08:44,527] [INFO] [base._test_info] -> Current test: 179
[2016-10-29 22:08:44,535] [INFO] [server.transmit] -> request(47): 47455420273b6c733e2f746d702f4b495454593b6c733e272f6465762f6e756c6c2720485454502f312e300d0a0d0a
[2016-10-29 22:08:44,539] [INFO] [base._test_info] -> Current test: 180
[2016-10-29 22:08:44,542] [INFO] [server.transmit] -> request(32): 47455420606c733e2f746d702f4b495454596020485454502f312e300d0a0d0a
[2016-10-29 22:08:44,546] [INFO] [base._test_info] -> Current test: 181
[2016-10-29 22:08:44,547] [INFO] [server.transmit] -> request(33): 4745542020606c733e2f746d702f4b495454596020485454502f312e300d0a0d0a
[2016-10-29 22:08:44,550] [INFO] [base._test_info] -> Current test: 182
[2016-10-29 22:08:44,550] [INFO] [server.transmit] -> request(25): 474554207c6e6f746570616420485454502f312e300d0a0d0a
[2016-10-29 22:08:44,552] [INFO] [base._test_info] -> Current test: 183
[2016-10-29 22:08:44,553] [INFO] [server.transmit] -> request(26): 474554203b6e6f74657061643b20485454502f312e300d0a0d0a
[2016-10-29 22:08:44,555] [INFO] [base._test_info] -> Current test: 184
[2016-10-29 22:08:44,556] [INFO] [server.transmit] -> request(26): 474554200a6e6f74657061640a20485454502f312e300d0a0d0a
[2016-10-29 22:08:44,565] [INFO] [base._test_info] -> Current test: 185
[2016-10-29 22:08:44,568] [INFO] [server.transmit] -> request(28): 4745542027206f7220313d31202d2d20485454502f312e300d0a0d0a
[2016-10-29 22:08:44,572] [INFO] [base._test_info] -> Current test: 186
[2016-10-29 22:08:44,573] [INFO] [server.transmit] -> request(34): 47455420273b20646573632075736572733b202d2d20485454502f312e300d0a0d0a
[2016-10-29 22:08:44,576] [INFO] [base._test_info] -> Current test: 187
[2016-10-29 22:08:44,576] [INFO] [server.transmit] -> request(58): 4745542027206f7220757365726e616d65206973206e6f74204e554c4c206f7220757365726e616d65203d20272048545450 ...
[2016-10-29 22:08:44,578] [INFO] [base._test_info] -> Current test: 188
[2016-10-29 22:08:44,579] [INFO] [server.transmit] -> request(89): 474554203120756e696f6e20616c6c2073656c65637420312c322c332c342c352c362c6e616d652066726f6d207379736f62 ...
[2016-10-29 22:08:44,582] [INFO] [base._test_info] -> Current test: 189
[2016-10-29 22:08:44,583] [INFO] [server.transmit] -> request(28): 4745542060206f72206031603d603120485454502f312e300d0a0d0a
[2016-10-29 22:08:44,586] [INFO] [base._test_info] -> Current test: 190
[2016-10-29 22:08:44,587] [INFO] [server.transmit] -> request(28): 4745542027206f72202731273d273120485454502f312e300d0a0d0a
[2016-10-29 22:08:44,598] [INFO] [base._test_info] -> Current test: 191
[2016-10-29 22:08:44,599] [INFO] [server.transmit] -> request(19): 47455420414120485454502f312e300d0a0d0a
[2016-10-29 22:08:44,610] [INFO] [base._test_info] -> Current test: 192
[2016-10-29 22:08:44,610] [INFO] [server.transmit] -> request(27): 474554204141414141414141414120485454502f312e300d0a0d0a
[2016-10-29 22:08:44,613] [INFO] [base._test_info] -> Current test: 193
[2016-10-29 22:08:44,614] [INFO] [server.transmit] -> request(117): 4745542041414141414141414141414141414141414141414141414141414141414141414141414141414141414141414141 ...
[2016-10-29 22:08:44,618] [INFO] [base._test_info] -> Current test: 194
[2016-10-29 22:08:44,619] [INFO] [server.transmit] -> request(1017): 4745542041414141414141414141414141414141414141414141414141414141414141414141414141414141414141414141 ...
[2016-10-29 22:08:44,632] [INFO] [base._test_info] -> Current test: 195
[2016-10-29 22:08:44,633] [INFO] [server.transmit] -> request(5017): 4745542041414141414141414141414141414141414141414141414141414141414141414141414141414141414141414141 ...
[2016-10-29 22:08:44,640] [INFO] [base._test_info] -> Current test: 196
[2016-10-29 22:08:44,640] [INFO] [server.transmit] -> request(10017): 4745542041414141414141414141414141414141414141414141414141414141414141414141414141414141414141414141 ...
[2016-10-29 22:08:44,645] [INFO] [base._test_info] -> Current test: 197
[2016-10-29 22:08:44,646] [INFO] [server.transmit] -> request(28): 474554202f6574632f70617373776420485454502f312e300d0a0d0a
[2016-10-29 22:08:44,648] [INFO] [base._test_info] -> Current test: 198
[2016-10-29 22:08:44,648] [INFO] [server.transmit] -> request(71): 474554202e2f2e2e2f2e2e2f2e2e2f2e2e2f2e2e2f2e2e2f2e2e2f2e2e2f2e2e2f2e2e2f2e2e2f2e2e2f2e2e2f2e2e2f6574 ...
[2016-10-29 22:08:44,650] [INFO] [base._test_info] -> Current test: 199
[2016-10-29 22:08:44,650] [INFO] [server.transmit] -> request(69): 474554202e2e2f2e2e2f2e2e2f2e2e2f2e2e2f2e2e2f2e2e2f2e2e2f2e2e2f2e2e2f2e2e2f2e2e2f2e2e2f2e2e2f6574632f ...
[2016-10-29 22:08:44,664] [INFO] [base._test_info] -> Current test: 200
[2016-10-29 22:08:44,664] [INFO] [server.transmit] -> request(30): 474554202f70726f632f637075696e666f20485454502f312e300d0a0d0a
[2016-10-29 22:08:44,667] [INFO] [base._test_info] -> Current test: 201
[2016-10-29 22:08:44,667] [INFO] [server.transmit] -> request(73): 474554202e2f2e2e2f2e2e2f2e2e2f2e2e2f2e2e2f2e2e2f2e2e2f2e2e2f2e2e2f2e2e2f2e2e2f2e2e2f2e2e2f2e2e2f7072 ...
[2016-10-29 22:08:44,674] [INFO] [base._test_info] -> Current test: 202
[2016-10-29 22:08:44,675] [INFO] [server.transmit] -> request(71): 474554202e2e2f2e2e2f2e2e2f2e2e2f2e2e2f2e2e2f2e2e2f2e2e2f2e2e2f2e2e2f2e2e2f2e2e2f2e2e2f2e2e2f70726f63 ...
[2016-10-29 22:08:44,678] [INFO] [base._test_info] -> Current test: 203
[2016-10-29 22:08:44,679] [INFO] [server.transmit] -> request(27): 474554207e2f2e70726f66696c6520485454502f312e300d0a0d0a
[2016-10-29 22:08:44,681] [INFO] [base._test_info] -> Current test: 204
[2016-10-29 22:08:44,682] [INFO] [server.transmit] -> request(31): 4745542024484f4d452f2e70726f66696c6520485454502f312e300d0a0d0a
[2016-10-29 22:08:44,694] [INFO] [base._test_info] -> Current test: 205
[2016-10-29 22:08:44,696] [INFO] [server.transmit] -> request(62): 474554202f2e2e2f2e2e2f2e2e2f2e2e2f2e2e2f2e2e2f2e2e2f2e2e2f2e2e2f2e2e2f2e2e2f2e2e2f626f6f742e696e6920 ...
[2016-10-29 22:08:44,700] [INFO] [base._test_info] -> Current test: 206
[2016-10-29 22:08:44,701] [INFO] [server.transmit] -> request(1041): 474554202f5c2f5c2f5c2f5c2f5c2f5c2f5c2f5c2f5c2f5c2f5c2f5c2f5c2f5c2f5c2f5c2f5c2f5c2f5c2f5c2f5c2f5c2f5c ...
[2016-10-29 22:08:44,704] [INFO] [base._test_info] -> Current test: 207
[2016-10-29 22:08:44,704] [INFO] [server.transmit] -> request(145): 474554202f5c2f5c2f5c2f5c2f5c2f5c2f5c2f5c2f5c2f5c2f5c2f5c2f5c2f5c2f5c2f5c2f5c2f5c2f5c2f5c2f5c2f5c2f5c ...
[2016-10-29 22:08:44,707] [INFO] [base._test_info] -> Current test: 208
[2016-10-29 22:08:44,707] [INFO] [server.transmit] -> request(33): 474554202f5c2f5c2f5c2f5c2f5c2f5c2f5c2f5c20485454502f312e300d0a0d0a
[2016-10-29 22:08:44,710] [INFO] [base._test_info] -> Current test: 209
[2016-10-29 22:08:44,710] [INFO] [server.transmit] -> request(1041): 474554202f2e2f2e2f2e2f2e2f2e2f2e2f2e2f2e2f2e2f2e2f2e2f2e2f2e2f2e2f2e2f2e2f2e2f2e2f2e2f2e2f2e2f2e2f2e ...
[2016-10-29 22:08:44,713] [INFO] [base._test_info] -> Current test: 210
[2016-10-29 22:08:44,723] [INFO] [server.transmit] -> request(145): 474554202f2e2f2e2f2e2f2e2f2e2f2e2f2e2f2e2f2e2f2e2f2e2f2e2f2e2f2e2f2e2f2e2f2e2f2e2f2e2f2e2f2e2f2e2f2e ...
[2016-10-29 22:08:44,726] [INFO] [base._test_info] -> Current test: 211
[2016-10-29 22:08:44,729] [INFO] [server.transmit] -> request(33): 474554202f2e2f2e2f2e2f2e2f2e2f2e2f2e2f2e20485454502f312e300d0a0d0a
[2016-10-29 22:08:44,735] [INFO] [base._test_info] -> Current test: 212
[2016-10-29 22:08:44,735] [INFO] [server.transmit] -> request(46): 474554202140232425255e2324252324402324252424402324255e5e2a2a28282920485454502f312e300d0a0d0a
[2016-10-29 22:08:44,738] [INFO] [base._test_info] -> Current test: 213
[2016-10-29 22:08:44,739] [INFO] [server.transmit] -> request(42): 474554202530312530322530332530342530612530642530614144534620485454502f312e300d0a0d0a
[2016-10-29 22:08:44,741] [INFO] [base._test_info] -> Current test: 214
[2016-10-29 22:08:44,742] [INFO] [server.transmit] -> request(43): 47455420253031253032253033402530342530612530642530614144534620485454502f312e300d0a0d0a
[2016-10-29 22:08:44,744] [INFO] [base._test_info] -> Current test: 215
[2016-10-29 22:08:44,759] [INFO] [server.transmit] -> request(22): 474554202f2530302f20485454502f312e300d0a0d0a
[2016-10-29 22:08:44,761] [INFO] [base._test_info] -> Current test: 216
[2016-10-29 22:08:44,761] [INFO] [server.transmit] -> request(21): 474554202530302f20485454502f312e300d0a0d0a
[2016-10-29 22:08:44,763] [INFO] [base._test_info] -> Current test: 217
[2016-10-29 22:08:44,764] [INFO] [server.transmit] -> request(20): 4745542025303020485454502f312e300d0a0d0a
[2016-10-29 22:08:44,769] [INFO] [base._test_info] -> Current test: 218
[2016-10-29 22:08:44,775] [INFO] [server.transmit] -> request(23): 4745542025753030303020485454502f312e300d0a0d0a
[2016-10-29 22:08:44,779] [INFO] [base._test_info] -> Current test: 219
[2016-10-29 22:08:44,783] [INFO] [server.transmit] -> request(209): 4745542025fef02501ff25fef02501ff25fef02501ff25fef02501ff25fef02501ff25fef02501ff25fef02501ff25fef025 ...
[2016-10-29 22:08:44,789] [INFO] [base._test_info] -> Current test: 220
[2016-10-29 22:08:44,789] [INFO] [server.transmit] -> request(41): 4745542025fef02501ff25fef02501ff25fef02501ff25fef02501ff20485454502f312e300d0a0d0a
[2016-10-29 22:08:44,795] [INFO] [base._test_info] -> Current test: 221
[2016-10-29 22:08:44,796] [INFO] [server.transmit] -> request(29): 474554202f696e6465782e68746d6c2020485454502f312e300d0a0d0a
[2016-10-29 22:08:44,799] [INFO] [base._test_info] -> Current test: 222
[2016-10-29 22:08:44,799] [INFO] [server.transmit] -> request(37): 474554202f696e6465782e68746d6c20202020202020202020485454502f312e300d0a0d0a
[2016-10-29 22:08:44,808] [INFO] [base._test_info] -> Current test: 223
[2016-10-29 22:08:44,809] [INFO] [server.transmit] -> request(127): 474554202f696e6465782e68746d6c2020202020202020202020202020202020202020202020202020202020202020202020 ...
[2016-10-29 22:08:44,819] [INFO] [base._test_info] -> Current test: 224
[2016-10-29 22:08:44,820] [INFO] [server.transmit] -> request(29): 474554202f696e6465782e68746d6c20fe485454502f312e300d0a0d0a
[2016-10-29 22:08:44,827] [INFO] [base._test_info] -> Current test: 227
[2016-10-29 22:08:44,828] [INFO] [server.transmit] -> request(29): 474554202f696e6465782e68746d6c2000485454502f312e300d0a0d0a
[2016-10-29 22:08:44,830] [INFO] [base._test_info] -> Current test: 228
[2016-10-29 22:08:44,831] [INFO] [server.transmit] -> request(31): 474554202f696e6465782e68746d6c20202020485454502f312e300d0a0d0a
[2016-10-29 22:08:44,833] [INFO] [base._test_info] -> Current test: 229
[2016-10-29 22:08:44,833] [INFO] [server.transmit] -> request(31): 474554202f696e6465782e68746d6c09090909485454502f312e300d0a0d0a
[2016-10-29 22:08:44,836] [INFO] [base._test_info] -> Current test: 230
[2016-10-29 22:08:44,836] [INFO] [server.transmit] -> request(31): 474554202f696e6465782e68746d6c21212121485454502f312e300d0a0d0a
[2016-10-29 22:08:44,839] [INFO] [base._test_info] -> Current test: 231
[2016-10-29 22:08:44,839] [INFO] [server.transmit] -> request(31): 474554202f696e6465782e68746d6c40404040485454502f312e300d0a0d0a
[2016-10-29 22:08:44,848] [INFO] [base._test_info] -> Current test: 232
[2016-10-29 22:08:44,850] [INFO] [server.transmit] -> request(31): 474554202f696e6465782e68746d6c23232323485454502f312e300d0a0d0a
[2016-10-29 22:08:44,857] [INFO] [base._test_info] -> Current test: 233
[2016-10-29 22:08:44,858] [INFO] [server.transmit] -> request(31): 474554202f696e6465782e68746d6c24242424485454502f312e300d0a0d0a
[2016-10-29 22:08:44,861] [INFO] [base._test_info] -> Current test: 234
[2016-10-29 22:08:44,861] [INFO] [server.transmit] -> request(31): 474554202f696e6465782e68746d6c25252525485454502f312e300d0a0d0a
[2016-10-29 22:08:44,864] [INFO] [base._test_info] -> Current test: 235
[2016-10-29 22:08:44,864] [INFO] [server.transmit] -> request(31): 474554202f696e6465782e68746d6c5e5e5e5e485454502f312e300d0a0d0a
[2016-10-29 22:08:44,867] [INFO] [base._test_info] -> Current test: 236
[2016-10-29 22:08:44,867] [INFO] [server.transmit] -> request(31): 474554202f696e6465782e68746d6c26262626485454502f312e300d0a0d0a
[2016-10-29 22:08:44,870] [INFO] [base._test_info] -> Current test: 237
[2016-10-29 22:08:44,870] [INFO] [server.transmit] -> request(31): 474554202f696e6465782e68746d6c2a2a2a2a485454502f312e300d0a0d0a
[2016-10-29 22:08:44,877] [INFO] [base._test_info] -> Current test: 238
[2016-10-29 22:08:44,878] [INFO] [server.transmit] -> request(31): 474554202f696e6465782e68746d6c28282828485454502f312e300d0a0d0a
[2016-10-29 22:08:44,885] [INFO] [base._test_info] -> Current test: 239
[2016-10-29 22:08:44,885] [INFO] [server.transmit] -> request(31): 474554202f696e6465782e68746d6c29292929485454502f312e300d0a0d0a
[2016-10-29 22:08:44,888] [INFO] [base._test_info] -> Current test: 240
[2016-10-29 22:08:44,889] [INFO] [server.transmit] -> request(31): 474554202f696e6465782e68746d6c2d2d2d2d485454502f312e300d0a0d0a
[2016-10-29 22:08:44,891] [INFO] [base._test_info] -> Current test: 241
[2016-10-29 22:08:44,892] [INFO] [server.transmit] -> request(31): 474554202f696e6465782e68746d6c5f5f5f5f485454502f312e300d0a0d0a
[2016-10-29 22:08:44,894] [INFO] [base._test_info] -> Current test: 242
[2016-10-29 22:08:44,895] [INFO] [server.transmit] -> request(31): 474554202f696e6465782e68746d6c2b2b2b2b485454502f312e300d0a0d0a
[2016-10-29 22:08:44,898] [INFO] [base._test_info] -> Current test: 243
[2016-10-29 22:08:44,898] [INFO] [server.transmit] -> request(31): 474554202f696e6465782e68746d6c3d3d3d3d485454502f312e300d0a0d0a
[2016-10-29 22:08:44,911] [INFO] [base._test_info] -> Current test: 244
[2016-10-29 22:08:44,911] [INFO] [server.transmit] -> request(31): 474554202f696e6465782e68746d6c3a3a3a3a485454502f312e300d0a0d0a
[2016-10-29 22:08:44,920] [INFO] [base._test_info] -> Current test: 245
[2016-10-29 22:08:44,921] [INFO] [server.transmit] -> request(31): 474554202f696e6465782e68746d6c3b3b3b3b485454502f312e300d0a0d0a
[2016-10-29 22:08:44,925] [INFO] [base._test_info] -> Current test: 246
[2016-10-29 22:08:44,925] [INFO] [server.transmit] -> request(31): 474554202f696e6465782e68746d6c27272727485454502f312e300d0a0d0a
[2016-10-29 22:08:44,928] [INFO] [base._test_info] -> Current test: 247
[2016-10-29 22:08:44,928] [INFO] [server.transmit] -> request(31): 474554202f696e6465782e68746d6c22222222485454502f312e300d0a0d0a
[2016-10-29 22:08:44,930] [INFO] [base._test_info] -> Current test: 248
[2016-10-29 22:08:44,931] [INFO] [server.transmit] -> request(31): 474554202f696e6465782e68746d6c2f2f2f2f485454502f312e300d0a0d0a
[2016-10-29 22:08:44,933] [INFO] [base._test_info] -> Current test: 249
[2016-10-29 22:08:44,933] [INFO] [server.transmit] -> request(31): 474554202f696e6465782e68746d6c5c5c5c5c485454502f312e300d0a0d0a
[2016-10-29 22:08:44,943] [INFO] [base._test_info] -> Current test: 250
[2016-10-29 22:08:44,943] [INFO] [server.transmit] -> request(31): 474554202f696e6465782e68746d6c3f3f3f3f485454502f312e300d0a0d0a
[2016-10-29 22:08:44,949] [INFO] [base._test_info] -> Current test: 251
[2016-10-29 22:08:44,950] [INFO] [server.transmit] -> request(31): 474554202f696e6465782e68746d6c3c3c3c3c485454502f312e300d0a0d0a
[2016-10-29 22:08:44,953] [INFO] [base._test_info] -> Current test: 252
[2016-10-29 22:08:44,953] [INFO] [server.transmit] -> request(31): 474554202f696e6465782e68746d6c3e3e3e3e485454502f312e300d0a0d0a
[2016-10-29 22:08:44,956] [INFO] [base._test_info] -> Current test: 253
[2016-10-29 22:08:44,956] [INFO] [server.transmit] -> request(31): 474554202f696e6465782e68746d6c2e2e2e2e485454502f312e300d0a0d0a
[2016-10-29 22:08:44,958] [INFO] [base._test_info] -> Current test: 254
[2016-10-29 22:08:44,959] [INFO] [server.transmit] -> request(31): 474554202f696e6465782e68746d6c2c2c2c2c485454502f312e300d0a0d0a
[2016-10-29 22:08:44,961] [INFO] [base._test_info] -> Current test: 255
[2016-10-29 22:08:44,962] [INFO] [server.transmit] -> request(31): 474554202f696e6465782e68746d6c0d0d0d0d485454502f312e300d0a0d0a
[2016-10-29 22:08:44,964] [INFO] [base._test_info] -> Current test: 256
[2016-10-29 22:08:44,971] [INFO] [server.transmit] -> request(31): 474554202f696e6465782e68746d6c0a0a0a0a485454502f312e300d0a0d0a
[2016-10-29 22:08:44,978] [INFO] [base._test_info] -> Current test: 257
[2016-10-29 22:08:44,979] [INFO] [server.transmit] -> request(43): 474554202f696e6465782e68746d6c0d0a0d0a0d0a0d0a0d0a0d0a0d0a0d0a485454502f312e300d0a0d0a
[2016-10-29 22:08:44,982] [INFO] [base._test_info] -> Current test: 258
[2016-10-29 22:08:44,983] [INFO] [server.transmit] -> request(51): 474554202f696e6465782e68746d6c090d0a090d0a090d0a090d0a090d0a090d0a090d0a090d0a485454502f312e300d0a0d ...
[2016-10-29 22:08:44,988] [INFO] [base._test_info] -> Current test: 259
[2016-10-29 22:08:44,989] [INFO] [server.transmit] -> request(27): 474554202f696e6465782e68746d6c485454502f312e300d0a0d0a
[2016-10-29 22:08:44,991] [INFO] [base._test_info] -> Current test: 260
[2016-10-29 22:08:44,992] [INFO] [server.transmit] -> request(36): 474554202f696e6465782e68746d6c20485454502f312e30485454502f312e300d0a0d0a
[2016-10-29 22:08:44,994] [INFO] [base._test_info] -> Current test: 261
[2016-10-29 22:08:45,001] [INFO] [server.transmit] -> request(100): 474554202f696e6465782e68746d6c20485454502f312e30485454502f312e30485454502f312e30485454502f312e304854 ...
[2016-10-29 22:08:45,008] [INFO] [base._test_info] -> Current test: 262
[2016-10-29 22:08:45,009] [INFO] [server.transmit] -> request(820): 474554202f696e6465782e68746d6c20485454502f312e30485454502f312e30485454502f312e30485454502f312e304854 ...
[2016-10-29 22:08:45,012] [INFO] [base._test_info] -> Current test: 263
[2016-10-29 22:08:45,012] [INFO] [server.transmit] -> request(29): 474554202f696e6465782e68746d6c20485454502f312e30fe0d0a0d0a
[2016-10-29 22:08:45,015] [INFO] [base._test_info] -> Current test: 265
[2016-10-29 22:08:45,015] [INFO] [server.transmit] -> request(29): 474554202f696e6465782e68746d6c2048545450002f312e300d0a0d0a
[2016-10-29 22:08:45,017] [INFO] [base._test_info] -> Current test: 266
[2016-10-29 22:08:45,018] [INFO] [server.transmit] -> request(29): 474554202f696e6465782e68746d6c20485454502f312e30000d0a0d0a
[2016-10-29 22:08:45,020] [INFO] [base._test_info] -> Current test: 267
[2016-10-29 22:08:45,020] [INFO] [server.transmit] -> request(20): 474554202f696e6465782e68746d6c200d0a0d0a
[2016-10-29 22:08:45,024] [INFO] [base._test_info] -> Current test: 268
[2016-10-29 22:08:45,033] [INFO] [server.transmit] -> request(2068): 474554202f696e6465782e68746d6c2025732573257325732573257325732573257325732573257325732573257325732573 ...
[2016-10-29 22:08:45,041] [INFO] [base._test_info] -> Current test: 269
[2016-10-29 22:08:45,042] [INFO] [server.transmit] -> request(276): 474554202f696e6465782e68746d6c2025732573257325732573257325732573257325732573257325732573257325732573 ...
[2016-10-29 22:08:45,044] [INFO] [base._test_info] -> Current test: 270
[2016-10-29 22:08:45,045] [INFO] [server.transmit] -> request(52): 474554202f696e6465782e68746d6c2025732573257325732573257325732573257325732573257325732573257325730d0a ...
[2016-10-29 22:08:45,048] [INFO] [base._test_info] -> Current test: 271
[2016-10-29 22:08:45,048] [INFO] [server.transmit] -> request(24): 474554202f696e6465782e68746d6c20257325730d0a0d0a
[2016-10-29 22:08:45,052] [INFO] [base._test_info] -> Current test: 272
[2016-10-29 22:08:45,052] [INFO] [server.transmit] -> request(3092): 474554202f696e6465782e68746d6c2025257325257325257325257325257325257325257325257325257325257325257325 ...
[2016-10-29 22:08:45,067] [INFO] [base._test_info] -> Current test: 273
[2016-10-29 22:08:45,068] [INFO] [server.transmit] -> request(404): 474554202f696e6465782e68746d6c2025257325257325257325257325257325257325257325257325257325257325257325 ...
[2016-10-29 22:08:45,070] [INFO] [base._test_info] -> Current test: 274
[2016-10-29 22:08:45,071] [INFO] [server.transmit] -> request(68): 474554202f696e6465782e68746d6c2025257325257325257325257325257325257325257325257325257325257325257325 ...
[2016-10-29 22:08:45,077] [INFO] [base._test_info] -> Current test: 275
[2016-10-29 22:08:45,078] [INFO] [server.transmit] -> request(26): 474554202f696e6465782e68746d6c202525732525730d0a0d0a
[2016-10-29 22:08:45,081] [INFO] [base._test_info] -> Current test: 276
[2016-10-29 22:08:45,081] [INFO] [server.transmit] -> request(4116): 474554202f696e6465782e68746d6c2022257322222573222225732222257322222573222225732222257322222573222225 ...
[2016-10-29 22:08:45,083] [INFO] [base._test_info] -> Current test: 277
[2016-10-29 22:08:45,083] [INFO] [server.transmit] -> request(532): 474554202f696e6465782e68746d6c2022257322222573222225732222257322222573222225732222257322222573222225 ...
[2016-10-29 22:08:45,085] [INFO] [base._test_info] -> Current test: 278
[2016-10-29 22:08:45,086] [INFO] [server.transmit] -> request(84): 474554202f696e6465782e68746d6c2022257322222573222225732222257322222573222225732222257322222573222225 ...
[2016-10-29 22:08:45,097] [INFO] [base._test_info] -> Current test: 279
[2016-10-29 22:08:45,097] [INFO] [server.transmit] -> request(28): 474554202f696e6465782e68746d6c2022257322222573220d0a0d0a
[2016-10-29 22:08:45,103] [INFO] [base._test_info] -> Current test: 280
[2016-10-29 22:08:45,104] [INFO] [server.transmit] -> request(2068): 474554202f696e6465782e68746d6c20256e256e256e256e256e256e256e256e256e256e256e256e256e256e256e256e256e ...
[2016-10-29 22:08:45,108] [INFO] [base._test_info] -> Current test: 281
[2016-10-29 22:08:45,109] [INFO] [server.transmit] -> request(276): 474554202f696e6465782e68746d6c20256e256e256e256e256e256e256e256e256e256e256e256e256e256e256e256e256e ...
[2016-10-29 22:08:45,111] [INFO] [base._test_info] -> Current test: 282
[2016-10-29 22:08:45,112] [INFO] [server.transmit] -> request(52): 474554202f696e6465782e68746d6c20256e256e256e256e256e256e256e256e256e256e256e256e256e256e256e256e0d0a ...
[2016-10-29 22:08:45,115] [INFO] [base._test_info] -> Current test: 283
[2016-10-29 22:08:45,115] [INFO] [server.transmit] -> request(24): 474554202f696e6465782e68746d6c20256e256e0d0a0d0a
[2016-10-29 22:08:45,125] [INFO] [base._test_info] -> Current test: 284
[2016-10-29 22:08:45,126] [INFO] [server.transmit] -> request(3092): 474554202f696e6465782e68746d6c2025256e25256e25256e25256e25256e25256e25256e25256e25256e25256e25256e25 ...
[2016-10-29 22:08:45,133] [INFO] [base._test_info] -> Current test: 285
[2016-10-29 22:08:45,133] [INFO] [server.transmit] -> request(404): 474554202f696e6465782e68746d6c2025256e25256e25256e25256e25256e25256e25256e25256e25256e25256e25256e25 ...
[2016-10-29 22:08:45,136] [INFO] [base._test_info] -> Current test: 286
[2016-10-29 22:08:45,137] [INFO] [server.transmit] -> request(68): 474554202f696e6465782e68746d6c2025256e25256e25256e25256e25256e25256e25256e25256e25256e25256e25256e25 ...
[2016-10-29 22:08:45,139] [INFO] [base._test_info] -> Current test: 287
[2016-10-29 22:08:45,139] [INFO] [server.transmit] -> request(26): 474554202f696e6465782e68746d6c2025256e25256e0d0a0d0a
[2016-10-29 22:08:45,142] [INFO] [base._test_info] -> Current test: 288
[2016-10-29 22:08:45,143] [INFO] [server.transmit] -> request(4116): 474554202f696e6465782e68746d6c2022256e2222256e2222256e2222256e2222256e2222256e2222256e2222256e222225 ...
[2016-10-29 22:08:45,145] [INFO] [base._test_info] -> Current test: 289
[2016-10-29 22:08:45,146] [INFO] [server.transmit] -> request(532): 474554202f696e6465782e68746d6c2022256e2222256e2222256e2222256e2222256e2222256e2222256e2222256e222225 ...
[2016-10-29 22:08:45,148] [INFO] [base._test_info] -> Current test: 290
[2016-10-29 22:08:45,148] [INFO] [server.transmit] -> request(84): 474554202f696e6465782e68746d6c2022256e2222256e2222256e2222256e2222256e2222256e2222256e2222256e222225 ...
[2016-10-29 22:08:45,160] [INFO] [base._test_info] -> Current test: 291
[2016-10-29 22:08:45,161] [INFO] [server.transmit] -> request(28): 474554202f696e6465782e68746d6c2022256e2222256e220d0a0d0a
[2016-10-29 22:08:45,166] [INFO] [base._test_info] -> Current test: 292
[2016-10-29 22:08:45,167] [INFO] [server.transmit] -> request(34): 474554202f696e6465782e68746d6c20252e31363730357525325c24686e0d0a0d0a
[2016-10-29 22:08:45,176] [INFO] [base._test_info] -> Current test: 293
[2016-10-29 22:08:45,177] [INFO] [server.transmit] -> request(2068): 474554202f696e6465782e68746d6c200d0a0d0a0d0a0d0a0d0a0d0a0d0a0d0a0d0a0d0a0d0a0d0a0d0a0d0a0d0a0d0a0d0a ...
[2016-10-29 22:08:45,202] [INFO] [base._test_info] -> Current test: 294
[2016-10-29 22:08:45,203] [INFO] [server.transmit] -> request(276): 474554202f696e6465782e68746d6c200d0a0d0a0d0a0d0a0d0a0d0a0d0a0d0a0d0a0d0a0d0a0d0a0d0a0d0a0d0a0d0a0d0a ...
[2016-10-29 22:08:45,217] [INFO] [base._test_info] -> Current test: 295
[2016-10-29 22:08:45,218] [INFO] [server.transmit] -> request(52): 474554202f696e6465782e68746d6c200d0a0d0a0d0a0d0a0d0a0d0a0d0a0d0a0d0a0d0a0d0a0d0a0d0a0d0a0d0a0d0a0d0a ...
[2016-10-29 22:08:45,224] [INFO] [base._test_info] -> Current test: 296
[2016-10-29 22:08:45,224] [INFO] [server.transmit] -> request(24): 474554202f696e6465782e68746d6c200d0a0d0a0d0a0d0a
[2016-10-29 22:08:45,228] [INFO] [base._test_info] -> Current test: 297
[2016-10-29 22:08:45,229] [INFO] [server.transmit] -> request(1044): 474554202f696e6465782e68746d6c200a0a0a0a0a0a0a0a0a0a0a0a0a0a0a0a0a0a0a0a0a0a0a0a0a0a0a0a0a0a0a0a0a0a ...
[2016-10-29 22:08:45,246] [INFO] [base._test_info] -> Current test: 298
[2016-10-29 22:08:45,247] [INFO] [server.transmit] -> request(148): 474554202f696e6465782e68746d6c200a0a0a0a0a0a0a0a0a0a0a0a0a0a0a0a0a0a0a0a0a0a0a0a0a0a0a0a0a0a0a0a0a0a ...
[2016-10-29 22:08:45,253] [INFO] [base._test_info] -> Current test: 299
[2016-10-29 22:08:45,254] [INFO] [server.transmit] -> request(36): 474554202f696e6465782e68746d6c200a0a0a0a0a0a0a0a0a0a0a0a0a0a0a0a0d0a0d0a
[2016-10-29 22:08:45,257] [INFO] [base._test_info] -> Current test: 300
[2016-10-29 22:08:45,258] [INFO] [server.transmit] -> request(22): 474554202f696e6465782e68746d6c200a0a0d0a0d0a
[2016-10-29 22:08:45,262] [INFO] [base._test_info] -> Current test: 301
[2016-10-29 22:08:45,262] [INFO] [server.transmit] -> request(4116): 474554202f696e6465782e68746d6c20deadbeefdeadbeefdeadbeefdeadbeefdeadbeefdeadbeefdeadbeefdeadbeefdead ...
[2016-10-29 22:08:45,265] [INFO] [base._test_info] -> Current test: 302
[2016-10-29 22:08:45,265] [INFO] [server.transmit] -> request(532): 474554202f696e6465782e68746d6c20deadbeefdeadbeefdeadbeefdeadbeefdeadbeefdeadbeefdeadbeefdeadbeefdead ...
[2016-10-29 22:08:45,267] [INFO] [base._test_info] -> Current test: 303
[2016-10-29 22:08:45,268] [INFO] [server.transmit] -> request(84): 474554202f696e6465782e68746d6c20deadbeefdeadbeefdeadbeefdeadbeefdeadbeefdeadbeefdeadbeefdeadbeefdead ...
[2016-10-29 22:08:45,269] [INFO] [base._test_info] -> Current test: 304
[2016-10-29 22:08:45,270] [INFO] [server.transmit] -> request(28): 474554202f696e6465782e68746d6c20deadbeefdeadbeef0d0a0d0a
[2016-10-29 22:08:45,272] [INFO] [base._test_info] -> Current test: 305
[2016-10-29 22:08:45,272] [INFO] [server.transmit] -> request(37): 474554202f696e6465782e68746d6c207c746f756368202f746d702f4b495454590d0a0d0a
[2016-10-29 22:08:45,286] [INFO] [base._test_info] -> Current test: 306
[2016-10-29 22:08:45,288] [INFO] [server.transmit] -> request(38): 474554202f696e6465782e68746d6c203b746f756368202f746d702f4b495454593b0d0a0d0a
[2016-10-29 22:08:45,293] [INFO] [base._test_info] -> Current test: 307
[2016-10-29 22:08:45,293] [INFO] [server.transmit] -> request(34): 474554202f696e6465782e68746d6c203b6c733e2f746d702f4b495454590d0a0d0a
[2016-10-29 22:08:45,296] [INFO] [base._test_info] -> Current test: 308
[2016-10-29 22:08:45,296] [INFO] [server.transmit] -> request(49): 474554202f696e6465782e68746d6c20223b6c733e2f746d702f4b495454593b6c733e2f6465762f6e756c6c220d0a0d0a
[2016-10-29 22:08:45,298] [INFO] [base._test_info] -> Current test: 309
[2016-10-29 22:08:45,299] [INFO] [server.transmit] -> request(50): 474554202f696e6465782e68746d6c20273b6c733e2f746d702f4b495454593b6c733e272f6465762f6e756c6c270d0a0d0a ...
[2016-10-29 22:08:45,301] [INFO] [base._test_info] -> Current test: 310
[2016-10-29 22:08:45,301] [INFO] [server.transmit] -> request(35): 474554202f696e6465782e68746d6c20606c733e2f746d702f4b49545459600d0a0d0a
[2016-10-29 22:08:45,312] [INFO] [base._test_info] -> Current test: 311
[2016-10-29 22:08:45,313] [INFO] [server.transmit] -> request(36): 474554202f696e6465782e68746d6c2020606c733e2f746d702f4b49545459600d0a0d0a
[2016-10-29 22:08:45,320] [INFO] [base._test_info] -> Current test: 312
[2016-10-29 22:08:45,322] [INFO] [server.transmit] -> request(28): 474554202f696e6465782e68746d6c207c6e6f74657061640d0a0d0a
[2016-10-29 22:08:45,325] [INFO] [base._test_info] -> Current test: 313
[2016-10-29 22:08:45,326] [INFO] [server.transmit] -> request(29): 474554202f696e6465782e68746d6c203b6e6f74657061643b0d0a0d0a
[2016-10-29 22:08:45,329] [INFO] [base._test_info] -> Current test: 314
[2016-10-29 22:08:45,330] [INFO] [server.transmit] -> request(29): 474554202f696e6465782e68746d6c200a6e6f74657061640a0d0a0d0a
[2016-10-29 22:08:45,341] [INFO] [base._test_info] -> Current test: 315
[2016-10-29 22:08:45,342] [INFO] [server.transmit] -> request(31): 474554202f696e6465782e68746d6c2027206f7220313d31202d2d0d0a0d0a
[2016-10-29 22:08:45,349] [INFO] [base._test_info] -> Current test: 316
[2016-10-29 22:08:45,349] [INFO] [server.transmit] -> request(37): 474554202f696e6465782e68746d6c20273b20646573632075736572733b202d2d0d0a0d0a
[2016-10-29 22:08:45,352] [INFO] [base._test_info] -> Current test: 317
[2016-10-29 22:08:45,352] [INFO] [server.transmit] -> request(61): 474554202f696e6465782e68746d6c2027206f7220757365726e616d65206973206e6f74204e554c4c206f7220757365726e ...
[2016-10-29 22:08:45,355] [INFO] [base._test_info] -> Current test: 318
[2016-10-29 22:08:45,355] [INFO] [server.transmit] -> request(92): 474554202f696e6465782e68746d6c203120756e696f6e20616c6c2073656c65637420312c322c332c342c352c362c6e616d ...
[2016-10-29 22:08:45,357] [INFO] [base._test_info] -> Current test: 319
[2016-10-29 22:08:45,358] [INFO] [server.transmit] -> request(31): 474554202f696e6465782e68746d6c2060206f72206031603d60310d0a0d0a
[2016-10-29 22:08:45,360] [INFO] [base._test_info] -> Current test: 320
[2016-10-29 22:08:45,360] [INFO] [server.transmit] -> request(31): 474554202f696e6465782e68746d6c2027206f72202731273d27310d0a0d0a
[2016-10-29 22:08:45,363] [INFO] [base._test_info] -> Current test: 321
[2016-10-29 22:08:45,364] [INFO] [server.transmit] -> request(22): 474554202f696e6465782e68746d6c2041410d0a0d0a
[2016-10-29 22:08:45,377] [INFO] [base._test_info] -> Current test: 322
[2016-10-29 22:08:45,378] [INFO] [server.transmit] -> request(30): 474554202f696e6465782e68746d6c20414141414141414141410d0a0d0a
[2016-10-29 22:08:45,382] [INFO] [base._test_info] -> Current test: 323
[2016-10-29 22:08:45,382] [INFO] [server.transmit] -> request(120): 474554202f696e6465782e68746d6c2041414141414141414141414141414141414141414141414141414141414141414141 ...
[2016-10-29 22:08:45,384] [INFO] [base._test_info] -> Current test: 324
[2016-10-29 22:08:45,385] [INFO] [server.transmit] -> request(1020): 474554202f696e6465782e68746d6c2041414141414141414141414141414141414141414141414141414141414141414141 ...
[2016-10-29 22:08:45,388] [INFO] [base._test_info] -> Current test: 325
[2016-10-29 22:08:45,388] [INFO] [server.transmit] -> request(5020): 474554202f696e6465782e68746d6c2041414141414141414141414141414141414141414141414141414141414141414141 ...
[2016-10-29 22:08:45,391] [INFO] [base._test_info] -> Current test: 326
[2016-10-29 22:08:45,392] [INFO] [server.transmit] -> request(10020): 474554202f696e6465782e68746d6c2041414141414141414141414141414141414141414141414141414141414141414141 ...
[2016-10-29 22:08:45,394] [INFO] [base._test_info] -> Current test: 327
[2016-10-29 22:08:45,394] [INFO] [server.transmit] -> request(31): 474554202f696e6465782e68746d6c202f6574632f7061737377640d0a0d0a
[2016-10-29 22:08:45,407] [INFO] [base._test_info] -> Current test: 328
[2016-10-29 22:08:45,407] [INFO] [server.transmit] -> request(74): 474554202f696e6465782e68746d6c202e2f2e2e2f2e2e2f2e2e2f2e2e2f2e2e2f2e2e2f2e2e2f2e2e2f2e2e2f2e2e2f2e2e ...
[2016-10-29 22:08:45,410] [INFO] [base._test_info] -> Current test: 329
[2016-10-29 22:08:45,414] [INFO] [server.transmit] -> request(72): 474554202f696e6465782e68746d6c202e2e2f2e2e2f2e2e2f2e2e2f2e2e2f2e2e2f2e2e2f2e2e2f2e2e2f2e2e2f2e2e2f2e ...
[2016-10-29 22:08:45,417] [INFO] [base._test_info] -> Current test: 330
[2016-10-29 22:08:45,418] [INFO] [server.transmit] -> request(33): 474554202f696e6465782e68746d6c202f70726f632f637075696e666f0d0a0d0a
[2016-10-29 22:08:45,420] [INFO] [base._test_info] -> Current test: 331
[2016-10-29 22:08:45,420] [INFO] [server.transmit] -> request(76): 474554202f696e6465782e68746d6c202e2f2e2e2f2e2e2f2e2e2f2e2e2f2e2e2f2e2e2f2e2e2f2e2e2f2e2e2f2e2e2f2e2e ...
[2016-10-29 22:08:45,422] [INFO] [base._test_info] -> Current test: 332
[2016-10-29 22:08:45,422] [INFO] [server.transmit] -> request(74): 474554202f696e6465782e68746d6c202e2e2f2e2e2f2e2e2f2e2e2f2e2e2f2e2e2f2e2e2f2e2e2f2e2e2f2e2e2f2e2e2f2e ...
[2016-10-29 22:08:45,424] [INFO] [base._test_info] -> Current test: 333
[2016-10-29 22:08:45,425] [INFO] [server.transmit] -> request(30): 474554202f696e6465782e68746d6c207e2f2e70726f66696c650d0a0d0a
[2016-10-29 22:08:45,436] [INFO] [base._test_info] -> Current test: 334
[2016-10-29 22:08:45,437] [INFO] [server.transmit] -> request(34): 474554202f696e6465782e68746d6c2024484f4d452f2e70726f66696c650d0a0d0a
[2016-10-29 22:08:45,442] [INFO] [base._test_info] -> Current test: 335
[2016-10-29 22:08:45,443] [INFO] [server.transmit] -> request(65): 474554202f696e6465782e68746d6c202f2e2e2f2e2e2f2e2e2f2e2e2f2e2e2f2e2e2f2e2e2f2e2e2f2e2e2f2e2e2f2e2e2f ...
[2016-10-29 22:08:45,447] [INFO] [base._test_info] -> Current test: 336
[2016-10-29 22:08:45,448] [INFO] [server.transmit] -> request(1044): 474554202f696e6465782e68746d6c202f5c2f5c2f5c2f5c2f5c2f5c2f5c2f5c2f5c2f5c2f5c2f5c2f5c2f5c2f5c2f5c2f5c ...
[2016-10-29 22:08:45,450] [INFO] [base._test_info] -> Current test: 337
[2016-10-29 22:08:45,451] [INFO] [server.transmit] -> request(148): 474554202f696e6465782e68746d6c202f5c2f5c2f5c2f5c2f5c2f5c2f5c2f5c2f5c2f5c2f5c2f5c2f5c2f5c2f5c2f5c2f5c ...
[2016-10-29 22:08:45,454] [INFO] [base._test_info] -> Current test: 338
[2016-10-29 22:08:45,454] [INFO] [server.transmit] -> request(36): 474554202f696e6465782e68746d6c202f5c2f5c2f5c2f5c2f5c2f5c2f5c2f5c0d0a0d0a
[2016-10-29 22:08:45,467] [INFO] [base._test_info] -> Current test: 339
[2016-10-29 22:08:45,467] [INFO] [server.transmit] -> request(1044): 474554202f696e6465782e68746d6c202f2e2f2e2f2e2f2e2f2e2f2e2f2e2f2e2f2e2f2e2f2e2f2e2f2e2f2e2f2e2f2e2f2e ...
[2016-10-29 22:08:45,476] [INFO] [base._test_info] -> Current test: 340
[2016-10-29 22:08:45,478] [INFO] [server.transmit] -> request(148): 474554202f696e6465782e68746d6c202f2e2f2e2f2e2f2e2f2e2f2e2f2e2f2e2f2e2f2e2f2e2f2e2f2e2f2e2f2e2f2e2f2e ...
[2016-10-29 22:08:45,481] [INFO] [base._test_info] -> Current test: 341
[2016-10-29 22:08:45,481] [INFO] [server.transmit] -> request(36): 474554202f696e6465782e68746d6c202f2e2f2e2f2e2f2e2f2e2f2e2f2e2f2e0d0a0d0a
[2016-10-29 22:08:45,484] [INFO] [base._test_info] -> Current test: 342
[2016-10-29 22:08:45,484] [INFO] [server.transmit] -> request(49): 474554202f696e6465782e68746d6c202140232425255e2324252324402324252424402324255e5e2a2a2828290d0a0d0a
[2016-10-29 22:08:45,486] [INFO] [base._test_info] -> Current test: 343
[2016-10-29 22:08:45,494] [INFO] [server.transmit] -> request(45): 474554202f696e6465782e68746d6c20253031253032253033253034253061253064253061414453460d0a0d0a
[2016-10-29 22:08:45,500] [INFO] [base._test_info] -> Current test: 344
[2016-10-29 22:08:45,501] [INFO] [server.transmit] -> request(46): 474554202f696e6465782e68746d6c2025303125303225303340253034253061253064253061414453460d0a0d0a
[2016-10-29 22:08:45,505] [INFO] [base._test_info] -> Current test: 345
[2016-10-29 22:08:45,505] [INFO] [server.transmit] -> request(25): 474554202f696e6465782e68746d6c202f2530302f0d0a0d0a
[2016-10-29 22:08:45,507] [INFO] [base._test_info] -> Current test: 346
[2016-10-29 22:08:45,508] [INFO] [server.transmit] -> request(24): 474554202f696e6465782e68746d6c202530302f0d0a0d0a
[2016-10-29 22:08:45,510] [INFO] [base._test_info] -> Current test: 347
[2016-10-29 22:08:45,510] [INFO] [server.transmit] -> request(23): 474554202f696e6465782e68746d6c202530300d0a0d0a
[2016-10-29 22:08:45,513] [INFO] [base._test_info] -> Current test: 348
[2016-10-29 22:08:45,513] [INFO] [server.transmit] -> request(26): 474554202f696e6465782e68746d6c202575303030300d0a0d0a
[2016-10-29 22:08:45,515] [INFO] [base._test_info] -> Current test: 349
[2016-10-29 22:08:45,516] [INFO] [server.transmit] -> request(212): 474554202f696e6465782e68746d6c2025fef02501ff25fef02501ff25fef02501ff25fef02501ff25fef02501ff25fef025 ...
[2016-10-29 22:08:45,527] [INFO] [base._test_info] -> Current test: 350
[2016-10-29 22:08:45,527] [INFO] [server.transmit] -> request(44): 474554202f696e6465782e68746d6c2025fef02501ff25fef02501ff25fef02501ff25fef02501ff0d0a0d0a
[2016-10-29 22:08:45,535] [INFO] [base._test_info] -> Current test: 351
[2016-10-29 22:08:45,536] [INFO] [server.transmit] -> request(32): 474554202f696e6465782e68746d6c20485454502f312e300d0a0d0a0d0a0d0a
[2016-10-29 22:08:45,539] [INFO] [base._test_info] -> Current test: 352
[2016-10-29 22:08:45,539] [INFO] [server.transmit] -> request(64): 474554202f696e6465782e68746d6c20485454502f312e300d0a0d0a0d0a0d0a0d0a0d0a0d0a0d0a0d0a0d0a0d0a0d0a0d0a ...
[2016-10-29 22:08:45,543] [INFO] [base._test_info] -> Current test: 353
[2016-10-29 22:08:45,544] [INFO] [server.transmit] -> request(424): 474554202f696e6465782e68746d6c20485454502f312e300d0a0d0a0d0a0d0a0d0a0d0a0d0a0d0a0d0a0d0a0d0a0d0a0d0a ...
[2016-10-29 22:08:45,555] [INFO] [base._test_info] -> Current test: 354
[2016-10-29 22:08:45,556] [INFO] [server.transmit] -> request(29): 474554202f696e6465782e68746d6c20485454502f312e300d0a0d0afe
[2016-10-29 22:08:45,564] [INFO] [base._test_info] -> Current test: 356
[2016-10-29 22:08:45,565] [INFO] [server.transmit] -> request(29): 474554202f696e6465782e68746d6c20485454502f312e300d0a000d0a
[2016-10-29 22:08:45,569] [INFO] [base._test_info] -> Current test: 357
[2016-10-29 22:08:45,569] [INFO] [server.transmit] -> request(29): 474554202f696e6465782e68746d6c20485454502f312e300d0a0d0a00
[2016-10-29 22:08:45,572] [INFO] [base._test_info] -> Current test: 358
[2016-10-29 22:08:45,572] [INFO] [server.transmit] -> request(28): 474554202f696e6465782e68746d6c20485454502f312e3020202020
[2016-10-29 22:08:45,574] [INFO] [base._test_info] -> Current test: 359
[2016-10-29 22:08:45,575] [INFO] [server.transmit] -> request(28): 474554202f696e6465782e68746d6c20485454502f312e3009090909
[2016-10-29 22:08:45,577] [INFO] [base._test_info] -> Current test: 360
[2016-10-29 22:08:45,578] [INFO] [server.transmit] -> request(28): 474554202f696e6465782e68746d6c20485454502f312e3021212121
[2016-10-29 22:08:45,590] [INFO] [base._test_info] -> Current test: 361
[2016-10-29 22:08:45,591] [INFO] [server.transmit] -> request(28): 474554202f696e6465782e68746d6c20485454502f312e3040404040
[2016-10-29 22:08:45,595] [INFO] [base._test_info] -> Current test: 362
[2016-10-29 22:08:45,596] [INFO] [server.transmit] -> request(28): 474554202f696e6465782e68746d6c20485454502f312e3023232323
[2016-10-29 22:08:45,599] [INFO] [base._test_info] -> Current test: 363
[2016-10-29 22:08:45,599] [INFO] [server.transmit] -> request(28): 474554202f696e6465782e68746d6c20485454502f312e3024242424
[2016-10-29 22:08:45,602] [INFO] [base._test_info] -> Current test: 364
[2016-10-29 22:08:45,602] [INFO] [server.transmit] -> request(28): 474554202f696e6465782e68746d6c20485454502f312e3025252525
[2016-10-29 22:08:45,606] [INFO] [base._test_info] -> Current test: 365
[2016-10-29 22:08:45,618] [INFO] [server.transmit] -> request(28): 474554202f696e6465782e68746d6c20485454502f312e305e5e5e5e
[2016-10-29 22:08:45,620] [INFO] [base._test_info] -> Current test: 366
[2016-10-29 22:08:45,620] [INFO] [server.transmit] -> request(28): 474554202f696e6465782e68746d6c20485454502f312e3026262626
[2016-10-29 22:08:45,627] [INFO] [base._test_info] -> Current test: 367
[2016-10-29 22:08:45,629] [INFO] [server.transmit] -> request(28): 474554202f696e6465782e68746d6c20485454502f312e302a2a2a2a
[2016-10-29 22:08:45,633] [INFO] [base._test_info] -> Current test: 368
[2016-10-29 22:08:45,634] [INFO] [server.transmit] -> request(28): 474554202f696e6465782e68746d6c20485454502f312e3028282828
[2016-10-29 22:08:45,640] [INFO] [base._test_info] -> Current test: 369
[2016-10-29 22:08:45,641] [INFO] [server.transmit] -> request(28): 474554202f696e6465782e68746d6c20485454502f312e3029292929
[2016-10-29 22:08:45,644] [INFO] [base._test_info] -> Current test: 370
[2016-10-29 22:08:45,644] [INFO] [server.transmit] -> request(28): 474554202f696e6465782e68746d6c20485454502f312e302d2d2d2d
[2016-10-29 22:08:45,646] [INFO] [base._test_info] -> Current test: 371
[2016-10-29 22:08:45,655] [INFO] [server.transmit] -> request(28): 474554202f696e6465782e68746d6c20485454502f312e305f5f5f5f
[2016-10-29 22:08:45,658] [INFO] [base._test_info] -> Current test: 372
[2016-10-29 22:08:45,661] [INFO] [server.transmit] -> request(28): 474554202f696e6465782e68746d6c20485454502f312e302b2b2b2b
[2016-10-29 22:08:45,665] [INFO] [base._test_info] -> Current test: 373
[2016-10-29 22:08:45,666] [INFO] [server.transmit] -> request(28): 474554202f696e6465782e68746d6c20485454502f312e303d3d3d3d
[2016-10-29 22:08:45,668] [INFO] [base._test_info] -> Current test: 374
[2016-10-29 22:08:45,669] [INFO] [server.transmit] -> request(28): 474554202f696e6465782e68746d6c20485454502f312e303a3a3a3a
[2016-10-29 22:08:45,671] [INFO] [base._test_info] -> Current test: 375
[2016-10-29 22:08:45,672] [INFO] [server.transmit] -> request(28): 474554202f696e6465782e68746d6c20485454502f312e303b3b3b3b
[2016-10-29 22:08:45,674] [INFO] [base._test_info] -> Current test: 376
[2016-10-29 22:08:45,674] [INFO] [server.transmit] -> request(28): 474554202f696e6465782e68746d6c20485454502f312e3027272727
[2016-10-29 22:08:45,676] [INFO] [base._test_info] -> Current test: 377
[2016-10-29 22:08:45,684] [INFO] [server.transmit] -> request(28): 474554202f696e6465782e68746d6c20485454502f312e3022222222
[2016-10-29 22:08:45,690] [INFO] [base._test_info] -> Current test: 378
[2016-10-29 22:08:45,691] [INFO] [server.transmit] -> request(28): 474554202f696e6465782e68746d6c20485454502f312e302f2f2f2f
[2016-10-29 22:08:45,695] [INFO] [base._test_info] -> Current test: 379
[2016-10-29 22:08:45,696] [INFO] [server.transmit] -> request(28): 474554202f696e6465782e68746d6c20485454502f312e305c5c5c5c
[2016-10-29 22:08:45,698] [INFO] [base._test_info] -> Current test: 380
[2016-10-29 22:08:45,699] [INFO] [server.transmit] -> request(28): 474554202f696e6465782e68746d6c20485454502f312e303f3f3f3f
[2016-10-29 22:08:45,701] [INFO] [base._test_info] -> Current test: 381
[2016-10-29 22:08:45,701] [INFO] [server.transmit] -> request(28): 474554202f696e6465782e68746d6c20485454502f312e303c3c3c3c
[2016-10-29 22:08:45,704] [INFO] [base._test_info] -> Current test: 382
[2016-10-29 22:08:45,704] [INFO] [server.transmit] -> request(28): 474554202f696e6465782e68746d6c20485454502f312e303e3e3e3e
[2016-10-29 22:08:45,707] [INFO] [base._test_info] -> Current test: 383
[2016-10-29 22:08:45,715] [INFO] [server.transmit] -> request(28): 474554202f696e6465782e68746d6c20485454502f312e302e2e2e2e
[2016-10-29 22:08:45,720] [INFO] [base._test_info] -> Current test: 384
[2016-10-29 22:08:45,721] [INFO] [server.transmit] -> request(28): 474554202f696e6465782e68746d6c20485454502f312e302c2c2c2c
[2016-10-29 22:08:45,726] [INFO] [base._test_info] -> Current test: 385
[2016-10-29 22:08:45,726] [INFO] [server.transmit] -> request(28): 474554202f696e6465782e68746d6c20485454502f312e300d0d0d0d
[2016-10-29 22:08:45,729] [INFO] [base._test_info] -> Current test: 386
[2016-10-29 22:08:45,729] [INFO] [server.transmit] -> request(28): 474554202f696e6465782e68746d6c20485454502f312e300a0a0a0a
[2016-10-29 22:08:45,733] [INFO] [base._test_info] -> Current test: 387
[2016-10-29 22:08:45,734] [INFO] [server.transmit] -> request(40): 474554202f696e6465782e68746d6c20485454502f312e300d0a0d0a0d0a0d0a0d0a0d0a0d0a0d0a
[2016-10-29 22:08:45,749] [INFO] [base._test_info] -> Current test: 388
[2016-10-29 22:08:45,750] [INFO] [server.transmit] -> request(48): 474554202f696e6465782e68746d6c20485454502f312e30090d0a090d0a090d0a090d0a090d0a090d0a090d0a090d0a
[2016-10-29 22:08:45,756] [INFO] [base._test_info] -> Current test: 389
[2016-10-29 22:08:45,758] [INFO] [server.transmit] -> request(24): 474554202f696e6465782e68746d6c20485454502f312e30
[2016-10-29 22:08:45,761] [INFO] [base._test_info] -> Current test: 390
[2016-10-29 22:08:45,761] [INFO] [server.transmit] -> request(28): 474554202f696e6465782e68746d6c20485454502f312e300d0a0d0a
[2016-10-29 22:08:45,762] [INFO] [server.transmit] -> request(63): 474554474554202f696e6465782e68746d6c223c6469763e3c7363726970743e616c6572742831293b3c2f7363726970743e ...
[2016-10-29 22:08:45,765] [INFO] [base._test_info] -> Current test: 391
[2016-10-29 22:08:45,765] [INFO] [server.transmit] -> request(28): 474554202f696e6465782e68746d6c20485454502f312e300d0a0d0a
[2016-10-29 22:08:45,766] [INFO] [server.transmit] -> request(87): 474554474554474554474554474554474554474554474554474554474554202f696e6465782e68746d6c223c6469763e3c73 ...
[2016-10-29 22:08:45,780] [INFO] [base._test_info] -> Current test: 392
[2016-10-29 22:08:45,783] [INFO] [server.transmit] -> request(28): 474554202f696e6465782e68746d6c20485454502f312e300d0a0d0a
[2016-10-29 22:08:45,785] [INFO] [server.transmit] -> request(357): 4745544745544745544745544745544745544745544745544745544745544745544745544745544745544745544745544745 ...
[2016-10-29 22:08:45,789] [INFO] [base._test_info] -> Current test: 393
[2016-10-29 22:08:45,789] [INFO] [server.transmit] -> request(28): 474554202f696e6465782e68746d6c20485454502f312e300d0a0d0a
[2016-10-29 22:08:45,790] [INFO] [server.transmit] -> request(61): 474554fe202f696e6465782e68746d6c223c6469763e3c7363726970743e616c6572742831293b3c2f7363726970743e2048 ...
[2016-10-29 22:08:45,792] [INFO] [base._test_info] -> Current test: 394
[2016-10-29 22:08:45,792] [INFO] [server.transmit] -> request(28): 474554202f696e6465782e68746d6c20485454502f312e300d0a0d0a
[2016-10-29 22:08:45,793] [INFO] [server.transmit] -> request(61): 00474554202f696e6465782e68746d6c223c6469763e3c7363726970743e616c6572742831293b3c2f7363726970743e2048 ...
[2016-10-29 22:08:45,795] [INFO] [base._test_info] -> Current test: 395
[2016-10-29 22:08:45,796] [INFO] [server.transmit] -> request(28): 474554202f696e6465782e68746d6c20485454502f312e300d0a0d0a
[2016-10-29 22:08:45,797] [INFO] [server.transmit] -> request(61): 47004554202f696e6465782e68746d6c223c6469763e3c7363726970743e616c6572742831293b3c2f7363726970743e2048 ...
[2016-10-29 22:08:45,799] [INFO] [base._test_info] -> Current test: 396
[2016-10-29 22:08:45,800] [INFO] [server.transmit] -> request(28): 474554202f696e6465782e68746d6c20485454502f312e300d0a0d0a
[2016-10-29 22:08:45,800] [INFO] [server.transmit] -> request(61): 47455400202f696e6465782e68746d6c223c6469763e3c7363726970743e616c6572742831293b3c2f7363726970743e2048 ...
[2016-10-29 22:08:45,810] [INFO] [base._test_info] -> Current test: 397
[2016-10-29 22:08:45,811] [INFO] [server.transmit] -> request(28): 474554202f696e6465782e68746d6c20485454502f312e300d0a0d0a
[2016-10-29 22:08:45,814] [INFO] [server.transmit] -> request(57): 202f696e6465782e68746d6c223c6469763e3c7363726970743e616c6572742831293b3c2f7363726970743e20485454502f ...
[2016-10-29 22:08:45,818] [INFO] [base._test_info] -> Current test: 398
[2016-10-29 22:08:45,819] [INFO] [server.transmit] -> request(28): 474554202f696e6465782e68746d6c20485454502f312e300d0a0d0a
[2016-10-29 22:08:45,820] [INFO] [server.transmit] -> request(2105): 2573257325732573257325732573257325732573257325732573257325732573257325732573257325732573257325732573 ...
[2016-10-29 22:08:45,822] [INFO] [base._test_info] -> Current test: 399
[2016-10-29 22:08:45,823] [INFO] [server.transmit] -> request(28): 474554202f696e6465782e68746d6c20485454502f312e300d0a0d0a
[2016-10-29 22:08:45,823] [INFO] [server.transmit] -> request(313): 2573257325732573257325732573257325732573257325732573257325732573257325732573257325732573257325732573 ...
[2016-10-29 22:08:45,826] [INFO] [base._test_info] -> Current test: 400
[2016-10-29 22:08:45,826] [INFO] [server.transmit] -> request(28): 474554202f696e6465782e68746d6c20485454502f312e300d0a0d0a
[2016-10-29 22:08:45,827] [INFO] [server.transmit] -> request(89): 2573257325732573257325732573257325732573257325732573257325732573202f696e6465782e68746d6c223c6469763e ...
[2016-10-29 22:08:45,829] [INFO] [base._test_info] -> Current test: 401
[2016-10-29 22:08:45,829] [INFO] [server.transmit] -> request(28): 474554202f696e6465782e68746d6c20485454502f312e300d0a0d0a
[2016-10-29 22:08:45,830] [INFO] [server.transmit] -> request(61): 25732573202f696e6465782e68746d6c223c6469763e3c7363726970743e616c6572742831293b3c2f7363726970743e2048 ...
[2016-10-29 22:08:45,832] [INFO] [base._test_info] -> Current test: 402
[2016-10-29 22:08:45,832] [INFO] [server.transmit] -> request(28): 474554202f696e6465782e68746d6c20485454502f312e300d0a0d0a
[2016-10-29 22:08:45,833] [INFO] [server.transmit] -> request(3129): 2525732525732525732525732525732525732525732525732525732525732525732525732525732525732525732525732525 ...
[2016-10-29 22:08:45,843] [INFO] [base._test_info] -> Current test: 403
[2016-10-29 22:08:45,847] [INFO] [server.transmit] -> request(28): 474554202f696e6465782e68746d6c20485454502f312e300d0a0d0a
[2016-10-29 22:08:45,848] [INFO] [server.transmit] -> request(441): 2525732525732525732525732525732525732525732525732525732525732525732525732525732525732525732525732525 ...
[2016-10-29 22:08:45,850] [INFO] [base._test_info] -> Current test: 404
[2016-10-29 22:08:45,850] [INFO] [server.transmit] -> request(28): 474554202f696e6465782e68746d6c20485454502f312e300d0a0d0a
[2016-10-29 22:08:45,855] [INFO] [server.transmit] -> request(105): 252573252573252573252573252573252573252573252573252573252573252573252573252573252573252573252573202f ...
[2016-10-29 22:08:45,859] [INFO] [base._test_info] -> Current test: 405
[2016-10-29 22:08:45,859] [INFO] [server.transmit] -> request(28): 474554202f696e6465782e68746d6c20485454502f312e300d0a0d0a
[2016-10-29 22:08:45,860] [INFO] [server.transmit] -> request(63): 252573252573202f696e6465782e68746d6c223c6469763e3c7363726970743e616c6572742831293b3c2f7363726970743e ...
[2016-10-29 22:08:45,862] [INFO] [base._test_info] -> Current test: 406
[2016-10-29 22:08:45,863] [INFO] [server.transmit] -> request(28): 474554202f696e6465782e68746d6c20485454502f312e300d0a0d0a
[2016-10-29 22:08:45,864] [INFO] [server.transmit] -> request(4153): 2225732222257322222573222225732222257322222573222225732222257322222573222225732222257322222573222225 ...
[2016-10-29 22:08:45,879] [INFO] [base._test_info] -> Current test: 407
[2016-10-29 22:08:45,879] [INFO] [server.transmit] -> request(28): 474554202f696e6465782e68746d6c20485454502f312e300d0a0d0a
[2016-10-29 22:08:45,880] [INFO] [server.transmit] -> request(569): 2225732222257322222573222225732222257322222573222225732222257322222573222225732222257322222573222225 ...
[2016-10-29 22:08:45,883] [INFO] [base._test_info] -> Current test: 408
[2016-10-29 22:08:45,884] [INFO] [server.transmit] -> request(28): 474554202f696e6465782e68746d6c20485454502f312e300d0a0d0a
[2016-10-29 22:08:45,885] [INFO] [server.transmit] -> request(121): 2225732222257322222573222225732222257322222573222225732222257322222573222225732222257322222573222225 ...
[2016-10-29 22:08:45,888] [INFO] [base._test_info] -> Current test: 409
[2016-10-29 22:08:45,888] [INFO] [server.transmit] -> request(28): 474554202f696e6465782e68746d6c20485454502f312e300d0a0d0a
[2016-10-29 22:08:45,889] [INFO] [server.transmit] -> request(65): 2225732222257322202f696e6465782e68746d6c223c6469763e3c7363726970743e616c6572742831293b3c2f7363726970 ...
[2016-10-29 22:08:45,892] [INFO] [base._test_info] -> Current test: 410
[2016-10-29 22:08:45,893] [INFO] [server.transmit] -> request(28): 474554202f696e6465782e68746d6c20485454502f312e300d0a0d0a
[2016-10-29 22:08:45,894] [INFO] [server.transmit] -> request(2105): 256e256e256e256e256e256e256e256e256e256e256e256e256e256e256e256e256e256e256e256e256e256e256e256e256e ...
[2016-10-29 22:08:45,903] [INFO] [base._test_info] -> Current test: 411
[2016-10-29 22:08:45,911] [INFO] [server.transmit] -> request(28): 474554202f696e6465782e68746d6c20485454502f312e300d0a0d0a
[2016-10-29 22:08:45,912] [INFO] [server.transmit] -> request(313): 256e256e256e256e256e256e256e256e256e256e256e256e256e256e256e256e256e256e256e256e256e256e256e256e256e ...
[2016-10-29 22:08:45,914] [INFO] [base._test_info] -> Current test: 412
[2016-10-29 22:08:45,914] [INFO] [server.transmit] -> request(28): 474554202f696e6465782e68746d6c20485454502f312e300d0a0d0a
[2016-10-29 22:08:45,914] [INFO] [server.transmit] -> request(89): 256e256e256e256e256e256e256e256e256e256e256e256e256e256e256e256e202f696e6465782e68746d6c223c6469763e ...
[2016-10-29 22:08:45,917] [INFO] [base._test_info] -> Current test: 413
